#
# A fatal error has been detected by the Java Runtime Environment:
#
#  SIGSEGV (0xb) at pc=0x0000000000000000, pid=32123, tid=0x00007f4b0f2c0700
#
# JRE version: OpenJDK Runtime Environment (8.0_222-b10) (build 1.8.0_222-8u222-b10-1ubuntu1~18.04.1-b10)
# Java VM: OpenJDK 64-Bit Server VM (25.222-b10 mixed mode, sharing linux-amd64 compressed oops)
# Problematic frame:
# C  0x0000000000000000
#
# Failed to write core dump. Core dumps have been disabled. To enable core dumping, try "ulimit -c unlimited" before starting Java again
#
# If you would like to submit a bug report, please visit:
#   http://bugreport.java.com/bugreport/crash.jsp
# The crash happened outside the Java Virtual Machine in native code.
# See problematic frame for where to report the bug.
#

---------------  T H R E A D  ---------------

Current thread (0x00007f4b00012000):  JavaThread "Thread-6" [_thread_in_native, id=32325, stack(0x00007f4b0f1c0000,0x00007f4b0f2c1000)]

siginfo: si_signo: 11 (SIGSEGV), si_code: 1 (SEGV_MAPERR), si_addr: 0x0000000000000000

Registers:
RAX=0x0000000000000000, RBX=0x00007f4b0eb86aa0, RCX=0x00007f4b0eb8a11a, RDX=0x00007f4b0eb86b18
RSP=0x00007f4b0eb85790, RBP=0x00007f4b0eb857c8, RSI=0x00007f4b0eb86b18, RDI=0x0000000000000002
R8 =0x0000000000000080, R9 =0x00007f4b0eb88468, R10=0x0000000000000003, R11=0x00007f4b0e96b7b4
R12=0x0000000000000000, R13=0x00007f4b0f3024e8, R14=0x00007f4b0f2bf7f8, R15=0x00007f4b00012000
RIP=0x0000000000000000, EFLAGS=0x0000000000010202, CSGSFS=0x002b000000000033, ERR=0x0000000000000014
  TRAPNO=0x000000000000000e

Top of Stack: (sp=0x00007f4b0eb85790)
0x00007f4b0eb85790:   00007f4b0e968c17 0000000000000000
0x00007f4b0eb857a0:   000000020eb88468 00000000000080fe
0x00007f4b0eb857b0:   0200020002000202 0000000300000040
0x00007f4b0eb857c0:   00007f4b0eb86aa0 00007f4b0eb857f8
0x00007f4b0eb857d0:   00007f4b0e96918b 00007f4b0eb857f8
0x00007f4b0eb857e0:   00007f4b0eb86820 00007f4b0eb89c80
0x00007f4b0eb857f0:   0000000000000000 00007f4b0eb85858
0x00007f4b0eb85800:   00007f4b0e965bb5 00007f4b0eb858f8
0x00007f4b0eb85810:   00007f4b0eb858e8 00007f4b0eb85848
0x00007f4b0eb85820:   00007f4b0eb86820 00007f4b0eb85ee0
0x00007f4b0eb85830:   00007f4b0eb819a0 000000000000aaaa
0x00007f4b0eb85840:   0200020002000202 00007f4b0eb858a8
0x00007f4b0eb85850:   8985123d6b487c00 00007f4b0eb858a8
0x00007f4b0eb85860:   00007f4b0e9660aa 00007f4b0eb858f8
0x00007f4b0eb85870:   00007f4b0eb858e8 00007f4b0eb858a8
0x00007f4b0eb85880:   00007f4b0e96b962 00007f4b0eb869b8
0x00007f4b0eb85890:   00007f4b0eb85958 0000000000000000
0x00007f4b0eb858a0:   00007f4afc061760 00007f4b0eb85978
0x00007f4b0eb858b0:   00007f4b0e96709b 0000000000000000
0x00007f4b0eb858c0:   0000007c087c9a62 0000005e00000020
0x00007f4b0eb858d0:   00007f4b0eb8a448 00007f4b0eb89ccc
0x00007f4b0eb858e0:   00007f4b0eb869b8 00000000000080fe
0x00007f4b0eb858f0:   0100010001000102 000000000000aaaa
0x00007f4b0eb85900:   0100000000000000 0000020001000063
0x00007f4b0eb85910:   ffffff0a0c080200 00007f4b01000300
0x00007f4b0eb85920:   0000ffff0e970080 0000000000000000
0x00007f4b0eb85930:   0000aaaa0eb88470 0000000000000000
0x00007f4b0eb85940:   0000000000000000 00007f4b0eb84040
0x00007f4b0eb85950:   00007f4b0eb85958 00007f4b0eb86940
0x00007f4b0eb85960:   000007b6000008e6 00000fff00001001
0x00007f4b0eb85970:   8985123d6b487c00 00007f4b0eb85988
0x00007f4b0eb85980:   00007f4b0e96808b 00007f4b0eb859c8 

Instructions: (pc=0x0000000000000000)
0xffffffffffffffe0:   

Register to memory mapping:

RAX=0x0000000000000000 is an unknown value
RBX=0x00007f4b0eb86aa0: <offset 0x22daa0> in /home/sneha/contiki-2.7/examples/ipv6/rpl-fuzzy/obj_cooja/mtype426.cooja at 0x00007f4b0e959000
RCX=0x00007f4b0eb8a11a: uip_ds6_if+0x5a in /home/sneha/contiki-2.7/examples/ipv6/rpl-fuzzy/obj_cooja/mtype426.cooja at 0x00007f4b0e959000
RDX=0x00007f4b0eb86b18: <offset 0x22db18> in /home/sneha/contiki-2.7/examples/ipv6/rpl-fuzzy/obj_cooja/mtype426.cooja at 0x00007f4b0e959000
RSP=0x00007f4b0eb85790: <offset 0x22c790> in /home/sneha/contiki-2.7/examples/ipv6/rpl-fuzzy/obj_cooja/mtype426.cooja at 0x00007f4b0e959000
RBP=0x00007f4b0eb857c8: <offset 0x22c7c8> in /home/sneha/contiki-2.7/examples/ipv6/rpl-fuzzy/obj_cooja/mtype426.cooja at 0x00007f4b0e959000
RSI=0x00007f4b0eb86b18: <offset 0x22db18> in /home/sneha/contiki-2.7/examples/ipv6/rpl-fuzzy/obj_cooja/mtype426.cooja at 0x00007f4b0e959000
RDI=0x0000000000000002 is an unknown value
R8 =0x0000000000000080 is an unknown value
R9 =0x00007f4b0eb88468: <offset 0x22f468> in /home/sneha/contiki-2.7/examples/ipv6/rpl-fuzzy/obj_cooja/mtype426.cooja at 0x00007f4b0e959000
R10=0x0000000000000003 is an unknown value
R11=0x00007f4b0e96b7b4: memb_free+0 in /home/sneha/contiki-2.7/examples/ipv6/rpl-fuzzy/obj_cooja/mtype426.cooja at 0x00007f4b0e959000
R12=0x0000000000000000 is an unknown value
R13={method} {0x00007f4b0f3024e8} 'tick' '()V' in 'se/sics/cooja/corecomm/Lib2'
R14=0x00007f4b0f2bf7f8 is pointing into the stack for thread: 0x00007f4b00012000
R15=0x00007f4b00012000 is a thread


Stack: [0x00007f4b0f1c0000,0x00007f4b0f2c1000],  sp=0x00007f4b0eb85790,  free space=18014398509475605k
Java frames: (J=compiled Java code, j=interpreted, Vv=VM code)
j  se.sics.cooja.corecomm.Lib2.tick()V+0
j  se.sics.cooja.contikimote.ContikiMoteType.tick()V+4
j  se.sics.cooja.contikimote.ContikiMote.execute(J)V+63
j  se.sics.cooja.motes.AbstractWakeupMote$1.execute(J)V+5
j  se.sics.cooja.Simulation.run()V+184
j  java.lang.Thread.run()V+11
v  ~StubRoutines::call_stub

---------------  P R O C E S S  ---------------

Java Threads: ( => current thread )
=>0x00007f4b00012000 JavaThread "Thread-6" [_thread_in_native, id=32325, stack(0x00007f4b0f1c0000,0x00007f4b0f2c1000)]
  0x00007f4afc063000 JavaThread "Thread-4" [_thread_blocked, id=32262, stack(0x00007f4b0ec8c000,0x00007f4b0ed8d000)]
  0x00007f4afc05d000 JavaThread "Thread-2" [_thread_blocked, id=32198, stack(0x00007f4b0f0bf000,0x00007f4b0f1c0000)]
  0x00007f4b04003800 JavaThread "Thread-0" daemon [_thread_in_native, id=32153, stack(0x00007f4b0f5c3000,0x00007f4b0fdc3000)]
  0x00007f4b0004e800 JavaThread "TimerQueue" daemon [_thread_blocked, id=32154, stack(0x00007f4b0feff000,0x00007f4b10000000)]
  0x00007f4b7c00b800 JavaThread "DestroyJavaVM" [_thread_blocked, id=32125, stack(0x00007f4b84fd3000,0x00007f4b850d3000)]
  0x00007f4b7c365800 JavaThread "AWT-EventQueue-1" [_thread_in_vm, id=32152, stack(0x00007f4b20063000,0x00007f4b20164000)]
  0x00007f4b7c362800 JavaThread "AWT-Shutdown" [_thread_blocked, id=32151, stack(0x00007f4b20164000,0x00007f4b20265000)]
  0x00007f4b7c2c2800 JavaThread "process reaper" daemon [_thread_blocked, id=32150, stack(0x00007f4b500a9000,0x00007f4b500e2000)]
  0x00007f4b7c2ac800 JavaThread "AWT-XAWT" daemon [_thread_in_native, id=32148, stack(0x00007f4b22960000,0x00007f4b22a61000)]
  0x00007f4b7c299000 JavaThread "Java2D Disposer" daemon [_thread_blocked, id=32147, stack(0x00007f4b500e2000,0x00007f4b501e3000)]
  0x00007f4b7c082800 JavaThread "Service Thread" daemon [_thread_blocked, id=32145, stack(0x00007f4b511d0000,0x00007f4b512d1000)]
  0x00007f4b7c07f000 JavaThread "C1 CompilerThread3" daemon [_thread_in_vm, id=32144, stack(0x00007f4b512d2000,0x00007f4b513d2000)]
  0x00007f4b7c07d000 JavaThread "C2 CompilerThread2" daemon [_thread_blocked, id=32143, stack(0x00007f4b513d3000,0x00007f4b514d3000)]
  0x00007f4b7c07b800 JavaThread "C2 CompilerThread1" daemon [_thread_in_native, id=32142, stack(0x00007f4b514d4000,0x00007f4b515d4000)]
  0x00007f4b7c078800 JavaThread "C2 CompilerThread0" daemon [_thread_blocked, id=32141, stack(0x00007f4b515d5000,0x00007f4b516d5000)]
  0x00007f4b7c076800 JavaThread "Signal Dispatcher" daemon [_thread_blocked, id=32140, stack(0x00007f4b516d5000,0x00007f4b517d6000)]
  0x00007f4b7c06a800 JavaThread "Finalizer" daemon [_thread_blocked, id=32139, stack(0x00007f4b521a5000,0x00007f4b522a6000)]
  0x00007f4b7c05e800 JavaThread "Reference Handler" daemon [_thread_blocked, id=32138, stack(0x00007f4b524c4000,0x00007f4b525c5000)]

Other Threads:
  0x00007f4b7c05b000 VMThread [stack: 0x00007f4b525c6000,0x00007f4b526c6000] [id=32137]
  0x00007f4b7c084800 WatcherThread [stack: 0x00007f4b510d0000,0x00007f4b511d0000] [id=32146]

VM state:not at safepoint (normal execution)

VM Mutex/Monitor currently owned by a thread:  ([mutex/lock_event])
[0x00007f4b7c008370] CompiledIC_lock - owner thread: 0x0000000000000000

heap address: 0x00000000e0000000, size: 512 MB, Compressed Oops mode: 32-bit
Narrow klass base: 0x0000000800000000, Narrow klass shift: 0
Compressed class space size: 1073741824 Address: 0x000000080241e000

Heap:
 PSYoungGen      total 34816K, used 32193K [0x00000000f5580000, 0x00000000f7d00000, 0x0000000100000000)
  eden space 31232K, 95% used [0x00000000f5580000,0x00000000f728d558,0x00000000f7400000)
  from space 3584K, 68% used [0x00000000f7980000,0x00000000f7be2f40,0x00000000f7d00000)
  to   space 4608K, 0% used [0x00000000f7400000,0x00000000f7400000,0x00000000f7880000)
 ParOldGen       total 84992K, used 4869K [0x00000000e0000000, 0x00000000e5300000, 0x00000000f5580000)
  object space 84992K, 5% used [0x00000000e0000000,0x00000000e04c16a8,0x00000000e5300000)
 Metaspace       used 12310K, capacity 12654K, committed 12928K, reserved 1060864K
  class space    used 1679K, capacity 1812K, committed 1920K, reserved 1048576K

Card table byte_map: [0x00007f4b8146d000,0x00007f4b8156e000] byte_map_base: 0x00007f4b80d6d000

Marking Bits: (ParMarkBitMap*) 0x00007f4b8426d360
 Begin Bits: [0x00007f4b6c000000, 0x00007f4b6c800000)
 End Bits:   [0x00007f4b6c800000, 0x00007f4b6d000000)

Polling page: 0x00007f4b850ee000

CodeCache: size=245760Kb used=10025Kb max_used=10060Kb free=235734Kb
 bounds [0x00007f4b6d000000, 0x00007f4b6d9f0000, 0x00007f4b7c000000]
 total_blobs=3792 nmethods=3141 adapters=562
 compilation: enabled

Compilation events (10 events):
Event: 16.425 Thread 0x00007f4b7c07d000 3567       4       se.sics.cooja.SectionMoteMemory$MoteMemorySection::includesAddr (37 bytes)
Event: 16.425 Thread 0x00007f4b7c07d000 nmethod 3567 0x00007f4b6d405e90 code [0x00007f4b6d405fe0, 0x00007f4b6d406098]
Event: 16.427 Thread 0x00007f4b7c07f000 nmethod 3562 0x00007f4b6d9d9950 code [0x00007f4b6d9da3c0, 0x00007f4b6d9e2938]
Event: 16.427 Thread 0x00007f4b7c07f000 3556       3       java.util.regex.Matcher::replaceAll (59 bytes)
Event: 16.427 Thread 0x00007f4b7c07f000 nmethod 3556 0x00007f4b6d9d6650 code [0x00007f4b6d9d6880, 0x00007f4b6d9d7738]
Event: 16.427 Thread 0x00007f4b7c07f000 3555       3       se.sics.cooja.SectionMoteMemory$MoteMemorySection::getMemorySegment (22 bytes)
Event: 16.427 Thread 0x00007f4b7c07f000 nmethod 3555 0x00007f4b6d262f10 code [0x00007f4b6d263080, 0x00007f4b6d263348]
Event: 16.428 Thread 0x00007f4b7c07f000 3564       3       java.lang.Integer::reverseBytes (26 bytes)
Event: 16.428 Thread 0x00007f4b7c07f000 nmethod 3564 0x00007f4b6d9d6310 code [0x00007f4b6d9d6460, 0x00007f4b6d9d65b0]
Event: 16.428 Thread 0x00007f4b7c07f000 3565       3       se.sics.cooja.SectionMoteMemory::getByteValueOf (30 bytes)

GC Heap History (10 events):
Event: 6.963 GC heap before
{Heap before GC invocations=3 (full 1):
 PSYoungGen      total 36864K, used 31744K [0x00000000f5580000, 0x00000000f7e80000, 0x0000000100000000)
  eden space 31744K, 100% used [0x00000000f5580000,0x00000000f7480000,0x00000000f7480000)
  from space 5120K, 0% used [0x00000000f7480000,0x00000000f7480000,0x00000000f7980000)
  to   space 5120K, 0% used [0x00000000f7980000,0x00000000f7980000,0x00000000f7e80000)
 ParOldGen       total 84992K, used 4782K [0x00000000e0000000, 0x00000000e5300000, 0x00000000f5580000)
  object space 84992K, 5% used [0x00000000e0000000,0x00000000e04aba68,0x00000000e5300000)
 Metaspace       used 9589K, capacity 9848K, committed 9984K, reserved 1058816K
  class space    used 1344K, capacity 1449K, committed 1536K, reserved 1048576K
Event: 6.965 GC heap after
Heap after GC invocations=3 (full 1):
 PSYoungGen      total 36864K, used 736K [0x00000000f5580000, 0x00000000f7e80000, 0x0000000100000000)
  eden space 31744K, 0% used [0x00000000f5580000,0x00000000f5580000,0x00000000f7480000)
  from space 5120K, 14% used [0x00000000f7980000,0x00000000f7a38000,0x00000000f7e80000)
  to   space 5120K, 0% used [0x00000000f7480000,0x00000000f7480000,0x00000000f7980000)
 ParOldGen       total 84992K, used 4790K [0x00000000e0000000, 0x00000000e5300000, 0x00000000f5580000)
  object space 84992K, 5% used [0x00000000e0000000,0x00000000e04ada68,0x00000000e5300000)
 Metaspace       used 9589K, capacity 9848K, committed 9984K, reserved 1058816K
  class space    used 1344K, capacity 1449K, committed 1536K, reserved 1048576K
}
Event: 7.255 GC heap before
{Heap before GC invocations=4 (full 1):
 PSYoungGen      total 36864K, used 32480K [0x00000000f5580000, 0x00000000f7e80000, 0x0000000100000000)
  eden space 31744K, 100% used [0x00000000f5580000,0x00000000f7480000,0x00000000f7480000)
  from space 5120K, 14% used [0x00000000f7980000,0x00000000f7a38000,0x00000000f7e80000)
  to   space 5120K, 0% used [0x00000000f7480000,0x00000000f7480000,0x00000000f7980000)
 ParOldGen       total 84992K, used 4841K [0x00000000e0000000, 0x00000000e5300000, 0x00000000f5580000)
  object space 84992K, 5% used [0x00000000e0000000,0x00000000e04ba790,0x00000000e5300000)
 Metaspace       used 9682K, capacity 9976K, committed 10240K, reserved 1058816K
  class space    used 1345K, capacity 1449K, committed 1536K, reserved 1048576K
Event: 7.256 GC heap after
Heap after GC invocations=4 (full 1):
 PSYoungGen      total 36864K, used 565K [0x00000000f5580000, 0x00000000f7e80000, 0x0000000100000000)
  eden space 31744K, 0% used [0x00000000f5580000,0x00000000f5580000,0x00000000f7480000)
  from space 5120K, 11% used [0x00000000f7480000,0x00000000f750d570,0x00000000f7980000)
  to   space 5120K, 0% used [0x00000000f7980000,0x00000000f7980000,0x00000000f7e80000)
 ParOldGen       total 84992K, used 4849K [0x00000000e0000000, 0x00000000e5300000, 0x00000000f5580000)
  object space 84992K, 5% used [0x00000000e0000000,0x00000000e04bc790,0x00000000e5300000)
 Metaspace       used 9682K, capacity 9976K, committed 10240K, reserved 1058816K
  class space    used 1345K, capacity 1449K, committed 1536K, reserved 1048576K
}
Event: 7.636 GC heap before
{Heap before GC invocations=5 (full 1):
 PSYoungGen      total 36864K, used 32309K [0x00000000f5580000, 0x00000000f7e80000, 0x0000000100000000)
  eden space 31744K, 100% used [0x00000000f5580000,0x00000000f7480000,0x00000000f7480000)
  from space 5120K, 11% used [0x00000000f7480000,0x00000000f750d570,0x00000000f7980000)
  to   space 5120K, 0% used [0x00000000f7980000,0x00000000f7980000,0x00000000f7e80000)
 ParOldGen       total 84992K, used 4853K [0x00000000e0000000, 0x00000000e5300000, 0x00000000f5580000)
  object space 84992K, 5% used [0x00000000e0000000,0x00000000e04bd6a8,0x00000000e5300000)
 Metaspace       used 9702K, capacity 9976K, committed 10240K, reserved 1058816K
  class space    used 1345K, capacity 1449K, committed 1536K, reserved 1048576K
Event: 7.637 GC heap after
Heap after GC invocations=5 (full 1):
 PSYoungGen      total 36864K, used 997K [0x00000000f5580000, 0x00000000f7e80000, 0x0000000100000000)
  eden space 31744K, 0% used [0x00000000f5580000,0x00000000f5580000,0x00000000f7480000)
  from space 5120K, 19% used [0x00000000f7980000,0x00000000f7a79560,0x00000000f7e80000)
  to   space 5120K, 0% used [0x00000000f7480000,0x00000000f7480000,0x00000000f7980000)
 ParOldGen       total 84992K, used 4853K [0x00000000e0000000, 0x00000000e5300000, 0x00000000f5580000)
  object space 84992K, 5% used [0x00000000e0000000,0x00000000e04bd6a8,0x00000000e5300000)
 Metaspace       used 9702K, capacity 9976K, committed 10240K, reserved 1058816K
  class space    used 1345K, capacity 1449K, committed 1536K, reserved 1048576K
}
Event: 8.323 GC heap before
{Heap before GC invocations=6 (full 1):
 PSYoungGen      total 36864K, used 32741K [0x00000000f5580000, 0x00000000f7e80000, 0x0000000100000000)
  eden space 31744K, 100% used [0x00000000f5580000,0x00000000f7480000,0x00000000f7480000)
  from space 5120K, 19% used [0x00000000f7980000,0x00000000f7a79560,0x00000000f7e80000)
  to   space 5120K, 0% used [0x00000000f7480000,0x00000000f7480000,0x00000000f7980000)
 ParOldGen       total 84992K, used 4853K [0x00000000e0000000, 0x00000000e5300000, 0x00000000f5580000)
  object space 84992K, 5% used [0x00000000e0000000,0x00000000e04bd6a8,0x00000000e5300000)
 Metaspace       used 11517K, capacity 11726K, committed 12032K, reserved 1058816K
  class space    used 1612K, capacity 1716K, committed 1792K, reserved 1048576K
Event: 8.326 GC heap after
Heap after GC invocations=6 (full 1):
 PSYoungGen      total 36864K, used 2123K [0x00000000f5580000, 0x00000000f7e80000, 0x0000000100000000)
  eden space 31744K, 0% used [0x00000000f5580000,0x00000000f5580000,0x00000000f7480000)
  from space 5120K, 41% used [0x00000000f7480000,0x00000000f7692f20,0x00000000f7980000)
  to   space 5120K, 0% used [0x00000000f7980000,0x00000000f7980000,0x00000000f7e80000)
 ParOldGen       total 84992K, used 4861K [0x00000000e0000000, 0x00000000e5300000, 0x00000000f5580000)
  object space 84992K, 5% used [0x00000000e0000000,0x00000000e04bf6a8,0x00000000e5300000)
 Metaspace       used 11517K, capacity 11726K, committed 12032K, reserved 1058816K
  class space    used 1612K, capacity 1716K, committed 1792K, reserved 1048576K
}
Event: 9.460 GC heap before
{Heap before GC invocations=7 (full 1):
 PSYoungGen      total 36864K, used 33867K [0x00000000f5580000, 0x00000000f7e80000, 0x0000000100000000)
  eden space 31744K, 100% used [0x00000000f5580000,0x00000000f7480000,0x00000000f7480000)
  from space 5120K, 41% used [0x00000000f7480000,0x00000000f7692f20,0x00000000f7980000)
  to   space 5120K, 0% used [0x00000000f7980000,0x00000000f7980000,0x00000000f7e80000)
 ParOldGen       total 84992K, used 4861K [0x00000000e0000000, 0x00000000e5300000, 0x00000000f5580000)
  object space 84992K, 5% used [0x00000000e0000000,0x00000000e04bf6a8,0x00000000e5300000)
 Metaspace       used 11961K, capacity 12302K, committed 12544K, reserved 1060864K
  class space    used 1645K, capacity 1780K, committed 1792K, reserved 1048576K
Event: 9.463 GC heap after
Heap after GC invocations=7 (full 1):
 PSYoungGen      total 34816K, used 2443K [0x00000000f5580000, 0x00000000f7d00000, 0x0000000100000000)
  eden space 31232K, 0% used [0x00000000f5580000,0x00000000f5580000,0x00000000f7400000)
  from space 3584K, 68% used [0x00000000f7980000,0x00000000f7be2f40,0x00000000f7d00000)
  to   space 4608K, 0% used [0x00000000f7400000,0x00000000f7400000,0x00000000f7880000)
 ParOldGen       total 84992K, used 4869K [0x00000000e0000000, 0x00000000e5300000, 0x00000000f5580000)
  object space 84992K, 5% used [0x00000000e0000000,0x00000000e04c16a8,0x00000000e5300000)
 Metaspace       used 11961K, capacity 12302K, committed 12544K, reserved 1060864K
  class space    used 1645K, capacity 1780K, committed 1792K, reserved 1048576K
}

Deoptimization events (10 events):
Event: 8.372 Thread 0x00007f4b00148800 Uncommon trap: reason=unstable_if action=reinterpret pc=0x00007f4b6d604fbc method=java.awt.Font.equals(Ljava/lang/Object;)Z @ 8
Event: 8.516 Thread 0x00007f4b7c365800 Uncommon trap: reason=bimorphic action=maybe_recompile pc=0x00007f4b6d7617c0 method=javax.swing.UIDefaults.getFromHashtable(Ljava/lang/Object;)Ljava/lang/Object; @ 231
Event: 8.740 Thread 0x00007f4b00148800 Uncommon trap: reason=unstable_if action=reinterpret pc=0x00007f4b6d87ad80 method=javax.swing.RepaintManager.addDirtyRegion0(Ljava/awt/Container;IIII)V @ 69
Event: 8.740 Thread 0x00007f4b00148800 Uncommon trap: reason=unstable_if action=reinterpret pc=0x00007f4b6d877030 method=javax.swing.RepaintManager.addDirtyRegion0(Ljava/awt/Container;IIII)V @ 69
Event: 10.366 Thread 0x00007f4b7c365800 Uncommon trap: reason=unstable_if action=reinterpret pc=0x00007f4b6d853a20 method=java.security.AccessControlContext.combine([Ljava/security/ProtectionDomain;[Ljava/security/ProtectionDomain;)[Ljava/security/ProtectionDomain; @ 151
Event: 11.616 Thread 0x00007f4afc1a7800 Uncommon trap: reason=unstable_if action=reinterpret pc=0x00007f4b6d6b02e0 method=javax.swing.UIDefaults.getFromResourceBundle(Ljava/lang/Object;Ljava/util/Locale;)Ljava/lang/Object; @ 27
Event: 11.616 Thread 0x00007f4afc1a7800 Uncommon trap: reason=unstable_if action=reinterpret pc=0x00007f4b6d99ba30 method=javax.swing.UIDefaults$TextAndMnemonicHashMap.get(Ljava/lang/Object;)Ljava/lang/Object; @ 90
Event: 11.636 Thread 0x00007f4b7c365800 Uncommon trap: reason=unstable_if action=reinterpret pc=0x00007f4b6d8a8ea8 method=java.awt.geom.Path2D$Float.needRoom(ZI)V @ 30
Event: 16.418 Thread 0x00007f4b7c365800 Uncommon trap: reason=bimorphic action=maybe_recompile pc=0x00007f4b6d617e24 method=java.util.regex.Pattern$CharProperty.match(Ljava/util/regex/Matcher;ILjava/lang/CharSequence;)Z @ 37
Event: 16.428 Thread 0x00007f4b7c365800 Uncommon trap: reason=null_check action=make_not_entrant pc=0x00007f4b6d861564 method=sun.font.FontDesignMetrics.getMetrics(Ljava/awt/Font;Ljava/awt/font/FontRenderContext;)Lsun/font/FontDesignMetrics; @ 54

Classes redefined (0 events):
No events

Internal exceptions (10 events):
Event: 2.308 Thread 0x00007f4b7c365800 Exception <a 'java/lang/UnsupportedOperationException': > (0x00000000f6af4718) thrown at [/build/openjdk-8-OqY7zN/openjdk-8-8u222-b10/src/hotspot/src/share/vm/prims/jni.cpp, line 737]
Event: 6.326 Thread 0x00007f4b7c082800 Exception <a 'java/lang/ArrayIndexOutOfBoundsException'> (0x00000000f569e3f0) thrown at [/build/openjdk-8-OqY7zN/openjdk-8-8u222-b10/src/hotspot/src/share/vm/runtime/sharedRuntime.cpp, line 605]
Event: 6.326 Thread 0x00007f4b7c082800 Exception <a 'java/lang/ArrayIndexOutOfBoundsException'> (0x00000000f569f4b0) thrown at [/build/openjdk-8-OqY7zN/openjdk-8-8u222-b10/src/hotspot/src/share/vm/runtime/sharedRuntime.cpp, line 605]
Event: 6.328 Thread 0x00007f4b7c082800 Exception <a 'java/lang/ArrayIndexOutOfBoundsException'> (0x00000000f56a7338) thrown at [/build/openjdk-8-OqY7zN/openjdk-8-8u222-b10/src/hotspot/src/share/vm/runtime/sharedRuntime.cpp, line 605]
Event: 6.392 Thread 0x00007f4b7c365800 Exception <a 'java/lang/UnsupportedOperationException': > (0x00000000f5b83e10) thrown at [/build/openjdk-8-OqY7zN/openjdk-8-8u222-b10/src/hotspot/src/share/vm/prims/jni.cpp, line 737]
Event: 7.889 Thread 0x00007f4b7c365800 Implicit null exception at 0x00007f4b6d77692f to 0x00007f4b6d77a095
Event: 8.372 Thread 0x00007f4b00148800 Implicit null exception at 0x00007f4b6d604cfe to 0x00007f4b6d604fa9
Event: 9.194 Thread 0x00007f4b7c365800 Exception <a 'java/lang/UnsupportedOperationException': > (0x00000000f6cfec78) thrown at [/build/openjdk-8-OqY7zN/openjdk-8-8u222-b10/src/hotspot/src/share/vm/prims/jni.cpp, line 737]
Event: 11.651 Thread 0x00007f4b7c365800 Exception <a 'java/lang/UnsupportedOperationException': > (0x00000000f6de3f30) thrown at [/build/openjdk-8-OqY7zN/openjdk-8-8u222-b10/src/hotspot/src/share/vm/prims/jni.cpp, line 737]
Event: 16.428 Thread 0x00007f4b7c365800 Implicit null exception at 0x00007f4b6d860f3b to 0x00007f4b6d861552

Events (10 events):
Event: 16.427 loading class javax/accessibility/AccessibleTableModelChange
Event: 16.427 Thread 0x00007f4b7c07f000 flushing nmethod 0x00007f4b6d57a410
Event: 16.427 loading class javax/accessibility/AccessibleTableModelChange done
Event: 16.427 Thread 0x00007f4b7c07f000 flushing nmethod 0x00007f4b6d57ddd0
Event: 16.427 loading class javax/swing/JTable$AccessibleJTable$AccessibleJTableModelChange done
Event: 16.428 Executing VM operation: RevokeBias
Event: 16.428 Executing VM operation: RevokeBias done
Event: 16.428 Thread 0x00007f4b7c365800 Uncommon trap: trap_request=0xfffffff4 fr.pc=0x00007f4b6d861564
Event: 16.428 Thread 0x00007f4b7c365800 DEOPT PACKING pc=0x00007f4b6d861564 sp=0x00007f4b201613a0
Event: 16.428 Thread 0x00007f4b7c365800 DEOPT UNPACKING pc=0x00007f4b6d04547a sp=0x00007f4b20161350 mode 2


Dynamic libraries:
e0000000-e5300000 rw-p 00000000 00:00 0 
e5300000-f5580000 ---p 00000000 00:00 0 
f5580000-f7d00000 rw-p 00000000 00:00 0 
f7d00000-100000000 ---p 00000000 00:00 0 
800000000-8006fe000 r--p 00001000 08:06 10627029                         /usr/lib/jvm/java-8-openjdk-amd64/jre/lib/amd64/server/classes.jsa
8006fe000-801000000 ---p 00000000 00:00 0 
801000000-801aaf000 rw-p 006ff000 08:06 10627029                         /usr/lib/jvm/java-8-openjdk-amd64/jre/lib/amd64/server/classes.jsa
801aaf000-802000000 ---p 00000000 00:00 0 
802000000-802183000 rw-p 011ae000 08:06 10627029                         /usr/lib/jvm/java-8-openjdk-amd64/jre/lib/amd64/server/classes.jsa
802183000-802400000 ---p 00000000 00:00 0 
802400000-802409000 r-xp 01331000 08:06 10627029                         /usr/lib/jvm/java-8-openjdk-amd64/jre/lib/amd64/server/classes.jsa
802409000-80241e000 ---p 00000000 00:00 0 
80241e000-8025fe000 rw-p 00000000 00:00 0 
8025fe000-84241e000 ---p 00000000 00:00 0 
5610efee4000-5610efee5000 r-xp 00000000 08:06 10619772                   /usr/lib/jvm/java-8-openjdk-amd64/jre/bin/java
5610f00e4000-5610f00e5000 r--p 00000000 08:06 10619772                   /usr/lib/jvm/java-8-openjdk-amd64/jre/bin/java
5610f00e5000-5610f00e6000 rw-p 00001000 08:06 10619772                   /usr/lib/jvm/java-8-openjdk-amd64/jre/bin/java
5610f1b75000-5610f1b96000 rw-p 00000000 00:00 0                          [heap]
7f4ae0000000-7f4ae0021000 rw-p 00000000 00:00 0 
7f4ae0021000-7f4ae4000000 ---p 00000000 00:00 0 
7f4ae4000000-7f4ae4021000 rw-p 00000000 00:00 0 
7f4ae4021000-7f4ae8000000 ---p 00000000 00:00 0 
7f4ae8000000-7f4ae8021000 rw-p 00000000 00:00 0 
7f4ae8021000-7f4aec000000 ---p 00000000 00:00 0 
7f4aec000000-7f4aec021000 rw-p 00000000 00:00 0 
7f4aec021000-7f4af0000000 ---p 00000000 00:00 0 
7f4af0000000-7f4af0021000 rw-p 00000000 00:00 0 
7f4af0021000-7f4af4000000 ---p 00000000 00:00 0 
7f4af4000000-7f4af4021000 rw-p 00000000 00:00 0 
7f4af4021000-7f4af8000000 ---p 00000000 00:00 0 
7f4af8000000-7f4af8021000 rw-p 00000000 00:00 0 
7f4af8021000-7f4afc000000 ---p 00000000 00:00 0 
7f4afc000000-7f4afc1b0000 rw-p 00000000 00:00 0 
7f4afc1b0000-7f4b00000000 ---p 00000000 00:00 0 
7f4b00000000-7f4b0025f000 rw-p 00000000 00:00 0 
7f4b0025f000-7f4b04000000 ---p 00000000 00:00 0 
7f4b04000000-7f4b04021000 rw-p 00000000 00:00 0 
7f4b04021000-7f4b08000000 ---p 00000000 00:00 0 
7f4b08000000-7f4b08021000 rw-p 00000000 00:00 0 
7f4b08021000-7f4b0c000000 ---p 00000000 00:00 0 
7f4b0e658000-7f4b0e65b000 ---p 00000000 00:00 0 
7f4b0e65b000-7f4b0e819000 rw-p 00000000 00:00 0 
7f4b0e819000-7f4b0e959000 ---p 00000000 00:00 0 
7f4b0e959000-7f4b0e980000 r-xp 00000000 08:06 6688331                    /home/sneha/contiki-2.7/examples/ipv6/rpl-fuzzy/obj_cooja/mtype426.cooja
7f4b0e980000-7f4b0eb80000 ---p 00027000 08:06 6688331                    /home/sneha/contiki-2.7/examples/ipv6/rpl-fuzzy/obj_cooja/mtype426.cooja
7f4b0eb80000-7f4b0eb81000 r--p 00027000 08:06 6688331                    /home/sneha/contiki-2.7/examples/ipv6/rpl-fuzzy/obj_cooja/mtype426.cooja
7f4b0eb81000-7f4b0eb82000 rw-p 00028000 08:06 6688331                    /home/sneha/contiki-2.7/examples/ipv6/rpl-fuzzy/obj_cooja/mtype426.cooja
7f4b0eb82000-7f4b0eb8b000 rw-p 00000000 00:00 0 
7f4b0eb8b000-7f4b0eb8e000 ---p 00000000 00:00 0 
7f4b0eb8e000-7f4b0ec8c000 rw-p 00000000 00:00 0 
7f4b0ec8c000-7f4b0ec8f000 ---p 00000000 00:00 0 
7f4b0ec8f000-7f4b0ed8d000 rw-p 00000000 00:00 0 
7f4b0ed8d000-7f4b0edb3000 r-xp 00000000 08:06 6688327                    /home/sneha/contiki-2.7/examples/ipv6/rpl-fuzzy/obj_cooja/mtype371.cooja
7f4b0edb3000-7f4b0efb3000 ---p 00026000 08:06 6688327                    /home/sneha/contiki-2.7/examples/ipv6/rpl-fuzzy/obj_cooja/mtype371.cooja
7f4b0efb3000-7f4b0efb4000 r--p 00026000 08:06 6688327                    /home/sneha/contiki-2.7/examples/ipv6/rpl-fuzzy/obj_cooja/mtype371.cooja
7f4b0efb4000-7f4b0efb5000 rw-p 00027000 08:06 6688327                    /home/sneha/contiki-2.7/examples/ipv6/rpl-fuzzy/obj_cooja/mtype371.cooja
7f4b0efb5000-7f4b0efbe000 rw-p 00000000 00:00 0 
7f4b0efbe000-7f4b0efc1000 ---p 00000000 00:00 0 
7f4b0efc1000-7f4b0f0bf000 rw-p 00000000 00:00 0 
7f4b0f0bf000-7f4b0f0c2000 ---p 00000000 00:00 0 
7f4b0f0c2000-7f4b0f1c0000 rw-p 00000000 00:00 0 
7f4b0f1c0000-7f4b0f1c3000 ---p 00000000 00:00 0 
7f4b0f1c3000-7f4b0f4c1000 rw-p 00000000 00:00 0 
7f4b0f4c1000-7f4b0f4c4000 ---p 00000000 00:00 0 
7f4b0f4c4000-7f4b0f5c2000 rw-p 00000000 00:00 0 
7f4b0f5c2000-7f4b0f5c3000 ---p 00000000 00:00 0 
7f4b0f5c3000-7f4b0f5c6000 ---p 00000000 00:00 0 
7f4b0f5c6000-7f4b0fdc3000 rw-p 00000000 00:00 0 
7f4b0fdc3000-7f4b0fdce000 r--s 00000000 08:06 5243232                    /var/cache/fontconfig/945677eb7aeaf62f1d50efc3fb3ec7d8-le64.cache-7
7f4b0fec5000-7f4b0feff000 r--s 001e1000 08:06 6553695                    /home/sneha/contiki-2.7/tools/cooja/apps/avrora/lib/avrora-small.jar
7f4b0feff000-7f4b0ff02000 ---p 00000000 00:00 0 
7f4b0ff02000-7f4b10000000 rw-p 00000000 00:00 0 
7f4b10000000-7f4b10021000 rw-p 00000000 00:00 0 
7f4b10021000-7f4b14000000 ---p 00000000 00:00 0 
7f4b14000000-7f4b14021000 rw-p 00000000 00:00 0 
7f4b14021000-7f4b18000000 ---p 00000000 00:00 0 
7f4b18000000-7f4b18021000 rw-p 00000000 00:00 0 
7f4b18021000-7f4b1c000000 ---p 00000000 00:00 0 
7f4b1c000000-7f4b1c021000 rw-p 00000000 00:00 0 
7f4b1c021000-7f4b20000000 ---p 00000000 00:00 0 
7f4b20006000-7f4b2000b000 r--s 00000000 08:06 5243203                    /var/cache/fontconfig/2300eef321c393bfd76478a5c0e95b23-le64.cache-7
7f4b2000b000-7f4b20020000 r--s 00000000 08:06 5243192                    /var/cache/fontconfig/04aabc0a78ac019cf9454389977116d2-le64.cache-7
7f4b20042000-7f4b20049000 r--s 00000000 08:06 11011393                   /usr/lib/x86_64-linux-gnu/gconv/gconv-modules.cache
7f4b20049000-7f4b2004a000 r--s 00003000 08:06 6557457                    /home/sneha/contiki-2.7/tools/cooja/apps/powertracker/lib/powertracker.jar
7f4b2004a000-7f4b2004b000 r--s 00002000 08:06 6557306                    /home/sneha/contiki-2.7/tools/cooja/apps/collect-view/cooja-collect-view.jar
7f4b2004b000-7f4b2004c000 r--s 00003000 08:06 6557294                    /home/sneha/contiki-2.7/tools/cooja/apps/serial_socket/lib/serial_socket.jar
7f4b2004c000-7f4b2004e000 r--s 00007000 08:06 6557281                    /home/sneha/contiki-2.7/tools/cooja/apps/avrora/lib/cooja_avrora.jar
7f4b2004e000-7f4b20050000 r--s 00010000 08:06 6557017                    /home/sneha/contiki-2.7/tools/cooja/apps/mspsim/lib/jipv6.jar
7f4b20050000-7f4b2005b000 r--s 000e4000 08:06 6557016                    /home/sneha/contiki-2.7/tools/cooja/apps/mspsim/lib/mspsim.jar
7f4b2005b000-7f4b20061000 r--s 00064000 08:06 6557254                    /home/sneha/contiki-2.7/tools/cooja/apps/mspsim/lib/cooja_mspsim.jar
7f4b20061000-7f4b20063000 r--s 0001e000 08:06 6557013                    /home/sneha/contiki-2.7/tools/cooja/apps/mrm/lib/mrm.jar
7f4b20063000-7f4b20066000 ---p 00000000 00:00 0 
7f4b20066000-7f4b20164000 rw-p 00000000 00:00 0 
7f4b20164000-7f4b20167000 ---p 00000000 00:00 0 
7f4b20167000-7f4b20265000 rw-p 00000000 00:00 0 
7f4b20265000-7f4b2026e000 r-xp 00000000 08:06 10627048                   /usr/lib/jvm/java-8-openjdk-amd64/jre/lib/amd64/libmanagement.so
7f4b2026e000-7f4b2046d000 ---p 00009000 08:06 10627048                   /usr/lib/jvm/java-8-openjdk-amd64/jre/lib/amd64/libmanagement.so
7f4b2046d000-7f4b2046e000 r--p 00008000 08:06 10627048                   /usr/lib/jvm/java-8-openjdk-amd64/jre/lib/amd64/libmanagement.so
7f4b2046e000-7f4b2046f000 rw-p 00009000 08:06 10627048                   /usr/lib/jvm/java-8-openjdk-amd64/jre/lib/amd64/libmanagement.so
7f4b2046f000-7f4b20483000 r-xp 00000000 08:06 10359507                   /lib/x86_64-linux-gnu/libgpg-error.so.0.22.0
7f4b20483000-7f4b20682000 ---p 00014000 08:06 10359507                   /lib/x86_64-linux-gnu/libgpg-error.so.0.22.0
7f4b20682000-7f4b20683000 r--p 00013000 08:06 10359507                   /lib/x86_64-linux-gnu/libgpg-error.so.0.22.0
7f4b20683000-7f4b20684000 rw-p 00014000 08:06 10359507                   /lib/x86_64-linux-gnu/libgpg-error.so.0.22.0
7f4b20684000-7f4b20798000 r-xp 00000000 08:06 10359505                   /lib/x86_64-linux-gnu/libgcrypt.so.20.2.1
7f4b20798000-7f4b20997000 ---p 00114000 08:06 10359505                   /lib/x86_64-linux-gnu/libgcrypt.so.20.2.1
7f4b20997000-7f4b20999000 r--p 00113000 08:06 10359505                   /lib/x86_64-linux-gnu/libgcrypt.so.20.2.1
7f4b20999000-7f4b2099e000 rw-p 00115000 08:06 10359505                   /lib/x86_64-linux-gnu/libgcrypt.so.20.2.1
7f4b2099e000-7f4b2099f000 rw-p 00000000 00:00 0 
7f4b2099f000-7f4b209ba000 r-xp 00000000 08:06 10623443                   /usr/lib/x86_64-linux-gnu/liblz4.so.1.7.1
7f4b209ba000-7f4b20bb9000 ---p 0001b000 08:06 10623443                   /usr/lib/x86_64-linux-gnu/liblz4.so.1.7.1
7f4b20bb9000-7f4b20bba000 r--p 0001a000 08:06 10623443                   /usr/lib/x86_64-linux-gnu/liblz4.so.1.7.1
7f4b20bba000-7f4b20bbb000 rw-p 0001b000 08:06 10623443                   /usr/lib/x86_64-linux-gnu/liblz4.so.1.7.1
7f4b20bbb000-7f4b20bdf000 r-xp 00000000 08:06 10359526                   /lib/x86_64-linux-gnu/liblzma.so.5.2.2
7f4b20bdf000-7f4b20ddf000 ---p 00024000 08:06 10359526                   /lib/x86_64-linux-gnu/liblzma.so.5.2.2
7f4b20ddf000-7f4b20de0000 r--p 00024000 08:06 10359526                   /lib/x86_64-linux-gnu/liblzma.so.5.2.2
7f4b20de0000-7f4b20de1000 rw-p 00025000 08:06 10359526                   /lib/x86_64-linux-gnu/liblzma.so.5.2.2
7f4b20de1000-7f4b20e61000 r-xp 00000000 08:06 10354971                   /lib/x86_64-linux-gnu/libsystemd.so.0.21.0
7f4b20e61000-7f4b21060000 ---p 00080000 08:06 10354971                   /lib/x86_64-linux-gnu/libsystemd.so.0.21.0
7f4b21060000-7f4b21063000 r--p 0007f000 08:06 10354971                   /lib/x86_64-linux-gnu/libsystemd.so.0.21.0
7f4b21063000-7f4b21064000 rw-p 00082000 08:06 10354971                   /lib/x86_64-linux-gnu/libsystemd.so.0.21.0
7f4b21064000-7f4b21065000 rw-p 00000000 00:00 0 
7f4b21065000-7f4b210d5000 r-xp 00000000 08:06 10359588                   /lib/x86_64-linux-gnu/libpcre.so.3.13.3
7f4b210d5000-7f4b212d5000 ---p 00070000 08:06 10359588                   /lib/x86_64-linux-gnu/libpcre.so.3.13.3
7f4b212d5000-7f4b212d6000 r--p 00070000 08:06 10359588                   /lib/x86_64-linux-gnu/libpcre.so.3.13.3
7f4b212d6000-7f4b212d7000 rw-p 00071000 08:06 10359588                   /lib/x86_64-linux-gnu/libpcre.so.3.13.3
7f4b212d7000-7f4b212de000 r-xp 00000000 08:06 10623077                   /usr/lib/x86_64-linux-gnu/libffi.so.6.0.4
7f4b212de000-7f4b214dd000 ---p 00007000 08:06 10623077                   /usr/lib/x86_64-linux-gnu/libffi.so.6.0.4
7f4b214dd000-7f4b214de000 r--p 00006000 08:06 10623077                   /usr/lib/x86_64-linux-gnu/libffi.so.6.0.4
7f4b214de000-7f4b214df000 rw-p 00007000 08:06 10623077                   /usr/lib/x86_64-linux-gnu/libffi.so.6.0.4
7f4b214df000-7f4b2150b000 r-xp 00000000 08:06 10622825                   /usr/lib/x86_64-linux-gnu/libatspi.so.0.0.1
7f4b2150b000-7f4b2170b000 ---p 0002c000 08:06 10622825                   /usr/lib/x86_64-linux-gnu/libatspi.so.0.0.1
7f4b2170b000-7f4b2170e000 r--p 0002c000 08:06 10622825                   /usr/lib/x86_64-linux-gnu/libatspi.so.0.0.1
7f4b2170e000-7f4b2170f000 rw-p 0002f000 08:06 10622825                   /usr/lib/x86_64-linux-gnu/libatspi.so.0.0.1
7f4b2170f000-7f4b2175a000 r-xp 00000000 08:06 10359332                   /lib/x86_64-linux-gnu/libdbus-1.so.3.19.4
7f4b2175a000-7f4b2195a000 ---p 0004b000 08:06 10359332                   /lib/x86_64-linux-gnu/libdbus-1.so.3.19.4
7f4b2195a000-7f4b2195b000 r--p 0004b000 08:06 10359332                   /lib/x86_64-linux-gnu/libdbus-1.so.3.19.4
7f4b2195b000-7f4b2195c000 rw-p 0004c000 08:06 10359332                   /lib/x86_64-linux-gnu/libdbus-1.so.3.19.4
7f4b2195c000-7f4b21a70000 r-xp 00000000 08:06 10617874                   /usr/lib/x86_64-linux-gnu/libglib-2.0.so.0.5600.4
7f4b21a70000-7f4b21c70000 ---p 00114000 08:06 10617874                   /usr/lib/x86_64-linux-gnu/libglib-2.0.so.0.5600.4
7f4b21c70000-7f4b21c71000 r--p 00114000 08:06 10617874                   /usr/lib/x86_64-linux-gnu/libglib-2.0.so.0.5600.4
7f4b21c71000-7f4b21c72000 rw-p 00115000 08:06 10617874                   /usr/lib/x86_64-linux-gnu/libglib-2.0.so.0.5600.4
7f4b21c72000-7f4b21c73000 rw-p 00000000 00:00 0 
7f4b21c73000-7f4b21cc5000 r-xp 00000000 08:06 10617876                   /usr/lib/x86_64-linux-gnu/libgobject-2.0.so.0.5600.4
7f4b21cc5000-7f4b21ec5000 ---p 00052000 08:06 10617876                   /usr/lib/x86_64-linux-gnu/libgobject-2.0.so.0.5600.4
7f4b21ec5000-7f4b21ec6000 r--p 00052000 08:06 10617876                   /usr/lib/x86_64-linux-gnu/libgobject-2.0.so.0.5600.4
7f4b21ec6000-7f4b21ec7000 rw-p 00053000 08:06 10617876                   /usr/lib/x86_64-linux-gnu/libgobject-2.0.so.0.5600.4
7f4b21ec7000-7f4b21ef5000 r-xp 00000000 08:06 10622823                   /usr/lib/x86_64-linux-gnu/libatk-bridge-2.0.so.0.0.0
7f4b21ef5000-7f4b220f5000 ---p 0002e000 08:06 10622823                   /usr/lib/x86_64-linux-gnu/libatk-bridge-2.0.so.0.0.0
7f4b220f5000-7f4b220f6000 r--p 0002e000 08:06 10622823                   /usr/lib/x86_64-linux-gnu/libatk-bridge-2.0.so.0.0.0
7f4b220f6000-7f4b220f7000 rw-p 0002f000 08:06 10622823                   /usr/lib/x86_64-linux-gnu/libatk-bridge-2.0.so.0.0.0
7f4b220f7000-7f4b220f8000 rw-p 00000000 00:00 0 
7f4b220f8000-7f4b2211a000 r-xp 00000000 08:06 10622821                   /usr/lib/x86_64-linux-gnu/libatk-1.0.so.0.22810.1
7f4b2211a000-7f4b2231a000 ---p 00022000 08:06 10622821                   /usr/lib/x86_64-linux-gnu/libatk-1.0.so.0.22810.1
7f4b2231a000-7f4b2231d000 r--p 00022000 08:06 10622821                   /usr/lib/x86_64-linux-gnu/libatk-1.0.so.0.22810.1
7f4b2231d000-7f4b2231e000 rw-p 00025000 08:06 10622821                   /usr/lib/x86_64-linux-gnu/libatk-1.0.so.0.22810.1
7f4b2231e000-7f4b22335000 r-xp 00000000 08:06 10884870                   /usr/lib/x86_64-linux-gnu/jni/libatk-wrapper.so.6.0.0
7f4b22335000-7f4b22535000 ---p 00017000 08:06 10884870                   /usr/lib/x86_64-linux-gnu/jni/libatk-wrapper.so.6.0.0
7f4b22535000-7f4b22536000 r--p 00017000 08:06 10884870                   /usr/lib/x86_64-linux-gnu/jni/libatk-wrapper.so.6.0.0
7f4b22536000-7f4b22537000 rw-p 00018000 08:06 10884870                   /usr/lib/x86_64-linux-gnu/jni/libatk-wrapper.so.6.0.0
7f4b22537000-7f4b2254d000 r-xp 00000000 08:06 10627052                   /usr/lib/jvm/java-8-openjdk-amd64/jre/lib/amd64/libnet.so
7f4b2254d000-7f4b2274c000 ---p 00016000 08:06 10627052                   /usr/lib/jvm/java-8-openjdk-amd64/jre/lib/amd64/libnet.so
7f4b2274c000-7f4b2274d000 r--p 00015000 08:06 10627052                   /usr/lib/jvm/java-8-openjdk-amd64/jre/lib/amd64/libnet.so
7f4b2274d000-7f4b2274e000 rw-p 00016000 08:06 10627052                   /usr/lib/jvm/java-8-openjdk-amd64/jre/lib/amd64/libnet.so
7f4b2274e000-7f4b2275f000 r-xp 00000000 08:06 10627054                   /usr/lib/jvm/java-8-openjdk-amd64/jre/lib/amd64/libnio.so
7f4b2275f000-7f4b2295e000 ---p 00011000 08:06 10627054                   /usr/lib/jvm/java-8-openjdk-amd64/jre/lib/amd64/libnio.so
7f4b2295e000-7f4b2295f000 r--p 00010000 08:06 10627054                   /usr/lib/jvm/java-8-openjdk-amd64/jre/lib/amd64/libnio.so
7f4b2295f000-7f4b22960000 rw-p 00011000 08:06 10627054                   /usr/lib/jvm/java-8-openjdk-amd64/jre/lib/amd64/libnio.so
7f4b22960000-7f4b22963000 ---p 00000000 00:00 0 
7f4b22963000-7f4b22a61000 rw-p 00000000 00:00 0 
7f4b22a61000-7f4b22a66000 r-xp 00000000 08:06 10622750                   /usr/lib/x86_64-linux-gnu/libXfixes.so.3.1.0
7f4b22a66000-7f4b22c65000 ---p 00005000 08:06 10622750                   /usr/lib/x86_64-linux-gnu/libXfixes.so.3.1.0
7f4b22c65000-7f4b22c66000 r--p 00004000 08:06 10622750                   /usr/lib/x86_64-linux-gnu/libXfixes.so.3.1.0
7f4b22c66000-7f4b22c67000 rw-p 00005000 08:06 10622750                   /usr/lib/x86_64-linux-gnu/libXfixes.so.3.1.0
7f4b22c67000-7f4b22c70000 r-xp 00000000 08:06 10622742                   /usr/lib/x86_64-linux-gnu/libXcursor.so.1.0.2
7f4b22c70000-7f4b22e6f000 ---p 00009000 08:06 10622742                   /usr/lib/x86_64-linux-gnu/libXcursor.so.1.0.2
7f4b22e6f000-7f4b22e70000 r--p 00008000 08:06 10622742                   /usr/lib/x86_64-linux-gnu/libXcursor.so.1.0.2
7f4b22e70000-7f4b22e71000 rw-p 00009000 08:06 10622742                   /usr/lib/x86_64-linux-gnu/libXcursor.so.1.0.2
7f4b22e71000-7f4b22ea2000 r-xp 00000000 08:06 10619721                   /usr/lib/x86_64-linux-gnu/libpng16.so.16.34.0
7f4b22ea2000-7f4b230a1000 ---p 00031000 08:06 10619721                   /usr/lib/x86_64-linux-gnu/libpng16.so.16.34.0
7f4b230a1000-7f4b230a2000 r--p 00030000 08:06 10619721                   /usr/lib/x86_64-linux-gnu/libpng16.so.16.34.0
7f4b230a2000-7f4b230a3000 rw-p 00031000 08:06 10619721                   /usr/lib/x86_64-linux-gnu/libpng16.so.16.34.0
7f4b230a3000-7f4b23150000 r-xp 00000000 08:06 10623109                   /usr/lib/x86_64-linux-gnu/libfreetype.so.6.15.0
7f4b23150000-7f4b2334f000 ---p 000ad000 08:06 10623109                   /usr/lib/x86_64-linux-gnu/libfreetype.so.6.15.0
7f4b2334f000-7f4b23356000 r--p 000ac000 08:06 10623109                   /usr/lib/x86_64-linux-gnu/libfreetype.so.6.15.0
7f4b23356000-7f4b23357000 rw-p 000b3000 08:06 10623109                   /usr/lib/x86_64-linux-gnu/libfreetype.so.6.15.0
7f4b23357000-7f4b233a6000 r-xp 00000000 08:06 10626592                   /usr/lib/jvm/java-8-openjdk-amd64/jre/lib/amd64/libfontmanager.so
7f4b233a6000-7f4b235a6000 ---p 0004f000 08:06 10626592                   /usr/lib/jvm/java-8-openjdk-amd64/jre/lib/amd64/libfontmanager.so
7f4b235a6000-7f4b235a8000 r--p 0004f000 08:06 10626592                   /usr/lib/jvm/java-8-openjdk-amd64/jre/lib/amd64/libfontmanager.so
7f4b235a8000-7f4b235a9000 rw-p 00051000 08:06 10626592                   /usr/lib/jvm/java-8-openjdk-amd64/jre/lib/amd64/libfontmanager.so
7f4b235a9000-7f4b235bc000 r-xp 00000000 08:06 10359462                   /lib/x86_64-linux-gnu/libbsd.so.0.8.7
7f4b235bc000-7f4b237bb000 ---p 00013000 08:06 10359462                   /lib/x86_64-linux-gnu/libbsd.so.0.8.7
7f4b237bb000-7f4b237bc000 r--p 00012000 08:06 10359462                   /lib/x86_64-linux-gnu/libbsd.so.0.8.7
7f4b237bc000-7f4b237bd000 rw-p 00013000 08:06 10359462                   /lib/x86_64-linux-gnu/libbsd.so.0.8.7
7f4b237bd000-7f4b237be000 rw-p 00000000 00:00 0 
7f4b237be000-7f4b237c3000 r-xp 00000000 08:06 10622746                   /usr/lib/x86_64-linux-gnu/libXdmcp.so.6.0.0
7f4b237c3000-7f4b239c2000 ---p 00005000 08:06 10622746                   /usr/lib/x86_64-linux-gnu/libXdmcp.so.6.0.0
7f4b239c2000-7f4b239c3000 r--p 00004000 08:06 10622746                   /usr/lib/x86_64-linux-gnu/libXdmcp.so.6.0.0
7f4b239c3000-7f4b239c4000 rw-p 00005000 08:06 10622746                   /usr/lib/x86_64-linux-gnu/libXdmcp.so.6.0.0
7f4b239c4000-7f4b239c6000 r-xp 00000000 08:06 10622735                   /usr/lib/x86_64-linux-gnu/libXau.so.6.0.0
7f4b239c6000-7f4b23bc6000 ---p 00002000 08:06 10622735                   /usr/lib/x86_64-linux-gnu/libXau.so.6.0.0
7f4b23bc6000-7f4b23bc7000 r--p 00002000 08:06 10622735                   /usr/lib/x86_64-linux-gnu/libXau.so.6.0.0
7f4b23bc7000-7f4b23bc8000 rw-p 00003000 08:06 10622735                   /usr/lib/x86_64-linux-gnu/libXau.so.6.0.0
7f4b23bc8000-7f4b23bee000 r-xp 00000000 08:06 10618516                   /usr/lib/x86_64-linux-gnu/libxcb.so.1.1.0
7f4b23bee000-7f4b23dee000 ---p 00026000 08:06 10618516                   /usr/lib/x86_64-linux-gnu/libxcb.so.1.1.0
7f4b23dee000-7f4b23def000 r--p 00026000 08:06 10618516                   /usr/lib/x86_64-linux-gnu/libxcb.so.1.1.0
7f4b23def000-7f4b23df0000 rw-p 00027000 08:06 10618516                   /usr/lib/x86_64-linux-gnu/libxcb.so.1.1.0
7f4b23df0000-7f4b23dff000 r-xp 00000000 08:06 10622756                   /usr/lib/x86_64-linux-gnu/libXi.so.6.1.0
7f4b23dff000-7f4b23ffe000 ---p 0000f000 08:06 10622756                   /usr/lib/x86_64-linux-gnu/libXi.so.6.1.0
7f4b23ffe000-7f4b23fff000 r--p 0000e000 08:06 10622756                   /usr/lib/x86_64-linux-gnu/libXi.so.6.1.0
7f4b23fff000-7f4b24000000 rw-p 0000f000 08:06 10622756                   /usr/lib/x86_64-linux-gnu/libXi.so.6.1.0
7f4b24000000-7f4b246e1000 rw-p 00000000 00:00 0 
7f4b246e1000-7f4b28000000 ---p 00000000 00:00 0 
7f4b28000000-7f4b28021000 rw-p 00000000 00:00 0 
7f4b28021000-7f4b2c000000 ---p 00000000 00:00 0 
7f4b2c000000-7f4b2cce0000 rw-p 00000000 00:00 0 
7f4b2cce0000-7f4b30000000 ---p 00000000 00:00 0 
7f4b30000000-7f4b3076a000 rw-p 00000000 00:00 0 
7f4b3076a000-7f4b34000000 ---p 00000000 00:00 0 
7f4b34000000-7f4b34021000 rw-p 00000000 00:00 0 
7f4b34021000-7f4b38000000 ---p 00000000 00:00 0 
7f4b38000000-7f4b38873000 rw-p 00000000 00:00 0 
7f4b38873000-7f4b3c000000 ---p 00000000 00:00 0 
7f4b3c000000-7f4b3c021000 rw-p 00000000 00:00 0 
7f4b3c021000-7f4b40000000 ---p 00000000 00:00 0 
7f4b40000000-7f4b40021000 rw-p 00000000 00:00 0 
7f4b40021000-7f4b44000000 ---p 00000000 00:00 0 
7f4b44000000-7f4b44021000 rw-p 00000000 00:00 0 
7f4b44021000-7f4b48000000 ---p 00000000 00:00 0 
7f4b48000000-7f4b4805a000 rw-p 00000000 00:00 0 
7f4b4805a000-7f4b4c000000 ---p 00000000 00:00 0 
7f4b4c000000-7f4b4c021000 rw-p 00000000 00:00 0 
7f4b4c021000-7f4b50000000 ---p 00000000 00:00 0 
7f4b50000000-7f4b50001000 r--s 00004000 08:06 6557037                    /home/sneha/contiki-2.7/tools/cooja/apps/mspsim/lib/coffee.jar
7f4b50001000-7f4b50002000 r--s 00000000 08:06 5243196                    /var/cache/fontconfig/0d8c3b2ac0904cb8a57a757ad11a4a08-le64.cache-7
7f4b50002000-7f4b50003000 r--s 00000000 08:06 5243200                    /var/cache/fontconfig/1ac9eb803944fde146138c791f5cc56a-le64.cache-7
7f4b50003000-7f4b50004000 r--s 00000000 08:06 5243251                    /var/cache/fontconfig/dc05db6664285cc2f12bf69c139ae4c3-le64.cache-7
7f4b50004000-7f4b50006000 r--s 00000000 08:06 5243197                    /var/cache/fontconfig/14a5e22175779b556eaa434240950366-le64.cache-7
7f4b50006000-7f4b50007000 r--s 00000000 08:06 5243224                    /var/cache/fontconfig/660208299946a285a940457d1287da33-le64.cache-7
7f4b50007000-7f4b50009000 r--s 00000000 08:06 5243215                    /var/cache/fontconfig/4f3e3037c9980c83b53a9351efadef62-le64.cache-7
7f4b50009000-7f4b5000b000 r--s 00000000 08:06 5243229                    /var/cache/fontconfig/767a8244fc0220cfb567a839d0392e0b-le64.cache-7
7f4b5000b000-7f4b5000c000 r--s 00000000 08:06 5252197                    /var/cache/fontconfig/4794a0821666d79190d59a36cb4f44b5-le64.cache-7
7f4b5000c000-7f4b5000e000 r--s 00000000 08:06 5243986                    /var/cache/fontconfig/0bd3dc0958fa2205aaaa8ebb13e2872b-le64.cache-7
7f4b5000e000-7f4b50013000 r--s 00000000 08:06 5243252                    /var/cache/fontconfig/def309198bfa603429122923fa2bb2d4-le64.cache-7
7f4b50013000-7f4b50014000 r--s 00000000 08:06 5243240                    /var/cache/fontconfig/b872e6e592da6075ffa4ab0a1fcc0c75-le64.cache-7
7f4b50014000-7f4b50015000 r--s 00000000 08:06 5243257                    /var/cache/fontconfig/f6d4eedfaab2589bde49f7a3ff831d22-le64.cache-7
7f4b50015000-7f4b50016000 r--s 00000000 08:06 5243222                    /var/cache/fontconfig/589f83ef4c36d296ce6e1c846f468f08-le64.cache-7
7f4b50016000-7f4b50017000 r--s 00000000 08:06 5243242                    /var/cache/fontconfig/bab58bb527bb656aaa9f116d68a48d89-le64.cache-7
7f4b50017000-7f4b50018000 r--s 00000000 08:06 5243201                    /var/cache/fontconfig/2171a34dccabdb6bcbbc728186263178-le64.cache-7
7f4b50018000-7f4b50019000 r--s 00000000 08:06 5243243                    /var/cache/fontconfig/c5c45a61289222e0d30b1a26ef4effbe-le64.cache-7
7f4b50019000-7f4b5001a000 r--s 00000000 08:06 5243238                    /var/cache/fontconfig/aec30016f93e1b46d1a973dce0d74068-le64.cache-7
7f4b5001a000-7f4b5001b000 r--s 00000000 08:06 5243208                    /var/cache/fontconfig/3f589640d34b7dc9042c8d453f7c8b9c-le64.cache-7
7f4b5001b000-7f4b5001c000 r--s 00000000 08:06 5243198                    /var/cache/fontconfig/16c2fda60d1b4b719f4b3d06fd951d25-le64.cache-7
7f4b5001c000-7f4b5001d000 r--s 00000000 08:06 5243237                    /var/cache/fontconfig/a48eab177a16e4f3713381162db2f3e9-le64.cache-7
7f4b5001d000-7f4b5001e000 r--s 00000000 08:06 5243218                    /var/cache/fontconfig/564b2e68ac9bc4e36a6f7f6d6125ec1c-le64.cache-7
7f4b5001e000-7f4b50023000 r--s 00000000 08:06 5243984                    /var/cache/fontconfig/9d2451b1fd30e5bffe8383fd27c35478-le64.cache-7
7f4b50023000-7f4b50029000 r--s 00000000 08:06 5243985                    /var/cache/fontconfig/3047814df9a2f067bd2d96a2b9c36e5a-le64.cache-7
7f4b50029000-7f4b5002a000 r--s 00000000 08:06 5243219                    /var/cache/fontconfig/56cf4f4769d0f4abc89a4895d7bd3ae1-le64.cache-7
7f4b5002a000-7f4b5002b000 r--s 00000000 08:06 5243241                    /var/cache/fontconfig/b9d506c9ac06c20b433354fa67a72993-le64.cache-7
7f4b5002b000-7f4b50031000 r--s 00000000 08:06 5243239                    /var/cache/fontconfig/b47c4e1ecd0709278f4910c18777a504-le64.cache-7
7f4b50031000-7f4b50044000 r--s 00000000 08:06 5243248                    /var/cache/fontconfig/d52a8644073d54c13679302ca1180695-le64.cache-7
7f4b50044000-7f4b50045000 r--s 00000000 08:06 5243206                    /var/cache/fontconfig/370e5b74bf5dafc30834de68e24a87a4-le64.cache-7
7f4b50045000-7f4b50046000 r--s 00000000 08:06 5243227                    /var/cache/fontconfig/6b2c5944714ca7831b25bed9e85cb5c8-le64.cache-7
7f4b50046000-7f4b50047000 r--s 00000000 08:06 5243247                    /var/cache/fontconfig/d5178ab6d91b49bf20a416737dcea9e8-le64.cache-7
7f4b50047000-7f4b50048000 r--s 00000000 08:06 5243217                    /var/cache/fontconfig/551ecf3b0e8b0bca0f25c0944f561853-le64.cache-7
7f4b50048000-7f4b5004b000 r--s 00000000 08:06 5243256                    /var/cache/fontconfig/f259c2cffa685e28062317905db73c4a-le64.cache-7
7f4b5004b000-7f4b5004d000 r--s 00000000 08:06 5243216                    /var/cache/fontconfig/550f3886151c940c12a5ed35f6a00586-le64.cache-7
7f4b5004d000-7f4b50050000 r--s 00000000 08:06 5243225                    /var/cache/fontconfig/674d1711f2d1d2a09646eb0bdcadee49-le64.cache-7
7f4b50050000-7f4b50051000 r--s 00000000 08:06 5243209                    /var/cache/fontconfig/3f7329c5293ffd510edef78f73874cfd-le64.cache-7
7f4b50051000-7f4b5005d000 r--s 00000000 08:06 5246516                    /var/cache/fontconfig/d589a48862398ed80a3d6066f4f56f4c-le64.cache-7
7f4b5005d000-7f4b5005e000 r--s 00000000 08:06 5243195                    /var/cache/fontconfig/0c9eb80ebd1c36541ebe2852d3bb0c49-le64.cache-7
7f4b5005e000-7f4b5005f000 r--s 00000000 08:06 5243202                    /var/cache/fontconfig/22368d551a680bfe5a62c02760edf4ea-le64.cache-7
7f4b5005f000-7f4b50060000 r--s 00000000 08:06 5243214                    /var/cache/fontconfig/4d9c95eba1cb85bbcf2878543262124a-le64.cache-7
7f4b50060000-7f4b5006f000 r--s 00000000 08:06 5243876                    /var/cache/fontconfig/9b89f8e3dae116d678bbf48e5f21f69b-le64.cache-7
7f4b5006f000-7f4b50078000 r--s 00000000 08:06 5256901                    /var/cache/fontconfig/d0972c3d32f097851eb916381fc38920-le64.cache-7
7f4b50078000-7f4b500a9000 rw-p 00000000 00:00 0 
7f4b500a9000-7f4b500ac000 ---p 00000000 00:00 0 
7f4b500ac000-7f4b500e2000 rw-p 00000000 00:00 0 
7f4b500e2000-7f4b500e5000 ---p 00000000 00:00 0 
7f4b500e5000-7f4b501e3000 rw-p 00000000 00:00 0 
7f4b501e3000-7f4b501e8000 r-xp 00000000 08:06 10622774                   /usr/lib/x86_64-linux-gnu/libXtst.so.6.1.0
7f4b501e8000-7f4b503e7000 ---p 00005000 08:06 10622774                   /usr/lib/x86_64-linux-gnu/libXtst.so.6.1.0
7f4b503e7000-7f4b503e8000 r--p 00004000 08:06 10622774                   /usr/lib/x86_64-linux-gnu/libXtst.so.6.1.0
7f4b503e8000-7f4b503e9000 rw-p 00005000 08:06 10622774                   /usr/lib/x86_64-linux-gnu/libXtst.so.6.1.0
7f4b503e9000-7f4b503f2000 r-xp 00000000 08:06 10622768                   /usr/lib/x86_64-linux-gnu/libXrender.so.1.3.0
7f4b503f2000-7f4b505f1000 ---p 00009000 08:06 10622768                   /usr/lib/x86_64-linux-gnu/libXrender.so.1.3.0
7f4b505f1000-7f4b505f2000 r--p 00008000 08:06 10622768                   /usr/lib/x86_64-linux-gnu/libXrender.so.1.3.0
7f4b505f2000-7f4b505f3000 rw-p 00009000 08:06 10622768                   /usr/lib/x86_64-linux-gnu/libXrender.so.1.3.0
7f4b505f3000-7f4b50726000 r-xp 00000000 08:06 10618526                   /usr/lib/x86_64-linux-gnu/libX11.so.6.3.0
7f4b50726000-7f4b50926000 ---p 00133000 08:06 10618526                   /usr/lib/x86_64-linux-gnu/libX11.so.6.3.0
7f4b50926000-7f4b50927000 r--p 00133000 08:06 10618526                   /usr/lib/x86_64-linux-gnu/libX11.so.6.3.0
7f4b50927000-7f4b5092b000 rw-p 00134000 08:06 10618526                   /usr/lib/x86_64-linux-gnu/libX11.so.6.3.0
7f4b5092b000-7f4b5093c000 r-xp 00000000 08:06 10622748                   /usr/lib/x86_64-linux-gnu/libXext.so.6.4.0
7f4b5093c000-7f4b50b3b000 ---p 00011000 08:06 10622748                   /usr/lib/x86_64-linux-gnu/libXext.so.6.4.0
7f4b50b3b000-7f4b50b3c000 r--p 00010000 08:06 10622748                   /usr/lib/x86_64-linux-gnu/libXext.so.6.4.0
7f4b50b3c000-7f4b50b3d000 rw-p 00011000 08:06 10622748                   /usr/lib/x86_64-linux-gnu/libXext.so.6.4.0
7f4b50b3d000-7f4b50b3e000 r--s 00000000 08:06 5243231                    /var/cache/fontconfig/85e0a52ce643a7ba2ae53e5d6949cead-le64.cache-7
7f4b50b3e000-7f4b50b3f000 r--s 00000000 08:06 5243211                    /var/cache/fontconfig/49f0de54bdd920fe4f0dfd4cbac43e6b-le64.cache-7
7f4b50b3f000-7f4b50b41000 r--s 00000000 08:06 5243226                    /var/cache/fontconfig/6afa1bb216ce958c1589e297e8008489-le64.cache-7
7f4b50b41000-7f4b50b44000 r--s 00000000 08:06 5243253                    /var/cache/fontconfig/e13b20fdb08344e0e664864cc2ede53d-le64.cache-7
7f4b50b44000-7f4b50b57000 r--s 00346000 08:06 10630406                   /usr/lib/jvm/java-8-openjdk-amd64/jre/lib/resources.jar
7f4b50b57000-7f4b50bb2000 r-xp 00000000 08:06 10626588                   /usr/lib/jvm/java-8-openjdk-amd64/jre/lib/amd64/libawt_xawt.so
7f4b50bb2000-7f4b50db1000 ---p 0005b000 08:06 10626588                   /usr/lib/jvm/java-8-openjdk-amd64/jre/lib/amd64/libawt_xawt.so
7f4b50db1000-7f4b50db2000 r--p 0005a000 08:06 10626588                   /usr/lib/jvm/java-8-openjdk-amd64/jre/lib/amd64/libawt_xawt.so
7f4b50db2000-7f4b50db5000 rw-p 0005b000 08:06 10626588                   /usr/lib/jvm/java-8-openjdk-amd64/jre/lib/amd64/libawt_xawt.so
7f4b50db5000-7f4b50db7000 rw-p 00000000 00:00 0 
7f4b50db7000-7f4b50e56000 r-xp 00000000 08:06 10626583                   /usr/lib/jvm/java-8-openjdk-amd64/jre/lib/amd64/libawt.so
7f4b50e56000-7f4b51055000 ---p 0009f000 08:06 10626583                   /usr/lib/jvm/java-8-openjdk-amd64/jre/lib/amd64/libawt.so
7f4b51055000-7f4b51056000 r--p 0009e000 08:06 10626583                   /usr/lib/jvm/java-8-openjdk-amd64/jre/lib/amd64/libawt.so
7f4b51056000-7f4b51061000 rw-p 0009f000 08:06 10626583                   /usr/lib/jvm/java-8-openjdk-amd64/jre/lib/amd64/libawt.so
7f4b51061000-7f4b51086000 rw-p 00000000 00:00 0 
7f4b51086000-7f4b5108b000 r--s 002f9000 08:06 10627689                   /usr/lib/jvm/java-8-openjdk-amd64/jre/lib/charsets.jar
7f4b5108b000-7f4b51092000 r--s 0005b000 08:06 6554083                    /home/sneha/contiki-2.7/tools/cooja/lib/jsyntaxpane.jar
7f4b51092000-7f4b51099000 r--s 0004f000 08:06 6554084                    /home/sneha/contiki-2.7/tools/cooja/lib/log4j.jar
7f4b51099000-7f4b510b4000 r--s 001d6000 08:06 10627714                   /usr/lib/jvm/java-8-openjdk-amd64/jre/lib/ext/nashorn.jar
7f4b510b4000-7f4b510cf000 r--s 00394000 08:06 10627709                   /usr/lib/jvm/java-8-openjdk-amd64/jre/lib/ext/cldrdata.jar
7f4b510cf000-7f4b510d0000 ---p 00000000 00:00 0 
7f4b510d0000-7f4b511d0000 rw-p 00000000 00:00 0 
7f4b511d0000-7f4b511d3000 ---p 00000000 00:00 0 
7f4b511d3000-7f4b512d1000 rw-p 00000000 00:00 0 
7f4b512d1000-7f4b512d2000 ---p 00000000 00:00 0 
7f4b512d2000-7f4b512d5000 ---p 00000000 00:00 0 
7f4b512d5000-7f4b513d2000 rw-p 00000000 00:00 0 
7f4b513d2000-7f4b513d3000 ---p 00000000 00:00 0 
7f4b513d3000-7f4b513d6000 ---p 00000000 00:00 0 
7f4b513d6000-7f4b514d3000 rw-p 00000000 00:00 0 
7f4b514d3000-7f4b514d4000 ---p 00000000 00:00 0 
7f4b514d4000-7f4b514d7000 ---p 00000000 00:00 0 
7f4b514d7000-7f4b515d4000 rw-p 00000000 00:00 0 
7f4b515d4000-7f4b515d5000 ---p 00000000 00:00 0 
7f4b515d5000-7f4b515d8000 ---p 00000000 00:00 0 
7f4b515d8000-7f4b516d5000 rw-p 00000000 00:00 0 
7f4b516d5000-7f4b516d8000 ---p 00000000 00:00 0 
7f4b516d8000-7f4b517d6000 rw-p 00000000 00:00 0 
7f4b517d6000-7f4b521a5000 r--p 00000000 08:06 10621656                   /usr/lib/locale/locale-archive
7f4b521a5000-7f4b521a8000 ---p 00000000 00:00 0 
7f4b521a8000-7f4b522f4000 rw-p 00000000 00:00 0 
7f4b522f4000-7f4b524c4000 r--s 03c5c000 08:06 10630408                   /usr/lib/jvm/java-8-openjdk-amd64/jre/lib/rt.jar
7f4b524c4000-7f4b524c7000 ---p 00000000 00:00 0 
7f4b524c7000-7f4b525c5000 rw-p 00000000 00:00 0 
7f4b525c5000-7f4b525c6000 ---p 00000000 00:00 0 
7f4b525c6000-7f4b54000000 rw-p 00000000 00:00 0 
7f4b54000000-7f4b54021000 rw-p 00000000 00:00 0 
7f4b54021000-7f4b58000000 ---p 00000000 00:00 0 
7f4b58000000-7f4b58021000 rw-p 00000000 00:00 0 
7f4b58021000-7f4b5c000000 ---p 00000000 00:00 0 
7f4b5c000000-7f4b5c021000 rw-p 00000000 00:00 0 
7f4b5c021000-7f4b60000000 ---p 00000000 00:00 0 
7f4b60000000-7f4b60021000 rw-p 00000000 00:00 0 
7f4b60021000-7f4b64000000 ---p 00000000 00:00 0 
7f4b64000000-7f4b64021000 rw-p 00000000 00:00 0 
7f4b64021000-7f4b68000000 ---p 00000000 00:00 0 
7f4b68000000-7f4b68021000 rw-p 00000000 00:00 0 
7f4b68021000-7f4b6c000000 ---p 00000000 00:00 0 
7f4b6c000000-7f4b6d000000 rw-p 00000000 00:00 0 
7f4b6d000000-7f4b6d9f0000 rwxp 00000000 00:00 0 
7f4b6d9f0000-7f4b7c000000 ---p 00000000 00:00 0 
7f4b7c000000-7f4b7c36b000 rw-p 00000000 00:00 0 
7f4b7c36b000-7f4b80000000 ---p 00000000 00:00 0 
7f4b80000000-7f4b80003000 r--s 00022000 08:06 6554082                    /home/sneha/contiki-2.7/tools/cooja/lib/jdom.jar
7f4b80003000-7f4b80006000 r--s 00039000 08:06 10627717                   /usr/lib/jvm/java-8-openjdk-amd64/jre/lib/ext/sunpkcs11.jar
7f4b80006000-7f4b80b65000 rw-p 00000000 00:00 0 
7f4b80b65000-7f4b80c65000 rw-p 00000000 00:00 0 
7f4b80c65000-7f4b80c66000 ---p 00000000 00:00 0 
7f4b80c66000-7f4b80d66000 rw-p 00000000 00:00 0 
7f4b80d66000-7f4b80d67000 ---p 00000000 00:00 0 
7f4b80d67000-7f4b80e67000 rw-p 00000000 00:00 0 
7f4b80e67000-7f4b80e68000 ---p 00000000 00:00 0 
7f4b80e68000-7f4b80f68000 rw-p 00000000 00:00 0 
7f4b80f68000-7f4b80f69000 ---p 00000000 00:00 0 
7f4b80f69000-7f4b81069000 rw-p 00000000 00:00 0 
7f4b81069000-7f4b8106a000 ---p 00000000 00:00 0 
7f4b8106a000-7f4b8116a000 rw-p 00000000 00:00 0 
7f4b8116a000-7f4b8116b000 ---p 00000000 00:00 0 
7f4b8116b000-7f4b8126b000 rw-p 00000000 00:00 0 
7f4b8126b000-7f4b8126c000 ---p 00000000 00:00 0 
7f4b8126c000-7f4b8136c000 rw-p 00000000 00:00 0 
7f4b8136c000-7f4b8136d000 ---p 00000000 00:00 0 
7f4b8136d000-7f4b81497000 rw-p 00000000 00:00 0 
7f4b81497000-7f4b81517000 ---p 00000000 00:00 0 
7f4b81517000-7f4b8152c000 rw-p 00000000 00:00 0 
7f4b8152c000-7f4b8156d000 ---p 00000000 00:00 0 
7f4b8156d000-7f4b81596000 rw-p 00000000 00:00 0 
7f4b81596000-7f4b8192e000 ---p 00000000 00:00 0 
7f4b8192e000-7f4b81936000 r-xp 00000000 08:06 10627678                   /usr/lib/jvm/java-8-openjdk-amd64/jre/lib/amd64/libzip.so
7f4b81936000-7f4b81b35000 ---p 00008000 08:06 10627678                   /usr/lib/jvm/java-8-openjdk-amd64/jre/lib/amd64/libzip.so
7f4b81b35000-7f4b81b36000 r--p 00007000 08:06 10627678                   /usr/lib/jvm/java-8-openjdk-amd64/jre/lib/amd64/libzip.so
7f4b81b36000-7f4b81b37000 rw-p 00008000 08:06 10627678                   /usr/lib/jvm/java-8-openjdk-amd64/jre/lib/amd64/libzip.so
7f4b81b37000-7f4b81b42000 r-xp 00000000 08:06 10359556                   /lib/x86_64-linux-gnu/libnss_files-2.27.so
7f4b81b42000-7f4b81d41000 ---p 0000b000 08:06 10359556                   /lib/x86_64-linux-gnu/libnss_files-2.27.so
7f4b81d41000-7f4b81d42000 r--p 0000a000 08:06 10359556                   /lib/x86_64-linux-gnu/libnss_files-2.27.so
7f4b81d42000-7f4b81d43000 rw-p 0000b000 08:06 10359556                   /lib/x86_64-linux-gnu/libnss_files-2.27.so
7f4b81d43000-7f4b81d49000 rw-p 00000000 00:00 0 
7f4b81d49000-7f4b81d60000 r-xp 00000000 08:06 10359550                   /lib/x86_64-linux-gnu/libnsl-2.27.so
7f4b81d60000-7f4b81f5f000 ---p 00017000 08:06 10359550                   /lib/x86_64-linux-gnu/libnsl-2.27.so
7f4b81f5f000-7f4b81f60000 r--p 00016000 08:06 10359550                   /lib/x86_64-linux-gnu/libnsl-2.27.so
7f4b81f60000-7f4b81f61000 rw-p 00017000 08:06 10359550                   /lib/x86_64-linux-gnu/libnsl-2.27.so
7f4b81f61000-7f4b81f63000 rw-p 00000000 00:00 0 
7f4b81f63000-7f4b81f6e000 r-xp 00000000 08:06 10359567                   /lib/x86_64-linux-gnu/libnss_nis-2.27.so
7f4b81f6e000-7f4b8216d000 ---p 0000b000 08:06 10359567                   /lib/x86_64-linux-gnu/libnss_nis-2.27.so
7f4b8216d000-7f4b8216e000 r--p 0000a000 08:06 10359567                   /lib/x86_64-linux-gnu/libnss_nis-2.27.so
7f4b8216e000-7f4b8216f000 rw-p 0000b000 08:06 10359567                   /lib/x86_64-linux-gnu/libnss_nis-2.27.so
7f4b8216f000-7f4b82177000 r-xp 00000000 08:06 10359552                   /lib/x86_64-linux-gnu/libnss_compat-2.27.so
7f4b82177000-7f4b82377000 ---p 00008000 08:06 10359552                   /lib/x86_64-linux-gnu/libnss_compat-2.27.so
7f4b82377000-7f4b82378000 r--p 00008000 08:06 10359552                   /lib/x86_64-linux-gnu/libnss_compat-2.27.so
7f4b82378000-7f4b82379000 rw-p 00009000 08:06 10359552                   /lib/x86_64-linux-gnu/libnss_compat-2.27.so
7f4b82379000-7f4b823a3000 r-xp 00000000 08:06 10626641                   /usr/lib/jvm/java-8-openjdk-amd64/jre/lib/amd64/libjava.so
7f4b823a3000-7f4b825a2000 ---p 0002a000 08:06 10626641                   /usr/lib/jvm/java-8-openjdk-amd64/jre/lib/amd64/libjava.so
7f4b825a2000-7f4b825a3000 r--p 00029000 08:06 10626641                   /usr/lib/jvm/java-8-openjdk-amd64/jre/lib/amd64/libjava.so
7f4b825a3000-7f4b825a5000 rw-p 0002a000 08:06 10626641                   /usr/lib/jvm/java-8-openjdk-amd64/jre/lib/amd64/libjava.so
7f4b825a5000-7f4b825b5000 r-xp 00000000 08:06 10627129                   /usr/lib/jvm/java-8-openjdk-amd64/jre/lib/amd64/libverify.so
7f4b825b5000-7f4b827b4000 ---p 00010000 08:06 10627129                   /usr/lib/jvm/java-8-openjdk-amd64/jre/lib/amd64/libverify.so
7f4b827b4000-7f4b827b6000 r--p 0000f000 08:06 10627129                   /usr/lib/jvm/java-8-openjdk-amd64/jre/lib/amd64/libverify.so
7f4b827b6000-7f4b827b7000 rw-p 00011000 08:06 10627129                   /usr/lib/jvm/java-8-openjdk-amd64/jre/lib/amd64/libverify.so
7f4b827b7000-7f4b827be000 r-xp 00000000 08:06 10359607                   /lib/x86_64-linux-gnu/librt-2.27.so
7f4b827be000-7f4b829bd000 ---p 00007000 08:06 10359607                   /lib/x86_64-linux-gnu/librt-2.27.so
7f4b829bd000-7f4b829be000 r--p 00006000 08:06 10359607                   /lib/x86_64-linux-gnu/librt-2.27.so
7f4b829be000-7f4b829bf000 rw-p 00007000 08:06 10359607                   /lib/x86_64-linux-gnu/librt-2.27.so
7f4b829bf000-7f4b829d6000 r-xp 00000000 08:06 10359358                   /lib/x86_64-linux-gnu/libgcc_s.so.1
7f4b829d6000-7f4b82bd5000 ---p 00017000 08:06 10359358                   /lib/x86_64-linux-gnu/libgcc_s.so.1
7f4b82bd5000-7f4b82bd6000 r--p 00016000 08:06 10359358                   /lib/x86_64-linux-gnu/libgcc_s.so.1
7f4b82bd6000-7f4b82bd7000 rw-p 00017000 08:06 10359358                   /lib/x86_64-linux-gnu/libgcc_s.so.1
7f4b82bd7000-7f4b82d74000 r-xp 00000000 08:06 10359529                   /lib/x86_64-linux-gnu/libm-2.27.so
7f4b82d74000-7f4b82f73000 ---p 0019d000 08:06 10359529                   /lib/x86_64-linux-gnu/libm-2.27.so
7f4b82f73000-7f4b82f74000 r--p 0019c000 08:06 10359529                   /lib/x86_64-linux-gnu/libm-2.27.so
7f4b82f74000-7f4b82f75000 rw-p 0019d000 08:06 10359529                   /lib/x86_64-linux-gnu/libm-2.27.so
7f4b82f75000-7f4b830ee000 r-xp 00000000 08:06 10623012                   /usr/lib/x86_64-linux-gnu/libstdc++.so.6.0.25
7f4b830ee000-7f4b832ee000 ---p 00179000 08:06 10623012                   /usr/lib/x86_64-linux-gnu/libstdc++.so.6.0.25
7f4b832ee000-7f4b832f8000 r--p 00179000 08:06 10623012                   /usr/lib/x86_64-linux-gnu/libstdc++.so.6.0.25
7f4b832f8000-7f4b832fa000 rw-p 00183000 08:06 10623012                   /usr/lib/x86_64-linux-gnu/libstdc++.so.6.0.25
7f4b832fa000-7f4b832fe000 rw-p 00000000 00:00 0 
7f4b832fe000-7f4b83f9d000 r-xp 00000000 08:06 10627685                   /usr/lib/jvm/java-8-openjdk-amd64/jre/lib/amd64/server/libjvm.so
7f4b83f9d000-7f4b8419d000 ---p 00c9f000 08:06 10627685                   /usr/lib/jvm/java-8-openjdk-amd64/jre/lib/amd64/server/libjvm.so
7f4b8419d000-7f4b84231000 r--p 00c9f000 08:06 10627685                   /usr/lib/jvm/java-8-openjdk-amd64/jre/lib/amd64/server/libjvm.so
7f4b84231000-7f4b8425a000 rw-p 00d33000 08:06 10627685                   /usr/lib/jvm/java-8-openjdk-amd64/jre/lib/amd64/server/libjvm.so
7f4b8425a000-7f4b8428a000 rw-p 00000000 00:00 0 
7f4b8428a000-7f4b842a4000 r-xp 00000000 08:06 10359599                   /lib/x86_64-linux-gnu/libpthread-2.27.so
7f4b842a4000-7f4b844a3000 ---p 0001a000 08:06 10359599                   /lib/x86_64-linux-gnu/libpthread-2.27.so
7f4b844a3000-7f4b844a4000 r--p 00019000 08:06 10359599                   /lib/x86_64-linux-gnu/libpthread-2.27.so
7f4b844a4000-7f4b844a5000 rw-p 0001a000 08:06 10359599                   /lib/x86_64-linux-gnu/libpthread-2.27.so
7f4b844a5000-7f4b844a9000 rw-p 00000000 00:00 0 
7f4b844a9000-7f4b844ac000 r-xp 00000000 08:06 10359489                   /lib/x86_64-linux-gnu/libdl-2.27.so
7f4b844ac000-7f4b846ab000 ---p 00003000 08:06 10359489                   /lib/x86_64-linux-gnu/libdl-2.27.so
7f4b846ab000-7f4b846ac000 r--p 00002000 08:06 10359489                   /lib/x86_64-linux-gnu/libdl-2.27.so
7f4b846ac000-7f4b846ad000 rw-p 00003000 08:06 10359489                   /lib/x86_64-linux-gnu/libdl-2.27.so
7f4b846ad000-7f4b846c9000 r-xp 00000000 08:06 10359638                   /lib/x86_64-linux-gnu/libz.so.1.2.11
7f4b846c9000-7f4b848c8000 ---p 0001c000 08:06 10359638                   /lib/x86_64-linux-gnu/libz.so.1.2.11
7f4b848c8000-7f4b848c9000 r--p 0001b000 08:06 10359638                   /lib/x86_64-linux-gnu/libz.so.1.2.11
7f4b848c9000-7f4b848ca000 rw-p 0001c000 08:06 10359638                   /lib/x86_64-linux-gnu/libz.so.1.2.11
7f4b848ca000-7f4b84ab1000 r-xp 00000000 08:06 10359466                   /lib/x86_64-linux-gnu/libc-2.27.so
7f4b84ab1000-7f4b84cb1000 ---p 001e7000 08:06 10359466                   /lib/x86_64-linux-gnu/libc-2.27.so
7f4b84cb1000-7f4b84cb5000 r--p 001e7000 08:06 10359466                   /lib/x86_64-linux-gnu/libc-2.27.so
7f4b84cb5000-7f4b84cb7000 rw-p 001eb000 08:06 10359466                   /lib/x86_64-linux-gnu/libc-2.27.so
7f4b84cb7000-7f4b84cbb000 rw-p 00000000 00:00 0 
7f4b84cbb000-7f4b84cc9000 r-xp 00000000 08:06 10619879                   /usr/lib/jvm/java-8-openjdk-amd64/jre/lib/amd64/jli/libjli.so
7f4b84cc9000-7f4b84ec8000 ---p 0000e000 08:06 10619879                   /usr/lib/jvm/java-8-openjdk-amd64/jre/lib/amd64/jli/libjli.so
7f4b84ec8000-7f4b84ec9000 r--p 0000d000 08:06 10619879                   /usr/lib/jvm/java-8-openjdk-amd64/jre/lib/amd64/jli/libjli.so
7f4b84ec9000-7f4b84eca000 rw-p 0000e000 08:06 10619879                   /usr/lib/jvm/java-8-openjdk-amd64/jre/lib/amd64/jli/libjli.so
7f4b84eca000-7f4b84ef1000 r-xp 00000000 08:06 10359438                   /lib/x86_64-linux-gnu/ld-2.27.so
7f4b84ef1000-7f4b84ef2000 r--s 00000000 08:06 5243258                    /var/cache/fontconfig/f6e6e0a5c3d2f6ae0c0c2e0ecd42a997-le64.cache-7
7f4b84ef2000-7f4b84ef5000 r--s 0000f000 08:06 10627711                   /usr/lib/jvm/java-8-openjdk-amd64/jre/lib/ext/icedtea-sound.jar
7f4b84ef5000-7f4b84eff000 r--s 00116000 08:06 10627713                   /usr/lib/jvm/java-8-openjdk-amd64/jre/lib/ext/localedata.jar
7f4b84eff000-7f4b84f04000 r--s 0003c000 08:06 10627716                   /usr/lib/jvm/java-8-openjdk-amd64/jre/lib/ext/sunjce_provider.jar
7f4b84f04000-7f4b84f06000 r--s 00007000 08:06 11147219                   /usr/share/java/java-atk-wrapper.jar
7f4b84f06000-7f4b84f51000 rw-p 00000000 00:00 0 
7f4b84f51000-7f4b84fd2000 ---p 00000000 00:00 0 
7f4b84fd2000-7f4b84fd3000 ---p 00000000 00:00 0 
7f4b84fd3000-7f4b84fd6000 ---p 00000000 00:00 0 
7f4b84fd6000-7f4b850d5000 rw-p 00000000 00:00 0 
7f4b850d5000-7f4b850d6000 r--s 00000000 08:06 5243212                    /var/cache/fontconfig/4b2eda6bb976bda485cb2176619421d5-le64.cache-7
7f4b850d6000-7f4b850d7000 r--s 0000a000 08:06 10627712                   /usr/lib/jvm/java-8-openjdk-amd64/jre/lib/ext/jaccess.jar
7f4b850d7000-7f4b850d8000 r--s 0000d000 08:06 10627715                   /usr/lib/jvm/java-8-openjdk-amd64/jre/lib/ext/sunec.jar
7f4b850d8000-7f4b850d9000 r--s 00010000 08:06 10627718                   /usr/lib/jvm/java-8-openjdk-amd64/jre/lib/ext/zipfs.jar
7f4b850d9000-7f4b850db000 r--s 00001000 08:06 10627710                   /usr/lib/jvm/java-8-openjdk-amd64/jre/lib/ext/dnsns.jar
7f4b850db000-7f4b850e5000 rw-p 00000000 00:00 0 
7f4b850e5000-7f4b850ed000 rw-s 00000000 08:06 1442250                    /tmp/hsperfdata_root/32123
7f4b850ed000-7f4b850ee000 rw-p 00000000 00:00 0 
7f4b850ee000-7f4b850ef000 r--p 00000000 00:00 0 
7f4b850ef000-7f4b850f1000 rw-p 00000000 00:00 0 
7f4b850f1000-7f4b850f2000 r--p 00027000 08:06 10359438                   /lib/x86_64-linux-gnu/ld-2.27.so
7f4b850f2000-7f4b850f3000 rw-p 00028000 08:06 10359438                   /lib/x86_64-linux-gnu/ld-2.27.so
7f4b850f3000-7f4b850f4000 rw-p 00000000 00:00 0 
7ffcd6671000-7ffcd6692000 rw-p 00000000 00:00 0                          [stack]
7ffcd67dd000-7ffcd67e0000 r--p 00000000 00:00 0                          [vvar]
7ffcd67e0000-7ffcd67e2000 r-xp 00000000 00:00 0                          [vdso]
ffffffffff600000-ffffffffff601000 r-xp 00000000 00:00 0                  [vsyscall]

VM Arguments:
jvm_args: -Xshare:on -Xmx512m -Duser.language=en 
java_command: se.sics.cooja.GUI
java_class_path (initial): /home/sneha/contiki-2.7/tools/cooja/build:/home/sneha/contiki-2.7/tools/cooja/lib/jdom.jar:/home/sneha/contiki-2.7/tools/cooja/lib/log4j.jar:/home/sneha/contiki-2.7/tools/cooja/lib/jsyntaxpane.jar
Launcher Type: SUN_STANDARD

Environment Variables:
JAVA_HOME=/usr/lib/jvm/java-8-openjdk-amd64
PATH=/usr/local/sbin:/usr/local/bin:/usr/sbin:/usr/bin:/sbin:/bin:/snap/bin
USERNAME=root
LD_LIBRARY_PATH=.
SHELL=/bin/bash
DISPLAY=:0

Signal Handlers:
SIGSEGV: [libjvm.so+0xab92f0], sa_mask[0]=11111111011111111101111111111110, sa_flags=SA_RESTART|SA_SIGINFO
SIGBUS: [libjvm.so+0xab92f0], sa_mask[0]=11111111011111111101111111111110, sa_flags=SA_RESTART|SA_SIGINFO
SIGFPE: [libjvm.so+0x8ee560], sa_mask[0]=11111111011111111101111111111110, sa_flags=SA_RESTART|SA_SIGINFO
SIGPIPE: [libjvm.so+0x8ee560], sa_mask[0]=11111111011111111101111111111110, sa_flags=SA_RESTART|SA_SIGINFO
SIGXFSZ: [libjvm.so+0x8ee560], sa_mask[0]=11111111011111111101111111111110, sa_flags=SA_RESTART|SA_SIGINFO
SIGILL: [libjvm.so+0x8ee560], sa_mask[0]=11111111011111111101111111111110, sa_flags=SA_RESTART|SA_SIGINFO
SIGUSR1: SIG_DFL, sa_mask[0]=00000000000000000000000000000000, sa_flags=none
SIGUSR2: [libjvm.so+0x8ee410], sa_mask[0]=00100000000000000000000000000000, sa_flags=SA_RESTART|SA_SIGINFO
SIGHUP: [libjvm.so+0x8eea80], sa_mask[0]=11111111011111111101111111111110, sa_flags=SA_RESTART|SA_SIGINFO
SIGINT: [libjvm.so+0x8eea80], sa_mask[0]=11111111011111111101111111111110, sa_flags=SA_RESTART|SA_SIGINFO
SIGTERM: [libjvm.so+0x8eea80], sa_mask[0]=11111111011111111101111111111110, sa_flags=SA_RESTART|SA_SIGINFO
SIGQUIT: [libjvm.so+0x8eea80], sa_mask[0]=11111111011111111101111111111110, sa_flags=SA_RESTART|SA_SIGINFO


---------------  S Y S T E M  ---------------

OS:DISTRIB_ID=Ubuntu
DISTRIB_RELEASE=18.04
DISTRIB_CODENAME=bionic
DISTRIB_DESCRIPTION="Ubuntu 18.04.3 LTS"

uname:Linux 4.15.0-58-generic #64-Ubuntu SMP Tue Aug 6 11:12:41 UTC 2019 x86_64
libc:glibc 2.27 NPTL 2.27 
rlimit: STACK 8192k, CORE 0k, NPROC 30810, NOFILE 4096, AS infinity
load average:1.69 1.39 0.92

/proc/meminfo:
MemTotal:        8053432 kB
MemFree:          260292 kB
MemAvailable:    2193328 kB
Buffers:          471248 kB
Cached:          2402000 kB
SwapCached:            0 kB
Active:          5845596 kB
Inactive:        1414972 kB
Active(anon):    4402556 kB
Inactive(anon):   844716 kB
Active(file):    1443040 kB
Inactive(file):   570256 kB
Unevictable:          48 kB
Mlocked:              48 kB
SwapTotal:       2097148 kB
SwapFree:        2096624 kB
Dirty:              6400 kB
Writeback:             0 kB
AnonPages:       4386844 kB
Mapped:           796856 kB
Shmem:            859724 kB
Slab:             308088 kB
SReclaimable:     222140 kB
SUnreclaim:        85948 kB
KernelStack:       19056 kB
PageTables:       101180 kB
NFS_Unstable:          0 kB
Bounce:                0 kB
WritebackTmp:          0 kB
CommitLimit:     6123864 kB
Committed_AS:   15714856 kB
VmallocTotal:   34359738367 kB
VmallocUsed:           0 kB
VmallocChunk:          0 kB
HardwareCorrupted:     0 kB
AnonHugePages:         0 kB
ShmemHugePages:        0 kB
ShmemPmdMapped:        0 kB
CmaTotal:              0 kB
CmaFree:               0 kB
HugePages_Total:       0
HugePages_Free:        0
HugePages_Rsvd:        0
HugePages_Surp:        0
Hugepagesize:       2048 kB
DirectMap4k:      344700 kB
DirectMap2M:     7929856 kB
DirectMap1G:     1048576 kB

container (cgroup) information:
container_type: cgroupv1
cpu_cpuset_cpus: 0-7
cpu_memory_nodes: 0
active_processor_count: 8
cpu_quota: -1
cpu_period: 100000
cpu_shares: -1
memory_limit_in_bytes: -1
memory_and_swap_limit_in_bytes: -2
memory_soft_limit_in_bytes: -1
memory_usage_in_bytes: 7435403264
memory_max_usage_in_bytes: 0


CPU:total 8 (initial active 8) (4 cores per cpu, 2 threads per core) family 6 model 158 stepping 9, cmov, cx8, fxsr, mmx, sse, sse2, sse3, ssse3, sse4.1, sse4.2, popcnt, avx, avx2, aes, clmul, erms, rtm, 3dnowpref, lzcnt, ht, tsc, tscinvbit, bmi1, bmi2, adx

/proc/cpuinfo:
processor	: 0
vendor_id	: GenuineIntel
cpu family	: 6
model		: 158
model name	: Intel(R) Core(TM) i7-7700 CPU @ 3.60GHz
stepping	: 9
microcode	: 0xb4
cpu MHz		: 3877.602
cache size	: 8192 KB
physical id	: 0
siblings	: 8
core id		: 0
cpu cores	: 4
apicid		: 0
initial apicid	: 0
fpu		: yes
fpu_exception	: yes
cpuid level	: 22
wp		: yes
flags		: fpu vme de pse tsc msr pae mce cx8 apic sep mtrr pge mca cmov pat pse36 clflush dts acpi mmx fxsr sse sse2 ss ht tm pbe syscall nx pdpe1gb rdtscp lm constant_tsc art arch_perfmon pebs bts rep_good nopl xtopology nonstop_tsc cpuid aperfmperf tsc_known_freq pni pclmulqdq dtes64 monitor ds_cpl vmx smx est tm2 ssse3 sdbg fma cx16 xtpr pdcm pcid sse4_1 sse4_2 x2apic movbe popcnt tsc_deadline_timer aes xsave avx f16c rdrand lahf_lm abm 3dnowprefetch cpuid_fault epb invpcid_single pti ssbd ibrs ibpb stibp tpr_shadow vnmi flexpriority ept vpid fsgsbase tsc_adjust bmi1 hle avx2 smep bmi2 erms invpcid rtm mpx rdseed adx smap clflushopt intel_pt xsaveopt xsavec xgetbv1 xsaves dtherm ida arat pln pts hwp hwp_notify hwp_act_window hwp_epp md_clear flush_l1d
bugs		: cpu_meltdown spectre_v1 spectre_v2 spec_store_bypass l1tf mds swapgs
bogomips	: 7200.00
clflush size	: 64
cache_alignment	: 64
address sizes	: 39 bits physical, 48 bits virtual
power management:

processor	: 1
vendor_id	: GenuineIntel
cpu family	: 6
model		: 158
model name	: Intel(R) Core(TM) i7-7700 CPU @ 3.60GHz
stepping	: 9
microcode	: 0xb4
cpu MHz		: 3900.785
cache size	: 8192 KB
physical id	: 0
siblings	: 8
core id		: 1
cpu cores	: 4
apicid		: 2
initial apicid	: 2
fpu		: yes
fpu_exception	: yes
cpuid level	: 22
wp		: yes
flags		: fpu vme de pse tsc msr pae mce cx8 apic sep mtrr pge mca cmov pat pse36 clflush dts acpi mmx fxsr sse sse2 ss ht tm pbe syscall nx pdpe1gb rdtscp lm constant_tsc art arch_perfmon pebs bts rep_good nopl xtopology nonstop_tsc cpuid aperfmperf tsc_known_freq pni pclmulqdq dtes64 monitor ds_cpl vmx smx est tm2 ssse3 sdbg fma cx16 xtpr pdcm pcid sse4_1 sse4_2 x2apic movbe popcnt tsc_deadline_timer aes xsave avx f16c rdrand lahf_lm abm 3dnowprefetch cpuid_fault epb invpcid_single pti ssbd ibrs ibpb stibp tpr_shadow vnmi flexpriority ept vpid fsgsbase tsc_adjust bmi1 hle avx2 smep bmi2 erms invpcid rtm mpx rdseed adx smap clflushopt intel_pt xsaveopt xsavec xgetbv1 xsaves dtherm ida arat pln pts hwp hwp_notify hwp_act_window hwp_epp md_clear flush_l1d
bugs		: cpu_meltdown spectre_v1 spectre_v2 spec_store_bypass l1tf mds swapgs
bogomips	: 7200.00
clflush size	: 64
cache_alignment	: 64
address sizes	: 39 bits physical, 48 bits virtual
power management:

processor	: 2
vendor_id	: GenuineIntel
cpu family	: 6
model		: 158
model name	: Intel(R) Core(TM) i7-7700 CPU @ 3.60GHz
stepping	: 9
microcode	: 0xb4
cpu MHz		: 3845.982
cache size	: 8192 KB
physical id	: 0
siblings	: 8
core id		: 2
cpu cores	: 4
apicid		: 4
initial apicid	: 4
fpu		: yes
fpu_exception	: yes
cpuid level	: 22
wp		: yes
flags		: fpu vme de pse tsc msr pae mce cx8 apic sep mtrr pge mca cmov pat pse36 clflush dts acpi mmx fxsr sse sse2 ss ht tm pbe syscall nx pdpe1gb rdtscp lm constant_tsc art arch_perfmon pebs bts rep_good nopl xtopology nonstop_tsc cpuid aperfmperf tsc_known_freq pni pclmulqdq dtes64 monitor ds_cpl vmx smx est tm2 ssse3 sdbg fma cx16 xtpr pdcm pcid sse4_1 sse4_2 x2apic movbe popcnt tsc_deadline_timer aes xsave avx f16c rdrand lahf_lm abm 3dnowprefetch cpuid_fault epb invpcid_single pti ssbd ibrs ibpb stibp tpr_shadow vnmi flexpriority ept vpid fsgsbase tsc_adjust bmi1 hle avx2 smep bmi2 erms invpcid rtm mpx rdseed adx smap clflushopt intel_pt xsaveopt xsavec xgetbv1 xsaves dtherm ida arat pln pts hwp hwp_notify hwp_act_window hwp_epp md_clear flush_l1d
bugs		: cpu_meltdown spectre_v1 spectre_v2 spec_store_bypass l1tf mds swapgs
bogomips	: 7200.00
clflush size	: 64
cache_alignment	: 64
address sizes	: 39 bits physical, 48 bits virtual
power management:

processor	: 3
vendor_id	: GenuineIntel
cpu family	: 6
model		: 158
model name	: Intel(R) Core(TM) i7-7700 CPU @ 3.60GHz
stepping	: 9
microcode	: 0xb4
cpu MHz		: 3869.678
cache size	: 8192 KB
physical id	: 0
siblings	: 8
core id		: 3
cpu cores	: 4
apicid		: 6
initial apicid	: 6
fpu		: yes
fpu_exception	: yes
cpuid level	: 22
wp		: yes
flags		: fpu vme de pse tsc msr pae mce cx8 apic sep mtrr pge mca cmov pat pse36 clflush dts acpi mmx fxsr sse sse2 ss ht tm pbe syscall nx pdpe1gb rdtscp lm constant_tsc art arch_perfmon pebs bts rep_good nopl xtopology nonstop_tsc cpuid aperfmperf tsc_known_freq pni pclmulqdq dtes64 monitor ds_cpl vmx smx est tm2 ssse3 sdbg fma cx16 xtpr pdcm pcid sse4_1 sse4_2 x2apic movbe popcnt tsc_deadline_timer aes xsave avx f16c rdrand lahf_lm abm 3dnowprefetch cpuid_fault epb invpcid_single pti ssbd ibrs ibpb stibp tpr_shadow vnmi flexpriority ept vpid fsgsbase tsc_adjust bmi1 hle avx2 smep bmi2 erms invpcid rtm mpx rdseed adx smap clflushopt intel_pt xsaveopt xsavec xgetbv1 xsaves dtherm ida arat pln pts hwp hwp_notify hwp_act_window hwp_epp md_clear flush_l1d
bugs		: cpu_meltdown spectre_v1 spectre_v2 spec_store_bypass l1tf mds swapgs
bogomips	: 7200.00
clflush size	: 64
cache_alignment	: 64
address sizes	: 39 bits physical, 48 bits virtual
power management:

processor	: 4
vendor_id	: GenuineIntel
cpu family	: 6
model		: 158
model name	: Intel(R) Core(TM) i7-7700 CPU @ 3.60GHz
stepping	: 9
microcode	: 0xb4
cpu MHz		: 4001.628
cache size	: 8192 KB
physical id	: 0
siblings	: 8
core id		: 0
cpu cores	: 4
apicid		: 1
initial apicid	: 1
fpu		: yes
fpu_exception	: yes
cpuid level	: 22
wp		: yes
flags		: fpu vme de pse tsc msr pae mce cx8 apic sep mtrr pge mca cmov pat pse36 clflush dts acpi mmx fxsr sse sse2 ss ht tm pbe syscall nx pdpe1gb rdtscp lm constant_tsc art arch_perfmon pebs bts rep_good nopl xtopology nonstop_tsc cpuid aperfmperf tsc_known_freq pni pclmulqdq dtes64 monitor ds_cpl vmx smx est tm2 ssse3 sdbg fma cx16 xtpr pdcm pcid sse4_1 sse4_2 x2apic movbe popcnt tsc_deadline_timer aes xsave avx f16c rdrand lahf_lm abm 3dnowprefetch cpuid_fault epb invpcid_single pti ssbd ibrs ibpb stibp tpr_shadow vnmi flexpriority ept vpid fsgsbase tsc_adjust bmi1 hle avx2 smep bmi2 erms invpcid rtm mpx rdseed adx smap clflushopt intel_pt xsaveopt xsavec xgetbv1 xsaves dtherm ida arat pln pts hwp hwp_notify hwp_act_window hwp_epp md_clear flush_l1d
bugs		: cpu_meltdown spectre_v1 spectre_v2 spec_store_bypass l1tf mds swapgs
bogomips	: 7200.00
clflush size	: 64
cache_alignment	: 64
address sizes	: 39 bits physical, 48 bits virtual
power management:

processor	: 5
vendor_id	: GenuineIntel
cpu family	: 6
model		: 158
model name	: Intel(R) Core(TM) i7-7700 CPU @ 3.60GHz
stepping	: 9
microcode	: 0xb4
cpu MHz		: 3954.727
cache size	: 8192 KB
physical id	: 0
siblings	: 8
core id		: 1
cpu cores	: 4
apicid		: 3
initial apicid	: 3
fpu		: yes
fpu_exception	: yes
cpuid level	: 22
wp		: yes
flags		: fpu vme de pse tsc msr pae mce cx8 apic sep mtrr pge mca cmov pat pse36 clflush dts acpi mmx fxsr sse sse2 ss ht tm pbe syscall nx pdpe1gb rdtscp lm constant_tsc art arch_perfmon pebs bts rep_good nopl xtopology nonstop_tsc cpuid aperfmperf tsc_known_freq pni pclmulqdq dtes64 monitor ds_cpl vmx smx est tm2 ssse3 sdbg fma cx16 xtpr pdcm pcid sse4_1 sse4_2 x2apic movbe popcnt tsc_deadline_timer aes xsave avx f16c rdrand lahf_lm abm 3dnowprefetch cpuid_fault epb invpcid_single pti ssbd ibrs ibpb stibp tpr_shadow vnmi flexpriority ept vpid fsgsbase tsc_adjust bmi1 hle avx2 smep bmi2 erms invpcid rtm mpx rdseed adx smap clflushopt intel_pt xsaveopt xsavec xgetbv1 xsaves dtherm ida arat pln pts hwp hwp_notify hwp_act_window hwp_epp md_clear flush_l1d
bugs		: cpu_meltdown spectre_v1 spectre_v2 spec_store_bypass l1tf mds swapgs
bogomips	: 7200.00
clflush size	: 64
cache_alignment	: 64
address sizes	: 39 bits physical, 48 bits virtual
power management:

processor	: 6
vendor_id	: GenuineIntel
cpu family	: 6
model		: 158
model name	: Intel(R) Core(TM) i7-7700 CPU @ 3.60GHz
stepping	: 9
microcode	: 0xb4
cpu MHz		: 3882.153
cache size	: 8192 KB
physical id	: 0
siblings	: 8
core id		: 2
cpu cores	: 4
apicid		: 5
initial apicid	: 5
fpu		: yes
fpu_exception	: yes
cpuid level	: 22
wp		: yes
flags		: fpu vme de pse tsc msr pae mce cx8 apic sep mtrr pge mca cmov pat pse36 clflush dts acpi mmx fxsr sse sse2 ss ht tm pbe syscall nx pdpe1gb rdtscp lm constant_tsc art arch_perfmon pebs bts rep_good nopl xtopology nonstop_tsc cpuid aperfmperf tsc_known_freq pni pclmulqdq dtes64 monitor ds_cpl vmx smx est tm2 ssse3 sdbg fma cx16 xtpr pdcm pcid sse4_1 sse4_2 x2apic movbe popcnt tsc_deadline_timer aes xsave avx f16c rdrand lahf_lm abm 3dnowprefetch cpuid_fault epb invpcid_single pti ssbd ibrs ibpb stibp tpr_shadow vnmi flexpriority ept vpid fsgsbase tsc_adjust bmi1 hle avx2 smep bmi2 erms invpcid rtm mpx rdseed adx smap clflushopt intel_pt xsaveopt xsavec xgetbv1 xsaves dtherm ida arat pln pts hwp hwp_notify hwp_act_window hwp_epp md_clear flush_l1d
bugs		: cpu_meltdown spectre_v1 spectre_v2 spec_store_bypass l1tf mds swapgs
bogomips	: 7200.00
clflush size	: 64
cache_alignment	: 64
address sizes	: 39 bits physical, 48 bits virtual
power management:

processor	: 7
vendor_id	: GenuineIntel
cpu family	: 6
model		: 158
model name	: Intel(R) Core(TM) i7-7700 CPU @ 3.60GHz
stepping	: 9
microcode	: 0xb4
cpu MHz		: 3923.707
cache size	: 8192 KB
physical id	: 0
siblings	: 8
core id		: 3
cpu cores	: 4
apicid		: 7
initial apicid	: 7
fpu		: yes
fpu_exception	: yes
cpuid level	: 22
wp		: yes
flags		: fpu vme de pse tsc msr pae mce cx8 apic sep mtrr pge mca cmov pat pse36 clflush dts acpi mmx fxsr sse sse2 ss ht tm pbe syscall nx pdpe1gb rdtscp lm constant_tsc art arch_perfmon pebs bts rep_good nopl xtopology nonstop_tsc cpuid aperfmperf tsc_known_freq pni pclmulqdq dtes64 monitor ds_cpl vmx smx est tm2 ssse3 sdbg fma cx16 xtpr pdcm pcid sse4_1 sse4_2 x2apic movbe popcnt tsc_deadline_timer aes xsave avx f16c rdrand lahf_lm abm 3dnowprefetch cpuid_fault epb invpcid_single pti ssbd ibrs ibpb stibp tpr_shadow vnmi flexpriority ept vpid fsgsbase tsc_adjust bmi1 hle avx2 smep bmi2 erms invpcid rtm mpx rdseed adx smap clflushopt intel_pt xsaveopt xsavec xgetbv1 xsaves dtherm ida arat pln pts hwp hwp_notify hwp_act_window hwp_epp md_clear flush_l1d
bugs		: cpu_meltdown spectre_v1 spectre_v2 spec_store_bypass l1tf mds swapgs
bogomips	: 7200.00
clflush size	: 64
cache_alignment	: 64
address sizes	: 39 bits physical, 48 bits virtual
power management:



Memory: 4k page, physical 8053432k(258076k free), swap 2097148k(2096624k free)

vm_info: OpenJDK 64-Bit Server VM (25.222-b10) for linux-amd64 JRE (1.8.0_222-8u222-b10-1ubuntu1~18.04.1-b10), built on Jul 18 2019 18:52:48 by "buildd" with gcc 7.4.0

time: Mon Sep  9 16:42:59 2019
timezone: IST
elapsed time: 16 seconds (0d 0h 0m 16s)

