#
# A fatal error has been detected by the Java Runtime Environment:
#
#  SIGSEGV (0xb) at pc=0x0000000000000000, pid=5927, tid=0x00007f0c3a7a3700
#
# JRE version: OpenJDK Runtime Environment (8.0_222-b10) (build 1.8.0_222-8u222-b10-1ubuntu1~18.04.1-b10)
# Java VM: OpenJDK 64-Bit Server VM (25.222-b10 interpreted mode linux-amd64 compressed oops)
# Problematic frame:
# C  0x0000000000000000
#
# Core dump written. Default location: /home/sneha/contiki-2.7/tools/cooja/build/core or core.5927
#
# If you would like to submit a bug report, please visit:
#   http://bugreport.java.com/bugreport/crash.jsp
# The crash happened outside the Java Virtual Machine in native code.
# See problematic frame for where to report the bug.
#

---------------  T H R E A D  ---------------

Current thread (0x00007f0bec34d800):  JavaThread "Thread-7" [_thread_in_native, id=6097, stack(0x00007f0c3a6a3000,0x00007f0c3a7a4000)]

siginfo: si_signo: 11 (SIGSEGV), si_code: 1 (SEGV_MAPERR), si_addr: 0x0000000000000000

Registers:
RAX=0x0000000000000000, RBX=0x00007f0c3a069aa0, RCX=0x00007f0c3a06d11a, RDX=0x00007f0c3a069b18
RSP=0x00007f0c3a068790, RBP=0x00007f0c3a0687c8, RSI=0x00007f0c3a069b18, RDI=0x0000000000000002
R8 =0x0000000000000080, R9 =0x00007f0c3a06b468, R10=0x0000000000000003, R11=0x00007f0c39e4e7b4
R12=0x0000000000000000, R13=0x00007f0c3a8d2330, R14=0x00007f0c3a7a27f8, R15=0x00007f0bec34d800
RIP=0x0000000000000000, EFLAGS=0x0000000000010202, CSGSFS=0x002b000000000033, ERR=0x0000000000000014
  TRAPNO=0x000000000000000e

Top of Stack: (sp=0x00007f0c3a068790)
0x00007f0c3a068790:   00007f0c39e4bc17 0000008000000080
0x00007f0c3a0687a0:   000000023a06b468 00000000000080fe
0x00007f0c3a0687b0:   0200020002000202 0000000300000040
0x00007f0c3a0687c0:   00007f0c3a069aa0 00007f0c3a0687f8
0x00007f0c3a0687d0:   00007f0c39e4c18b 00007f0c3a0687f8
0x00007f0c3a0687e0:   00007f0c3a069820 00007f0c3a06cc80
0x00007f0c3a0687f0:   0000000000000000 00007f0c3a068858
0x00007f0c3a068800:   00007f0c39e48bb5 00007f0c3a0688f8
0x00007f0c3a068810:   00007f0c3a0688e8 00007f0c3a068848
0x00007f0c3a068820:   00007f0c3a069820 00007f0c3a068ee0
0x00007f0c3a068830:   00007f0c3a0649a0 000000000000aaaa
0x00007f0c3a068840:   0200020002000202 00007f0c3a0688a8
0x00007f0c3a068850:   6ff2928014da8000 00007f0c3a0688a8
0x00007f0c3a068860:   00007f0c39e490aa 00007f0c3a0688f8
0x00007f0c3a068870:   00007f0c3a0688e8 00007f0c3a0688a8
0x00007f0c3a068880:   00007f0c39e4e962 00007f0c3a0699b8
0x00007f0c3a068890:   00007f0c3a068958 0000000000000000
0x00007f0c3a0688a0:   00007f0bec38abd0 00007f0c3a068978
0x00007f0c3a0688b0:   00007f0c39e4a09b 0000000000000000
0x00007f0c3a0688c0:   0000007c087c0000 0000005e00000020
0x00007f0c3a0688d0:   00007f0c3a06d448 00007f0c3a06cccc
0x00007f0c3a0688e0:   00007f0c3a0699b8 00000000000080fe
0x00007f0c3a0688f0:   0100010001000102 000000000000aaaa
0x00007f0c3a068900:   0100000000000000 0000020001000063
0x00007f0c3a068910:   ffffff0a0c080200 00007f0c01000300
0x00007f0c3a068920:   0000ffff39e50080 0000000000000000
0x00007f0c3a068930:   0000aaaa3a06b470 0000000000000000
0x00007f0c3a068940:   0000000000000000 00007f0c3a064040
0x00007f0c3a068950:   00007f0c3a068958 00007f0c3a069940
0x00007f0c3a068960:   000007b6000008e6 00000fff00001001
0x00007f0c3a068970:   6ff2928014da8000 00007f0c3a068988
0x00007f0c3a068980:   00007f0c39e4b08b 00007f0c3a0689c8 

Instructions: (pc=0x0000000000000000)
0xffffffffffffffe0:   

Register to memory mapping:

RAX=0x0000000000000000 is an unknown value
RBX=0x00007f0c3a069aa0: <offset 0x22daa0> in /home/sneha/contiki-2.7/examples/ipv6/rpl-fuzzy/obj_cooja/mtype357.cooja at 0x00007f0c39e3c000
RCX=0x00007f0c3a06d11a: uip_ds6_if+0x5a in /home/sneha/contiki-2.7/examples/ipv6/rpl-fuzzy/obj_cooja/mtype357.cooja at 0x00007f0c39e3c000
RDX=0x00007f0c3a069b18: <offset 0x22db18> in /home/sneha/contiki-2.7/examples/ipv6/rpl-fuzzy/obj_cooja/mtype357.cooja at 0x00007f0c39e3c000
RSP=0x00007f0c3a068790: <offset 0x22c790> in /home/sneha/contiki-2.7/examples/ipv6/rpl-fuzzy/obj_cooja/mtype357.cooja at 0x00007f0c39e3c000
RBP=0x00007f0c3a0687c8: <offset 0x22c7c8> in /home/sneha/contiki-2.7/examples/ipv6/rpl-fuzzy/obj_cooja/mtype357.cooja at 0x00007f0c39e3c000
RSI=0x00007f0c3a069b18: <offset 0x22db18> in /home/sneha/contiki-2.7/examples/ipv6/rpl-fuzzy/obj_cooja/mtype357.cooja at 0x00007f0c39e3c000
RDI=0x0000000000000002 is an unknown value
R8 =0x0000000000000080 is an unknown value
R9 =0x00007f0c3a06b468: <offset 0x22f468> in /home/sneha/contiki-2.7/examples/ipv6/rpl-fuzzy/obj_cooja/mtype357.cooja at 0x00007f0c39e3c000
R10=0x0000000000000003 is an unknown value
R11=0x00007f0c39e4e7b4: memb_free+0 in /home/sneha/contiki-2.7/examples/ipv6/rpl-fuzzy/obj_cooja/mtype357.cooja at 0x00007f0c39e3c000
R12=0x0000000000000000 is an unknown value
R13={method} {0x00007f0c3a8d2330} 'tick' '()V' in 'se/sics/cooja/corecomm/Lib2'
R14=0x00007f0c3a7a27f8 is pointing into the stack for thread: 0x00007f0bec34d800
R15=0x00007f0bec34d800 is a thread


Stack: [0x00007f0c3a6a3000,0x00007f0c3a7a4000],  sp=0x00007f0c3a068790,  free space=18014398509475605k
Java frames: (J=compiled Java code, j=interpreted, Vv=VM code)
j  se.sics.cooja.corecomm.Lib2.tick()V+0
j  se.sics.cooja.contikimote.ContikiMoteType.tick()V+4
j  se.sics.cooja.contikimote.ContikiMote.execute(J)V+63
j  se.sics.cooja.motes.AbstractWakeupMote$1.execute(J)V+5
j  se.sics.cooja.Simulation.run()V+184
j  java.lang.Thread.run()V+11
v  ~StubRoutines::call_stub

---------------  P R O C E S S  ---------------

Java Threads: ( => current thread )
=>0x00007f0bec34d800 JavaThread "Thread-7" [_thread_in_native, id=6097, stack(0x00007f0c3a6a3000,0x00007f0c3a7a4000)]
  0x00007f0bec376000 JavaThread "Thread-6" [_thread_blocked, id=6074, stack(0x00007f0c3a16f000,0x00007f0c3a270000)]
  0x00007f0bec375800 JavaThread "Thread-5" [_thread_blocked, id=6073, stack(0x00007f0c3a06e000,0x00007f0c3a16f000)]
  0x00007f0bec338800 JavaThread "Thread-3" [_thread_blocked, id=6006, stack(0x00007f0c3a5a2000,0x00007f0c3a6a3000)]
  0x00007f0bec33a800 JavaThread "Thread-2" [_thread_blocked, id=6005, stack(0x00007f0c3a4a1000,0x00007f0c3a5a2000)]
  0x00007f0bf0003800 JavaThread "Thread-0" daemon [_thread_in_native, id=5954, stack(0x00007f0c3b0e0000,0x00007f0c3b8e0000)]
  0x00007f0bec095800 JavaThread "TimerQueue" daemon [_thread_blocked, id=5955, stack(0x00007f0c3adde000,0x00007f0c3aedf000)]
  0x00007f0c6000b800 JavaThread "DestroyJavaVM" [_thread_blocked, id=5932, stack(0x00007f0c6892a000,0x00007f0c68a2a000)]
  0x00007f0c60482000 JavaThread "AWT-EventQueue-1" [_thread_in_Java, id=5953, stack(0x00007f0c3b8e0000,0x00007f0c3b9e1000)]
  0x00007f0c60481000 JavaThread "AWT-Shutdown" [_thread_blocked, id=5952, stack(0x00007f0c40037000,0x00007f0c40138000)]
  0x00007f0c603f8000 JavaThread "process reaper" daemon [_thread_blocked, id=5951, stack(0x00007f0c48085000,0x00007f0c480be000)]
  0x00007f0c603d1000 JavaThread "AWT-XAWT" daemon [_thread_in_native, id=5949, stack(0x00007f0c42459000,0x00007f0c4255a000)]
  0x00007f0c603b2000 JavaThread "Java2D Disposer" daemon [_thread_blocked, id=5948, stack(0x00007f0c4296a000,0x00007f0c42a6b000)]
  0x00007f0c600c1800 JavaThread "Service Thread" daemon [_thread_blocked, id=5946, stack(0x00007f0c48eaf000,0x00007f0c48fb0000)]
  0x00007f0c600bf800 JavaThread "Signal Dispatcher" daemon [_thread_blocked, id=5945, stack(0x00007f0c48fb0000,0x00007f0c490b1000)]
  0x00007f0c6008d800 JavaThread "Finalizer" daemon [_thread_blocked, id=5944, stack(0x00007f0c49a80000,0x00007f0c49b81000)]
  0x00007f0c6008b000 JavaThread "Reference Handler" daemon [_thread_blocked, id=5943, stack(0x00007f0c49b81000,0x00007f0c49c82000)]

Other Threads:
  0x00007f0c60081800 VMThread [stack: 0x00007f0c49c83000,0x00007f0c49d83000] [id=5942]
  0x00007f0c600c4800 WatcherThread [stack: 0x00007f0c48daf000,0x00007f0c48eaf000] [id=5947]

VM state:not at safepoint (normal execution)

VM Mutex/Monitor currently owned by a thread: None

heap address: 0x00000000e0000000, size: 512 MB, Compressed Oops mode: 32-bit
Narrow klass base: 0x0000000000000000, Narrow klass shift: 3
Compressed class space size: 1073741824 Address: 0x0000000100000000

Heap:
 PSYoungGen      total 68096K, used 31677K [0x00000000f5580000, 0x00000000fdd00000, 0x0000000100000000)
  eden space 62976K, 46% used [0x00000000f5580000,0x00000000f723cde0,0x00000000f9300000)
  from space 5120K, 43% used [0x00000000f9300000,0x00000000f9532880,0x00000000f9800000)
  to   space 7168K, 0% used [0x00000000fd600000,0x00000000fd600000,0x00000000fdd00000)
 ParOldGen       total 37888K, used 4857K [0x00000000e0000000, 0x00000000e2500000, 0x00000000f5580000)
  object space 37888K, 12% used [0x00000000e0000000,0x00000000e04be6f0,0x00000000e2500000)
 Metaspace       used 22704K, capacity 23090K, committed 23472K, reserved 1069056K
  class space    used 3286K, capacity 3405K, committed 3504K, reserved 1048576K

Card table byte_map: [0x00007f0c64dc4000,0x00007f0c64ec5000] byte_map_base: 0x00007f0c646c4000

Marking Bits: (ParMarkBitMap*) 0x00007f0c67bc4360
 Begin Bits: [0x00007f0c50000000, 0x00007f0c50800000)
 End Bits:   [0x00007f0c50800000, 0x00007f0c51000000)

Polling page: 0x00007f0c68a45000

CodeCache: size=245760Kb used=704Kb max_used=704Kb free=245055Kb
 bounds [0x00007f0c51000000, 0x00007f0c51270000, 0x00007f0c60000000]
 total_blobs=613 nmethods=0 adapters=580
 compilation: disabled (interpreter mode)

Compilation events (0 events):
No events

GC Heap History (10 events):
Event: 4.386 GC heap before
{Heap before GC invocations=2 (full 0):
 PSYoungGen      total 36864K, used 6914K [0x00000000f5580000, 0x00000000f7e80000, 0x0000000100000000)
  eden space 31744K, 5% used [0x00000000f5580000,0x00000000f57411c0,0x00000000f7480000)
  from space 5120K, 99% used [0x00000000f7480000,0x00000000f797f6e8,0x00000000f7980000)
  to   space 5120K, 0% used [0x00000000f7980000,0x00000000f7980000,0x00000000f7e80000)
 ParOldGen       total 84992K, used 594K [0x00000000e0000000, 0x00000000e5300000, 0x00000000f5580000)
  object space 84992K, 0% used [0x00000000e0000000,0x00000000e0094b20,0x00000000e5300000)
 Metaspace       used 20829K, capacity 21114K, committed 21296K, reserved 1067008K
  class space    used 2993K, capacity 3113K, committed 3120K, reserved 1048576K
Event: 4.390 GC heap after
Heap after GC invocations=2 (full 0):
 PSYoungGen      total 36864K, used 5005K [0x00000000f5580000, 0x00000000f9d80000, 0x0000000100000000)
  eden space 31744K, 0% used [0x00000000f5580000,0x00000000f5580000,0x00000000f7480000)
  from space 5120K, 97% used [0x00000000f7980000,0x00000000f7e636d8,0x00000000f7e80000)
  to   space 5120K, 0% used [0x00000000f7480000,0x00000000f7480000,0x00000000f7980000)
 ParOldGen       total 84992K, used 594K [0x00000000e0000000, 0x00000000e5300000, 0x00000000f5580000)
  object space 84992K, 0% used [0x00000000e0000000,0x00000000e0094b20,0x00000000e5300000)
 Metaspace       used 20829K, capacity 21114K, committed 21296K, reserved 1067008K
  class space    used 2993K, capacity 3113K, committed 3120K, reserved 1048576K
}
Event: 4.390 GC heap before
{Heap before GC invocations=3 (full 1):
 PSYoungGen      total 36864K, used 5005K [0x00000000f5580000, 0x00000000f9d80000, 0x0000000100000000)
  eden space 31744K, 0% used [0x00000000f5580000,0x00000000f5580000,0x00000000f7480000)
  from space 5120K, 97% used [0x00000000f7980000,0x00000000f7e636d8,0x00000000f7e80000)
  to   space 5120K, 0% used [0x00000000f7480000,0x00000000f7480000,0x00000000f7980000)
 ParOldGen       total 84992K, used 594K [0x00000000e0000000, 0x00000000e5300000, 0x00000000f5580000)
  object space 84992K, 0% used [0x00000000e0000000,0x00000000e0094b20,0x00000000e5300000)
 Metaspace       used 20829K, capacity 21114K, committed 21296K, reserved 1067008K
  class space    used 2993K, capacity 3113K, committed 3120K, reserved 1048576K
Event: 4.405 GC heap after
Heap after GC invocations=3 (full 1):
 PSYoungGen      total 36864K, used 0K [0x00000000f5580000, 0x00000000f9d80000, 0x0000000100000000)
  eden space 31744K, 0% used [0x00000000f5580000,0x00000000f5580000,0x00000000f7480000)
  from space 5120K, 0% used [0x00000000f7980000,0x00000000f7980000,0x00000000f7e80000)
  to   space 5120K, 0% used [0x00000000f7480000,0x00000000f7480000,0x00000000f7980000)
 ParOldGen       total 37888K, used 4857K [0x00000000e0000000, 0x00000000e2500000, 0x00000000f5580000)
  object space 37888K, 12% used [0x00000000e0000000,0x00000000e04be6f0,0x00000000e2500000)
 Metaspace       used 20829K, capacity 21114K, committed 21296K, reserved 1067008K
  class space    used 2993K, capacity 3113K, committed 3120K, reserved 1048576K
}
Event: 16.900 GC heap before
{Heap before GC invocations=4 (full 1):
 PSYoungGen      total 36864K, used 31744K [0x00000000f5580000, 0x00000000f9d80000, 0x0000000100000000)
  eden space 31744K, 100% used [0x00000000f5580000,0x00000000f7480000,0x00000000f7480000)
  from space 5120K, 0% used [0x00000000f7980000,0x00000000f7980000,0x00000000f7e80000)
  to   space 5120K, 0% used [0x00000000f7480000,0x00000000f7480000,0x00000000f7980000)
 ParOldGen       total 37888K, used 4857K [0x00000000e0000000, 0x00000000e2500000, 0x00000000f5580000)
  object space 37888K, 12% used [0x00000000e0000000,0x00000000e04be6f0,0x00000000e2500000)
 Metaspace       used 22224K, capacity 22566K, committed 22832K, reserved 1069056K
  class space    used 3214K, capacity 3339K, committed 3376K, reserved 1048576K
Event: 16.902 GC heap after
Heap after GC invocations=4 (full 1):
 PSYoungGen      total 36864K, used 1152K [0x00000000f5580000, 0x00000000f9d00000, 0x0000000100000000)
  eden space 31744K, 0% used [0x00000000f5580000,0x00000000f5580000,0x00000000f7480000)
  from space 5120K, 22% used [0x00000000f7480000,0x00000000f75a0000,0x00000000f7980000)
  to   space 5120K, 0% used [0x00000000f9800000,0x00000000f9800000,0x00000000f9d00000)
 ParOldGen       total 37888K, used 4857K [0x00000000e0000000, 0x00000000e2500000, 0x00000000f5580000)
  object space 37888K, 12% used [0x00000000e0000000,0x00000000e04be6f0,0x00000000e2500000)
 Metaspace       used 22224K, capacity 22566K, committed 22832K, reserved 1069056K
  class space    used 3214K, capacity 3339K, committed 3376K, reserved 1048576K
}
Event: 22.286 GC heap before
{Heap before GC invocations=5 (full 1):
 PSYoungGen      total 36864K, used 32896K [0x00000000f5580000, 0x00000000f9d00000, 0x0000000100000000)
  eden space 31744K, 100% used [0x00000000f5580000,0x00000000f7480000,0x00000000f7480000)
  from space 5120K, 22% used [0x00000000f7480000,0x00000000f75a0000,0x00000000f7980000)
  to   space 5120K, 0% used [0x00000000f9800000,0x00000000f9800000,0x00000000f9d00000)
 ParOldGen       total 37888K, used 4857K [0x00000000e0000000, 0x00000000e2500000, 0x00000000f5580000)
  object space 37888K, 12% used [0x00000000e0000000,0x00000000e04be6f0,0x00000000e2500000)
 Metaspace       used 22238K, capacity 22566K, committed 22832K, reserved 1069056K
  class space    used 3216K, capacity 3339K, committed 3376K, reserved 1048576K
Event: 22.288 GC heap after
Heap after GC invocations=5 (full 1):
 PSYoungGen      total 68096K, used 1456K [0x00000000f5580000, 0x00000000f9d00000, 0x0000000100000000)
  eden space 62976K, 0% used [0x00000000f5580000,0x00000000f5580000,0x00000000f9300000)
  from space 5120K, 28% used [0x00000000f9800000,0x00000000f996c270,0x00000000f9d00000)
  to   space 5120K, 0% used [0x00000000f9300000,0x00000000f9300000,0x00000000f9800000)
 ParOldGen       total 37888K, used 4857K [0x00000000e0000000, 0x00000000e2500000, 0x00000000f5580000)
  object space 37888K, 12% used [0x00000000e0000000,0x00000000e04be6f0,0x00000000e2500000)
 Metaspace       used 22238K, capacity 22566K, committed 22832K, reserved 1069056K
  class space    used 3216K, capacity 3339K, committed 3376K, reserved 1048576K
}
Event: 46.390 GC heap before
{Heap before GC invocations=6 (full 1):
 PSYoungGen      total 68096K, used 64432K [0x00000000f5580000, 0x00000000f9d00000, 0x0000000100000000)
  eden space 62976K, 100% used [0x00000000f5580000,0x00000000f9300000,0x00000000f9300000)
  from space 5120K, 28% used [0x00000000f9800000,0x00000000f996c270,0x00000000f9d00000)
  to   space 5120K, 0% used [0x00000000f9300000,0x00000000f9300000,0x00000000f9800000)
 ParOldGen       total 37888K, used 4857K [0x00000000e0000000, 0x00000000e2500000, 0x00000000f5580000)
  object space 37888K, 12% used [0x00000000e0000000,0x00000000e04be6f0,0x00000000e2500000)
 Metaspace       used 22533K, capacity 22898K, committed 23216K, reserved 1069056K
  class space    used 3257K, capacity 3405K, committed 3504K, reserved 1048576K
Event: 46.392 GC heap after
Heap after GC invocations=6 (full 1):
 PSYoungGen      total 68096K, used 2250K [0x00000000f5580000, 0x00000000fdd00000, 0x0000000100000000)
  eden space 62976K, 0% used [0x00000000f5580000,0x00000000f5580000,0x00000000f9300000)
  from space 5120K, 43% used [0x00000000f9300000,0x00000000f9532880,0x00000000f9800000)
  to   space 7168K, 0% used [0x00000000fd600000,0x00000000fd600000,0x00000000fdd00000)
 ParOldGen       total 37888K, used 4857K [0x00000000e0000000, 0x00000000e2500000, 0x00000000f5580000)
  object space 37888K, 12% used [0x00000000e0000000,0x00000000e04be6f0,0x00000000e2500000)
 Metaspace       used 22533K, capacity 22898K, committed 23216K, reserved 1069056K
  class space    used 3257K, capacity 3405K, committed 3504K, reserved 1048576K
}

Deoptimization events (0 events):
No events

Classes redefined (0 events):
No events

Internal exceptions (10 events):
Event: 3.066 Thread 0x00007f0c60482000 Exception <a 'java/lang/UnsupportedOperationException': > (0x00000000f6d6a428) thrown at [/build/openjdk-8-OqY7zN/openjdk-8-8u222-b10/src/hotspot/src/share/vm/prims/jni.cpp, line 737]
Event: 4.385 Thread 0x00007f0c600c1800 Exception <a 'java/lang/ArrayIndexOutOfBoundsException': 71> (0x00000000f5607970) thrown at [/build/openjdk-8-OqY7zN/openjdk-8-8u222-b10/src/hotspot/src/share/vm/interpreter/interpreterRuntime.cpp, line 368]
Event: 4.385 Thread 0x00007f0c600c1800 Exception <a 'java/lang/ArrayIndexOutOfBoundsException': 60> (0x00000000f5608a30) thrown at [/build/openjdk-8-OqY7zN/openjdk-8-8u222-b10/src/hotspot/src/share/vm/interpreter/interpreterRuntime.cpp, line 368]
Event: 4.405 Thread 0x00007f0c600c1800 Exception <a 'java/lang/ArrayIndexOutOfBoundsException': 22> (0x00000000f5604938) thrown at [/build/openjdk-8-OqY7zN/openjdk-8-8u222-b10/src/hotspot/src/share/vm/interpreter/interpreterRuntime.cpp, line 368]
Event: 12.413 Thread 0x00007f0c60482000 Exception <a 'java/lang/UnsupportedOperationException': > (0x00000000f6e40fd8) thrown at [/build/openjdk-8-OqY7zN/openjdk-8-8u222-b10/src/hotspot/src/share/vm/prims/jni.cpp, line 737]
Event: 13.711 Thread 0x00007f0c60482000 Exception <a 'java/lang/UnsupportedOperationException': > (0x00000000f716c620) thrown at [/build/openjdk-8-OqY7zN/openjdk-8-8u222-b10/src/hotspot/src/share/vm/prims/jni.cpp, line 737]
Event: 22.401 Thread 0x00007f0c60482000 Exception <a 'java/lang/UnsupportedOperationException': > (0x00000000f588b030) thrown at [/build/openjdk-8-OqY7zN/openjdk-8-8u222-b10/src/hotspot/src/share/vm/prims/jni.cpp, line 737]
Event: 30.283 Thread 0x00007f0c60482000 Exception <a 'java/lang/UnsupportedOperationException': > (0x00000000f70d31b8) thrown at [/build/openjdk-8-OqY7zN/openjdk-8-8u222-b10/src/hotspot/src/share/vm/prims/jni.cpp, line 737]
Event: 38.996 Thread 0x00007f0c60482000 Exception <a 'java/lang/UnsupportedOperationException': > (0x00000000f73f8828) thrown at [/build/openjdk-8-OqY7zN/openjdk-8-8u222-b10/src/hotspot/src/share/vm/prims/jni.cpp, line 737]
Event: 46.637 Thread 0x00007f0c60482000 Exception <a 'java/lang/UnsupportedOperationException': > (0x00000000f5a9d188) thrown at [/build/openjdk-8-OqY7zN/openjdk-8-8u222-b10/src/hotspot/src/share/vm/prims/jni.cpp, line 737]

Events (10 events):
Event: 54.261 Executing VM operation: BulkRevokeBias
Event: 54.261 Executing VM operation: BulkRevokeBias done
Event: 54.264 loading class se/sics/cooja/COOJARadioPacket
Event: 54.264 loading class se/sics/cooja/COOJARadioPacket done
Event: 54.264 loading class se/sics/cooja/radiomediums/DirectedGraphMedium$Edge
Event: 54.264 loading class se/sics/cooja/radiomediums/DirectedGraphMedium$Edge done
Event: 54.265 loading class se/sics/cooja/interfaces/CustomDataRadio
Event: 54.265 loading class se/sics/cooja/interfaces/CustomDataRadio done
Event: 54.265 loading class se/sics/cooja/plugins/skins/TrafficVisualizerSkin$RadioConnectionArrow
Event: 54.265 loading class se/sics/cooja/plugins/skins/TrafficVisualizerSkin$RadioConnectionArrow done


Dynamic libraries:
e0000000-e2500000 rw-p 00000000 00:00 0 
e2500000-f5580000 ---p 00000000 00:00 0 
f5580000-fdd00000 rw-p 00000000 00:00 0 
fdd00000-100000000 ---p 00000000 00:00 0 
100000000-10036c000 rw-p 00000000 00:00 0 
10036c000-140000000 ---p 00000000 00:00 0 
558cf8856000-558cf8857000 r-xp 00000000 08:06 10619772                   /usr/lib/jvm/java-8-openjdk-amd64/jre/bin/java
558cf8a56000-558cf8a57000 r--p 00000000 08:06 10619772                   /usr/lib/jvm/java-8-openjdk-amd64/jre/bin/java
558cf8a57000-558cf8a58000 rw-p 00001000 08:06 10619772                   /usr/lib/jvm/java-8-openjdk-amd64/jre/bin/java
558cf8f96000-558cf8fb7000 rw-p 00000000 00:00 0                          [heap]
7f0bd4000000-7f0bd4021000 rw-p 00000000 00:00 0 
7f0bd4021000-7f0bd8000000 ---p 00000000 00:00 0 
7f0bd8000000-7f0bd8021000 rw-p 00000000 00:00 0 
7f0bd8021000-7f0bdc000000 ---p 00000000 00:00 0 
7f0bdc000000-7f0bdc021000 rw-p 00000000 00:00 0 
7f0bdc021000-7f0be0000000 ---p 00000000 00:00 0 
7f0be0000000-7f0be0021000 rw-p 00000000 00:00 0 
7f0be0021000-7f0be4000000 ---p 00000000 00:00 0 
7f0be4000000-7f0be4021000 rw-p 00000000 00:00 0 
7f0be4021000-7f0be8000000 ---p 00000000 00:00 0 
7f0be8000000-7f0be8021000 rw-p 00000000 00:00 0 
7f0be8021000-7f0bec000000 ---p 00000000 00:00 0 
7f0bec000000-7f0bec39e000 rw-p 00000000 00:00 0 
7f0bec39e000-7f0bf0000000 ---p 00000000 00:00 0 
7f0bf0000000-7f0bf0021000 rw-p 00000000 00:00 0 
7f0bf0021000-7f0bf4000000 ---p 00000000 00:00 0 
7f0bf4000000-7f0bf4021000 rw-p 00000000 00:00 0 
7f0bf4021000-7f0bf8000000 ---p 00000000 00:00 0 
7f0bf8000000-7f0bf8021000 rw-p 00000000 00:00 0 
7f0bf8021000-7f0bfc000000 ---p 00000000 00:00 0 
7f0bfc000000-7f0bfc021000 rw-p 00000000 00:00 0 
7f0bfc021000-7f0c00000000 ---p 00000000 00:00 0 
7f0c00000000-7f0c00021000 rw-p 00000000 00:00 0 
7f0c00021000-7f0c04000000 ---p 00000000 00:00 0 
7f0c04000000-7f0c04021000 rw-p 00000000 00:00 0 
7f0c04021000-7f0c08000000 ---p 00000000 00:00 0 
7f0c08000000-7f0c08021000 rw-p 00000000 00:00 0 
7f0c08021000-7f0c0c000000 ---p 00000000 00:00 0 
7f0c0c000000-7f0c0c021000 rw-p 00000000 00:00 0 
7f0c0c021000-7f0c10000000 ---p 00000000 00:00 0 
7f0c10000000-7f0c10021000 rw-p 00000000 00:00 0 
7f0c10021000-7f0c14000000 ---p 00000000 00:00 0 
7f0c14000000-7f0c1405a000 rw-p 00000000 00:00 0 
7f0c1405a000-7f0c18000000 ---p 00000000 00:00 0 
7f0c18000000-7f0c18021000 rw-p 00000000 00:00 0 
7f0c18021000-7f0c1c000000 ---p 00000000 00:00 0 
7f0c1c000000-7f0c1c021000 rw-p 00000000 00:00 0 
7f0c1c021000-7f0c20000000 ---p 00000000 00:00 0 
7f0c20000000-7f0c20021000 rw-p 00000000 00:00 0 
7f0c20021000-7f0c24000000 ---p 00000000 00:00 0 
7f0c24000000-7f0c24021000 rw-p 00000000 00:00 0 
7f0c24021000-7f0c28000000 ---p 00000000 00:00 0 
7f0c2c000000-7f0c2c021000 rw-p 00000000 00:00 0 
7f0c2c021000-7f0c30000000 ---p 00000000 00:00 0 
7f0c34000000-7f0c34021000 rw-p 00000000 00:00 0 
7f0c34021000-7f0c38000000 ---p 00000000 00:00 0 
7f0c39e3c000-7f0c39e63000 r-xp 00000000 08:06 6688428                    /home/sneha/contiki-2.7/examples/ipv6/rpl-fuzzy/obj_cooja/mtype357.cooja
7f0c39e63000-7f0c3a063000 ---p 00027000 08:06 6688428                    /home/sneha/contiki-2.7/examples/ipv6/rpl-fuzzy/obj_cooja/mtype357.cooja
7f0c3a063000-7f0c3a064000 r--p 00027000 08:06 6688428                    /home/sneha/contiki-2.7/examples/ipv6/rpl-fuzzy/obj_cooja/mtype357.cooja
7f0c3a064000-7f0c3a065000 rw-p 00028000 08:06 6688428                    /home/sneha/contiki-2.7/examples/ipv6/rpl-fuzzy/obj_cooja/mtype357.cooja
7f0c3a065000-7f0c3a06e000 rw-p 00000000 00:00 0 
7f0c3a06e000-7f0c3a071000 ---p 00000000 00:00 0 
7f0c3a071000-7f0c3a16f000 rw-p 00000000 00:00 0 
7f0c3a16f000-7f0c3a172000 ---p 00000000 00:00 0 
7f0c3a172000-7f0c3a270000 rw-p 00000000 00:00 0 
7f0c3a270000-7f0c3a296000 r-xp 00000000 08:06 6688424                    /home/sneha/contiki-2.7/examples/ipv6/rpl-fuzzy/obj_cooja/mtype270.cooja
7f0c3a296000-7f0c3a496000 ---p 00026000 08:06 6688424                    /home/sneha/contiki-2.7/examples/ipv6/rpl-fuzzy/obj_cooja/mtype270.cooja
7f0c3a496000-7f0c3a497000 r--p 00026000 08:06 6688424                    /home/sneha/contiki-2.7/examples/ipv6/rpl-fuzzy/obj_cooja/mtype270.cooja
7f0c3a497000-7f0c3a498000 rw-p 00027000 08:06 6688424                    /home/sneha/contiki-2.7/examples/ipv6/rpl-fuzzy/obj_cooja/mtype270.cooja
7f0c3a498000-7f0c3a4a1000 rw-p 00000000 00:00 0 
7f0c3a4a1000-7f0c3a4a4000 ---p 00000000 00:00 0 
7f0c3a4a4000-7f0c3a5a2000 rw-p 00000000 00:00 0 
7f0c3a5a2000-7f0c3a5a5000 ---p 00000000 00:00 0 
7f0c3a5a5000-7f0c3a6a3000 rw-p 00000000 00:00 0 
7f0c3a6a3000-7f0c3a6a6000 ---p 00000000 00:00 0 
7f0c3a6a6000-7f0c3a924000 rw-p 00000000 00:00 0 
7f0c3a924000-7f0c3a9a4000 ---p 00000000 00:00 0 
7f0c3a9a4000-7f0c3aba4000 rw-p 00000000 00:00 0 
7f0c3aba4000-7f0c3ada4000 rw-p 00000000 00:00 0 
7f0c3ada4000-7f0c3adde000 r--s 001e1000 08:06 6553695                    /home/sneha/contiki-2.7/tools/cooja/apps/avrora/lib/avrora-small.jar
7f0c3adde000-7f0c3ade1000 ---p 00000000 00:00 0 
7f0c3ade1000-7f0c3b0df000 rw-p 00000000 00:00 0 
7f0c3b0df000-7f0c3b0e0000 ---p 00000000 00:00 0 
7f0c3b0e0000-7f0c3b0e3000 ---p 00000000 00:00 0 
7f0c3b0e3000-7f0c3b8e0000 rw-p 00000000 00:00 0 
7f0c3b8e0000-7f0c3b8e3000 ---p 00000000 00:00 0 
7f0c3b8e3000-7f0c3bbe1000 rw-p 00000000 00:00 0 
7f0c3bbe1000-7f0c3bbea000 r-xp 00000000 08:06 10627048                   /usr/lib/jvm/java-8-openjdk-amd64/jre/lib/amd64/libmanagement.so
7f0c3bbea000-7f0c3bde9000 ---p 00009000 08:06 10627048                   /usr/lib/jvm/java-8-openjdk-amd64/jre/lib/amd64/libmanagement.so
7f0c3bde9000-7f0c3bdea000 r--p 00008000 08:06 10627048                   /usr/lib/jvm/java-8-openjdk-amd64/jre/lib/amd64/libmanagement.so
7f0c3bdea000-7f0c3bdeb000 rw-p 00009000 08:06 10627048                   /usr/lib/jvm/java-8-openjdk-amd64/jre/lib/amd64/libmanagement.so
7f0c3bdeb000-7f0c3bdff000 r-xp 00000000 08:06 10359507                   /lib/x86_64-linux-gnu/libgpg-error.so.0.22.0
7f0c3bdff000-7f0c3bffe000 ---p 00014000 08:06 10359507                   /lib/x86_64-linux-gnu/libgpg-error.so.0.22.0
7f0c3bffe000-7f0c3bfff000 r--p 00013000 08:06 10359507                   /lib/x86_64-linux-gnu/libgpg-error.so.0.22.0
7f0c3bfff000-7f0c3c000000 rw-p 00014000 08:06 10359507                   /lib/x86_64-linux-gnu/libgpg-error.so.0.22.0
7f0c3c000000-7f0c3c021000 rw-p 00000000 00:00 0 
7f0c3c021000-7f0c40000000 ---p 00000000 00:00 0 
7f0c40015000-7f0c4001c000 r--s 00000000 08:06 11011393                   /usr/lib/x86_64-linux-gnu/gconv/gconv-modules.cache
7f0c4001c000-7f0c4001d000 r--s 00003000 08:06 6557457                    /home/sneha/contiki-2.7/tools/cooja/apps/powertracker/lib/powertracker.jar
7f0c4001d000-7f0c4001e000 r--s 00002000 08:06 6557306                    /home/sneha/contiki-2.7/tools/cooja/apps/collect-view/cooja-collect-view.jar
7f0c4001e000-7f0c4001f000 r--s 00003000 08:06 6557294                    /home/sneha/contiki-2.7/tools/cooja/apps/serial_socket/lib/serial_socket.jar
7f0c4001f000-7f0c40021000 r--s 00007000 08:06 6557281                    /home/sneha/contiki-2.7/tools/cooja/apps/avrora/lib/cooja_avrora.jar
7f0c40021000-7f0c40023000 r--s 00010000 08:06 6557017                    /home/sneha/contiki-2.7/tools/cooja/apps/mspsim/lib/jipv6.jar
7f0c40023000-7f0c40024000 r--s 00004000 08:06 6557037                    /home/sneha/contiki-2.7/tools/cooja/apps/mspsim/lib/coffee.jar
7f0c40024000-7f0c4002f000 r--s 000e4000 08:06 6557016                    /home/sneha/contiki-2.7/tools/cooja/apps/mspsim/lib/mspsim.jar
7f0c4002f000-7f0c40035000 r--s 00064000 08:06 6557254                    /home/sneha/contiki-2.7/tools/cooja/apps/mspsim/lib/cooja_mspsim.jar
7f0c40035000-7f0c40037000 r--s 0001e000 08:06 6557013                    /home/sneha/contiki-2.7/tools/cooja/apps/mrm/lib/mrm.jar
7f0c40037000-7f0c4003a000 ---p 00000000 00:00 0 
7f0c4003a000-7f0c40138000 rw-p 00000000 00:00 0 
7f0c40138000-7f0c40143000 r--s 00000000 08:06 5243232                    /var/cache/fontconfig/945677eb7aeaf62f1d50efc3fb3ec7d8-le64.cache-7
7f0c40143000-7f0c40148000 r--s 00000000 08:06 5243203                    /var/cache/fontconfig/2300eef321c393bfd76478a5c0e95b23-le64.cache-7
7f0c40148000-7f0c40149000 r--s 00000000 08:06 5243196                    /var/cache/fontconfig/0d8c3b2ac0904cb8a57a757ad11a4a08-le64.cache-7
7f0c40149000-7f0c4015e000 r--s 00000000 08:06 5243192                    /var/cache/fontconfig/04aabc0a78ac019cf9454389977116d2-le64.cache-7
7f0c4015e000-7f0c4015f000 r--s 00000000 08:06 5243200                    /var/cache/fontconfig/1ac9eb803944fde146138c791f5cc56a-le64.cache-7
7f0c4015f000-7f0c40160000 r--s 00000000 08:06 5243251                    /var/cache/fontconfig/dc05db6664285cc2f12bf69c139ae4c3-le64.cache-7
7f0c40160000-7f0c40162000 r--s 00000000 08:06 5243197                    /var/cache/fontconfig/14a5e22175779b556eaa434240950366-le64.cache-7
7f0c40162000-7f0c40163000 r--s 00000000 08:06 5243224                    /var/cache/fontconfig/660208299946a285a940457d1287da33-le64.cache-7
7f0c40163000-7f0c40165000 r--s 00000000 08:06 5243215                    /var/cache/fontconfig/4f3e3037c9980c83b53a9351efadef62-le64.cache-7
7f0c40165000-7f0c40167000 r--s 00000000 08:06 5243229                    /var/cache/fontconfig/767a8244fc0220cfb567a839d0392e0b-le64.cache-7
7f0c40167000-7f0c40168000 r--s 00000000 08:06 5252197                    /var/cache/fontconfig/4794a0821666d79190d59a36cb4f44b5-le64.cache-7
7f0c40168000-7f0c4016a000 r--s 00000000 08:06 5243986                    /var/cache/fontconfig/0bd3dc0958fa2205aaaa8ebb13e2872b-le64.cache-7
7f0c4016a000-7f0c4016f000 r--s 00000000 08:06 5243252                    /var/cache/fontconfig/def309198bfa603429122923fa2bb2d4-le64.cache-7
7f0c4016f000-7f0c40170000 r--s 00000000 08:06 5243240                    /var/cache/fontconfig/b872e6e592da6075ffa4ab0a1fcc0c75-le64.cache-7
7f0c40170000-7f0c40171000 r--s 00000000 08:06 5243257                    /var/cache/fontconfig/f6d4eedfaab2589bde49f7a3ff831d22-le64.cache-7
7f0c40171000-7f0c40172000 r--s 00000000 08:06 5243222                    /var/cache/fontconfig/589f83ef4c36d296ce6e1c846f468f08-le64.cache-7
7f0c40172000-7f0c40173000 r--s 00000000 08:06 5243242                    /var/cache/fontconfig/bab58bb527bb656aaa9f116d68a48d89-le64.cache-7
7f0c40173000-7f0c40174000 r--s 00000000 08:06 5243201                    /var/cache/fontconfig/2171a34dccabdb6bcbbc728186263178-le64.cache-7
7f0c40174000-7f0c40175000 r--s 00000000 08:06 5243243                    /var/cache/fontconfig/c5c45a61289222e0d30b1a26ef4effbe-le64.cache-7
7f0c40175000-7f0c40176000 r--s 00000000 08:06 5243238                    /var/cache/fontconfig/aec30016f93e1b46d1a973dce0d74068-le64.cache-7
7f0c40176000-7f0c40177000 r--s 00000000 08:06 5243208                    /var/cache/fontconfig/3f589640d34b7dc9042c8d453f7c8b9c-le64.cache-7
7f0c40177000-7f0c40178000 r--s 00000000 08:06 5243198                    /var/cache/fontconfig/16c2fda60d1b4b719f4b3d06fd951d25-le64.cache-7
7f0c40178000-7f0c4017d000 r--s 00000000 08:06 5243984                    /var/cache/fontconfig/9d2451b1fd30e5bffe8383fd27c35478-le64.cache-7
7f0c4017d000-7f0c40291000 r-xp 00000000 08:06 10359505                   /lib/x86_64-linux-gnu/libgcrypt.so.20.2.1
7f0c40291000-7f0c40490000 ---p 00114000 08:06 10359505                   /lib/x86_64-linux-gnu/libgcrypt.so.20.2.1
7f0c40490000-7f0c40492000 r--p 00113000 08:06 10359505                   /lib/x86_64-linux-gnu/libgcrypt.so.20.2.1
7f0c40492000-7f0c40497000 rw-p 00115000 08:06 10359505                   /lib/x86_64-linux-gnu/libgcrypt.so.20.2.1
7f0c40497000-7f0c40498000 rw-p 00000000 00:00 0 
7f0c40498000-7f0c404b3000 r-xp 00000000 08:06 10623443                   /usr/lib/x86_64-linux-gnu/liblz4.so.1.7.1
7f0c404b3000-7f0c406b2000 ---p 0001b000 08:06 10623443                   /usr/lib/x86_64-linux-gnu/liblz4.so.1.7.1
7f0c406b2000-7f0c406b3000 r--p 0001a000 08:06 10623443                   /usr/lib/x86_64-linux-gnu/liblz4.so.1.7.1
7f0c406b3000-7f0c406b4000 rw-p 0001b000 08:06 10623443                   /usr/lib/x86_64-linux-gnu/liblz4.so.1.7.1
7f0c406b4000-7f0c406d8000 r-xp 00000000 08:06 10359526                   /lib/x86_64-linux-gnu/liblzma.so.5.2.2
7f0c406d8000-7f0c408d8000 ---p 00024000 08:06 10359526                   /lib/x86_64-linux-gnu/liblzma.so.5.2.2
7f0c408d8000-7f0c408d9000 r--p 00024000 08:06 10359526                   /lib/x86_64-linux-gnu/liblzma.so.5.2.2
7f0c408d9000-7f0c408da000 rw-p 00025000 08:06 10359526                   /lib/x86_64-linux-gnu/liblzma.so.5.2.2
7f0c408da000-7f0c4095a000 r-xp 00000000 08:06 10354973                   /lib/x86_64-linux-gnu/libsystemd.so.0.21.0
7f0c4095a000-7f0c40b59000 ---p 00080000 08:06 10354973                   /lib/x86_64-linux-gnu/libsystemd.so.0.21.0
7f0c40b59000-7f0c40b5c000 r--p 0007f000 08:06 10354973                   /lib/x86_64-linux-gnu/libsystemd.so.0.21.0
7f0c40b5c000-7f0c40b5d000 rw-p 00082000 08:06 10354973                   /lib/x86_64-linux-gnu/libsystemd.so.0.21.0
7f0c40b5d000-7f0c40b5e000 rw-p 00000000 00:00 0 
7f0c40b5e000-7f0c40bce000 r-xp 00000000 08:06 10359588                   /lib/x86_64-linux-gnu/libpcre.so.3.13.3
7f0c40bce000-7f0c40dce000 ---p 00070000 08:06 10359588                   /lib/x86_64-linux-gnu/libpcre.so.3.13.3
7f0c40dce000-7f0c40dcf000 r--p 00070000 08:06 10359588                   /lib/x86_64-linux-gnu/libpcre.so.3.13.3
7f0c40dcf000-7f0c40dd0000 rw-p 00071000 08:06 10359588                   /lib/x86_64-linux-gnu/libpcre.so.3.13.3
7f0c40dd0000-7f0c40dd7000 r-xp 00000000 08:06 10623077                   /usr/lib/x86_64-linux-gnu/libffi.so.6.0.4
7f0c40dd7000-7f0c40fd6000 ---p 00007000 08:06 10623077                   /usr/lib/x86_64-linux-gnu/libffi.so.6.0.4
7f0c40fd6000-7f0c40fd7000 r--p 00006000 08:06 10623077                   /usr/lib/x86_64-linux-gnu/libffi.so.6.0.4
7f0c40fd7000-7f0c40fd8000 rw-p 00007000 08:06 10623077                   /usr/lib/x86_64-linux-gnu/libffi.so.6.0.4
7f0c40fd8000-7f0c41004000 r-xp 00000000 08:06 10622825                   /usr/lib/x86_64-linux-gnu/libatspi.so.0.0.1
7f0c41004000-7f0c41204000 ---p 0002c000 08:06 10622825                   /usr/lib/x86_64-linux-gnu/libatspi.so.0.0.1
7f0c41204000-7f0c41207000 r--p 0002c000 08:06 10622825                   /usr/lib/x86_64-linux-gnu/libatspi.so.0.0.1
7f0c41207000-7f0c41208000 rw-p 0002f000 08:06 10622825                   /usr/lib/x86_64-linux-gnu/libatspi.so.0.0.1
7f0c41208000-7f0c41253000 r-xp 00000000 08:06 10359332                   /lib/x86_64-linux-gnu/libdbus-1.so.3.19.4
7f0c41253000-7f0c41453000 ---p 0004b000 08:06 10359332                   /lib/x86_64-linux-gnu/libdbus-1.so.3.19.4
7f0c41453000-7f0c41454000 r--p 0004b000 08:06 10359332                   /lib/x86_64-linux-gnu/libdbus-1.so.3.19.4
7f0c41454000-7f0c41455000 rw-p 0004c000 08:06 10359332                   /lib/x86_64-linux-gnu/libdbus-1.so.3.19.4
7f0c41455000-7f0c41569000 r-xp 00000000 08:06 10617874                   /usr/lib/x86_64-linux-gnu/libglib-2.0.so.0.5600.4
7f0c41569000-7f0c41769000 ---p 00114000 08:06 10617874                   /usr/lib/x86_64-linux-gnu/libglib-2.0.so.0.5600.4
7f0c41769000-7f0c4176a000 r--p 00114000 08:06 10617874                   /usr/lib/x86_64-linux-gnu/libglib-2.0.so.0.5600.4
7f0c4176a000-7f0c4176b000 rw-p 00115000 08:06 10617874                   /usr/lib/x86_64-linux-gnu/libglib-2.0.so.0.5600.4
7f0c4176b000-7f0c4176c000 rw-p 00000000 00:00 0 
7f0c4176c000-7f0c417be000 r-xp 00000000 08:06 10617876                   /usr/lib/x86_64-linux-gnu/libgobject-2.0.so.0.5600.4
7f0c417be000-7f0c419be000 ---p 00052000 08:06 10617876                   /usr/lib/x86_64-linux-gnu/libgobject-2.0.so.0.5600.4
7f0c419be000-7f0c419bf000 r--p 00052000 08:06 10617876                   /usr/lib/x86_64-linux-gnu/libgobject-2.0.so.0.5600.4
7f0c419bf000-7f0c419c0000 rw-p 00053000 08:06 10617876                   /usr/lib/x86_64-linux-gnu/libgobject-2.0.so.0.5600.4
7f0c419c0000-7f0c419ee000 r-xp 00000000 08:06 10622823                   /usr/lib/x86_64-linux-gnu/libatk-bridge-2.0.so.0.0.0
7f0c419ee000-7f0c41bee000 ---p 0002e000 08:06 10622823                   /usr/lib/x86_64-linux-gnu/libatk-bridge-2.0.so.0.0.0
7f0c41bee000-7f0c41bef000 r--p 0002e000 08:06 10622823                   /usr/lib/x86_64-linux-gnu/libatk-bridge-2.0.so.0.0.0
7f0c41bef000-7f0c41bf0000 rw-p 0002f000 08:06 10622823                   /usr/lib/x86_64-linux-gnu/libatk-bridge-2.0.so.0.0.0
7f0c41bf0000-7f0c41bf1000 rw-p 00000000 00:00 0 
7f0c41bf1000-7f0c41c13000 r-xp 00000000 08:06 10622821                   /usr/lib/x86_64-linux-gnu/libatk-1.0.so.0.22810.1
7f0c41c13000-7f0c41e13000 ---p 00022000 08:06 10622821                   /usr/lib/x86_64-linux-gnu/libatk-1.0.so.0.22810.1
7f0c41e13000-7f0c41e16000 r--p 00022000 08:06 10622821                   /usr/lib/x86_64-linux-gnu/libatk-1.0.so.0.22810.1
7f0c41e16000-7f0c41e17000 rw-p 00025000 08:06 10622821                   /usr/lib/x86_64-linux-gnu/libatk-1.0.so.0.22810.1
7f0c41e17000-7f0c41e2e000 r-xp 00000000 08:06 10884870                   /usr/lib/x86_64-linux-gnu/jni/libatk-wrapper.so.6.0.0
7f0c41e2e000-7f0c4202e000 ---p 00017000 08:06 10884870                   /usr/lib/x86_64-linux-gnu/jni/libatk-wrapper.so.6.0.0
7f0c4202e000-7f0c4202f000 r--p 00017000 08:06 10884870                   /usr/lib/x86_64-linux-gnu/jni/libatk-wrapper.so.6.0.0
7f0c4202f000-7f0c42030000 rw-p 00018000 08:06 10884870                   /usr/lib/x86_64-linux-gnu/jni/libatk-wrapper.so.6.0.0
7f0c42030000-7f0c42046000 r-xp 00000000 08:06 10627052                   /usr/lib/jvm/java-8-openjdk-amd64/jre/lib/amd64/libnet.so
7f0c42046000-7f0c42245000 ---p 00016000 08:06 10627052                   /usr/lib/jvm/java-8-openjdk-amd64/jre/lib/amd64/libnet.so
7f0c42245000-7f0c42246000 r--p 00015000 08:06 10627052                   /usr/lib/jvm/java-8-openjdk-amd64/jre/lib/amd64/libnet.so
7f0c42246000-7f0c42247000 rw-p 00016000 08:06 10627052                   /usr/lib/jvm/java-8-openjdk-amd64/jre/lib/amd64/libnet.so
7f0c42247000-7f0c42258000 r-xp 00000000 08:06 10627054                   /usr/lib/jvm/java-8-openjdk-amd64/jre/lib/amd64/libnio.so
7f0c42258000-7f0c42457000 ---p 00011000 08:06 10627054                   /usr/lib/jvm/java-8-openjdk-amd64/jre/lib/amd64/libnio.so
7f0c42457000-7f0c42458000 r--p 00010000 08:06 10627054                   /usr/lib/jvm/java-8-openjdk-amd64/jre/lib/amd64/libnio.so
7f0c42458000-7f0c42459000 rw-p 00011000 08:06 10627054                   /usr/lib/jvm/java-8-openjdk-amd64/jre/lib/amd64/libnio.so
7f0c42459000-7f0c4245c000 ---p 00000000 00:00 0 
7f0c4245c000-7f0c4255a000 rw-p 00000000 00:00 0 
7f0c4255a000-7f0c4255f000 r-xp 00000000 08:06 10622750                   /usr/lib/x86_64-linux-gnu/libXfixes.so.3.1.0
7f0c4255f000-7f0c4275e000 ---p 00005000 08:06 10622750                   /usr/lib/x86_64-linux-gnu/libXfixes.so.3.1.0
7f0c4275e000-7f0c4275f000 r--p 00004000 08:06 10622750                   /usr/lib/x86_64-linux-gnu/libXfixes.so.3.1.0
7f0c4275f000-7f0c42760000 rw-p 00005000 08:06 10622750                   /usr/lib/x86_64-linux-gnu/libXfixes.so.3.1.0
7f0c42760000-7f0c42769000 r-xp 00000000 08:06 10622742                   /usr/lib/x86_64-linux-gnu/libXcursor.so.1.0.2
7f0c42769000-7f0c42968000 ---p 00009000 08:06 10622742                   /usr/lib/x86_64-linux-gnu/libXcursor.so.1.0.2
7f0c42968000-7f0c42969000 r--p 00008000 08:06 10622742                   /usr/lib/x86_64-linux-gnu/libXcursor.so.1.0.2
7f0c42969000-7f0c4296a000 rw-p 00009000 08:06 10622742                   /usr/lib/x86_64-linux-gnu/libXcursor.so.1.0.2
7f0c4296a000-7f0c4296d000 ---p 00000000 00:00 0 
7f0c4296d000-7f0c42c6b000 rw-p 00000000 00:00 0 
7f0c42c6b000-7f0c42c9c000 r-xp 00000000 08:06 10619721                   /usr/lib/x86_64-linux-gnu/libpng16.so.16.34.0
7f0c42c9c000-7f0c42e9b000 ---p 00031000 08:06 10619721                   /usr/lib/x86_64-linux-gnu/libpng16.so.16.34.0
7f0c42e9b000-7f0c42e9c000 r--p 00030000 08:06 10619721                   /usr/lib/x86_64-linux-gnu/libpng16.so.16.34.0
7f0c42e9c000-7f0c42e9d000 rw-p 00031000 08:06 10619721                   /usr/lib/x86_64-linux-gnu/libpng16.so.16.34.0
7f0c42e9d000-7f0c42f4a000 r-xp 00000000 08:06 10623109                   /usr/lib/x86_64-linux-gnu/libfreetype.so.6.15.0
7f0c42f4a000-7f0c43149000 ---p 000ad000 08:06 10623109                   /usr/lib/x86_64-linux-gnu/libfreetype.so.6.15.0
7f0c43149000-7f0c43150000 r--p 000ac000 08:06 10623109                   /usr/lib/x86_64-linux-gnu/libfreetype.so.6.15.0
7f0c43150000-7f0c43151000 rw-p 000b3000 08:06 10623109                   /usr/lib/x86_64-linux-gnu/libfreetype.so.6.15.0
7f0c43151000-7f0c431a0000 r-xp 00000000 08:06 10626592                   /usr/lib/jvm/java-8-openjdk-amd64/jre/lib/amd64/libfontmanager.so
7f0c431a0000-7f0c433a0000 ---p 0004f000 08:06 10626592                   /usr/lib/jvm/java-8-openjdk-amd64/jre/lib/amd64/libfontmanager.so
7f0c433a0000-7f0c433a2000 r--p 0004f000 08:06 10626592                   /usr/lib/jvm/java-8-openjdk-amd64/jre/lib/amd64/libfontmanager.so
7f0c433a2000-7f0c433a3000 rw-p 00051000 08:06 10626592                   /usr/lib/jvm/java-8-openjdk-amd64/jre/lib/amd64/libfontmanager.so
7f0c433a3000-7f0c433b6000 r-xp 00000000 08:06 10359462                   /lib/x86_64-linux-gnu/libbsd.so.0.8.7
7f0c433b6000-7f0c435b5000 ---p 00013000 08:06 10359462                   /lib/x86_64-linux-gnu/libbsd.so.0.8.7
7f0c435b5000-7f0c435b6000 r--p 00012000 08:06 10359462                   /lib/x86_64-linux-gnu/libbsd.so.0.8.7
7f0c435b6000-7f0c435b7000 rw-p 00013000 08:06 10359462                   /lib/x86_64-linux-gnu/libbsd.so.0.8.7
7f0c435b7000-7f0c435b8000 rw-p 00000000 00:00 0 
7f0c435b8000-7f0c435bd000 r-xp 00000000 08:06 10622746                   /usr/lib/x86_64-linux-gnu/libXdmcp.so.6.0.0
7f0c435bd000-7f0c437bc000 ---p 00005000 08:06 10622746                   /usr/lib/x86_64-linux-gnu/libXdmcp.so.6.0.0
7f0c437bc000-7f0c437bd000 r--p 00004000 08:06 10622746                   /usr/lib/x86_64-linux-gnu/libXdmcp.so.6.0.0
7f0c437bd000-7f0c437be000 rw-p 00005000 08:06 10622746                   /usr/lib/x86_64-linux-gnu/libXdmcp.so.6.0.0
7f0c437be000-7f0c437c0000 r-xp 00000000 08:06 10622735                   /usr/lib/x86_64-linux-gnu/libXau.so.6.0.0
7f0c437c0000-7f0c439c0000 ---p 00002000 08:06 10622735                   /usr/lib/x86_64-linux-gnu/libXau.so.6.0.0
7f0c439c0000-7f0c439c1000 r--p 00002000 08:06 10622735                   /usr/lib/x86_64-linux-gnu/libXau.so.6.0.0
7f0c439c1000-7f0c439c2000 rw-p 00003000 08:06 10622735                   /usr/lib/x86_64-linux-gnu/libXau.so.6.0.0
7f0c439c2000-7f0c439e8000 r-xp 00000000 08:06 10618516                   /usr/lib/x86_64-linux-gnu/libxcb.so.1.1.0
7f0c439e8000-7f0c43be8000 ---p 00026000 08:06 10618516                   /usr/lib/x86_64-linux-gnu/libxcb.so.1.1.0
7f0c43be8000-7f0c43be9000 r--p 00026000 08:06 10618516                   /usr/lib/x86_64-linux-gnu/libxcb.so.1.1.0
7f0c43be9000-7f0c43bea000 rw-p 00027000 08:06 10618516                   /usr/lib/x86_64-linux-gnu/libxcb.so.1.1.0
7f0c43bea000-7f0c43bf9000 r-xp 00000000 08:06 10622756                   /usr/lib/x86_64-linux-gnu/libXi.so.6.1.0
7f0c43bf9000-7f0c43df8000 ---p 0000f000 08:06 10622756                   /usr/lib/x86_64-linux-gnu/libXi.so.6.1.0
7f0c43df8000-7f0c43df9000 r--p 0000e000 08:06 10622756                   /usr/lib/x86_64-linux-gnu/libXi.so.6.1.0
7f0c43df9000-7f0c43dfa000 rw-p 0000f000 08:06 10622756                   /usr/lib/x86_64-linux-gnu/libXi.so.6.1.0
7f0c43dfa000-7f0c43dff000 r-xp 00000000 08:06 10622774                   /usr/lib/x86_64-linux-gnu/libXtst.so.6.1.0
7f0c43dff000-7f0c43ffe000 ---p 00005000 08:06 10622774                   /usr/lib/x86_64-linux-gnu/libXtst.so.6.1.0
7f0c43ffe000-7f0c43fff000 r--p 00004000 08:06 10622774                   /usr/lib/x86_64-linux-gnu/libXtst.so.6.1.0
7f0c43fff000-7f0c44000000 rw-p 00005000 08:06 10622774                   /usr/lib/x86_64-linux-gnu/libXtst.so.6.1.0
7f0c44000000-7f0c44021000 rw-p 00000000 00:00 0 
7f0c44021000-7f0c48000000 ---p 00000000 00:00 0 
7f0c48000000-7f0c48001000 r--s 00000000 08:06 5243237                    /var/cache/fontconfig/a48eab177a16e4f3713381162db2f3e9-le64.cache-7
7f0c48001000-7f0c48002000 r--s 00000000 08:06 5243218                    /var/cache/fontconfig/564b2e68ac9bc4e36a6f7f6d6125ec1c-le64.cache-7
7f0c48002000-7f0c48008000 r--s 00000000 08:06 5243985                    /var/cache/fontconfig/3047814df9a2f067bd2d96a2b9c36e5a-le64.cache-7
7f0c48008000-7f0c48009000 r--s 00000000 08:06 5243219                    /var/cache/fontconfig/56cf4f4769d0f4abc89a4895d7bd3ae1-le64.cache-7
7f0c48009000-7f0c4800a000 r--s 00000000 08:06 5243241                    /var/cache/fontconfig/b9d506c9ac06c20b433354fa67a72993-le64.cache-7
7f0c4800a000-7f0c48010000 r--s 00000000 08:06 5243239                    /var/cache/fontconfig/b47c4e1ecd0709278f4910c18777a504-le64.cache-7
7f0c48010000-7f0c48023000 r--s 00000000 08:06 5243248                    /var/cache/fontconfig/d52a8644073d54c13679302ca1180695-le64.cache-7
7f0c48023000-7f0c48024000 r--s 00000000 08:06 5243206                    /var/cache/fontconfig/370e5b74bf5dafc30834de68e24a87a4-le64.cache-7
7f0c48024000-7f0c48025000 r--s 00000000 08:06 5243227                    /var/cache/fontconfig/6b2c5944714ca7831b25bed9e85cb5c8-le64.cache-7
7f0c48025000-7f0c48026000 r--s 00000000 08:06 5243247                    /var/cache/fontconfig/d5178ab6d91b49bf20a416737dcea9e8-le64.cache-7
7f0c48026000-7f0c48027000 r--s 00000000 08:06 5243217                    /var/cache/fontconfig/551ecf3b0e8b0bca0f25c0944f561853-le64.cache-7
7f0c48027000-7f0c4802a000 r--s 00000000 08:06 5243256                    /var/cache/fontconfig/f259c2cffa685e28062317905db73c4a-le64.cache-7
7f0c4802a000-7f0c4802c000 r--s 00000000 08:06 5243216                    /var/cache/fontconfig/550f3886151c940c12a5ed35f6a00586-le64.cache-7
7f0c4802c000-7f0c4802f000 r--s 00000000 08:06 5243225                    /var/cache/fontconfig/674d1711f2d1d2a09646eb0bdcadee49-le64.cache-7
7f0c4802f000-7f0c48030000 r--s 00000000 08:06 5243209                    /var/cache/fontconfig/3f7329c5293ffd510edef78f73874cfd-le64.cache-7
7f0c48030000-7f0c4803c000 r--s 00000000 08:06 5246516                    /var/cache/fontconfig/d589a48862398ed80a3d6066f4f56f4c-le64.cache-7
7f0c4803c000-7f0c4804b000 r--s 00000000 08:06 5243876                    /var/cache/fontconfig/9b89f8e3dae116d678bbf48e5f21f69b-le64.cache-7
7f0c4804b000-7f0c48054000 r--s 00000000 08:06 5256901                    /var/cache/fontconfig/d0972c3d32f097851eb916381fc38920-le64.cache-7
7f0c48054000-7f0c48085000 rw-p 00000000 00:00 0 
7f0c48085000-7f0c48088000 ---p 00000000 00:00 0 
7f0c48088000-7f0c480be000 rw-p 00000000 00:00 0 
7f0c480be000-7f0c480c7000 r-xp 00000000 08:06 10622768                   /usr/lib/x86_64-linux-gnu/libXrender.so.1.3.0
7f0c480c7000-7f0c482c6000 ---p 00009000 08:06 10622768                   /usr/lib/x86_64-linux-gnu/libXrender.so.1.3.0
7f0c482c6000-7f0c482c7000 r--p 00008000 08:06 10622768                   /usr/lib/x86_64-linux-gnu/libXrender.so.1.3.0
7f0c482c7000-7f0c482c8000 rw-p 00009000 08:06 10622768                   /usr/lib/x86_64-linux-gnu/libXrender.so.1.3.0
7f0c482c8000-7f0c483fb000 r-xp 00000000 08:06 10618526                   /usr/lib/x86_64-linux-gnu/libX11.so.6.3.0
7f0c483fb000-7f0c485fb000 ---p 00133000 08:06 10618526                   /usr/lib/x86_64-linux-gnu/libX11.so.6.3.0
7f0c485fb000-7f0c485fc000 r--p 00133000 08:06 10618526                   /usr/lib/x86_64-linux-gnu/libX11.so.6.3.0
7f0c485fc000-7f0c48600000 rw-p 00134000 08:06 10618526                   /usr/lib/x86_64-linux-gnu/libX11.so.6.3.0
7f0c48600000-7f0c48611000 r-xp 00000000 08:06 10622748                   /usr/lib/x86_64-linux-gnu/libXext.so.6.4.0
7f0c48611000-7f0c48810000 ---p 00011000 08:06 10622748                   /usr/lib/x86_64-linux-gnu/libXext.so.6.4.0
7f0c48810000-7f0c48811000 r--p 00010000 08:06 10622748                   /usr/lib/x86_64-linux-gnu/libXext.so.6.4.0
7f0c48811000-7f0c48812000 rw-p 00011000 08:06 10622748                   /usr/lib/x86_64-linux-gnu/libXext.so.6.4.0
7f0c48812000-7f0c48813000 r--s 00000000 08:06 5243195                    /var/cache/fontconfig/0c9eb80ebd1c36541ebe2852d3bb0c49-le64.cache-7
7f0c48813000-7f0c48814000 r--s 00000000 08:06 5243202                    /var/cache/fontconfig/22368d551a680bfe5a62c02760edf4ea-le64.cache-7
7f0c48814000-7f0c48815000 r--s 00000000 08:06 5243214                    /var/cache/fontconfig/4d9c95eba1cb85bbcf2878543262124a-le64.cache-7
7f0c48815000-7f0c48816000 r--s 00000000 08:06 5243231                    /var/cache/fontconfig/85e0a52ce643a7ba2ae53e5d6949cead-le64.cache-7
7f0c48816000-7f0c48817000 r--s 00000000 08:06 5243211                    /var/cache/fontconfig/49f0de54bdd920fe4f0dfd4cbac43e6b-le64.cache-7
7f0c48817000-7f0c48819000 r--s 00000000 08:06 5243226                    /var/cache/fontconfig/6afa1bb216ce958c1589e297e8008489-le64.cache-7
7f0c48819000-7f0c4882c000 r--s 00346000 08:06 10630406                   /usr/lib/jvm/java-8-openjdk-amd64/jre/lib/resources.jar
7f0c4882c000-7f0c48887000 r-xp 00000000 08:06 10626588                   /usr/lib/jvm/java-8-openjdk-amd64/jre/lib/amd64/libawt_xawt.so
7f0c48887000-7f0c48a86000 ---p 0005b000 08:06 10626588                   /usr/lib/jvm/java-8-openjdk-amd64/jre/lib/amd64/libawt_xawt.so
7f0c48a86000-7f0c48a87000 r--p 0005a000 08:06 10626588                   /usr/lib/jvm/java-8-openjdk-amd64/jre/lib/amd64/libawt_xawt.so
7f0c48a87000-7f0c48a8a000 rw-p 0005b000 08:06 10626588                   /usr/lib/jvm/java-8-openjdk-amd64/jre/lib/amd64/libawt_xawt.so
7f0c48a8a000-7f0c48a8c000 rw-p 00000000 00:00 0 
7f0c48a8c000-7f0c48b2b000 r-xp 00000000 08:06 10626583                   /usr/lib/jvm/java-8-openjdk-amd64/jre/lib/amd64/libawt.so
7f0c48b2b000-7f0c48d2a000 ---p 0009f000 08:06 10626583                   /usr/lib/jvm/java-8-openjdk-amd64/jre/lib/amd64/libawt.so
7f0c48d2a000-7f0c48d2b000 r--p 0009e000 08:06 10626583                   /usr/lib/jvm/java-8-openjdk-amd64/jre/lib/amd64/libawt.so
7f0c48d2b000-7f0c48d36000 rw-p 0009f000 08:06 10626583                   /usr/lib/jvm/java-8-openjdk-amd64/jre/lib/amd64/libawt.so
7f0c48d36000-7f0c48d5b000 rw-p 00000000 00:00 0 
7f0c48d5b000-7f0c48d60000 r--s 002f9000 08:06 10627689                   /usr/lib/jvm/java-8-openjdk-amd64/jre/lib/charsets.jar
7f0c48d60000-7f0c48d67000 r--s 0005b000 08:06 6554083                    /home/sneha/contiki-2.7/tools/cooja/lib/jsyntaxpane.jar
7f0c48d67000-7f0c48d6e000 r--s 0004f000 08:06 6554084                    /home/sneha/contiki-2.7/tools/cooja/lib/log4j.jar
7f0c48d6e000-7f0c48d78000 r--s 00116000 08:06 10627713                   /usr/lib/jvm/java-8-openjdk-amd64/jre/lib/ext/localedata.jar
7f0c48d78000-7f0c48d93000 r--s 001d6000 08:06 10627714                   /usr/lib/jvm/java-8-openjdk-amd64/jre/lib/ext/nashorn.jar
7f0c48d93000-7f0c48dae000 r--s 00394000 08:06 10627709                   /usr/lib/jvm/java-8-openjdk-amd64/jre/lib/ext/cldrdata.jar
7f0c48dae000-7f0c48daf000 ---p 00000000 00:00 0 
7f0c48daf000-7f0c48eaf000 rw-p 00000000 00:00 0 
7f0c48eaf000-7f0c48eb2000 ---p 00000000 00:00 0 
7f0c48eb2000-7f0c48fb0000 rw-p 00000000 00:00 0 
7f0c48fb0000-7f0c48fb3000 ---p 00000000 00:00 0 
7f0c48fb3000-7f0c490b1000 rw-p 00000000 00:00 0 
7f0c490b1000-7f0c49a80000 r--p 00000000 08:06 10621656                   /usr/lib/locale/locale-archive
7f0c49a80000-7f0c49a83000 ---p 00000000 00:00 0 
7f0c49a83000-7f0c49b81000 rw-p 00000000 00:00 0 
7f0c49b81000-7f0c49b84000 ---p 00000000 00:00 0 
7f0c49b84000-7f0c49c82000 rw-p 00000000 00:00 0 
7f0c49c82000-7f0c49c83000 ---p 00000000 00:00 0 
7f0c49c83000-7f0c4c000000 rw-p 00000000 00:00 0 
7f0c4c000000-7f0c4c021000 rw-p 00000000 00:00 0 
7f0c4c021000-7f0c50000000 ---p 00000000 00:00 0 
7f0c50000000-7f0c51000000 rw-p 00000000 00:00 0 
7f0c51000000-7f0c51270000 rwxp 00000000 00:00 0 
7f0c51270000-7f0c60000000 ---p 00000000 00:00 0 
7f0c60000000-7f0c6050b000 rw-p 00000000 00:00 0 
7f0c6050b000-7f0c64000000 ---p 00000000 00:00 0 
7f0c64000000-7f0c64003000 r--s 00000000 08:06 5243253                    /var/cache/fontconfig/e13b20fdb08344e0e664864cc2ede53d-le64.cache-7
7f0c64003000-7f0c64006000 r--s 00022000 08:06 6554082                    /home/sneha/contiki-2.7/tools/cooja/lib/jdom.jar
7f0c64006000-7f0c6421b000 rw-p 00000000 00:00 0 
7f0c6421b000-7f0c643eb000 r--s 03c5c000 08:06 10630408                   /usr/lib/jvm/java-8-openjdk-amd64/jre/lib/rt.jar
7f0c643eb000-7f0c645bc000 rw-p 00000000 00:00 0 
7f0c645bc000-7f0c645bd000 ---p 00000000 00:00 0 
7f0c645bd000-7f0c646bd000 rw-p 00000000 00:00 0 
7f0c646bd000-7f0c646be000 ---p 00000000 00:00 0 
7f0c646be000-7f0c647be000 rw-p 00000000 00:00 0 
7f0c647be000-7f0c647bf000 ---p 00000000 00:00 0 
7f0c647bf000-7f0c648bf000 rw-p 00000000 00:00 0 
7f0c648bf000-7f0c648c0000 ---p 00000000 00:00 0 
7f0c648c0000-7f0c649c0000 rw-p 00000000 00:00 0 
7f0c649c0000-7f0c649c1000 ---p 00000000 00:00 0 
7f0c649c1000-7f0c64ac1000 rw-p 00000000 00:00 0 
7f0c64ac1000-7f0c64ac2000 ---p 00000000 00:00 0 
7f0c64ac2000-7f0c64bc2000 rw-p 00000000 00:00 0 
7f0c64bc2000-7f0c64bc3000 ---p 00000000 00:00 0 
7f0c64bc3000-7f0c64cc3000 rw-p 00000000 00:00 0 
7f0c64cc3000-7f0c64cc4000 ---p 00000000 00:00 0 
7f0c64cc4000-7f0c64dd7000 rw-p 00000000 00:00 0 
7f0c64dd7000-7f0c64e6e000 ---p 00000000 00:00 0 
7f0c64e6e000-7f0c64eb3000 rw-p 00000000 00:00 0 
7f0c64eb3000-7f0c64ec4000 ---p 00000000 00:00 0 
7f0c64ec4000-7f0c64ecf000 rw-p 00000000 00:00 0 
7f0c64ecf000-7f0c65285000 ---p 00000000 00:00 0 
7f0c65285000-7f0c6528d000 r-xp 00000000 08:06 10627678                   /usr/lib/jvm/java-8-openjdk-amd64/jre/lib/amd64/libzip.so
7f0c6528d000-7f0c6548c000 ---p 00008000 08:06 10627678                   /usr/lib/jvm/java-8-openjdk-amd64/jre/lib/amd64/libzip.so
7f0c6548c000-7f0c6548d000 r--p 00007000 08:06 10627678                   /usr/lib/jvm/java-8-openjdk-amd64/jre/lib/amd64/libzip.so
7f0c6548d000-7f0c6548e000 rw-p 00008000 08:06 10627678                   /usr/lib/jvm/java-8-openjdk-amd64/jre/lib/amd64/libzip.so
7f0c6548e000-7f0c65499000 r-xp 00000000 08:06 10359556                   /lib/x86_64-linux-gnu/libnss_files-2.27.so
7f0c65499000-7f0c65698000 ---p 0000b000 08:06 10359556                   /lib/x86_64-linux-gnu/libnss_files-2.27.so
7f0c65698000-7f0c65699000 r--p 0000a000 08:06 10359556                   /lib/x86_64-linux-gnu/libnss_files-2.27.so
7f0c65699000-7f0c6569a000 rw-p 0000b000 08:06 10359556                   /lib/x86_64-linux-gnu/libnss_files-2.27.so
7f0c6569a000-7f0c656a0000 rw-p 00000000 00:00 0 
7f0c656a0000-7f0c656b7000 r-xp 00000000 08:06 10359550                   /lib/x86_64-linux-gnu/libnsl-2.27.so
7f0c656b7000-7f0c658b6000 ---p 00017000 08:06 10359550                   /lib/x86_64-linux-gnu/libnsl-2.27.so
7f0c658b6000-7f0c658b7000 r--p 00016000 08:06 10359550                   /lib/x86_64-linux-gnu/libnsl-2.27.so
7f0c658b7000-7f0c658b8000 rw-p 00017000 08:06 10359550                   /lib/x86_64-linux-gnu/libnsl-2.27.so
7f0c658b8000-7f0c658ba000 rw-p 00000000 00:00 0 
7f0c658ba000-7f0c658c5000 r-xp 00000000 08:06 10359567                   /lib/x86_64-linux-gnu/libnss_nis-2.27.so
7f0c658c5000-7f0c65ac4000 ---p 0000b000 08:06 10359567                   /lib/x86_64-linux-gnu/libnss_nis-2.27.so
7f0c65ac4000-7f0c65ac5000 r--p 0000a000 08:06 10359567                   /lib/x86_64-linux-gnu/libnss_nis-2.27.so
7f0c65ac5000-7f0c65ac6000 rw-p 0000b000 08:06 10359567                   /lib/x86_64-linux-gnu/libnss_nis-2.27.so
7f0c65ac6000-7f0c65ace000 r-xp 00000000 08:06 10359552                   /lib/x86_64-linux-gnu/libnss_compat-2.27.so
7f0c65ace000-7f0c65cce000 ---p 00008000 08:06 10359552                   /lib/x86_64-linux-gnu/libnss_compat-2.27.so
7f0c65cce000-7f0c65ccf000 r--p 00008000 08:06 10359552                   /lib/x86_64-linux-gnu/libnss_compat-2.27.so
7f0c65ccf000-7f0c65cd0000 rw-p 00009000 08:06 10359552                   /lib/x86_64-linux-gnu/libnss_compat-2.27.so
7f0c65cd0000-7f0c65cfa000 r-xp 00000000 08:06 10626641                   /usr/lib/jvm/java-8-openjdk-amd64/jre/lib/amd64/libjava.so
7f0c65cfa000-7f0c65ef9000 ---p 0002a000 08:06 10626641                   /usr/lib/jvm/java-8-openjdk-amd64/jre/lib/amd64/libjava.so
7f0c65ef9000-7f0c65efa000 r--p 00029000 08:06 10626641                   /usr/lib/jvm/java-8-openjdk-amd64/jre/lib/amd64/libjava.so
7f0c65efa000-7f0c65efc000 rw-p 0002a000 08:06 10626641                   /usr/lib/jvm/java-8-openjdk-amd64/jre/lib/amd64/libjava.so
7f0c65efc000-7f0c65f0c000 r-xp 00000000 08:06 10627129                   /usr/lib/jvm/java-8-openjdk-amd64/jre/lib/amd64/libverify.so
7f0c65f0c000-7f0c6610b000 ---p 00010000 08:06 10627129                   /usr/lib/jvm/java-8-openjdk-amd64/jre/lib/amd64/libverify.so
7f0c6610b000-7f0c6610d000 r--p 0000f000 08:06 10627129                   /usr/lib/jvm/java-8-openjdk-amd64/jre/lib/amd64/libverify.so
7f0c6610d000-7f0c6610e000 rw-p 00011000 08:06 10627129                   /usr/lib/jvm/java-8-openjdk-amd64/jre/lib/amd64/libverify.so
7f0c6610e000-7f0c66115000 r-xp 00000000 08:06 10359607                   /lib/x86_64-linux-gnu/librt-2.27.so
7f0c66115000-7f0c66314000 ---p 00007000 08:06 10359607                   /lib/x86_64-linux-gnu/librt-2.27.so
7f0c66314000-7f0c66315000 r--p 00006000 08:06 10359607                   /lib/x86_64-linux-gnu/librt-2.27.so
7f0c66315000-7f0c66316000 rw-p 00007000 08:06 10359607                   /lib/x86_64-linux-gnu/librt-2.27.so
7f0c66316000-7f0c6632d000 r-xp 00000000 08:06 10359358                   /lib/x86_64-linux-gnu/libgcc_s.so.1
7f0c6632d000-7f0c6652c000 ---p 00017000 08:06 10359358                   /lib/x86_64-linux-gnu/libgcc_s.so.1
7f0c6652c000-7f0c6652d000 r--p 00016000 08:06 10359358                   /lib/x86_64-linux-gnu/libgcc_s.so.1
7f0c6652d000-7f0c6652e000 rw-p 00017000 08:06 10359358                   /lib/x86_64-linux-gnu/libgcc_s.so.1
7f0c6652e000-7f0c666cb000 r-xp 00000000 08:06 10359529                   /lib/x86_64-linux-gnu/libm-2.27.so
7f0c666cb000-7f0c668ca000 ---p 0019d000 08:06 10359529                   /lib/x86_64-linux-gnu/libm-2.27.so
7f0c668ca000-7f0c668cb000 r--p 0019c000 08:06 10359529                   /lib/x86_64-linux-gnu/libm-2.27.so
7f0c668cb000-7f0c668cc000 rw-p 0019d000 08:06 10359529                   /lib/x86_64-linux-gnu/libm-2.27.so
7f0c668cc000-7f0c66a45000 r-xp 00000000 08:06 10623012                   /usr/lib/x86_64-linux-gnu/libstdc++.so.6.0.25
7f0c66a45000-7f0c66c45000 ---p 00179000 08:06 10623012                   /usr/lib/x86_64-linux-gnu/libstdc++.so.6.0.25
7f0c66c45000-7f0c66c4f000 r--p 00179000 08:06 10623012                   /usr/lib/x86_64-linux-gnu/libstdc++.so.6.0.25
7f0c66c4f000-7f0c66c51000 rw-p 00183000 08:06 10623012                   /usr/lib/x86_64-linux-gnu/libstdc++.so.6.0.25
7f0c66c51000-7f0c66c55000 rw-p 00000000 00:00 0 
7f0c66c55000-7f0c678f4000 r-xp 00000000 08:06 10627685                   /usr/lib/jvm/java-8-openjdk-amd64/jre/lib/amd64/server/libjvm.so
7f0c678f4000-7f0c67af4000 ---p 00c9f000 08:06 10627685                   /usr/lib/jvm/java-8-openjdk-amd64/jre/lib/amd64/server/libjvm.so
7f0c67af4000-7f0c67b88000 r--p 00c9f000 08:06 10627685                   /usr/lib/jvm/java-8-openjdk-amd64/jre/lib/amd64/server/libjvm.so
7f0c67b88000-7f0c67bb1000 rw-p 00d33000 08:06 10627685                   /usr/lib/jvm/java-8-openjdk-amd64/jre/lib/amd64/server/libjvm.so
7f0c67bb1000-7f0c67be1000 rw-p 00000000 00:00 0 
7f0c67be1000-7f0c67bfb000 r-xp 00000000 08:06 10359599                   /lib/x86_64-linux-gnu/libpthread-2.27.so
7f0c67bfb000-7f0c67dfa000 ---p 0001a000 08:06 10359599                   /lib/x86_64-linux-gnu/libpthread-2.27.so
7f0c67dfa000-7f0c67dfb000 r--p 00019000 08:06 10359599                   /lib/x86_64-linux-gnu/libpthread-2.27.so
7f0c67dfb000-7f0c67dfc000 rw-p 0001a000 08:06 10359599                   /lib/x86_64-linux-gnu/libpthread-2.27.so
7f0c67dfc000-7f0c67e00000 rw-p 00000000 00:00 0 
7f0c67e00000-7f0c67e03000 r-xp 00000000 08:06 10359489                   /lib/x86_64-linux-gnu/libdl-2.27.so
7f0c67e03000-7f0c68002000 ---p 00003000 08:06 10359489                   /lib/x86_64-linux-gnu/libdl-2.27.so
7f0c68002000-7f0c68003000 r--p 00002000 08:06 10359489                   /lib/x86_64-linux-gnu/libdl-2.27.so
7f0c68003000-7f0c68004000 rw-p 00003000 08:06 10359489                   /lib/x86_64-linux-gnu/libdl-2.27.so
7f0c68004000-7f0c68020000 r-xp 00000000 08:06 10359638                   /lib/x86_64-linux-gnu/libz.so.1.2.11
7f0c68020000-7f0c6821f000 ---p 0001c000 08:06 10359638                   /lib/x86_64-linux-gnu/libz.so.1.2.11
7f0c6821f000-7f0c68220000 r--p 0001b000 08:06 10359638                   /lib/x86_64-linux-gnu/libz.so.1.2.11
7f0c68220000-7f0c68221000 rw-p 0001c000 08:06 10359638                   /lib/x86_64-linux-gnu/libz.so.1.2.11
7f0c68221000-7f0c68408000 r-xp 00000000 08:06 10359466                   /lib/x86_64-linux-gnu/libc-2.27.so
7f0c68408000-7f0c68608000 ---p 001e7000 08:06 10359466                   /lib/x86_64-linux-gnu/libc-2.27.so
7f0c68608000-7f0c6860c000 r--p 001e7000 08:06 10359466                   /lib/x86_64-linux-gnu/libc-2.27.so
7f0c6860c000-7f0c6860e000 rw-p 001eb000 08:06 10359466                   /lib/x86_64-linux-gnu/libc-2.27.so
7f0c6860e000-7f0c68612000 rw-p 00000000 00:00 0 
7f0c68612000-7f0c68620000 r-xp 00000000 08:06 10619879                   /usr/lib/jvm/java-8-openjdk-amd64/jre/lib/amd64/jli/libjli.so
7f0c68620000-7f0c6881f000 ---p 0000e000 08:06 10619879                   /usr/lib/jvm/java-8-openjdk-amd64/jre/lib/amd64/jli/libjli.so
7f0c6881f000-7f0c68820000 r--p 0000d000 08:06 10619879                   /usr/lib/jvm/java-8-openjdk-amd64/jre/lib/amd64/jli/libjli.so
7f0c68820000-7f0c68821000 rw-p 0000e000 08:06 10619879                   /usr/lib/jvm/java-8-openjdk-amd64/jre/lib/amd64/jli/libjli.so
7f0c68821000-7f0c68848000 r-xp 00000000 08:06 10359438                   /lib/x86_64-linux-gnu/ld-2.27.so
7f0c68848000-7f0c68849000 r--s 00000000 08:06 5243258                    /var/cache/fontconfig/f6e6e0a5c3d2f6ae0c0c2e0ecd42a997-le64.cache-7
7f0c68849000-7f0c6884c000 r--s 00039000 08:06 10627717                   /usr/lib/jvm/java-8-openjdk-amd64/jre/lib/ext/sunpkcs11.jar
7f0c6884c000-7f0c6884f000 r--s 0000f000 08:06 10627711                   /usr/lib/jvm/java-8-openjdk-amd64/jre/lib/ext/icedtea-sound.jar
7f0c6884f000-7f0c68854000 r--s 0003c000 08:06 10627716                   /usr/lib/jvm/java-8-openjdk-amd64/jre/lib/ext/sunjce_provider.jar
7f0c68854000-7f0c68856000 r--s 00007000 08:06 11147219                   /usr/share/java/java-atk-wrapper.jar
7f0c68856000-7f0c68891000 rw-p 00000000 00:00 0 
7f0c68891000-7f0c68929000 ---p 00000000 00:00 0 
7f0c68929000-7f0c6892a000 ---p 00000000 00:00 0 
7f0c6892a000-7f0c6892d000 ---p 00000000 00:00 0 
7f0c6892d000-7f0c68a2c000 rw-p 00000000 00:00 0 
7f0c68a2c000-7f0c68a2d000 r--s 00000000 08:06 5243212                    /var/cache/fontconfig/4b2eda6bb976bda485cb2176619421d5-le64.cache-7
7f0c68a2d000-7f0c68a2e000 r--s 0000a000 08:06 10627712                   /usr/lib/jvm/java-8-openjdk-amd64/jre/lib/ext/jaccess.jar
7f0c68a2e000-7f0c68a2f000 r--s 0000d000 08:06 10627715                   /usr/lib/jvm/java-8-openjdk-amd64/jre/lib/ext/sunec.jar
7f0c68a2f000-7f0c68a30000 r--s 00010000 08:06 10627718                   /usr/lib/jvm/java-8-openjdk-amd64/jre/lib/ext/zipfs.jar
7f0c68a30000-7f0c68a32000 r--s 00001000 08:06 10627710                   /usr/lib/jvm/java-8-openjdk-amd64/jre/lib/ext/dnsns.jar
7f0c68a32000-7f0c68a3c000 rw-p 00000000 00:00 0 
7f0c68a3c000-7f0c68a44000 rw-s 00000000 08:06 1441967                    /tmp/hsperfdata_root/5927
7f0c68a44000-7f0c68a45000 rw-p 00000000 00:00 0 
7f0c68a45000-7f0c68a46000 r--p 00000000 00:00 0 
7f0c68a46000-7f0c68a48000 rw-p 00000000 00:00 0 
7f0c68a48000-7f0c68a49000 r--p 00027000 08:06 10359438                   /lib/x86_64-linux-gnu/ld-2.27.so
7f0c68a49000-7f0c68a4a000 rw-p 00028000 08:06 10359438                   /lib/x86_64-linux-gnu/ld-2.27.so
7f0c68a4a000-7f0c68a4b000 rw-p 00000000 00:00 0 
7ffc86e19000-7ffc86e3a000 rw-p 00000000 00:00 0                          [stack]
7ffc86ea8000-7ffc86eab000 r--p 00000000 00:00 0                          [vvar]
7ffc86eab000-7ffc86ead000 r-xp 00000000 00:00 0                          [vdso]
ffffffffff600000-ffffffffff601000 r-xp 00000000 00:00 0                  [vsyscall]

VM Arguments:
jvm_args: -Djava.compiler=NONE -Xmx512m -Duser.language=en 
java_command: se.sics.cooja.GUI
java_class_path (initial): /home/sneha/contiki-2.7/tools/cooja/build:/home/sneha/contiki-2.7/tools/cooja/lib/jdom.jar:/home/sneha/contiki-2.7/tools/cooja/lib/log4j.jar:/home/sneha/contiki-2.7/tools/cooja/lib/jsyntaxpane.jar
Launcher Type: SUN_STANDARD

Environment Variables:
JAVA_HOME=/usr/lib/jvm/java-8-openjdk-amd64
PATH=/usr/local/sbin:/usr/local/bin:/usr/sbin:/usr/bin:/sbin:/bin:/snap/bin
USERNAME=root
LD_LIBRARY_PATH=.
SHELL=/bin/bash
DISPLAY=:0

Signal Handlers:
SIGSEGV: [libjvm.so+0xab92f0], sa_mask[0]=11111111011111111101111111111110, sa_flags=SA_RESTART|SA_SIGINFO
SIGBUS: [libjvm.so+0xab92f0], sa_mask[0]=11111111011111111101111111111110, sa_flags=SA_RESTART|SA_SIGINFO
SIGFPE: [libjvm.so+0x8ee560], sa_mask[0]=11111111011111111101111111111110, sa_flags=SA_RESTART|SA_SIGINFO
SIGPIPE: [libjvm.so+0x8ee560], sa_mask[0]=11111111011111111101111111111110, sa_flags=SA_RESTART|SA_SIGINFO
SIGXFSZ: [libjvm.so+0x8ee560], sa_mask[0]=11111111011111111101111111111110, sa_flags=SA_RESTART|SA_SIGINFO
SIGILL: [libjvm.so+0x8ee560], sa_mask[0]=11111111011111111101111111111110, sa_flags=SA_RESTART|SA_SIGINFO
SIGUSR1: SIG_DFL, sa_mask[0]=00000000000000000000000000000000, sa_flags=none
SIGUSR2: [libjvm.so+0x8ee410], sa_mask[0]=00100000000000000000000000000000, sa_flags=SA_RESTART|SA_SIGINFO
SIGHUP: [libjvm.so+0x8eea80], sa_mask[0]=11111111011111111101111111111110, sa_flags=SA_RESTART|SA_SIGINFO
SIGINT: [libjvm.so+0x8eea80], sa_mask[0]=11111111011111111101111111111110, sa_flags=SA_RESTART|SA_SIGINFO
SIGTERM: [libjvm.so+0x8eea80], sa_mask[0]=11111111011111111101111111111110, sa_flags=SA_RESTART|SA_SIGINFO
SIGQUIT: [libjvm.so+0x8eea80], sa_mask[0]=11111111011111111101111111111110, sa_flags=SA_RESTART|SA_SIGINFO


---------------  S Y S T E M  ---------------

OS:DISTRIB_ID=Ubuntu
DISTRIB_RELEASE=18.04
DISTRIB_CODENAME=bionic
DISTRIB_DESCRIPTION="Ubuntu 18.04.3 LTS"

uname:Linux 4.15.0-58-generic #64-Ubuntu SMP Tue Aug 6 11:12:41 UTC 2019 x86_64
libc:glibc 2.27 NPTL 2.27 
rlimit: STACK 8192k, CORE infinity, NPROC 30810, NOFILE 4096, AS infinity
load average:0.94 0.43 0.56

/proc/meminfo:
MemTotal:        8053424 kB
MemFree:          175780 kB
MemAvailable:    1946544 kB
Buffers:          413824 kB
Cached:          2191200 kB
SwapCached:        13084 kB
Active:          5748104 kB
Inactive:        1551012 kB
Active(anon):    4585976 kB
Inactive(anon):   874052 kB
Active(file):    1162128 kB
Inactive(file):   676960 kB
Unevictable:          48 kB
Mlocked:              48 kB
SwapTotal:       2097148 kB
SwapFree:        2008316 kB
Dirty:              1480 kB
Writeback:             0 kB
AnonPages:       4679180 kB
Mapped:           597144 kB
Shmem:            765936 kB
Slab:             335392 kB
SReclaimable:     234696 kB
SUnreclaim:       100696 kB
KernelStack:       20768 kB
PageTables:       108852 kB
NFS_Unstable:          0 kB
Bounce:                0 kB
WritebackTmp:          0 kB
CommitLimit:     6123860 kB
Committed_AS:   17393076 kB
VmallocTotal:   34359738367 kB
VmallocUsed:           0 kB
VmallocChunk:          0 kB
HardwareCorrupted:     0 kB
AnonHugePages:         0 kB
ShmemHugePages:        0 kB
ShmemPmdMapped:        0 kB
CmaTotal:              0 kB
CmaFree:               0 kB
HugePages_Total:       0
HugePages_Free:        0
HugePages_Rsvd:        0
HugePages_Surp:        0
Hugepagesize:       2048 kB
DirectMap4k:      582268 kB
DirectMap2M:     7692288 kB
DirectMap1G:     1048576 kB

container (cgroup) information:
container_type: cgroupv1
cpu_cpuset_cpus: 0-7
cpu_memory_nodes: 0
active_processor_count: 8
cpu_quota: -1
cpu_period: 100000
cpu_shares: -1
memory_limit_in_bytes: -1
memory_and_swap_limit_in_bytes: -2
memory_soft_limit_in_bytes: -1
memory_usage_in_bytes: 7474462720
memory_max_usage_in_bytes: 432873472


CPU:total 8 (initial active 8) (4 cores per cpu, 2 threads per core) family 6 model 158 stepping 9, cmov, cx8, fxsr, mmx, sse, sse2, sse3, ssse3, sse4.1, sse4.2, popcnt, avx, avx2, aes, clmul, erms, rtm, 3dnowpref, lzcnt, ht, tsc, tscinvbit, bmi1, bmi2, adx

/proc/cpuinfo:
processor	: 0
vendor_id	: GenuineIntel
cpu family	: 6
model		: 158
model name	: Intel(R) Core(TM) i7-7700 CPU @ 3.60GHz
stepping	: 9
microcode	: 0xb4
cpu MHz		: 3988.757
cache size	: 8192 KB
physical id	: 0
siblings	: 8
core id		: 0
cpu cores	: 4
apicid		: 0
initial apicid	: 0
fpu		: yes
fpu_exception	: yes
cpuid level	: 22
wp		: yes
flags		: fpu vme de pse tsc msr pae mce cx8 apic sep mtrr pge mca cmov pat pse36 clflush dts acpi mmx fxsr sse sse2 ss ht tm pbe syscall nx pdpe1gb rdtscp lm constant_tsc art arch_perfmon pebs bts rep_good nopl xtopology nonstop_tsc cpuid aperfmperf tsc_known_freq pni pclmulqdq dtes64 monitor ds_cpl vmx smx est tm2 ssse3 sdbg fma cx16 xtpr pdcm pcid sse4_1 sse4_2 x2apic movbe popcnt tsc_deadline_timer aes xsave avx f16c rdrand lahf_lm abm 3dnowprefetch cpuid_fault epb invpcid_single pti ssbd ibrs ibpb stibp tpr_shadow vnmi flexpriority ept vpid fsgsbase tsc_adjust bmi1 hle avx2 smep bmi2 erms invpcid rtm mpx rdseed adx smap clflushopt intel_pt xsaveopt xsavec xgetbv1 xsaves dtherm ida arat pln pts hwp hwp_notify hwp_act_window hwp_epp md_clear flush_l1d
bugs		: cpu_meltdown spectre_v1 spectre_v2 spec_store_bypass l1tf mds swapgs
bogomips	: 7200.00
clflush size	: 64
cache_alignment	: 64
address sizes	: 39 bits physical, 48 bits virtual
power management:

processor	: 1
vendor_id	: GenuineIntel
cpu family	: 6
model		: 158
model name	: Intel(R) Core(TM) i7-7700 CPU @ 3.60GHz
stepping	: 9
microcode	: 0xb4
cpu MHz		: 4073.414
cache size	: 8192 KB
physical id	: 0
siblings	: 8
core id		: 1
cpu cores	: 4
apicid		: 2
initial apicid	: 2
fpu		: yes
fpu_exception	: yes
cpuid level	: 22
wp		: yes
flags		: fpu vme de pse tsc msr pae mce cx8 apic sep mtrr pge mca cmov pat pse36 clflush dts acpi mmx fxsr sse sse2 ss ht tm pbe syscall nx pdpe1gb rdtscp lm constant_tsc art arch_perfmon pebs bts rep_good nopl xtopology nonstop_tsc cpuid aperfmperf tsc_known_freq pni pclmulqdq dtes64 monitor ds_cpl vmx smx est tm2 ssse3 sdbg fma cx16 xtpr pdcm pcid sse4_1 sse4_2 x2apic movbe popcnt tsc_deadline_timer aes xsave avx f16c rdrand lahf_lm abm 3dnowprefetch cpuid_fault epb invpcid_single pti ssbd ibrs ibpb stibp tpr_shadow vnmi flexpriority ept vpid fsgsbase tsc_adjust bmi1 hle avx2 smep bmi2 erms invpcid rtm mpx rdseed adx smap clflushopt intel_pt xsaveopt xsavec xgetbv1 xsaves dtherm ida arat pln pts hwp hwp_notify hwp_act_window hwp_epp md_clear flush_l1d
bugs		: cpu_meltdown spectre_v1 spectre_v2 spec_store_bypass l1tf mds swapgs
bogomips	: 7200.00
clflush size	: 64
cache_alignment	: 64
address sizes	: 39 bits physical, 48 bits virtual
power management:

processor	: 2
vendor_id	: GenuineIntel
cpu family	: 6
model		: 158
model name	: Intel(R) Core(TM) i7-7700 CPU @ 3.60GHz
stepping	: 9
microcode	: 0xb4
cpu MHz		: 3958.437
cache size	: 8192 KB
physical id	: 0
siblings	: 8
core id		: 2
cpu cores	: 4
apicid		: 4
initial apicid	: 4
fpu		: yes
fpu_exception	: yes
cpuid level	: 22
wp		: yes
flags		: fpu vme de pse tsc msr pae mce cx8 apic sep mtrr pge mca cmov pat pse36 clflush dts acpi mmx fxsr sse sse2 ss ht tm pbe syscall nx pdpe1gb rdtscp lm constant_tsc art arch_perfmon pebs bts rep_good nopl xtopology nonstop_tsc cpuid aperfmperf tsc_known_freq pni pclmulqdq dtes64 monitor ds_cpl vmx smx est tm2 ssse3 sdbg fma cx16 xtpr pdcm pcid sse4_1 sse4_2 x2apic movbe popcnt tsc_deadline_timer aes xsave avx f16c rdrand lahf_lm abm 3dnowprefetch cpuid_fault epb invpcid_single pti ssbd ibrs ibpb stibp tpr_shadow vnmi flexpriority ept vpid fsgsbase tsc_adjust bmi1 hle avx2 smep bmi2 erms invpcid rtm mpx rdseed adx smap clflushopt intel_pt xsaveopt xsavec xgetbv1 xsaves dtherm ida arat pln pts hwp hwp_notify hwp_act_window hwp_epp md_clear flush_l1d
bugs		: cpu_meltdown spectre_v1 spectre_v2 spec_store_bypass l1tf mds swapgs
bogomips	: 7200.00
clflush size	: 64
cache_alignment	: 64
address sizes	: 39 bits physical, 48 bits virtual
power management:

processor	: 3
vendor_id	: GenuineIntel
cpu family	: 6
model		: 158
model name	: Intel(R) Core(TM) i7-7700 CPU @ 3.60GHz
stepping	: 9
microcode	: 0xb4
cpu MHz		: 4039.805
cache size	: 8192 KB
physical id	: 0
siblings	: 8
core id		: 3
cpu cores	: 4
apicid		: 6
initial apicid	: 6
fpu		: yes
fpu_exception	: yes
cpuid level	: 22
wp		: yes
flags		: fpu vme de pse tsc msr pae mce cx8 apic sep mtrr pge mca cmov pat pse36 clflush dts acpi mmx fxsr sse sse2 ss ht tm pbe syscall nx pdpe1gb rdtscp lm constant_tsc art arch_perfmon pebs bts rep_good nopl xtopology nonstop_tsc cpuid aperfmperf tsc_known_freq pni pclmulqdq dtes64 monitor ds_cpl vmx smx est tm2 ssse3 sdbg fma cx16 xtpr pdcm pcid sse4_1 sse4_2 x2apic movbe popcnt tsc_deadline_timer aes xsave avx f16c rdrand lahf_lm abm 3dnowprefetch cpuid_fault epb invpcid_single pti ssbd ibrs ibpb stibp tpr_shadow vnmi flexpriority ept vpid fsgsbase tsc_adjust bmi1 hle avx2 smep bmi2 erms invpcid rtm mpx rdseed adx smap clflushopt intel_pt xsaveopt xsavec xgetbv1 xsaves dtherm ida arat pln pts hwp hwp_notify hwp_act_window hwp_epp md_clear flush_l1d
bugs		: cpu_meltdown spectre_v1 spectre_v2 spec_store_bypass l1tf mds swapgs
bogomips	: 7200.00
clflush size	: 64
cache_alignment	: 64
address sizes	: 39 bits physical, 48 bits virtual
power management:

processor	: 4
vendor_id	: GenuineIntel
cpu family	: 6
model		: 158
model name	: Intel(R) Core(TM) i7-7700 CPU @ 3.60GHz
stepping	: 9
microcode	: 0xb4
cpu MHz		: 3882.708
cache size	: 8192 KB
physical id	: 0
siblings	: 8
core id		: 0
cpu cores	: 4
apicid		: 1
initial apicid	: 1
fpu		: yes
fpu_exception	: yes
cpuid level	: 22
wp		: yes
flags		: fpu vme de pse tsc msr pae mce cx8 apic sep mtrr pge mca cmov pat pse36 clflush dts acpi mmx fxsr sse sse2 ss ht tm pbe syscall nx pdpe1gb rdtscp lm constant_tsc art arch_perfmon pebs bts rep_good nopl xtopology nonstop_tsc cpuid aperfmperf tsc_known_freq pni pclmulqdq dtes64 monitor ds_cpl vmx smx est tm2 ssse3 sdbg fma cx16 xtpr pdcm pcid sse4_1 sse4_2 x2apic movbe popcnt tsc_deadline_timer aes xsave avx f16c rdrand lahf_lm abm 3dnowprefetch cpuid_fault epb invpcid_single pti ssbd ibrs ibpb stibp tpr_shadow vnmi flexpriority ept vpid fsgsbase tsc_adjust bmi1 hle avx2 smep bmi2 erms invpcid rtm mpx rdseed adx smap clflushopt intel_pt xsaveopt xsavec xgetbv1 xsaves dtherm ida arat pln pts hwp hwp_notify hwp_act_window hwp_epp md_clear flush_l1d
bugs		: cpu_meltdown spectre_v1 spectre_v2 spec_store_bypass l1tf mds swapgs
bogomips	: 7200.00
clflush size	: 64
cache_alignment	: 64
address sizes	: 39 bits physical, 48 bits virtual
power management:

processor	: 5
vendor_id	: GenuineIntel
cpu family	: 6
model		: 158
model name	: Intel(R) Core(TM) i7-7700 CPU @ 3.60GHz
stepping	: 9
microcode	: 0xb4
cpu MHz		: 4076.927
cache size	: 8192 KB
physical id	: 0
siblings	: 8
core id		: 1
cpu cores	: 4
apicid		: 3
initial apicid	: 3
fpu		: yes
fpu_exception	: yes
cpuid level	: 22
wp		: yes
flags		: fpu vme de pse tsc msr pae mce cx8 apic sep mtrr pge mca cmov pat pse36 clflush dts acpi mmx fxsr sse sse2 ss ht tm pbe syscall nx pdpe1gb rdtscp lm constant_tsc art arch_perfmon pebs bts rep_good nopl xtopology nonstop_tsc cpuid aperfmperf tsc_known_freq pni pclmulqdq dtes64 monitor ds_cpl vmx smx est tm2 ssse3 sdbg fma cx16 xtpr pdcm pcid sse4_1 sse4_2 x2apic movbe popcnt tsc_deadline_timer aes xsave avx f16c rdrand lahf_lm abm 3dnowprefetch cpuid_fault epb invpcid_single pti ssbd ibrs ibpb stibp tpr_shadow vnmi flexpriority ept vpid fsgsbase tsc_adjust bmi1 hle avx2 smep bmi2 erms invpcid rtm mpx rdseed adx smap clflushopt intel_pt xsaveopt xsavec xgetbv1 xsaves dtherm ida arat pln pts hwp hwp_notify hwp_act_window hwp_epp md_clear flush_l1d
bugs		: cpu_meltdown spectre_v1 spectre_v2 spec_store_bypass l1tf mds swapgs
bogomips	: 7200.00
clflush size	: 64
cache_alignment	: 64
address sizes	: 39 bits physical, 48 bits virtual
power management:

processor	: 6
vendor_id	: GenuineIntel
cpu family	: 6
model		: 158
model name	: Intel(R) Core(TM) i7-7700 CPU @ 3.60GHz
stepping	: 9
microcode	: 0xb4
cpu MHz		: 3921.312
cache size	: 8192 KB
physical id	: 0
siblings	: 8
core id		: 2
cpu cores	: 4
apicid		: 5
initial apicid	: 5
fpu		: yes
fpu_exception	: yes
cpuid level	: 22
wp		: yes
flags		: fpu vme de pse tsc msr pae mce cx8 apic sep mtrr pge mca cmov pat pse36 clflush dts acpi mmx fxsr sse sse2 ss ht tm pbe syscall nx pdpe1gb rdtscp lm constant_tsc art arch_perfmon pebs bts rep_good nopl xtopology nonstop_tsc cpuid aperfmperf tsc_known_freq pni pclmulqdq dtes64 monitor ds_cpl vmx smx est tm2 ssse3 sdbg fma cx16 xtpr pdcm pcid sse4_1 sse4_2 x2apic movbe popcnt tsc_deadline_timer aes xsave avx f16c rdrand lahf_lm abm 3dnowprefetch cpuid_fault epb invpcid_single pti ssbd ibrs ibpb stibp tpr_shadow vnmi flexpriority ept vpid fsgsbase tsc_adjust bmi1 hle avx2 smep bmi2 erms invpcid rtm mpx rdseed adx smap clflushopt intel_pt xsaveopt xsavec xgetbv1 xsaves dtherm ida arat pln pts hwp hwp_notify hwp_act_window hwp_epp md_clear flush_l1d
bugs		: cpu_meltdown spectre_v1 spectre_v2 spec_store_bypass l1tf mds swapgs
bogomips	: 7200.00
clflush size	: 64
cache_alignment	: 64
address sizes	: 39 bits physical, 48 bits virtual
power management:

processor	: 7
vendor_id	: GenuineIntel
cpu family	: 6
model		: 158
model name	: Intel(R) Core(TM) i7-7700 CPU @ 3.60GHz
stepping	: 9
microcode	: 0xb4
cpu MHz		: 3943.629
cache size	: 8192 KB
physical id	: 0
siblings	: 8
core id		: 3
cpu cores	: 4
apicid		: 7
initial apicid	: 7
fpu		: yes
fpu_exception	: yes
cpuid level	: 22
wp		: yes
flags		: fpu vme de pse tsc msr pae mce cx8 apic sep mtrr pge mca cmov pat pse36 clflush dts acpi mmx fxsr sse sse2 ss ht tm pbe syscall nx pdpe1gb rdtscp lm constant_tsc art arch_perfmon pebs bts rep_good nopl xtopology nonstop_tsc cpuid aperfmperf tsc_known_freq pni pclmulqdq dtes64 monitor ds_cpl vmx smx est tm2 ssse3 sdbg fma cx16 xtpr pdcm pcid sse4_1 sse4_2 x2apic movbe popcnt tsc_deadline_timer aes xsave avx f16c rdrand lahf_lm abm 3dnowprefetch cpuid_fault epb invpcid_single pti ssbd ibrs ibpb stibp tpr_shadow vnmi flexpriority ept vpid fsgsbase tsc_adjust bmi1 hle avx2 smep bmi2 erms invpcid rtm mpx rdseed adx smap clflushopt intel_pt xsaveopt xsavec xgetbv1 xsaves dtherm ida arat pln pts hwp hwp_notify hwp_act_window hwp_epp md_clear flush_l1d
bugs		: cpu_meltdown spectre_v1 spectre_v2 spec_store_bypass l1tf mds swapgs
bogomips	: 7200.00
clflush size	: 64
cache_alignment	: 64
address sizes	: 39 bits physical, 48 bits virtual
power management:



Memory: 4k page, physical 8053424k(175656k free), swap 2097148k(2008316k free)

vm_info: OpenJDK 64-Bit Server VM (25.222-b10) for linux-amd64 JRE (1.8.0_222-8u222-b10-1ubuntu1~18.04.1-b10), built on Jul 18 2019 18:52:48 by "buildd" with gcc 7.4.0

time: Mon Sep 16 16:21:37 2019
timezone: IST
elapsed time: 54 seconds (0d 0h 0m 54s)

