#
# A fatal error has been detected by the Java Runtime Environment:
#
#  SIGSEGV (0xb) at pc=0x0000000000000000, pid=13196, tid=0x00007f4579654700
#
# JRE version: OpenJDK Runtime Environment (8.0_222-b10) (build 1.8.0_222-8u222-b10-1ubuntu1~18.04.1-b10)
# Java VM: OpenJDK 64-Bit Server VM (25.222-b10 interpreted mode linux-amd64 compressed oops)
# Problematic frame:
# C  0x0000000000000000
#
# Core dump written. Default location: /home/sneha/contiki-2.7/tools/cooja/build/core or core.13196
#
# If you would like to submit a bug report, please visit:
#   http://bugreport.java.com/bugreport/crash.jsp
# The crash happened outside the Java Virtual Machine in native code.
# See problematic frame for where to report the bug.
#

---------------  T H R E A D  ---------------

Current thread (0x00007f456c292800):  JavaThread "Thread-6" [_thread_in_native, id=13394, stack(0x00007f4579554000,0x00007f4579655000)]

siginfo: si_signo: 11 (SIGSEGV), si_code: 1 (SEGV_MAPERR), si_addr: 0x0000000000000000

Registers:
RAX=0x0000000000000000, RBX=0x00007f457944eaa0, RCX=0x00007f457945211a, RDX=0x00007f457944eb18
RSP=0x00007f457944d790, RBP=0x00007f457944d7c8, RSI=0x00007f457944eb18, RDI=0x0000000000000002
R8 =0x0000000000000080, R9 =0x00007f4579450468, R10=0x0000000000000003, R11=0x00007f45792337b4
R12=0x0000000000000000, R13=0x00007f4579c7bf00, R14=0x00007f45796537f8, R15=0x00007f456c292800
RIP=0x0000000000000000, EFLAGS=0x0000000000010202, CSGSFS=0x002b000000000033, ERR=0x0000000000000014
  TRAPNO=0x000000000000000e

Top of Stack: (sp=0x00007f457944d790)
0x00007f457944d790:   00007f4579230c17 0000008000000080
0x00007f457944d7a0:   0000000279450468 00000000000080fe
0x00007f457944d7b0:   0200020002000202 0000000300000040
0x00007f457944d7c0:   00007f457944eaa0 00007f457944d7f8
0x00007f457944d7d0:   00007f457923118b 00007f457944d7f8
0x00007f457944d7e0:   00007f457944e820 00007f4579451c80
0x00007f457944d7f0:   0000000000000000 00007f457944d858
0x00007f457944d800:   00007f457922dbb5 00007f457944d8f8
0x00007f457944d810:   00007f457944d8e8 00007f457944d848
0x00007f457944d820:   00007f457944e820 00007f457944dee0
0x00007f457944d830:   00007f45794499a0 000000000000aaaa
0x00007f457944d840:   0200020002000202 00007f457944d8a8
0x00007f457944d850:   136e36617890b500 00007f457944d8a8
0x00007f457944d860:   00007f457922e0aa 00007f457944d8f8
0x00007f457944d870:   00007f457944d8e8 00007f457944d8a8
0x00007f457944d880:   00007f4579233962 00007f457944e9b8
0x00007f457944d890:   00007f457944d958 0000000000000000
0x00007f457944d8a0:   00007f4568050440 00007f457944d978
0x00007f457944d8b0:   00007f457922f09b 0000000000000000
0x00007f457944d8c0:   0000007c087c0000 0000005e00000020
0x00007f457944d8d0:   00007f4579452448 00007f4579451ccc
0x00007f457944d8e0:   00007f457944e9b8 00000000000080fe
0x00007f457944d8f0:   0100010001000102 000000000000aaaa
0x00007f457944d900:   0100000000000000 0000020001000063
0x00007f457944d910:   ffffff0a0c080200 00007f4501000300
0x00007f457944d920:   0000ffff79230080 0000000000000000
0x00007f457944d930:   0000aaaa79450470 0000000000000000
0x00007f457944d940:   0000000000000000 00007f4579444040
0x00007f457944d950:   00007f457944d958 00007f457944e940
0x00007f457944d960:   000007b6000008e6 00000fff00001001
0x00007f457944d970:   136e36617890b500 00007f457944d988
0x00007f457944d980:   00007f457923008b 00007f457944d9c8 

Instructions: (pc=0x0000000000000000)
0xffffffffffffffe0:   

Register to memory mapping:

RAX=0x0000000000000000 is an unknown value
RBX=0x00007f457944eaa0: <offset 0x22daa0> in /home/sneha/contiki-2.7/examples/ipv6/rpl-fuzzy/obj_cooja/mtype237.cooja at 0x00007f4579221000
RCX=0x00007f457945211a: uip_ds6_if+0x5a in /home/sneha/contiki-2.7/examples/ipv6/rpl-fuzzy/obj_cooja/mtype237.cooja at 0x00007f4579221000
RDX=0x00007f457944eb18: <offset 0x22db18> in /home/sneha/contiki-2.7/examples/ipv6/rpl-fuzzy/obj_cooja/mtype237.cooja at 0x00007f4579221000
RSP=0x00007f457944d790: <offset 0x22c790> in /home/sneha/contiki-2.7/examples/ipv6/rpl-fuzzy/obj_cooja/mtype237.cooja at 0x00007f4579221000
RBP=0x00007f457944d7c8: <offset 0x22c7c8> in /home/sneha/contiki-2.7/examples/ipv6/rpl-fuzzy/obj_cooja/mtype237.cooja at 0x00007f4579221000
RSI=0x00007f457944eb18: <offset 0x22db18> in /home/sneha/contiki-2.7/examples/ipv6/rpl-fuzzy/obj_cooja/mtype237.cooja at 0x00007f4579221000
RDI=0x0000000000000002 is an unknown value
R8 =0x0000000000000080 is an unknown value
R9 =0x00007f4579450468: <offset 0x22f468> in /home/sneha/contiki-2.7/examples/ipv6/rpl-fuzzy/obj_cooja/mtype237.cooja at 0x00007f4579221000
R10=0x0000000000000003 is an unknown value
R11=0x00007f45792337b4: memb_free+0 in /home/sneha/contiki-2.7/examples/ipv6/rpl-fuzzy/obj_cooja/mtype237.cooja at 0x00007f4579221000
R12=0x0000000000000000 is an unknown value
R13={method} {0x00007f4579c7bf00} 'tick' '()V' in 'se/sics/cooja/corecomm/Lib2'
R14=0x00007f45796537f8 is pointing into the stack for thread: 0x00007f456c292800
R15=0x00007f456c292800 is a thread


Stack: [0x00007f4579554000,0x00007f4579655000],  sp=0x00007f457944d790,  free space=18014398509480933k
Java frames: (J=compiled Java code, j=interpreted, Vv=VM code)
j  se.sics.cooja.corecomm.Lib2.tick()V+0
j  se.sics.cooja.contikimote.ContikiMoteType.tick()V+4
j  se.sics.cooja.contikimote.ContikiMote.execute(J)V+63
j  se.sics.cooja.motes.AbstractWakeupMote$1.execute(J)V+5
j  se.sics.cooja.Simulation.run()V+184
j  java.lang.Thread.run()V+11
v  ~StubRoutines::call_stub

---------------  P R O C E S S  ---------------

Java Threads: ( => current thread )
=>0x00007f456c292800 JavaThread "Thread-6" [_thread_in_native, id=13394, stack(0x00007f4579554000,0x00007f4579655000)]
  0x00007f4568076800 JavaThread "read error stream thread" [_thread_in_native, id=13364, stack(0x00007f4578f20000,0x00007f4579021000)]
  0x00007f4568076000 JavaThread "read input stream thread" [_thread_in_native, id=13363, stack(0x00007f4579a88000,0x00007f4579b89000)]
  0x00007f4568052800 JavaThread "Thread-4" [_thread_blocked, id=13336, stack(0x00007f4579453000,0x00007f4579554000)]
  0x00007f456804b800 JavaThread "Thread-2" [_thread_blocked, id=13273, stack(0x00007f4579886000,0x00007f4579987000)]
  0x00007f4570003800 JavaThread "Thread-0" daemon [_thread_in_native, id=13222, stack(0x00007f457a38c000,0x00007f457ab8c000)]
  0x00007f456c095800 JavaThread "TimerQueue" daemon [_thread_blocked, id=13223, stack(0x00007f457a08a000,0x00007f457a18b000)]
  0x00007f45d800b800 JavaThread "DestroyJavaVM" [_thread_blocked, id=13197, stack(0x00007f45dfc24000,0x00007f45dfd24000)]
  0x00007f45d84d9000 JavaThread "AWT-EventQueue-1" [_thread_in_Java, id=13221, stack(0x00007f457ab8c000,0x00007f457ac8d000)]
  0x00007f45d847f000 JavaThread "AWT-Shutdown" [_thread_blocked, id=13220, stack(0x00007f457ac8d000,0x00007f457ad8e000)]
  0x00007f45d83f8000 JavaThread "process reaper" daemon [_thread_in_native, id=13219, stack(0x00007f45a8009000,0x00007f45a8042000)]
  0x00007f45d83d1000 JavaThread "AWT-XAWT" daemon [_thread_in_native, id=13217, stack(0x00007f458d7d6000,0x00007f458d8d7000)]
  0x00007f45d83b2000 JavaThread "Java2D Disposer" daemon [_thread_blocked, id=13216, stack(0x00007f458dce7000,0x00007f458dde8000)]
  0x00007f45d80c1800 JavaThread "Service Thread" daemon [_thread_blocked, id=13214, stack(0x00007f45a8191000,0x00007f45a8292000)]
  0x00007f45d80bf800 JavaThread "Signal Dispatcher" daemon [_thread_blocked, id=13213, stack(0x00007f45a8292000,0x00007f45a8393000)]
  0x00007f45d808d800 JavaThread "Finalizer" daemon [_thread_blocked, id=13212, stack(0x00007f45a8d62000,0x00007f45a8e63000)]
  0x00007f45d808b000 JavaThread "Reference Handler" daemon [_thread_blocked, id=13211, stack(0x00007f45a8e63000,0x00007f45a8f64000)]

Other Threads:
  0x00007f45d8081800 VMThread [stack: 0x00007f45a8f65000,0x00007f45a9065000] [id=13210]
  0x00007f45d80c4800 WatcherThread [stack: 0x00007f45a8091000,0x00007f45a8191000] [id=13215]

VM state:not at safepoint (normal execution)

VM Mutex/Monitor currently owned by a thread: None

heap address: 0x00000000e0000000, size: 512 MB, Compressed Oops mode: 32-bit
Narrow klass base: 0x0000000000000000, Narrow klass shift: 3
Compressed class space size: 1073741824 Address: 0x0000000100000000

Heap:
 PSYoungGen      total 30208K, used 22558K [0x00000000f5580000, 0x00000000f7700000, 0x0000000100000000)
  eden space 27136K, 81% used [0x00000000f5580000,0x00000000f6b2b478,0x00000000f7000000)
  from space 3072K, 12% used [0x00000000f7400000,0x00000000f745c6b8,0x00000000f7700000)
  to   space 3584K, 0% used [0x00000000f7000000,0x00000000f7000000,0x00000000f7380000)
 ParOldGen       total 84992K, used 7284K [0x00000000e0000000, 0x00000000e5300000, 0x00000000f5580000)
  object space 84992K, 8% used [0x00000000e0000000,0x00000000e071d1a0,0x00000000e5300000)
 Metaspace       used 21836K, capacity 22208K, committed 22528K, reserved 1069056K
  class space    used 3151K, capacity 3290K, committed 3328K, reserved 1048576K

Card table byte_map: [0x00007f45dc0be000,0x00007f45dc1bf000] byte_map_base: 0x00007f45db9be000

Marking Bits: (ParMarkBitMap*) 0x00007f45deebe360
 Begin Bits: [0x00007f45ab000000, 0x00007f45ab800000)
 End Bits:   [0x00007f45ab800000, 0x00007f45ac000000)

Polling page: 0x00007f45dfd3f000

CodeCache: size=245760Kb used=695Kb max_used=695Kb free=245064Kb
 bounds [0x00007f45c9000000, 0x00007f45c9270000, 0x00007f45d8000000]
 total_blobs=595 nmethods=0 adapters=562
 compilation: disabled (interpreter mode)

Compilation events (0 events):
No events

GC Heap History (10 events):
Event: 23.505 GC heap before
{Heap before GC invocations=11 (full 1):
 PSYoungGen      total 31744K, used 31476K [0x00000000f5580000, 0x00000000f7a80000, 0x0000000100000000)
  eden space 29696K, 100% used [0x00000000f5580000,0x00000000f7280000,0x00000000f7280000)
  from space 2048K, 86% used [0x00000000f7300000,0x00000000f74bd380,0x00000000f7500000)
  to   space 4096K, 0% used [0x00000000f7680000,0x00000000f7680000,0x00000000f7a80000)
 ParOldGen       total 84992K, used 5171K [0x00000000e0000000, 0x00000000e5300000, 0x00000000f5580000)
  object space 84992K, 6% used [0x00000000e0000000,0x00000000e050cd70,0x00000000e5300000)
 Metaspace       used 21522K, capacity 21888K, committed 22272K, reserved 1069056K
  class space    used 3095K, capacity 3226K, committed 3328K, reserved 1048576K
Event: 23.507 GC heap after
Heap after GC invocations=11 (full 1):
 PSYoungGen      total 32768K, used 768K [0x00000000f5580000, 0x00000000f7a00000, 0x0000000100000000)
  eden space 29184K, 0% used [0x00000000f5580000,0x00000000f5580000,0x00000000f7200000)
  from space 3584K, 21% used [0x00000000f7680000,0x00000000f7740000,0x00000000f7a00000)
  to   space 4096K, 0% used [0x00000000f7200000,0x00000000f7200000,0x00000000f7600000)
 ParOldGen       total 84992K, used 6380K [0x00000000e0000000, 0x00000000e5300000, 0x00000000f5580000)
  object space 84992K, 7% used [0x00000000e0000000,0x00000000e063b120,0x00000000e5300000)
 Metaspace       used 21522K, capacity 21888K, committed 22272K, reserved 1069056K
  class space    used 3095K, capacity 3226K, committed 3328K, reserved 1048576K
}
Event: 25.564 GC heap before
{Heap before GC invocations=12 (full 1):
 PSYoungGen      total 32768K, used 29952K [0x00000000f5580000, 0x00000000f7a00000, 0x0000000100000000)
  eden space 29184K, 100% used [0x00000000f5580000,0x00000000f7200000,0x00000000f7200000)
  from space 3584K, 21% used [0x00000000f7680000,0x00000000f7740000,0x00000000f7a00000)
  to   space 4096K, 0% used [0x00000000f7200000,0x00000000f7200000,0x00000000f7600000)
 ParOldGen       total 84992K, used 6380K [0x00000000e0000000, 0x00000000e5300000, 0x00000000f5580000)
  object space 84992K, 7% used [0x00000000e0000000,0x00000000e063b120,0x00000000e5300000)
 Metaspace       used 21659K, capacity 22016K, committed 22272K, reserved 1069056K
  class space    used 3122K, capacity 3226K, committed 3328K, reserved 1048576K
Event: 25.566 GC heap after
Heap after GC invocations=12 (full 1):
 PSYoungGen      total 29696K, used 544K [0x00000000f5580000, 0x00000000f7980000, 0x0000000100000000)
  eden space 28672K, 0% used [0x00000000f5580000,0x00000000f5580000,0x00000000f7180000)
  from space 1024K, 53% used [0x00000000f7200000,0x00000000f7288000,0x00000000f7300000)
  to   space 4096K, 0% used [0x00000000f7580000,0x00000000f7580000,0x00000000f7980000)
 ParOldGen       total 84992K, used 6812K [0x00000000e0000000, 0x00000000e5300000, 0x00000000f5580000)
  object space 84992K, 8% used [0x00000000e0000000,0x00000000e06a7120,0x00000000e5300000)
 Metaspace       used 21659K, capacity 22016K, committed 22272K, reserved 1069056K
  class space    used 3122K, capacity 3226K, committed 3328K, reserved 1048576K
}
Event: 27.613 GC heap before
{Heap before GC invocations=13 (full 1):
 PSYoungGen      total 29696K, used 29216K [0x00000000f5580000, 0x00000000f7980000, 0x0000000100000000)
  eden space 28672K, 100% used [0x00000000f5580000,0x00000000f7180000,0x00000000f7180000)
  from space 1024K, 53% used [0x00000000f7200000,0x00000000f7288000,0x00000000f7300000)
  to   space 4096K, 0% used [0x00000000f7580000,0x00000000f7580000,0x00000000f7980000)
 ParOldGen       total 84992K, used 6812K [0x00000000e0000000, 0x00000000e5300000, 0x00000000f5580000)
  object space 84992K, 8% used [0x00000000e0000000,0x00000000e06a7120,0x00000000e5300000)
 Metaspace       used 21660K, capacity 22016K, committed 22272K, reserved 1069056K
  class space    used 3123K, capacity 3226K, committed 3328K, reserved 1048576K
Event: 27.614 GC heap after
Heap after GC invocations=13 (full 1):
 PSYoungGen      total 31744K, used 256K [0x00000000f5580000, 0x00000000f7900000, 0x0000000100000000)
  eden space 28160K, 0% used [0x00000000f5580000,0x00000000f5580000,0x00000000f7100000)
  from space 3584K, 7% used [0x00000000f7580000,0x00000000f75c0000,0x00000000f7900000)
  to   space 4096K, 0% used [0x00000000f7100000,0x00000000f7100000,0x00000000f7500000)
 ParOldGen       total 84992K, used 7180K [0x00000000e0000000, 0x00000000e5300000, 0x00000000f5580000)
  object space 84992K, 8% used [0x00000000e0000000,0x00000000e07031a0,0x00000000e5300000)
 Metaspace       used 21660K, capacity 22016K, committed 22272K, reserved 1069056K
  class space    used 3123K, capacity 3226K, committed 3328K, reserved 1048576K
}
Event: 29.713 GC heap before
{Heap before GC invocations=14 (full 1):
 PSYoungGen      total 31744K, used 28416K [0x00000000f5580000, 0x00000000f7900000, 0x0000000100000000)
  eden space 28160K, 100% used [0x00000000f5580000,0x00000000f7100000,0x00000000f7100000)
  from space 3584K, 7% used [0x00000000f7580000,0x00000000f75c0000,0x00000000f7900000)
  to   space 4096K, 0% used [0x00000000f7100000,0x00000000f7100000,0x00000000f7500000)
 ParOldGen       total 84992K, used 7180K [0x00000000e0000000, 0x00000000e5300000, 0x00000000f5580000)
  object space 84992K, 8% used [0x00000000e0000000,0x00000000e07031a0,0x00000000e5300000)
 Metaspace       used 21661K, capacity 22016K, committed 22272K, reserved 1069056K
  class space    used 3123K, capacity 3226K, committed 3328K, reserved 1048576K
Event: 29.714 GC heap after
Heap after GC invocations=14 (full 1):
 PSYoungGen      total 28160K, used 288K [0x00000000f5580000, 0x00000000f7780000, 0x0000000100000000)
  eden space 27648K, 0% used [0x00000000f5580000,0x00000000f5580000,0x00000000f7080000)
  from space 512K, 56% used [0x00000000f7100000,0x00000000f7148000,0x00000000f7180000)
  to   space 3584K, 0% used [0x00000000f7400000,0x00000000f7400000,0x00000000f7780000)
 ParOldGen       total 84992K, used 7220K [0x00000000e0000000, 0x00000000e5300000, 0x00000000f5580000)
  object space 84992K, 8% used [0x00000000e0000000,0x00000000e070d1a0,0x00000000e5300000)
 Metaspace       used 21661K, capacity 22016K, committed 22272K, reserved 1069056K
  class space    used 3123K, capacity 3226K, committed 3328K, reserved 1048576K
}
Event: 32.449 GC heap before
{Heap before GC invocations=15 (full 1):
 PSYoungGen      total 28160K, used 27936K [0x00000000f5580000, 0x00000000f7780000, 0x0000000100000000)
  eden space 27648K, 100% used [0x00000000f5580000,0x00000000f7080000,0x00000000f7080000)
  from space 512K, 56% used [0x00000000f7100000,0x00000000f7148000,0x00000000f7180000)
  to   space 3584K, 0% used [0x00000000f7400000,0x00000000f7400000,0x00000000f7780000)
 ParOldGen       total 84992K, used 7220K [0x00000000e0000000, 0x00000000e5300000, 0x00000000f5580000)
  object space 84992K, 8% used [0x00000000e0000000,0x00000000e070d1a0,0x00000000e5300000)
 Metaspace       used 21768K, capacity 22112K, committed 22272K, reserved 1069056K
  class space    used 3128K, capacity 3258K, committed 3328K, reserved 1048576K
Event: 32.451 GC heap after
Heap after GC invocations=15 (full 1):
 PSYoungGen      total 30208K, used 369K [0x00000000f5580000, 0x00000000f7700000, 0x0000000100000000)
  eden space 27136K, 0% used [0x00000000f5580000,0x00000000f5580000,0x00000000f7000000)
  from space 3072K, 12% used [0x00000000f7400000,0x00000000f745c6b8,0x00000000f7700000)
  to   space 3584K, 0% used [0x00000000f7000000,0x00000000f7000000,0x00000000f7380000)
 ParOldGen       total 84992K, used 7284K [0x00000000e0000000, 0x00000000e5300000, 0x00000000f5580000)
  object space 84992K, 8% used [0x00000000e0000000,0x00000000e071d1a0,0x00000000e5300000)
 Metaspace       used 21768K, capacity 22112K, committed 22272K, reserved 1069056K
  class space    used 3128K, capacity 3258K, committed 3328K, reserved 1048576K
}

Deoptimization events (0 events):
No events

Classes redefined (0 events):
No events

Internal exceptions (10 events):
Event: 0.372 Thread 0x00007f45d84d9000 Exception <a 'java/security/PrivilegedActionException'> (0x00000000f62a96f8) thrown at [/build/openjdk-8-OqY7zN/openjdk-8-8u222-b10/src/hotspot/src/share/vm/prims/jvm.cpp, line 1502]
Event: 0.372 Thread 0x00007f45d84d9000 Exception <a 'java/security/PrivilegedActionException'> (0x00000000f62aa658) thrown at [/build/openjdk-8-OqY7zN/openjdk-8-8u222-b10/src/hotspot/src/share/vm/prims/jvm.cpp, line 1502]
Event: 0.372 Thread 0x00007f45d84d9000 Exception <a 'java/security/PrivilegedActionException'> (0x00000000f62aaa50) thrown at [/build/openjdk-8-OqY7zN/openjdk-8-8u222-b10/src/hotspot/src/share/vm/prims/jvm.cpp, line 1502]
Event: 0.373 Thread 0x00007f45d84d9000 Exception <a 'java/security/PrivilegedActionException'> (0x00000000f62b4958) thrown at [/build/openjdk-8-OqY7zN/openjdk-8-8u222-b10/src/hotspot/src/share/vm/prims/jvm.cpp, line 1502]
Event: 0.373 Thread 0x00007f45d84d9000 Exception <a 'java/security/PrivilegedActionException'> (0x00000000f62b4d50) thrown at [/build/openjdk-8-OqY7zN/openjdk-8-8u222-b10/src/hotspot/src/share/vm/prims/jvm.cpp, line 1502]
Event: 8.202 Thread 0x00007f45d84d9000 Exception <a 'java/lang/UnsupportedOperationException': > (0x00000000f6a56f48) thrown at [/build/openjdk-8-OqY7zN/openjdk-8-8u222-b10/src/hotspot/src/share/vm/prims/jni.cpp, line 737]
Event: 10.377 Thread 0x00007f45d80c1800 Exception <a 'java/lang/ArrayIndexOutOfBoundsException': 71> (0x00000000f564c878) thrown at [/build/openjdk-8-OqY7zN/openjdk-8-8u222-b10/src/hotspot/src/share/vm/interpreter/interpreterRuntime.cpp, line 368]
Event: 10.378 Thread 0x00007f45d80c1800 Exception <a 'java/lang/ArrayIndexOutOfBoundsException': 60> (0x00000000f564d938) thrown at [/build/openjdk-8-OqY7zN/openjdk-8-8u222-b10/src/hotspot/src/share/vm/interpreter/interpreterRuntime.cpp, line 368]
Event: 10.380 Thread 0x00007f45d80c1800 Exception <a 'java/lang/ArrayIndexOutOfBoundsException': 22> (0x00000000f5655710) thrown at [/build/openjdk-8-OqY7zN/openjdk-8-8u222-b10/src/hotspot/src/share/vm/interpreter/interpreterRuntime.cpp, line 368]
Event: 10.601 Thread 0x00007f45d84d9000 Exception <a 'java/lang/UnsupportedOperationException': > (0x00000000f5c36f30) thrown at [/build/openjdk-8-OqY7zN/openjdk-8-8u222-b10/src/hotspot/src/share/vm/prims/jni.cpp, line 737]

Events (10 events):
Event: 40.185 loading class se/sics/cooja/interfaces/CustomDataRadio
Event: 40.185 loading class se/sics/cooja/interfaces/CustomDataRadio done
Event: 40.187 loading class se/sics/cooja/plugins/RadioLogger$9$1
Event: 40.187 loading class se/sics/cooja/plugins/RadioLogger$9$1 done
Event: 40.187 loading class javax/swing/JTable$AccessibleJTable$AccessibleJTableModelChange
Event: 40.187 loading class javax/accessibility/AccessibleTableModelChange
Event: 40.187 loading class javax/accessibility/AccessibleTableModelChange done
Event: 40.187 loading class javax/swing/JTable$AccessibleJTable$AccessibleJTableModelChange done
Event: 40.188 Executing VM operation: RevokeBias
Event: 40.188 Executing VM operation: RevokeBias done


Dynamic libraries:
e0000000-e5300000 rw-p 00000000 00:00 0 
e5300000-f5580000 ---p 00000000 00:00 0 
f5580000-f7700000 rw-p 00000000 00:00 0 
f7700000-100000000 ---p 00000000 00:00 0 
100000000-100340000 rw-p 00000000 00:00 0 
100340000-140000000 ---p 00000000 00:00 0 
5653011e7000-5653011e8000 r-xp 00000000 08:06 10619772                   /usr/lib/jvm/java-8-openjdk-amd64/jre/bin/java
5653013e7000-5653013e8000 r--p 00000000 08:06 10619772                   /usr/lib/jvm/java-8-openjdk-amd64/jre/bin/java
5653013e8000-5653013e9000 rw-p 00001000 08:06 10619772                   /usr/lib/jvm/java-8-openjdk-amd64/jre/bin/java
56530181d000-56530183e000 rw-p 00000000 00:00 0                          [heap]
7f454c000000-7f454c021000 rw-p 00000000 00:00 0 
7f454c021000-7f4550000000 ---p 00000000 00:00 0 
7f4550000000-7f4550021000 rw-p 00000000 00:00 0 
7f4550021000-7f4554000000 ---p 00000000 00:00 0 
7f4554000000-7f4554021000 rw-p 00000000 00:00 0 
7f4554021000-7f4558000000 ---p 00000000 00:00 0 
7f4558000000-7f4558021000 rw-p 00000000 00:00 0 
7f4558021000-7f455c000000 ---p 00000000 00:00 0 
7f455c000000-7f455c021000 rw-p 00000000 00:00 0 
7f455c021000-7f4560000000 ---p 00000000 00:00 0 
7f4560000000-7f4560021000 rw-p 00000000 00:00 0 
7f4560021000-7f4564000000 ---p 00000000 00:00 0 
7f4564000000-7f4564021000 rw-p 00000000 00:00 0 
7f4564021000-7f4568000000 ---p 00000000 00:00 0 
7f4568000000-7f456807d000 rw-p 00000000 00:00 0 
7f456807d000-7f456c000000 ---p 00000000 00:00 0 
7f456c000000-7f456c29f000 rw-p 00000000 00:00 0 
7f456c29f000-7f4570000000 ---p 00000000 00:00 0 
7f4570000000-7f4570021000 rw-p 00000000 00:00 0 
7f4570021000-7f4574000000 ---p 00000000 00:00 0 
7f4574000000-7f4574021000 rw-p 00000000 00:00 0 
7f4574021000-7f4578000000 ---p 00000000 00:00 0 
7f4578f20000-7f4578f23000 ---p 00000000 00:00 0 
7f4578f23000-7f45790e1000 rw-p 00000000 00:00 0 
7f45790e1000-7f4579221000 ---p 00000000 00:00 0 
7f4579221000-7f4579248000 r-xp 00000000 08:06 6688751                    /home/sneha/contiki-2.7/examples/ipv6/rpl-fuzzy/obj_cooja/mtype237.cooja
7f4579248000-7f4579448000 ---p 00027000 08:06 6688751                    /home/sneha/contiki-2.7/examples/ipv6/rpl-fuzzy/obj_cooja/mtype237.cooja
7f4579448000-7f4579449000 r--p 00027000 08:06 6688751                    /home/sneha/contiki-2.7/examples/ipv6/rpl-fuzzy/obj_cooja/mtype237.cooja
7f4579449000-7f457944a000 rw-p 00028000 08:06 6688751                    /home/sneha/contiki-2.7/examples/ipv6/rpl-fuzzy/obj_cooja/mtype237.cooja
7f457944a000-7f4579453000 rw-p 00000000 00:00 0 
7f4579453000-7f4579456000 ---p 00000000 00:00 0 
7f4579456000-7f4579554000 rw-p 00000000 00:00 0 
7f4579554000-7f4579557000 ---p 00000000 00:00 0 
7f4579557000-7f4579655000 rw-p 00000000 00:00 0 
7f4579655000-7f457967b000 r-xp 00000000 08:06 6688747                    /home/sneha/contiki-2.7/examples/ipv6/rpl-fuzzy/obj_cooja/mtype189.cooja
7f457967b000-7f457987b000 ---p 00026000 08:06 6688747                    /home/sneha/contiki-2.7/examples/ipv6/rpl-fuzzy/obj_cooja/mtype189.cooja
7f457987b000-7f457987c000 r--p 00026000 08:06 6688747                    /home/sneha/contiki-2.7/examples/ipv6/rpl-fuzzy/obj_cooja/mtype189.cooja
7f457987c000-7f457987d000 rw-p 00027000 08:06 6688747                    /home/sneha/contiki-2.7/examples/ipv6/rpl-fuzzy/obj_cooja/mtype189.cooja
7f457987d000-7f4579886000 rw-p 00000000 00:00 0 
7f4579886000-7f4579889000 ---p 00000000 00:00 0 
7f4579889000-7f4579987000 rw-p 00000000 00:00 0 
7f4579987000-7f457998a000 ---p 00000000 00:00 0 
7f457998a000-7f4579a88000 rw-p 00000000 00:00 0 
7f4579a88000-7f4579a8b000 ---p 00000000 00:00 0 
7f4579a8b000-7f4579d89000 rw-p 00000000 00:00 0 
7f4579d89000-7f4579d8c000 ---p 00000000 00:00 0 
7f4579d8c000-7f457a08a000 rw-p 00000000 00:00 0 
7f457a08a000-7f457a08d000 ---p 00000000 00:00 0 
7f457a08d000-7f457a38b000 rw-p 00000000 00:00 0 
7f457a38b000-7f457a38c000 ---p 00000000 00:00 0 
7f457a38c000-7f457a38f000 ---p 00000000 00:00 0 
7f457a38f000-7f457ab8c000 rw-p 00000000 00:00 0 
7f457ab8c000-7f457ab8f000 ---p 00000000 00:00 0 
7f457ab8f000-7f457ac8d000 rw-p 00000000 00:00 0 
7f457ac8d000-7f457ac90000 ---p 00000000 00:00 0 
7f457ac90000-7f457af8e000 rw-p 00000000 00:00 0 
7f457af8e000-7f457af97000 r-xp 00000000 08:06 10627048                   /usr/lib/jvm/java-8-openjdk-amd64/jre/lib/amd64/libmanagement.so
7f457af97000-7f457b196000 ---p 00009000 08:06 10627048                   /usr/lib/jvm/java-8-openjdk-amd64/jre/lib/amd64/libmanagement.so
7f457b196000-7f457b197000 r--p 00008000 08:06 10627048                   /usr/lib/jvm/java-8-openjdk-amd64/jre/lib/amd64/libmanagement.so
7f457b197000-7f457b198000 rw-p 00009000 08:06 10627048                   /usr/lib/jvm/java-8-openjdk-amd64/jre/lib/amd64/libmanagement.so
7f457b198000-7f457b1ac000 r-xp 00000000 08:06 10359507                   /lib/x86_64-linux-gnu/libgpg-error.so.0.22.0
7f457b1ac000-7f457b3ab000 ---p 00014000 08:06 10359507                   /lib/x86_64-linux-gnu/libgpg-error.so.0.22.0
7f457b3ab000-7f457b3ac000 r--p 00013000 08:06 10359507                   /lib/x86_64-linux-gnu/libgpg-error.so.0.22.0
7f457b3ac000-7f457b3ad000 rw-p 00014000 08:06 10359507                   /lib/x86_64-linux-gnu/libgpg-error.so.0.22.0
7f457b3ad000-7f457b4c1000 r-xp 00000000 08:06 10359505                   /lib/x86_64-linux-gnu/libgcrypt.so.20.2.1
7f457b4c1000-7f457b6c0000 ---p 00114000 08:06 10359505                   /lib/x86_64-linux-gnu/libgcrypt.so.20.2.1
7f457b6c0000-7f457b6c2000 r--p 00113000 08:06 10359505                   /lib/x86_64-linux-gnu/libgcrypt.so.20.2.1
7f457b6c2000-7f457b6c7000 rw-p 00115000 08:06 10359505                   /lib/x86_64-linux-gnu/libgcrypt.so.20.2.1
7f457b6c7000-7f457b6c8000 rw-p 00000000 00:00 0 
7f457b6c8000-7f457b6e3000 r-xp 00000000 08:06 10623443                   /usr/lib/x86_64-linux-gnu/liblz4.so.1.7.1
7f457b6e3000-7f457b8e2000 ---p 0001b000 08:06 10623443                   /usr/lib/x86_64-linux-gnu/liblz4.so.1.7.1
7f457b8e2000-7f457b8e3000 r--p 0001a000 08:06 10623443                   /usr/lib/x86_64-linux-gnu/liblz4.so.1.7.1
7f457b8e3000-7f457b8e4000 rw-p 0001b000 08:06 10623443                   /usr/lib/x86_64-linux-gnu/liblz4.so.1.7.1
7f457b8e4000-7f457b908000 r-xp 00000000 08:06 10359526                   /lib/x86_64-linux-gnu/liblzma.so.5.2.2
7f457b908000-7f457bb08000 ---p 00024000 08:06 10359526                   /lib/x86_64-linux-gnu/liblzma.so.5.2.2
7f457bb08000-7f457bb09000 r--p 00024000 08:06 10359526                   /lib/x86_64-linux-gnu/liblzma.so.5.2.2
7f457bb09000-7f457bb0a000 rw-p 00025000 08:06 10359526                   /lib/x86_64-linux-gnu/liblzma.so.5.2.2
7f457bb0a000-7f457bb8a000 r-xp 00000000 08:06 10354973                   /lib/x86_64-linux-gnu/libsystemd.so.0.21.0
7f457bb8a000-7f457bd89000 ---p 00080000 08:06 10354973                   /lib/x86_64-linux-gnu/libsystemd.so.0.21.0
7f457bd89000-7f457bd8c000 r--p 0007f000 08:06 10354973                   /lib/x86_64-linux-gnu/libsystemd.so.0.21.0
7f457bd8c000-7f457bd8d000 rw-p 00082000 08:06 10354973                   /lib/x86_64-linux-gnu/libsystemd.so.0.21.0
7f457bd8d000-7f457bd8e000 rw-p 00000000 00:00 0 
7f457bd8e000-7f457bdfe000 r-xp 00000000 08:06 10359588                   /lib/x86_64-linux-gnu/libpcre.so.3.13.3
7f457bdfe000-7f457bffe000 ---p 00070000 08:06 10359588                   /lib/x86_64-linux-gnu/libpcre.so.3.13.3
7f457bffe000-7f457bfff000 r--p 00070000 08:06 10359588                   /lib/x86_64-linux-gnu/libpcre.so.3.13.3
7f457bfff000-7f457c000000 rw-p 00071000 08:06 10359588                   /lib/x86_64-linux-gnu/libpcre.so.3.13.3
7f457c000000-7f457c021000 rw-p 00000000 00:00 0 
7f457c021000-7f4580000000 ---p 00000000 00:00 0 
7f4580000000-7f4580021000 rw-p 00000000 00:00 0 
7f4580021000-7f4584000000 ---p 00000000 00:00 0 
7f4584000000-7f4584021000 rw-p 00000000 00:00 0 
7f4584021000-7f4588000000 ---p 00000000 00:00 0 
7f4588000000-7f4588021000 rw-p 00000000 00:00 0 
7f4588021000-7f458c000000 ---p 00000000 00:00 0 
7f458c029000-7f458c030000 r--s 00000000 08:06 11011393                   /usr/lib/x86_64-linux-gnu/gconv/gconv-modules.cache
7f458c030000-7f458c031000 r--s 00003000 08:06 6557457                    /home/sneha/contiki-2.7/tools/cooja/apps/powertracker/lib/powertracker.jar
7f458c031000-7f458c032000 r--s 00002000 08:06 6557306                    /home/sneha/contiki-2.7/tools/cooja/apps/collect-view/cooja-collect-view.jar
7f458c032000-7f458c033000 r--s 00003000 08:06 6557294                    /home/sneha/contiki-2.7/tools/cooja/apps/serial_socket/lib/serial_socket.jar
7f458c033000-7f458c06d000 r--s 001e1000 08:06 6553695                    /home/sneha/contiki-2.7/tools/cooja/apps/avrora/lib/avrora-small.jar
7f458c06d000-7f458c06f000 r--s 00007000 08:06 6557281                    /home/sneha/contiki-2.7/tools/cooja/apps/avrora/lib/cooja_avrora.jar
7f458c06f000-7f458c071000 r--s 00010000 08:06 6557017                    /home/sneha/contiki-2.7/tools/cooja/apps/mspsim/lib/jipv6.jar
7f458c071000-7f458c072000 r--s 00004000 08:06 6557037                    /home/sneha/contiki-2.7/tools/cooja/apps/mspsim/lib/coffee.jar
7f458c072000-7f458c07d000 r--s 000e4000 08:06 6557016                    /home/sneha/contiki-2.7/tools/cooja/apps/mspsim/lib/mspsim.jar
7f458c07d000-7f458c083000 r--s 00064000 08:06 6557254                    /home/sneha/contiki-2.7/tools/cooja/apps/mspsim/lib/cooja_mspsim.jar
7f458c083000-7f458c085000 r--s 0001e000 08:06 6557013                    /home/sneha/contiki-2.7/tools/cooja/apps/mrm/lib/mrm.jar
7f458c085000-7f458c090000 r--s 00000000 08:06 5243232                    /var/cache/fontconfig/945677eb7aeaf62f1d50efc3fb3ec7d8-le64.cache-7
7f458c090000-7f458c095000 r--s 00000000 08:06 5243203                    /var/cache/fontconfig/2300eef321c393bfd76478a5c0e95b23-le64.cache-7
7f458c095000-7f458c096000 r--s 00000000 08:06 5243196                    /var/cache/fontconfig/0d8c3b2ac0904cb8a57a757ad11a4a08-le64.cache-7
7f458c096000-7f458c0ab000 r--s 00000000 08:06 5243192                    /var/cache/fontconfig/04aabc0a78ac019cf9454389977116d2-le64.cache-7
7f458c0ab000-7f458c0ac000 r--s 00000000 08:06 5243200                    /var/cache/fontconfig/1ac9eb803944fde146138c791f5cc56a-le64.cache-7
7f458c0ac000-7f458c0ad000 r--s 00000000 08:06 5243251                    /var/cache/fontconfig/dc05db6664285cc2f12bf69c139ae4c3-le64.cache-7
7f458c0ad000-7f458c0af000 r--s 00000000 08:06 5243197                    /var/cache/fontconfig/14a5e22175779b556eaa434240950366-le64.cache-7
7f458c0af000-7f458c0b0000 r--s 00000000 08:06 5243224                    /var/cache/fontconfig/660208299946a285a940457d1287da33-le64.cache-7
7f458c0b0000-7f458c0b2000 r--s 00000000 08:06 5243215                    /var/cache/fontconfig/4f3e3037c9980c83b53a9351efadef62-le64.cache-7
7f458c0b2000-7f458c0b4000 r--s 00000000 08:06 5243229                    /var/cache/fontconfig/767a8244fc0220cfb567a839d0392e0b-le64.cache-7
7f458c0b4000-7f458c0b5000 r--s 00000000 08:06 5252197                    /var/cache/fontconfig/4794a0821666d79190d59a36cb4f44b5-le64.cache-7
7f458c0b5000-7f458c0b7000 r--s 00000000 08:06 5243986                    /var/cache/fontconfig/0bd3dc0958fa2205aaaa8ebb13e2872b-le64.cache-7
7f458c0b7000-7f458c0bc000 r--s 00000000 08:06 5243252                    /var/cache/fontconfig/def309198bfa603429122923fa2bb2d4-le64.cache-7
7f458c0bc000-7f458c0bd000 r--s 00000000 08:06 5243240                    /var/cache/fontconfig/b872e6e592da6075ffa4ab0a1fcc0c75-le64.cache-7
7f458c0bd000-7f458c0be000 r--s 00000000 08:06 5243257                    /var/cache/fontconfig/f6d4eedfaab2589bde49f7a3ff831d22-le64.cache-7
7f458c0be000-7f458c0bf000 r--s 00000000 08:06 5243222                    /var/cache/fontconfig/589f83ef4c36d296ce6e1c846f468f08-le64.cache-7
7f458c0bf000-7f458c0c0000 r--s 00000000 08:06 5243242                    /var/cache/fontconfig/bab58bb527bb656aaa9f116d68a48d89-le64.cache-7
7f458c0c0000-7f458c0c1000 r--s 00000000 08:06 5243201                    /var/cache/fontconfig/2171a34dccabdb6bcbbc728186263178-le64.cache-7
7f458c0c1000-7f458c0c2000 r--s 00000000 08:06 5243243                    /var/cache/fontconfig/c5c45a61289222e0d30b1a26ef4effbe-le64.cache-7
7f458c0c2000-7f458c0c3000 r--s 00000000 08:06 5243238                    /var/cache/fontconfig/aec30016f93e1b46d1a973dce0d74068-le64.cache-7
7f458c0c3000-7f458c0c4000 r--s 00000000 08:06 5243208                    /var/cache/fontconfig/3f589640d34b7dc9042c8d453f7c8b9c-le64.cache-7
7f458c0c4000-7f458c0c5000 r--s 00000000 08:06 5243198                    /var/cache/fontconfig/16c2fda60d1b4b719f4b3d06fd951d25-le64.cache-7
7f458c0c5000-7f458c0c6000 r--s 00000000 08:06 5243237                    /var/cache/fontconfig/a48eab177a16e4f3713381162db2f3e9-le64.cache-7
7f458c0c6000-7f458c0c7000 r--s 00000000 08:06 5243218                    /var/cache/fontconfig/564b2e68ac9bc4e36a6f7f6d6125ec1c-le64.cache-7
7f458c0c7000-7f458c0cc000 r--s 00000000 08:06 5243984                    /var/cache/fontconfig/9d2451b1fd30e5bffe8383fd27c35478-le64.cache-7
7f458c0cc000-7f458c0d2000 r--s 00000000 08:06 5243985                    /var/cache/fontconfig/3047814df9a2f067bd2d96a2b9c36e5a-le64.cache-7
7f458c0d2000-7f458c0d3000 r--s 00000000 08:06 5243219                    /var/cache/fontconfig/56cf4f4769d0f4abc89a4895d7bd3ae1-le64.cache-7
7f458c0d3000-7f458c0d4000 r--s 00000000 08:06 5243241                    /var/cache/fontconfig/b9d506c9ac06c20b433354fa67a72993-le64.cache-7
7f458c0d4000-7f458c0da000 r--s 00000000 08:06 5243239                    /var/cache/fontconfig/b47c4e1ecd0709278f4910c18777a504-le64.cache-7
7f458c0da000-7f458c0ed000 r--s 00000000 08:06 5243248                    /var/cache/fontconfig/d52a8644073d54c13679302ca1180695-le64.cache-7
7f458c0ed000-7f458c0ee000 r--s 00000000 08:06 5243206                    /var/cache/fontconfig/370e5b74bf5dafc30834de68e24a87a4-le64.cache-7
7f458c0ee000-7f458c0ef000 r--s 00000000 08:06 5243227                    /var/cache/fontconfig/6b2c5944714ca7831b25bed9e85cb5c8-le64.cache-7
7f458c0ef000-7f458c0f0000 r--s 00000000 08:06 5243247                    /var/cache/fontconfig/d5178ab6d91b49bf20a416737dcea9e8-le64.cache-7
7f458c0f0000-7f458c0f3000 r--s 00000000 08:06 5243256                    /var/cache/fontconfig/f259c2cffa685e28062317905db73c4a-le64.cache-7
7f458c0f3000-7f458c0f6000 r--s 00000000 08:06 5243225                    /var/cache/fontconfig/674d1711f2d1d2a09646eb0bdcadee49-le64.cache-7
7f458c0f6000-7f458c102000 r--s 00000000 08:06 5246516                    /var/cache/fontconfig/d589a48862398ed80a3d6066f4f56f4c-le64.cache-7
7f458c102000-7f458c109000 r-xp 00000000 08:06 10623077                   /usr/lib/x86_64-linux-gnu/libffi.so.6.0.4
7f458c109000-7f458c308000 ---p 00007000 08:06 10623077                   /usr/lib/x86_64-linux-gnu/libffi.so.6.0.4
7f458c308000-7f458c309000 r--p 00006000 08:06 10623077                   /usr/lib/x86_64-linux-gnu/libffi.so.6.0.4
7f458c309000-7f458c30a000 rw-p 00007000 08:06 10623077                   /usr/lib/x86_64-linux-gnu/libffi.so.6.0.4
7f458c30a000-7f458c336000 r-xp 00000000 08:06 10622825                   /usr/lib/x86_64-linux-gnu/libatspi.so.0.0.1
7f458c336000-7f458c536000 ---p 0002c000 08:06 10622825                   /usr/lib/x86_64-linux-gnu/libatspi.so.0.0.1
7f458c536000-7f458c539000 r--p 0002c000 08:06 10622825                   /usr/lib/x86_64-linux-gnu/libatspi.so.0.0.1
7f458c539000-7f458c53a000 rw-p 0002f000 08:06 10622825                   /usr/lib/x86_64-linux-gnu/libatspi.so.0.0.1
7f458c53a000-7f458c585000 r-xp 00000000 08:06 10359332                   /lib/x86_64-linux-gnu/libdbus-1.so.3.19.4
7f458c585000-7f458c785000 ---p 0004b000 08:06 10359332                   /lib/x86_64-linux-gnu/libdbus-1.so.3.19.4
7f458c785000-7f458c786000 r--p 0004b000 08:06 10359332                   /lib/x86_64-linux-gnu/libdbus-1.so.3.19.4
7f458c786000-7f458c787000 rw-p 0004c000 08:06 10359332                   /lib/x86_64-linux-gnu/libdbus-1.so.3.19.4
7f458c787000-7f458c89b000 r-xp 00000000 08:06 10617874                   /usr/lib/x86_64-linux-gnu/libglib-2.0.so.0.5600.4
7f458c89b000-7f458ca9b000 ---p 00114000 08:06 10617874                   /usr/lib/x86_64-linux-gnu/libglib-2.0.so.0.5600.4
7f458ca9b000-7f458ca9c000 r--p 00114000 08:06 10617874                   /usr/lib/x86_64-linux-gnu/libglib-2.0.so.0.5600.4
7f458ca9c000-7f458ca9d000 rw-p 00115000 08:06 10617874                   /usr/lib/x86_64-linux-gnu/libglib-2.0.so.0.5600.4
7f458ca9d000-7f458ca9e000 rw-p 00000000 00:00 0 
7f458ca9e000-7f458caf0000 r-xp 00000000 08:06 10617876                   /usr/lib/x86_64-linux-gnu/libgobject-2.0.so.0.5600.4
7f458caf0000-7f458ccf0000 ---p 00052000 08:06 10617876                   /usr/lib/x86_64-linux-gnu/libgobject-2.0.so.0.5600.4
7f458ccf0000-7f458ccf1000 r--p 00052000 08:06 10617876                   /usr/lib/x86_64-linux-gnu/libgobject-2.0.so.0.5600.4
7f458ccf1000-7f458ccf2000 rw-p 00053000 08:06 10617876                   /usr/lib/x86_64-linux-gnu/libgobject-2.0.so.0.5600.4
7f458ccf2000-7f458cd20000 r-xp 00000000 08:06 10622823                   /usr/lib/x86_64-linux-gnu/libatk-bridge-2.0.so.0.0.0
7f458cd20000-7f458cf20000 ---p 0002e000 08:06 10622823                   /usr/lib/x86_64-linux-gnu/libatk-bridge-2.0.so.0.0.0
7f458cf20000-7f458cf21000 r--p 0002e000 08:06 10622823                   /usr/lib/x86_64-linux-gnu/libatk-bridge-2.0.so.0.0.0
7f458cf21000-7f458cf22000 rw-p 0002f000 08:06 10622823                   /usr/lib/x86_64-linux-gnu/libatk-bridge-2.0.so.0.0.0
7f458cf22000-7f458cf23000 rw-p 00000000 00:00 0 
7f458cf23000-7f458cf45000 r-xp 00000000 08:06 10622821                   /usr/lib/x86_64-linux-gnu/libatk-1.0.so.0.22810.1
7f458cf45000-7f458d145000 ---p 00022000 08:06 10622821                   /usr/lib/x86_64-linux-gnu/libatk-1.0.so.0.22810.1
7f458d145000-7f458d148000 r--p 00022000 08:06 10622821                   /usr/lib/x86_64-linux-gnu/libatk-1.0.so.0.22810.1
7f458d148000-7f458d149000 rw-p 00025000 08:06 10622821                   /usr/lib/x86_64-linux-gnu/libatk-1.0.so.0.22810.1
7f458d149000-7f458d14b000 r--s 00000000 08:06 5243216                    /var/cache/fontconfig/550f3886151c940c12a5ed35f6a00586-le64.cache-7
7f458d14b000-7f458d15a000 r--s 00000000 08:06 5243876                    /var/cache/fontconfig/9b89f8e3dae116d678bbf48e5f21f69b-le64.cache-7
7f458d15a000-7f458d163000 r--s 00000000 08:06 5256901                    /var/cache/fontconfig/d0972c3d32f097851eb916381fc38920-le64.cache-7
7f458d163000-7f458d17a000 r-xp 00000000 08:06 10884870                   /usr/lib/x86_64-linux-gnu/jni/libatk-wrapper.so.6.0.0
7f458d17a000-7f458d37a000 ---p 00017000 08:06 10884870                   /usr/lib/x86_64-linux-gnu/jni/libatk-wrapper.so.6.0.0
7f458d37a000-7f458d37b000 r--p 00017000 08:06 10884870                   /usr/lib/x86_64-linux-gnu/jni/libatk-wrapper.so.6.0.0
7f458d37b000-7f458d37c000 rw-p 00018000 08:06 10884870                   /usr/lib/x86_64-linux-gnu/jni/libatk-wrapper.so.6.0.0
7f458d37c000-7f458d3ad000 rw-p 00000000 00:00 0 
7f458d3ad000-7f458d3c3000 r-xp 00000000 08:06 10627052                   /usr/lib/jvm/java-8-openjdk-amd64/jre/lib/amd64/libnet.so
7f458d3c3000-7f458d5c2000 ---p 00016000 08:06 10627052                   /usr/lib/jvm/java-8-openjdk-amd64/jre/lib/amd64/libnet.so
7f458d5c2000-7f458d5c3000 r--p 00015000 08:06 10627052                   /usr/lib/jvm/java-8-openjdk-amd64/jre/lib/amd64/libnet.so
7f458d5c3000-7f458d5c4000 rw-p 00016000 08:06 10627052                   /usr/lib/jvm/java-8-openjdk-amd64/jre/lib/amd64/libnet.so
7f458d5c4000-7f458d5d5000 r-xp 00000000 08:06 10627054                   /usr/lib/jvm/java-8-openjdk-amd64/jre/lib/amd64/libnio.so
7f458d5d5000-7f458d7d4000 ---p 00011000 08:06 10627054                   /usr/lib/jvm/java-8-openjdk-amd64/jre/lib/amd64/libnio.so
7f458d7d4000-7f458d7d5000 r--p 00010000 08:06 10627054                   /usr/lib/jvm/java-8-openjdk-amd64/jre/lib/amd64/libnio.so
7f458d7d5000-7f458d7d6000 rw-p 00011000 08:06 10627054                   /usr/lib/jvm/java-8-openjdk-amd64/jre/lib/amd64/libnio.so
7f458d7d6000-7f458d7d9000 ---p 00000000 00:00 0 
7f458d7d9000-7f458d8d7000 rw-p 00000000 00:00 0 
7f458d8d7000-7f458d8dc000 r-xp 00000000 08:06 10622750                   /usr/lib/x86_64-linux-gnu/libXfixes.so.3.1.0
7f458d8dc000-7f458dadb000 ---p 00005000 08:06 10622750                   /usr/lib/x86_64-linux-gnu/libXfixes.so.3.1.0
7f458dadb000-7f458dadc000 r--p 00004000 08:06 10622750                   /usr/lib/x86_64-linux-gnu/libXfixes.so.3.1.0
7f458dadc000-7f458dadd000 rw-p 00005000 08:06 10622750                   /usr/lib/x86_64-linux-gnu/libXfixes.so.3.1.0
7f458dadd000-7f458dae6000 r-xp 00000000 08:06 10622742                   /usr/lib/x86_64-linux-gnu/libXcursor.so.1.0.2
7f458dae6000-7f458dce5000 ---p 00009000 08:06 10622742                   /usr/lib/x86_64-linux-gnu/libXcursor.so.1.0.2
7f458dce5000-7f458dce6000 r--p 00008000 08:06 10622742                   /usr/lib/x86_64-linux-gnu/libXcursor.so.1.0.2
7f458dce6000-7f458dce7000 rw-p 00009000 08:06 10622742                   /usr/lib/x86_64-linux-gnu/libXcursor.so.1.0.2
7f458dce7000-7f458dcea000 ---p 00000000 00:00 0 
7f458dcea000-7f458dfe8000 rw-p 00000000 00:00 0 
7f458dfe8000-7f458e019000 r-xp 00000000 08:06 10619721                   /usr/lib/x86_64-linux-gnu/libpng16.so.16.34.0
7f458e019000-7f458e218000 ---p 00031000 08:06 10619721                   /usr/lib/x86_64-linux-gnu/libpng16.so.16.34.0
7f458e218000-7f458e219000 r--p 00030000 08:06 10619721                   /usr/lib/x86_64-linux-gnu/libpng16.so.16.34.0
7f458e219000-7f458e21a000 rw-p 00031000 08:06 10619721                   /usr/lib/x86_64-linux-gnu/libpng16.so.16.34.0
7f458e21a000-7f458e2c7000 r-xp 00000000 08:06 10623109                   /usr/lib/x86_64-linux-gnu/libfreetype.so.6.15.0
7f458e2c7000-7f458e4c6000 ---p 000ad000 08:06 10623109                   /usr/lib/x86_64-linux-gnu/libfreetype.so.6.15.0
7f458e4c6000-7f458e4cd000 r--p 000ac000 08:06 10623109                   /usr/lib/x86_64-linux-gnu/libfreetype.so.6.15.0
7f458e4cd000-7f458e4ce000 rw-p 000b3000 08:06 10623109                   /usr/lib/x86_64-linux-gnu/libfreetype.so.6.15.0
7f458e4ce000-7f458e51d000 r-xp 00000000 08:06 10626592                   /usr/lib/jvm/java-8-openjdk-amd64/jre/lib/amd64/libfontmanager.so
7f458e51d000-7f458e71d000 ---p 0004f000 08:06 10626592                   /usr/lib/jvm/java-8-openjdk-amd64/jre/lib/amd64/libfontmanager.so
7f458e71d000-7f458e71f000 r--p 0004f000 08:06 10626592                   /usr/lib/jvm/java-8-openjdk-amd64/jre/lib/amd64/libfontmanager.so
7f458e71f000-7f458e720000 rw-p 00051000 08:06 10626592                   /usr/lib/jvm/java-8-openjdk-amd64/jre/lib/amd64/libfontmanager.so
7f458e720000-7f458e733000 r-xp 00000000 08:06 10359462                   /lib/x86_64-linux-gnu/libbsd.so.0.8.7
7f458e733000-7f458e932000 ---p 00013000 08:06 10359462                   /lib/x86_64-linux-gnu/libbsd.so.0.8.7
7f458e932000-7f458e933000 r--p 00012000 08:06 10359462                   /lib/x86_64-linux-gnu/libbsd.so.0.8.7
7f458e933000-7f458e934000 rw-p 00013000 08:06 10359462                   /lib/x86_64-linux-gnu/libbsd.so.0.8.7
7f458e934000-7f458e935000 rw-p 00000000 00:00 0 
7f458e935000-7f458e93a000 r-xp 00000000 08:06 10622746                   /usr/lib/x86_64-linux-gnu/libXdmcp.so.6.0.0
7f458e93a000-7f458eb39000 ---p 00005000 08:06 10622746                   /usr/lib/x86_64-linux-gnu/libXdmcp.so.6.0.0
7f458eb39000-7f458eb3a000 r--p 00004000 08:06 10622746                   /usr/lib/x86_64-linux-gnu/libXdmcp.so.6.0.0
7f458eb3a000-7f458eb3b000 rw-p 00005000 08:06 10622746                   /usr/lib/x86_64-linux-gnu/libXdmcp.so.6.0.0
7f458eb3b000-7f458eb3d000 r-xp 00000000 08:06 10622735                   /usr/lib/x86_64-linux-gnu/libXau.so.6.0.0
7f458eb3d000-7f458ed3d000 ---p 00002000 08:06 10622735                   /usr/lib/x86_64-linux-gnu/libXau.so.6.0.0
7f458ed3d000-7f458ed3e000 r--p 00002000 08:06 10622735                   /usr/lib/x86_64-linux-gnu/libXau.so.6.0.0
7f458ed3e000-7f458ed3f000 rw-p 00003000 08:06 10622735                   /usr/lib/x86_64-linux-gnu/libXau.so.6.0.0
7f458ed3f000-7f458ed65000 r-xp 00000000 08:06 10618516                   /usr/lib/x86_64-linux-gnu/libxcb.so.1.1.0
7f458ed65000-7f458ef65000 ---p 00026000 08:06 10618516                   /usr/lib/x86_64-linux-gnu/libxcb.so.1.1.0
7f458ef65000-7f458ef66000 r--p 00026000 08:06 10618516                   /usr/lib/x86_64-linux-gnu/libxcb.so.1.1.0
7f458ef66000-7f458ef67000 rw-p 00027000 08:06 10618516                   /usr/lib/x86_64-linux-gnu/libxcb.so.1.1.0
7f458ef67000-7f458ef76000 r-xp 00000000 08:06 10622756                   /usr/lib/x86_64-linux-gnu/libXi.so.6.1.0
7f458ef76000-7f458f175000 ---p 0000f000 08:06 10622756                   /usr/lib/x86_64-linux-gnu/libXi.so.6.1.0
7f458f175000-7f458f176000 r--p 0000e000 08:06 10622756                   /usr/lib/x86_64-linux-gnu/libXi.so.6.1.0
7f458f176000-7f458f177000 rw-p 0000f000 08:06 10622756                   /usr/lib/x86_64-linux-gnu/libXi.so.6.1.0
7f458f177000-7f458f17c000 r-xp 00000000 08:06 10622774                   /usr/lib/x86_64-linux-gnu/libXtst.so.6.1.0
7f458f17c000-7f458f37b000 ---p 00005000 08:06 10622774                   /usr/lib/x86_64-linux-gnu/libXtst.so.6.1.0
7f458f37b000-7f458f37c000 r--p 00004000 08:06 10622774                   /usr/lib/x86_64-linux-gnu/libXtst.so.6.1.0
7f458f37c000-7f458f37d000 rw-p 00005000 08:06 10622774                   /usr/lib/x86_64-linux-gnu/libXtst.so.6.1.0
7f458f37d000-7f458f386000 r-xp 00000000 08:06 10622768                   /usr/lib/x86_64-linux-gnu/libXrender.so.1.3.0
7f458f386000-7f458f585000 ---p 00009000 08:06 10622768                   /usr/lib/x86_64-linux-gnu/libXrender.so.1.3.0
7f458f585000-7f458f586000 r--p 00008000 08:06 10622768                   /usr/lib/x86_64-linux-gnu/libXrender.so.1.3.0
7f458f586000-7f458f587000 rw-p 00009000 08:06 10622768                   /usr/lib/x86_64-linux-gnu/libXrender.so.1.3.0
7f458f587000-7f458f6ba000 r-xp 00000000 08:06 10618526                   /usr/lib/x86_64-linux-gnu/libX11.so.6.3.0
7f458f6ba000-7f458f8ba000 ---p 00133000 08:06 10618526                   /usr/lib/x86_64-linux-gnu/libX11.so.6.3.0
7f458f8ba000-7f458f8bb000 r--p 00133000 08:06 10618526                   /usr/lib/x86_64-linux-gnu/libX11.so.6.3.0
7f458f8bb000-7f458f8bf000 rw-p 00134000 08:06 10618526                   /usr/lib/x86_64-linux-gnu/libX11.so.6.3.0
7f458f8bf000-7f458f8d0000 r-xp 00000000 08:06 10622748                   /usr/lib/x86_64-linux-gnu/libXext.so.6.4.0
7f458f8d0000-7f458facf000 ---p 00011000 08:06 10622748                   /usr/lib/x86_64-linux-gnu/libXext.so.6.4.0
7f458facf000-7f458fad0000 r--p 00010000 08:06 10622748                   /usr/lib/x86_64-linux-gnu/libXext.so.6.4.0
7f458fad0000-7f458fad1000 rw-p 00011000 08:06 10622748                   /usr/lib/x86_64-linux-gnu/libXext.so.6.4.0
7f458fad1000-7f458fb2c000 r-xp 00000000 08:06 10626588                   /usr/lib/jvm/java-8-openjdk-amd64/jre/lib/amd64/libawt_xawt.so
7f458fb2c000-7f458fd2b000 ---p 0005b000 08:06 10626588                   /usr/lib/jvm/java-8-openjdk-amd64/jre/lib/amd64/libawt_xawt.so
7f458fd2b000-7f458fd2c000 r--p 0005a000 08:06 10626588                   /usr/lib/jvm/java-8-openjdk-amd64/jre/lib/amd64/libawt_xawt.so
7f458fd2c000-7f458fd2f000 rw-p 0005b000 08:06 10626588                   /usr/lib/jvm/java-8-openjdk-amd64/jre/lib/amd64/libawt_xawt.so
7f458fd2f000-7f458fd31000 rw-p 00000000 00:00 0 
7f458fd31000-7f458fdd0000 r-xp 00000000 08:06 10626583                   /usr/lib/jvm/java-8-openjdk-amd64/jre/lib/amd64/libawt.so
7f458fdd0000-7f458ffcf000 ---p 0009f000 08:06 10626583                   /usr/lib/jvm/java-8-openjdk-amd64/jre/lib/amd64/libawt.so
7f458ffcf000-7f458ffd0000 r--p 0009e000 08:06 10626583                   /usr/lib/jvm/java-8-openjdk-amd64/jre/lib/amd64/libawt.so
7f458ffd0000-7f458ffdb000 rw-p 0009f000 08:06 10626583                   /usr/lib/jvm/java-8-openjdk-amd64/jre/lib/amd64/libawt.so
7f458ffdb000-7f4590000000 rw-p 00000000 00:00 0 
7f4590000000-7f4590021000 rw-p 00000000 00:00 0 
7f4590021000-7f4594000000 ---p 00000000 00:00 0 
7f4594000000-7f4594021000 rw-p 00000000 00:00 0 
7f4594021000-7f4598000000 ---p 00000000 00:00 0 
7f4598000000-7f4598021000 rw-p 00000000 00:00 0 
7f4598021000-7f459c000000 ---p 00000000 00:00 0 
7f459c000000-7f459c021000 rw-p 00000000 00:00 0 
7f459c021000-7f45a0000000 ---p 00000000 00:00 0 
7f45a0000000-7f45a0062000 rw-p 00000000 00:00 0 
7f45a0062000-7f45a4000000 ---p 00000000 00:00 0 
7f45a4000000-7f45a4021000 rw-p 00000000 00:00 0 
7f45a4021000-7f45a8000000 ---p 00000000 00:00 0 
7f45a8000000-7f45a8001000 r--s 00000000 08:06 5243217                    /var/cache/fontconfig/551ecf3b0e8b0bca0f25c0944f561853-le64.cache-7
7f45a8001000-7f45a8002000 r--s 00000000 08:06 5243209                    /var/cache/fontconfig/3f7329c5293ffd510edef78f73874cfd-le64.cache-7
7f45a8002000-7f45a8003000 r--s 00000000 08:06 5243195                    /var/cache/fontconfig/0c9eb80ebd1c36541ebe2852d3bb0c49-le64.cache-7
7f45a8003000-7f45a8004000 r--s 00000000 08:06 5243202                    /var/cache/fontconfig/22368d551a680bfe5a62c02760edf4ea-le64.cache-7
7f45a8004000-7f45a8005000 r--s 00000000 08:06 5243214                    /var/cache/fontconfig/4d9c95eba1cb85bbcf2878543262124a-le64.cache-7
7f45a8005000-7f45a8006000 r--s 00000000 08:06 5243231                    /var/cache/fontconfig/85e0a52ce643a7ba2ae53e5d6949cead-le64.cache-7
7f45a8006000-7f45a8009000 r--s 00000000 08:06 5243253                    /var/cache/fontconfig/e13b20fdb08344e0e664864cc2ede53d-le64.cache-7
7f45a8009000-7f45a800c000 ---p 00000000 00:00 0 
7f45a800c000-7f45a8042000 rw-p 00000000 00:00 0 
7f45a8042000-7f45a8055000 r--s 00346000 08:06 10630406                   /usr/lib/jvm/java-8-openjdk-amd64/jre/lib/resources.jar
7f45a8055000-7f45a805a000 r--s 002f9000 08:06 10627689                   /usr/lib/jvm/java-8-openjdk-amd64/jre/lib/charsets.jar
7f45a805a000-7f45a8075000 r--s 001d6000 08:06 10627714                   /usr/lib/jvm/java-8-openjdk-amd64/jre/lib/ext/nashorn.jar
7f45a8075000-7f45a8090000 r--s 00394000 08:06 10627709                   /usr/lib/jvm/java-8-openjdk-amd64/jre/lib/ext/cldrdata.jar
7f45a8090000-7f45a8091000 ---p 00000000 00:00 0 
7f45a8091000-7f45a8191000 rw-p 00000000 00:00 0 
7f45a8191000-7f45a8194000 ---p 00000000 00:00 0 
7f45a8194000-7f45a8292000 rw-p 00000000 00:00 0 
7f45a8292000-7f45a8295000 ---p 00000000 00:00 0 
7f45a8295000-7f45a8393000 rw-p 00000000 00:00 0 
7f45a8393000-7f45a8d62000 r--p 00000000 08:06 10621656                   /usr/lib/locale/locale-archive
7f45a8d62000-7f45a8d65000 ---p 00000000 00:00 0 
7f45a8d65000-7f45a8e63000 rw-p 00000000 00:00 0 
7f45a8e63000-7f45a8e66000 ---p 00000000 00:00 0 
7f45a8e66000-7f45a8f64000 rw-p 00000000 00:00 0 
7f45a8f64000-7f45a8f65000 ---p 00000000 00:00 0 
7f45a8f65000-7f45ac000000 rw-p 00000000 00:00 0 
7f45ac000000-7f45ac021000 rw-p 00000000 00:00 0 
7f45ac021000-7f45b0000000 ---p 00000000 00:00 0 
7f45b0000000-7f45b0021000 rw-p 00000000 00:00 0 
7f45b0021000-7f45b4000000 ---p 00000000 00:00 0 
7f45b4000000-7f45b4021000 rw-p 00000000 00:00 0 
7f45b4021000-7f45b8000000 ---p 00000000 00:00 0 
7f45b8000000-7f45b8021000 rw-p 00000000 00:00 0 
7f45b8021000-7f45bc000000 ---p 00000000 00:00 0 
7f45bc000000-7f45bc021000 rw-p 00000000 00:00 0 
7f45bc021000-7f45c0000000 ---p 00000000 00:00 0 
7f45c0000000-7f45c0021000 rw-p 00000000 00:00 0 
7f45c0021000-7f45c4000000 ---p 00000000 00:00 0 
7f45c4000000-7f45c4021000 rw-p 00000000 00:00 0 
7f45c4021000-7f45c8000000 ---p 00000000 00:00 0 
7f45c8000000-7f45c8002000 r--s 00000000 08:06 5243226                    /var/cache/fontconfig/6afa1bb216ce958c1589e297e8008489-le64.cache-7
7f45c8002000-7f45c8009000 r--s 0005b000 08:06 6554083                    /home/sneha/contiki-2.7/tools/cooja/lib/jsyntaxpane.jar
7f45c8009000-7f45c84b2000 rw-p 00000000 00:00 0 
7f45c84b2000-7f45c8682000 r--s 03c5c000 08:06 10630408                   /usr/lib/jvm/java-8-openjdk-amd64/jre/lib/rt.jar
7f45c8682000-7f45c87f8000 rw-p 00000000 00:00 0 
7f45c87f8000-7f45c87f9000 ---p 00000000 00:00 0 
7f45c87f9000-7f45c88f9000 rw-p 00000000 00:00 0 
7f45c88f9000-7f45c88fa000 ---p 00000000 00:00 0 
7f45c88fa000-7f45c89fa000 rw-p 00000000 00:00 0 
7f45c89fa000-7f45c89fb000 ---p 00000000 00:00 0 
7f45c89fb000-7f45c8afb000 rw-p 00000000 00:00 0 
7f45c8afb000-7f45c8afc000 ---p 00000000 00:00 0 
7f45c8afc000-7f45c8bfc000 rw-p 00000000 00:00 0 
7f45c8bfc000-7f45c8bfd000 ---p 00000000 00:00 0 
7f45c8bfd000-7f45c8cfd000 rw-p 00000000 00:00 0 
7f45c8cfd000-7f45c8cfe000 ---p 00000000 00:00 0 
7f45c8cfe000-7f45c8dfe000 rw-p 00000000 00:00 0 
7f45c8dfe000-7f45c8dff000 ---p 00000000 00:00 0 
7f45c8dff000-7f45c8eff000 rw-p 00000000 00:00 0 
7f45c8eff000-7f45c8f00000 ---p 00000000 00:00 0 
7f45c8f00000-7f45c9000000 rw-p 00000000 00:00 0 
7f45c9000000-7f45c9270000 rwxp 00000000 00:00 0 
7f45c9270000-7f45d8000000 ---p 00000000 00:00 0 
7f45d8000000-7f45d850b000 rw-p 00000000 00:00 0 
7f45d850b000-7f45dc000000 ---p 00000000 00:00 0 
7f45dc000000-7f45dc001000 r--s 00000000 08:06 5243211                    /var/cache/fontconfig/49f0de54bdd920fe4f0dfd4cbac43e6b-le64.cache-7
7f45dc001000-7f45dc008000 r--s 0004f000 08:06 6554084                    /home/sneha/contiki-2.7/tools/cooja/lib/log4j.jar
7f45dc008000-7f45dc00b000 r--s 00022000 08:06 6554082                    /home/sneha/contiki-2.7/tools/cooja/lib/jdom.jar
7f45dc00b000-7f45dc015000 r--s 00116000 08:06 10627713                   /usr/lib/jvm/java-8-openjdk-amd64/jre/lib/ext/localedata.jar
7f45dc015000-7f45dc0e8000 rw-p 00000000 00:00 0 
7f45dc0e8000-7f45dc168000 ---p 00000000 00:00 0 
7f45dc168000-7f45dc17a000 rw-p 00000000 00:00 0 
7f45dc17a000-7f45dc1be000 ---p 00000000 00:00 0 
7f45dc1be000-7f45dc1c9000 rw-p 00000000 00:00 0 
7f45dc1c9000-7f45dc57f000 ---p 00000000 00:00 0 
7f45dc57f000-7f45dc587000 r-xp 00000000 08:06 10627678                   /usr/lib/jvm/java-8-openjdk-amd64/jre/lib/amd64/libzip.so
7f45dc587000-7f45dc786000 ---p 00008000 08:06 10627678                   /usr/lib/jvm/java-8-openjdk-amd64/jre/lib/amd64/libzip.so
7f45dc786000-7f45dc787000 r--p 00007000 08:06 10627678                   /usr/lib/jvm/java-8-openjdk-amd64/jre/lib/amd64/libzip.so
7f45dc787000-7f45dc788000 rw-p 00008000 08:06 10627678                   /usr/lib/jvm/java-8-openjdk-amd64/jre/lib/amd64/libzip.so
7f45dc788000-7f45dc793000 r-xp 00000000 08:06 10359556                   /lib/x86_64-linux-gnu/libnss_files-2.27.so
7f45dc793000-7f45dc992000 ---p 0000b000 08:06 10359556                   /lib/x86_64-linux-gnu/libnss_files-2.27.so
7f45dc992000-7f45dc993000 r--p 0000a000 08:06 10359556                   /lib/x86_64-linux-gnu/libnss_files-2.27.so
7f45dc993000-7f45dc994000 rw-p 0000b000 08:06 10359556                   /lib/x86_64-linux-gnu/libnss_files-2.27.so
7f45dc994000-7f45dc99a000 rw-p 00000000 00:00 0 
7f45dc99a000-7f45dc9b1000 r-xp 00000000 08:06 10359550                   /lib/x86_64-linux-gnu/libnsl-2.27.so
7f45dc9b1000-7f45dcbb0000 ---p 00017000 08:06 10359550                   /lib/x86_64-linux-gnu/libnsl-2.27.so
7f45dcbb0000-7f45dcbb1000 r--p 00016000 08:06 10359550                   /lib/x86_64-linux-gnu/libnsl-2.27.so
7f45dcbb1000-7f45dcbb2000 rw-p 00017000 08:06 10359550                   /lib/x86_64-linux-gnu/libnsl-2.27.so
7f45dcbb2000-7f45dcbb4000 rw-p 00000000 00:00 0 
7f45dcbb4000-7f45dcbbf000 r-xp 00000000 08:06 10359567                   /lib/x86_64-linux-gnu/libnss_nis-2.27.so
7f45dcbbf000-7f45dcdbe000 ---p 0000b000 08:06 10359567                   /lib/x86_64-linux-gnu/libnss_nis-2.27.so
7f45dcdbe000-7f45dcdbf000 r--p 0000a000 08:06 10359567                   /lib/x86_64-linux-gnu/libnss_nis-2.27.so
7f45dcdbf000-7f45dcdc0000 rw-p 0000b000 08:06 10359567                   /lib/x86_64-linux-gnu/libnss_nis-2.27.so
7f45dcdc0000-7f45dcdc8000 r-xp 00000000 08:06 10359552                   /lib/x86_64-linux-gnu/libnss_compat-2.27.so
7f45dcdc8000-7f45dcfc8000 ---p 00008000 08:06 10359552                   /lib/x86_64-linux-gnu/libnss_compat-2.27.so
7f45dcfc8000-7f45dcfc9000 r--p 00008000 08:06 10359552                   /lib/x86_64-linux-gnu/libnss_compat-2.27.so
7f45dcfc9000-7f45dcfca000 rw-p 00009000 08:06 10359552                   /lib/x86_64-linux-gnu/libnss_compat-2.27.so
7f45dcfca000-7f45dcff4000 r-xp 00000000 08:06 10626641                   /usr/lib/jvm/java-8-openjdk-amd64/jre/lib/amd64/libjava.so
7f45dcff4000-7f45dd1f3000 ---p 0002a000 08:06 10626641                   /usr/lib/jvm/java-8-openjdk-amd64/jre/lib/amd64/libjava.so
7f45dd1f3000-7f45dd1f4000 r--p 00029000 08:06 10626641                   /usr/lib/jvm/java-8-openjdk-amd64/jre/lib/amd64/libjava.so
7f45dd1f4000-7f45dd1f6000 rw-p 0002a000 08:06 10626641                   /usr/lib/jvm/java-8-openjdk-amd64/jre/lib/amd64/libjava.so
7f45dd1f6000-7f45dd206000 r-xp 00000000 08:06 10627129                   /usr/lib/jvm/java-8-openjdk-amd64/jre/lib/amd64/libverify.so
7f45dd206000-7f45dd405000 ---p 00010000 08:06 10627129                   /usr/lib/jvm/java-8-openjdk-amd64/jre/lib/amd64/libverify.so
7f45dd405000-7f45dd407000 r--p 0000f000 08:06 10627129                   /usr/lib/jvm/java-8-openjdk-amd64/jre/lib/amd64/libverify.so
7f45dd407000-7f45dd408000 rw-p 00011000 08:06 10627129                   /usr/lib/jvm/java-8-openjdk-amd64/jre/lib/amd64/libverify.so
7f45dd408000-7f45dd40f000 r-xp 00000000 08:06 10359607                   /lib/x86_64-linux-gnu/librt-2.27.so
7f45dd40f000-7f45dd60e000 ---p 00007000 08:06 10359607                   /lib/x86_64-linux-gnu/librt-2.27.so
7f45dd60e000-7f45dd60f000 r--p 00006000 08:06 10359607                   /lib/x86_64-linux-gnu/librt-2.27.so
7f45dd60f000-7f45dd610000 rw-p 00007000 08:06 10359607                   /lib/x86_64-linux-gnu/librt-2.27.so
7f45dd610000-7f45dd627000 r-xp 00000000 08:06 10359358                   /lib/x86_64-linux-gnu/libgcc_s.so.1
7f45dd627000-7f45dd826000 ---p 00017000 08:06 10359358                   /lib/x86_64-linux-gnu/libgcc_s.so.1
7f45dd826000-7f45dd827000 r--p 00016000 08:06 10359358                   /lib/x86_64-linux-gnu/libgcc_s.so.1
7f45dd827000-7f45dd828000 rw-p 00017000 08:06 10359358                   /lib/x86_64-linux-gnu/libgcc_s.so.1
7f45dd828000-7f45dd9c5000 r-xp 00000000 08:06 10359529                   /lib/x86_64-linux-gnu/libm-2.27.so
7f45dd9c5000-7f45ddbc4000 ---p 0019d000 08:06 10359529                   /lib/x86_64-linux-gnu/libm-2.27.so
7f45ddbc4000-7f45ddbc5000 r--p 0019c000 08:06 10359529                   /lib/x86_64-linux-gnu/libm-2.27.so
7f45ddbc5000-7f45ddbc6000 rw-p 0019d000 08:06 10359529                   /lib/x86_64-linux-gnu/libm-2.27.so
7f45ddbc6000-7f45ddd3f000 r-xp 00000000 08:06 10623012                   /usr/lib/x86_64-linux-gnu/libstdc++.so.6.0.25
7f45ddd3f000-7f45ddf3f000 ---p 00179000 08:06 10623012                   /usr/lib/x86_64-linux-gnu/libstdc++.so.6.0.25
7f45ddf3f000-7f45ddf49000 r--p 00179000 08:06 10623012                   /usr/lib/x86_64-linux-gnu/libstdc++.so.6.0.25
7f45ddf49000-7f45ddf4b000 rw-p 00183000 08:06 10623012                   /usr/lib/x86_64-linux-gnu/libstdc++.so.6.0.25
7f45ddf4b000-7f45ddf4f000 rw-p 00000000 00:00 0 
7f45ddf4f000-7f45debee000 r-xp 00000000 08:06 10627685                   /usr/lib/jvm/java-8-openjdk-amd64/jre/lib/amd64/server/libjvm.so
7f45debee000-7f45dedee000 ---p 00c9f000 08:06 10627685                   /usr/lib/jvm/java-8-openjdk-amd64/jre/lib/amd64/server/libjvm.so
7f45dedee000-7f45dee82000 r--p 00c9f000 08:06 10627685                   /usr/lib/jvm/java-8-openjdk-amd64/jre/lib/amd64/server/libjvm.so
7f45dee82000-7f45deeab000 rw-p 00d33000 08:06 10627685                   /usr/lib/jvm/java-8-openjdk-amd64/jre/lib/amd64/server/libjvm.so
7f45deeab000-7f45deedb000 rw-p 00000000 00:00 0 
7f45deedb000-7f45deef5000 r-xp 00000000 08:06 10359599                   /lib/x86_64-linux-gnu/libpthread-2.27.so
7f45deef5000-7f45df0f4000 ---p 0001a000 08:06 10359599                   /lib/x86_64-linux-gnu/libpthread-2.27.so
7f45df0f4000-7f45df0f5000 r--p 00019000 08:06 10359599                   /lib/x86_64-linux-gnu/libpthread-2.27.so
7f45df0f5000-7f45df0f6000 rw-p 0001a000 08:06 10359599                   /lib/x86_64-linux-gnu/libpthread-2.27.so
7f45df0f6000-7f45df0fa000 rw-p 00000000 00:00 0 
7f45df0fa000-7f45df0fd000 r-xp 00000000 08:06 10359489                   /lib/x86_64-linux-gnu/libdl-2.27.so
7f45df0fd000-7f45df2fc000 ---p 00003000 08:06 10359489                   /lib/x86_64-linux-gnu/libdl-2.27.so
7f45df2fc000-7f45df2fd000 r--p 00002000 08:06 10359489                   /lib/x86_64-linux-gnu/libdl-2.27.so
7f45df2fd000-7f45df2fe000 rw-p 00003000 08:06 10359489                   /lib/x86_64-linux-gnu/libdl-2.27.so
7f45df2fe000-7f45df31a000 r-xp 00000000 08:06 10359638                   /lib/x86_64-linux-gnu/libz.so.1.2.11
7f45df31a000-7f45df519000 ---p 0001c000 08:06 10359638                   /lib/x86_64-linux-gnu/libz.so.1.2.11
7f45df519000-7f45df51a000 r--p 0001b000 08:06 10359638                   /lib/x86_64-linux-gnu/libz.so.1.2.11
7f45df51a000-7f45df51b000 rw-p 0001c000 08:06 10359638                   /lib/x86_64-linux-gnu/libz.so.1.2.11
7f45df51b000-7f45df702000 r-xp 00000000 08:06 10359466                   /lib/x86_64-linux-gnu/libc-2.27.so
7f45df702000-7f45df902000 ---p 001e7000 08:06 10359466                   /lib/x86_64-linux-gnu/libc-2.27.so
7f45df902000-7f45df906000 r--p 001e7000 08:06 10359466                   /lib/x86_64-linux-gnu/libc-2.27.so
7f45df906000-7f45df908000 rw-p 001eb000 08:06 10359466                   /lib/x86_64-linux-gnu/libc-2.27.so
7f45df908000-7f45df90c000 rw-p 00000000 00:00 0 
7f45df90c000-7f45df91a000 r-xp 00000000 08:06 10619879                   /usr/lib/jvm/java-8-openjdk-amd64/jre/lib/amd64/jli/libjli.so
7f45df91a000-7f45dfb19000 ---p 0000e000 08:06 10619879                   /usr/lib/jvm/java-8-openjdk-amd64/jre/lib/amd64/jli/libjli.so
7f45dfb19000-7f45dfb1a000 r--p 0000d000 08:06 10619879                   /usr/lib/jvm/java-8-openjdk-amd64/jre/lib/amd64/jli/libjli.so
7f45dfb1a000-7f45dfb1b000 rw-p 0000e000 08:06 10619879                   /usr/lib/jvm/java-8-openjdk-amd64/jre/lib/amd64/jli/libjli.so
7f45dfb1b000-7f45dfb42000 r-xp 00000000 08:06 10359438                   /lib/x86_64-linux-gnu/ld-2.27.so
7f45dfb42000-7f45dfb43000 r--s 00000000 08:06 5243258                    /var/cache/fontconfig/f6e6e0a5c3d2f6ae0c0c2e0ecd42a997-le64.cache-7
7f45dfb43000-7f45dfb46000 r--s 00039000 08:06 10627717                   /usr/lib/jvm/java-8-openjdk-amd64/jre/lib/ext/sunpkcs11.jar
7f45dfb46000-7f45dfb49000 r--s 0000f000 08:06 10627711                   /usr/lib/jvm/java-8-openjdk-amd64/jre/lib/ext/icedtea-sound.jar
7f45dfb49000-7f45dfb4e000 r--s 0003c000 08:06 10627716                   /usr/lib/jvm/java-8-openjdk-amd64/jre/lib/ext/sunjce_provider.jar
7f45dfb4e000-7f45dfb50000 r--s 00007000 08:06 11147219                   /usr/share/java/java-atk-wrapper.jar
7f45dfb50000-7f45dfba2000 rw-p 00000000 00:00 0 
7f45dfba2000-7f45dfc23000 ---p 00000000 00:00 0 
7f45dfc23000-7f45dfc24000 ---p 00000000 00:00 0 
7f45dfc24000-7f45dfc27000 ---p 00000000 00:00 0 
7f45dfc27000-7f45dfd26000 rw-p 00000000 00:00 0 
7f45dfd26000-7f45dfd27000 r--s 00000000 08:06 5243212                    /var/cache/fontconfig/4b2eda6bb976bda485cb2176619421d5-le64.cache-7
7f45dfd27000-7f45dfd28000 r--s 0000a000 08:06 10627712                   /usr/lib/jvm/java-8-openjdk-amd64/jre/lib/ext/jaccess.jar
7f45dfd28000-7f45dfd29000 r--s 0000d000 08:06 10627715                   /usr/lib/jvm/java-8-openjdk-amd64/jre/lib/ext/sunec.jar
7f45dfd29000-7f45dfd2a000 r--s 00010000 08:06 10627718                   /usr/lib/jvm/java-8-openjdk-amd64/jre/lib/ext/zipfs.jar
7f45dfd2a000-7f45dfd2c000 r--s 00001000 08:06 10627710                   /usr/lib/jvm/java-8-openjdk-amd64/jre/lib/ext/dnsns.jar
7f45dfd2c000-7f45dfd36000 rw-p 00000000 00:00 0 
7f45dfd36000-7f45dfd3e000 rw-s 00000000 08:06 1441967                    /tmp/hsperfdata_root/13196
7f45dfd3e000-7f45dfd3f000 rw-p 00000000 00:00 0 
7f45dfd3f000-7f45dfd40000 r--p 00000000 00:00 0 
7f45dfd40000-7f45dfd42000 rw-p 00000000 00:00 0 
7f45dfd42000-7f45dfd43000 r--p 00027000 08:06 10359438                   /lib/x86_64-linux-gnu/ld-2.27.so
7f45dfd43000-7f45dfd44000 rw-p 00028000 08:06 10359438                   /lib/x86_64-linux-gnu/ld-2.27.so
7f45dfd44000-7f45dfd45000 rw-p 00000000 00:00 0 
7ffe79b94000-7ffe79bb5000 rw-p 00000000 00:00 0                          [stack]
7ffe79bd2000-7ffe79bd5000 r--p 00000000 00:00 0                          [vvar]
7ffe79bd5000-7ffe79bd7000 r-xp 00000000 00:00 0                          [vdso]
ffffffffff600000-ffffffffff601000 r-xp 00000000 00:00 0                  [vsyscall]

VM Arguments:
jvm_args: -Djava.compiler=NONE -Xmx512m -Duser.language=en 
java_command: se.sics.cooja.GUI
java_class_path (initial): /home/sneha/contiki-2.7/tools/cooja/build:/home/sneha/contiki-2.7/tools/cooja/lib/jdom.jar:/home/sneha/contiki-2.7/tools/cooja/lib/log4j.jar:/home/sneha/contiki-2.7/tools/cooja/lib/jsyntaxpane.jar
Launcher Type: SUN_STANDARD

Environment Variables:
JAVA_HOME=/usr/lib/jvm/java-8-openjdk-amd64
PATH=/usr/local/sbin:/usr/local/bin:/usr/sbin:/usr/bin:/sbin:/bin:/snap/bin
USERNAME=root
LD_LIBRARY_PATH=.
SHELL=/bin/bash
DISPLAY=:0

Signal Handlers:
SIGSEGV: [libjvm.so+0xab92f0], sa_mask[0]=11111111011111111101111111111110, sa_flags=SA_RESTART|SA_SIGINFO
SIGBUS: [libjvm.so+0xab92f0], sa_mask[0]=11111111011111111101111111111110, sa_flags=SA_RESTART|SA_SIGINFO
SIGFPE: [libjvm.so+0x8ee560], sa_mask[0]=11111111011111111101111111111110, sa_flags=SA_RESTART|SA_SIGINFO
SIGPIPE: [libjvm.so+0x8ee560], sa_mask[0]=11111111011111111101111111111110, sa_flags=SA_RESTART|SA_SIGINFO
SIGXFSZ: [libjvm.so+0x8ee560], sa_mask[0]=11111111011111111101111111111110, sa_flags=SA_RESTART|SA_SIGINFO
SIGILL: [libjvm.so+0x8ee560], sa_mask[0]=11111111011111111101111111111110, sa_flags=SA_RESTART|SA_SIGINFO
SIGUSR1: SIG_DFL, sa_mask[0]=00000000000000000000000000000000, sa_flags=none
SIGUSR2: [libjvm.so+0x8ee410], sa_mask[0]=00100000000000000000000000000000, sa_flags=SA_RESTART|SA_SIGINFO
SIGHUP: [libjvm.so+0x8eea80], sa_mask[0]=11111111011111111101111111111110, sa_flags=SA_RESTART|SA_SIGINFO
SIGINT: [libjvm.so+0x8eea80], sa_mask[0]=11111111011111111101111111111110, sa_flags=SA_RESTART|SA_SIGINFO
SIGTERM: [libjvm.so+0x8eea80], sa_mask[0]=11111111011111111101111111111110, sa_flags=SA_RESTART|SA_SIGINFO
SIGQUIT: [libjvm.so+0x8eea80], sa_mask[0]=11111111011111111101111111111110, sa_flags=SA_RESTART|SA_SIGINFO


---------------  S Y S T E M  ---------------

OS:DISTRIB_ID=Ubuntu
DISTRIB_RELEASE=18.04
DISTRIB_CODENAME=bionic
DISTRIB_DESCRIPTION="Ubuntu 18.04.3 LTS"

uname:Linux 4.15.0-58-generic #64-Ubuntu SMP Tue Aug 6 11:12:41 UTC 2019 x86_64
libc:glibc 2.27 NPTL 2.27 
rlimit: STACK 8192k, CORE infinity, NPROC 30810, NOFILE 4096, AS infinity
load average:1.27 1.15 0.90

/proc/meminfo:
MemTotal:        8053424 kB
MemFree:          314216 kB
MemAvailable:    2521668 kB
Buffers:          137680 kB
Cached:          2627700 kB
SwapCached:         2228 kB
Active:          5318456 kB
Inactive:        1630864 kB
Active(anon):    4102964 kB
Inactive(anon):   800616 kB
Active(file):    1215492 kB
Inactive(file):   830248 kB
Unevictable:          48 kB
Mlocked:              48 kB
SwapTotal:       2097148 kB
SwapFree:        2046704 kB
Dirty:              1520 kB
Writeback:             0 kB
AnonPages:       4179892 kB
Mapped:           509120 kB
Shmem:            719640 kB
Slab:             559308 kB
SReclaimable:     464836 kB
SUnreclaim:        94472 kB
KernelStack:       19840 kB
PageTables:        99788 kB
NFS_Unstable:          0 kB
Bounce:                0 kB
WritebackTmp:          0 kB
CommitLimit:     6123860 kB
Committed_AS:   15836860 kB
VmallocTotal:   34359738367 kB
VmallocUsed:           0 kB
VmallocChunk:          0 kB
HardwareCorrupted:     0 kB
AnonHugePages:         0 kB
ShmemHugePages:        0 kB
ShmemPmdMapped:        0 kB
CmaTotal:              0 kB
CmaFree:               0 kB
HugePages_Total:       0
HugePages_Free:        0
HugePages_Rsvd:        0
HugePages_Surp:        0
Hugepagesize:       2048 kB
DirectMap4k:      510588 kB
DirectMap2M:     7763968 kB
DirectMap1G:     1048576 kB

container (cgroup) information:
container_type: cgroupv1
cpu_cpuset_cpus: 0-7
cpu_memory_nodes: 0
active_processor_count: 8
cpu_quota: -1
cpu_period: 100000
cpu_shares: -1
memory_limit_in_bytes: -1
memory_and_swap_limit_in_bytes: -2
memory_soft_limit_in_bytes: -1
memory_usage_in_bytes: 7116955648
memory_max_usage_in_bytes: 421617664


CPU:total 8 (initial active 8) (4 cores per cpu, 2 threads per core) family 6 model 158 stepping 9, cmov, cx8, fxsr, mmx, sse, sse2, sse3, ssse3, sse4.1, sse4.2, popcnt, avx, avx2, aes, clmul, erms, rtm, 3dnowpref, lzcnt, ht, tsc, tscinvbit, bmi1, bmi2, adx

/proc/cpuinfo:
processor	: 0
vendor_id	: GenuineIntel
cpu family	: 6
model		: 158
model name	: Intel(R) Core(TM) i7-7700 CPU @ 3.60GHz
stepping	: 9
microcode	: 0xb4
cpu MHz		: 4089.861
cache size	: 8192 KB
physical id	: 0
siblings	: 8
core id		: 0
cpu cores	: 4
apicid		: 0
initial apicid	: 0
fpu		: yes
fpu_exception	: yes
cpuid level	: 22
wp		: yes
flags		: fpu vme de pse tsc msr pae mce cx8 apic sep mtrr pge mca cmov pat pse36 clflush dts acpi mmx fxsr sse sse2 ss ht tm pbe syscall nx pdpe1gb rdtscp lm constant_tsc art arch_perfmon pebs bts rep_good nopl xtopology nonstop_tsc cpuid aperfmperf tsc_known_freq pni pclmulqdq dtes64 monitor ds_cpl vmx smx est tm2 ssse3 sdbg fma cx16 xtpr pdcm pcid sse4_1 sse4_2 x2apic movbe popcnt tsc_deadline_timer aes xsave avx f16c rdrand lahf_lm abm 3dnowprefetch cpuid_fault epb invpcid_single pti ssbd ibrs ibpb stibp tpr_shadow vnmi flexpriority ept vpid fsgsbase tsc_adjust bmi1 hle avx2 smep bmi2 erms invpcid rtm mpx rdseed adx smap clflushopt intel_pt xsaveopt xsavec xgetbv1 xsaves dtherm ida arat pln pts hwp hwp_notify hwp_act_window hwp_epp md_clear flush_l1d
bugs		: cpu_meltdown spectre_v1 spectre_v2 spec_store_bypass l1tf mds swapgs
bogomips	: 7200.00
clflush size	: 64
cache_alignment	: 64
address sizes	: 39 bits physical, 48 bits virtual
power management:

processor	: 1
vendor_id	: GenuineIntel
cpu family	: 6
model		: 158
model name	: Intel(R) Core(TM) i7-7700 CPU @ 3.60GHz
stepping	: 9
microcode	: 0xb4
cpu MHz		: 4093.273
cache size	: 8192 KB
physical id	: 0
siblings	: 8
core id		: 1
cpu cores	: 4
apicid		: 2
initial apicid	: 2
fpu		: yes
fpu_exception	: yes
cpuid level	: 22
wp		: yes
flags		: fpu vme de pse tsc msr pae mce cx8 apic sep mtrr pge mca cmov pat pse36 clflush dts acpi mmx fxsr sse sse2 ss ht tm pbe syscall nx pdpe1gb rdtscp lm constant_tsc art arch_perfmon pebs bts rep_good nopl xtopology nonstop_tsc cpuid aperfmperf tsc_known_freq pni pclmulqdq dtes64 monitor ds_cpl vmx smx est tm2 ssse3 sdbg fma cx16 xtpr pdcm pcid sse4_1 sse4_2 x2apic movbe popcnt tsc_deadline_timer aes xsave avx f16c rdrand lahf_lm abm 3dnowprefetch cpuid_fault epb invpcid_single pti ssbd ibrs ibpb stibp tpr_shadow vnmi flexpriority ept vpid fsgsbase tsc_adjust bmi1 hle avx2 smep bmi2 erms invpcid rtm mpx rdseed adx smap clflushopt intel_pt xsaveopt xsavec xgetbv1 xsaves dtherm ida arat pln pts hwp hwp_notify hwp_act_window hwp_epp md_clear flush_l1d
bugs		: cpu_meltdown spectre_v1 spectre_v2 spec_store_bypass l1tf mds swapgs
bogomips	: 7200.00
clflush size	: 64
cache_alignment	: 64
address sizes	: 39 bits physical, 48 bits virtual
power management:

processor	: 2
vendor_id	: GenuineIntel
cpu family	: 6
model		: 158
model name	: Intel(R) Core(TM) i7-7700 CPU @ 3.60GHz
stepping	: 9
microcode	: 0xb4
cpu MHz		: 4144.241
cache size	: 8192 KB
physical id	: 0
siblings	: 8
core id		: 2
cpu cores	: 4
apicid		: 4
initial apicid	: 4
fpu		: yes
fpu_exception	: yes
cpuid level	: 22
wp		: yes
flags		: fpu vme de pse tsc msr pae mce cx8 apic sep mtrr pge mca cmov pat pse36 clflush dts acpi mmx fxsr sse sse2 ss ht tm pbe syscall nx pdpe1gb rdtscp lm constant_tsc art arch_perfmon pebs bts rep_good nopl xtopology nonstop_tsc cpuid aperfmperf tsc_known_freq pni pclmulqdq dtes64 monitor ds_cpl vmx smx est tm2 ssse3 sdbg fma cx16 xtpr pdcm pcid sse4_1 sse4_2 x2apic movbe popcnt tsc_deadline_timer aes xsave avx f16c rdrand lahf_lm abm 3dnowprefetch cpuid_fault epb invpcid_single pti ssbd ibrs ibpb stibp tpr_shadow vnmi flexpriority ept vpid fsgsbase tsc_adjust bmi1 hle avx2 smep bmi2 erms invpcid rtm mpx rdseed adx smap clflushopt intel_pt xsaveopt xsavec xgetbv1 xsaves dtherm ida arat pln pts hwp hwp_notify hwp_act_window hwp_epp md_clear flush_l1d
bugs		: cpu_meltdown spectre_v1 spectre_v2 spec_store_bypass l1tf mds swapgs
bogomips	: 7200.00
clflush size	: 64
cache_alignment	: 64
address sizes	: 39 bits physical, 48 bits virtual
power management:

processor	: 3
vendor_id	: GenuineIntel
cpu family	: 6
model		: 158
model name	: Intel(R) Core(TM) i7-7700 CPU @ 3.60GHz
stepping	: 9
microcode	: 0xb4
cpu MHz		: 4084.471
cache size	: 8192 KB
physical id	: 0
siblings	: 8
core id		: 3
cpu cores	: 4
apicid		: 6
initial apicid	: 6
fpu		: yes
fpu_exception	: yes
cpuid level	: 22
wp		: yes
flags		: fpu vme de pse tsc msr pae mce cx8 apic sep mtrr pge mca cmov pat pse36 clflush dts acpi mmx fxsr sse sse2 ss ht tm pbe syscall nx pdpe1gb rdtscp lm constant_tsc art arch_perfmon pebs bts rep_good nopl xtopology nonstop_tsc cpuid aperfmperf tsc_known_freq pni pclmulqdq dtes64 monitor ds_cpl vmx smx est tm2 ssse3 sdbg fma cx16 xtpr pdcm pcid sse4_1 sse4_2 x2apic movbe popcnt tsc_deadline_timer aes xsave avx f16c rdrand lahf_lm abm 3dnowprefetch cpuid_fault epb invpcid_single pti ssbd ibrs ibpb stibp tpr_shadow vnmi flexpriority ept vpid fsgsbase tsc_adjust bmi1 hle avx2 smep bmi2 erms invpcid rtm mpx rdseed adx smap clflushopt intel_pt xsaveopt xsavec xgetbv1 xsaves dtherm ida arat pln pts hwp hwp_notify hwp_act_window hwp_epp md_clear flush_l1d
bugs		: cpu_meltdown spectre_v1 spectre_v2 spec_store_bypass l1tf mds swapgs
bogomips	: 7200.00
clflush size	: 64
cache_alignment	: 64
address sizes	: 39 bits physical, 48 bits virtual
power management:

processor	: 4
vendor_id	: GenuineIntel
cpu family	: 6
model		: 158
model name	: Intel(R) Core(TM) i7-7700 CPU @ 3.60GHz
stepping	: 9
microcode	: 0xb4
cpu MHz		: 4091.606
cache size	: 8192 KB
physical id	: 0
siblings	: 8
core id		: 0
cpu cores	: 4
apicid		: 1
initial apicid	: 1
fpu		: yes
fpu_exception	: yes
cpuid level	: 22
wp		: yes
flags		: fpu vme de pse tsc msr pae mce cx8 apic sep mtrr pge mca cmov pat pse36 clflush dts acpi mmx fxsr sse sse2 ss ht tm pbe syscall nx pdpe1gb rdtscp lm constant_tsc art arch_perfmon pebs bts rep_good nopl xtopology nonstop_tsc cpuid aperfmperf tsc_known_freq pni pclmulqdq dtes64 monitor ds_cpl vmx smx est tm2 ssse3 sdbg fma cx16 xtpr pdcm pcid sse4_1 sse4_2 x2apic movbe popcnt tsc_deadline_timer aes xsave avx f16c rdrand lahf_lm abm 3dnowprefetch cpuid_fault epb invpcid_single pti ssbd ibrs ibpb stibp tpr_shadow vnmi flexpriority ept vpid fsgsbase tsc_adjust bmi1 hle avx2 smep bmi2 erms invpcid rtm mpx rdseed adx smap clflushopt intel_pt xsaveopt xsavec xgetbv1 xsaves dtherm ida arat pln pts hwp hwp_notify hwp_act_window hwp_epp md_clear flush_l1d
bugs		: cpu_meltdown spectre_v1 spectre_v2 spec_store_bypass l1tf mds swapgs
bogomips	: 7200.00
clflush size	: 64
cache_alignment	: 64
address sizes	: 39 bits physical, 48 bits virtual
power management:

processor	: 5
vendor_id	: GenuineIntel
cpu family	: 6
model		: 158
model name	: Intel(R) Core(TM) i7-7700 CPU @ 3.60GHz
stepping	: 9
microcode	: 0xb4
cpu MHz		: 4099.132
cache size	: 8192 KB
physical id	: 0
siblings	: 8
core id		: 1
cpu cores	: 4
apicid		: 3
initial apicid	: 3
fpu		: yes
fpu_exception	: yes
cpuid level	: 22
wp		: yes
flags		: fpu vme de pse tsc msr pae mce cx8 apic sep mtrr pge mca cmov pat pse36 clflush dts acpi mmx fxsr sse sse2 ss ht tm pbe syscall nx pdpe1gb rdtscp lm constant_tsc art arch_perfmon pebs bts rep_good nopl xtopology nonstop_tsc cpuid aperfmperf tsc_known_freq pni pclmulqdq dtes64 monitor ds_cpl vmx smx est tm2 ssse3 sdbg fma cx16 xtpr pdcm pcid sse4_1 sse4_2 x2apic movbe popcnt tsc_deadline_timer aes xsave avx f16c rdrand lahf_lm abm 3dnowprefetch cpuid_fault epb invpcid_single pti ssbd ibrs ibpb stibp tpr_shadow vnmi flexpriority ept vpid fsgsbase tsc_adjust bmi1 hle avx2 smep bmi2 erms invpcid rtm mpx rdseed adx smap clflushopt intel_pt xsaveopt xsavec xgetbv1 xsaves dtherm ida arat pln pts hwp hwp_notify hwp_act_window hwp_epp md_clear flush_l1d
bugs		: cpu_meltdown spectre_v1 spectre_v2 spec_store_bypass l1tf mds swapgs
bogomips	: 7200.00
clflush size	: 64
cache_alignment	: 64
address sizes	: 39 bits physical, 48 bits virtual
power management:

processor	: 6
vendor_id	: GenuineIntel
cpu family	: 6
model		: 158
model name	: Intel(R) Core(TM) i7-7700 CPU @ 3.60GHz
stepping	: 9
microcode	: 0xb4
cpu MHz		: 4166.831
cache size	: 8192 KB
physical id	: 0
siblings	: 8
core id		: 2
cpu cores	: 4
apicid		: 5
initial apicid	: 5
fpu		: yes
fpu_exception	: yes
cpuid level	: 22
wp		: yes
flags		: fpu vme de pse tsc msr pae mce cx8 apic sep mtrr pge mca cmov pat pse36 clflush dts acpi mmx fxsr sse sse2 ss ht tm pbe syscall nx pdpe1gb rdtscp lm constant_tsc art arch_perfmon pebs bts rep_good nopl xtopology nonstop_tsc cpuid aperfmperf tsc_known_freq pni pclmulqdq dtes64 monitor ds_cpl vmx smx est tm2 ssse3 sdbg fma cx16 xtpr pdcm pcid sse4_1 sse4_2 x2apic movbe popcnt tsc_deadline_timer aes xsave avx f16c rdrand lahf_lm abm 3dnowprefetch cpuid_fault epb invpcid_single pti ssbd ibrs ibpb stibp tpr_shadow vnmi flexpriority ept vpid fsgsbase tsc_adjust bmi1 hle avx2 smep bmi2 erms invpcid rtm mpx rdseed adx smap clflushopt intel_pt xsaveopt xsavec xgetbv1 xsaves dtherm ida arat pln pts hwp hwp_notify hwp_act_window hwp_epp md_clear flush_l1d
bugs		: cpu_meltdown spectre_v1 spectre_v2 spec_store_bypass l1tf mds swapgs
bogomips	: 7200.00
clflush size	: 64
cache_alignment	: 64
address sizes	: 39 bits physical, 48 bits virtual
power management:

processor	: 7
vendor_id	: GenuineIntel
cpu family	: 6
model		: 158
model name	: Intel(R) Core(TM) i7-7700 CPU @ 3.60GHz
stepping	: 9
microcode	: 0xb4
cpu MHz		: 4074.944
cache size	: 8192 KB
physical id	: 0
siblings	: 8
core id		: 3
cpu cores	: 4
apicid		: 7
initial apicid	: 7
fpu		: yes
fpu_exception	: yes
cpuid level	: 22
wp		: yes
flags		: fpu vme de pse tsc msr pae mce cx8 apic sep mtrr pge mca cmov pat pse36 clflush dts acpi mmx fxsr sse sse2 ss ht tm pbe syscall nx pdpe1gb rdtscp lm constant_tsc art arch_perfmon pebs bts rep_good nopl xtopology nonstop_tsc cpuid aperfmperf tsc_known_freq pni pclmulqdq dtes64 monitor ds_cpl vmx smx est tm2 ssse3 sdbg fma cx16 xtpr pdcm pcid sse4_1 sse4_2 x2apic movbe popcnt tsc_deadline_timer aes xsave avx f16c rdrand lahf_lm abm 3dnowprefetch cpuid_fault epb invpcid_single pti ssbd ibrs ibpb stibp tpr_shadow vnmi flexpriority ept vpid fsgsbase tsc_adjust bmi1 hle avx2 smep bmi2 erms invpcid rtm mpx rdseed adx smap clflushopt intel_pt xsaveopt xsavec xgetbv1 xsaves dtherm ida arat pln pts hwp hwp_notify hwp_act_window hwp_epp md_clear flush_l1d
bugs		: cpu_meltdown spectre_v1 spectre_v2 spec_store_bypass l1tf mds swapgs
bogomips	: 7200.00
clflush size	: 64
cache_alignment	: 64
address sizes	: 39 bits physical, 48 bits virtual
power management:



Memory: 4k page, physical 8053424k(313736k free), swap 2097148k(2046704k free)

vm_info: OpenJDK 64-Bit Server VM (25.222-b10) for linux-amd64 JRE (1.8.0_222-8u222-b10-1ubuntu1~18.04.1-b10), built on Jul 18 2019 18:52:48 by "buildd" with gcc 7.4.0

time: Thu Sep 12 17:21:35 2019
timezone: IST
elapsed time: 40 seconds (0d 0h 0m 40s)

