#
# A fatal error has been detected by the Java Runtime Environment:
#
#  SIGSEGV (0xb) at pc=0x0000000000000000, pid=24617, tid=0x00007f21ef5fb700
#
# JRE version: OpenJDK Runtime Environment (8.0_222-b10) (build 1.8.0_222-8u222-b10-1ubuntu1~18.04.1-b10)
# Java VM: OpenJDK 64-Bit Server VM (25.222-b10 interpreted mode linux-amd64 compressed oops)
# Problematic frame:
# C  0x0000000000000000
#
# Failed to write core dump. Core dumps have been disabled. To enable core dumping, try "ulimit -c unlimited" before starting Java again
#
# If you would like to submit a bug report, please visit:
#   http://bugreport.java.com/bugreport/crash.jsp
# The crash happened outside the Java Virtual Machine in native code.
# See problematic frame for where to report the bug.
#

---------------  T H R E A D  ---------------

Current thread (0x00007f21f427f000):  JavaThread "Thread-6" [_thread_in_native, id=24814, stack(0x00007f21ef4fb000,0x00007f21ef5fc000)]

siginfo: si_signo: 11 (SIGSEGV), si_code: 1 (SEGV_MAPERR), si_addr: 0x0000000000000000

Registers:
RAX=0x0000000000000000, RBX=0x00007f21ef0c3aa0, RCX=0x00007f21ef0c711a, RDX=0x00007f21ef0c3b18
RSP=0x00007f21ef0c2790, RBP=0x00007f21ef0c27c8, RSI=0x00007f21ef0c3b18, RDI=0x0000000000000002
R8 =0x0000000000000080, R9 =0x00007f21ef0c5468, R10=0x0000000000000003, R11=0x00007f21eeea87b4
R12=0x0000000000000000, R13=0x00007f21ef8f0f00, R14=0x00007f21ef5fa7f8, R15=0x00007f21f427f000
RIP=0x0000000000000000, EFLAGS=0x0000000000010202, CSGSFS=0x002b000000000033, ERR=0x0000000000000014
  TRAPNO=0x000000000000000e

Top of Stack: (sp=0x00007f21ef0c2790)
0x00007f21ef0c2790:   00007f21eeea5c17 0000008000000080
0x00007f21ef0c27a0:   00000002ef0c5468 00000000000080fe
0x00007f21ef0c27b0:   0200020002000202 0000000300000040
0x00007f21ef0c27c0:   00007f21ef0c3aa0 00007f21ef0c27f8
0x00007f21ef0c27d0:   00007f21eeea618b 00007f21ef0c27f8
0x00007f21ef0c27e0:   00007f21ef0c3820 00007f21ef0c6c80
0x00007f21ef0c27f0:   0000000000000000 00007f21ef0c2858
0x00007f21ef0c2800:   00007f21eeea2bb5 00007f21ef0c28f8
0x00007f21ef0c2810:   00007f21ef0c28e8 00007f21ef0c2848
0x00007f21ef0c2820:   00007f21ef0c3820 00007f21ef0c2ee0
0x00007f21ef0c2830:   00007f21ef0be9a0 000000000000aaaa
0x00007f21ef0c2840:   0200020002000202 00007f21ef0c28a8
0x00007f21ef0c2850:   4c4faf536f982800 00007f21ef0c28a8
0x00007f21ef0c2860:   00007f21eeea30aa 00007f21ef0c28f8
0x00007f21ef0c2870:   00007f21ef0c28e8 00007f21ef0c28a8
0x00007f21ef0c2880:   00007f21eeea8962 00007f21ef0c39b8
0x00007f21ef0c2890:   00007f21ef0c2958 0000000000000000
0x00007f21ef0c28a0:   00007f21dc05c510 00007f21ef0c2978
0x00007f21ef0c28b0:   00007f21eeea409b 0000000000000000
0x00007f21ef0c28c0:   0000007c087c0000 0000005e00000020
0x00007f21ef0c28d0:   00007f21ef0c7448 00007f21ef0c6ccc
0x00007f21ef0c28e0:   00007f21ef0c39b8 00000000000080fe
0x00007f21ef0c28f0:   0100010001000102 000000000000aaaa
0x00007f21ef0c2900:   0100000000000000 0000020001000063
0x00007f21ef0c2910:   ffffff0a0c080200 00007f2101000300
0x00007f21ef0c2920:   0000ffffeeeb0080 0000000000000000
0x00007f21ef0c2930:   0000aaaaef0c5470 0000000000000000
0x00007f21ef0c2940:   0000000000000000 00007f21ef0c4040
0x00007f21ef0c2950:   00007f21ef0c2958 00007f21ef0c3940
0x00007f21ef0c2960:   000007b6000008e6 00000fff00001001
0x00007f21ef0c2970:   4c4faf536f982800 00007f21ef0c2988
0x00007f21ef0c2980:   00007f21eeea508b 00007f21ef0c29c8 

Instructions: (pc=0x0000000000000000)
0xffffffffffffffe0:   

Register to memory mapping:

RAX=0x0000000000000000 is an unknown value
RBX=0x00007f21ef0c3aa0: <offset 0x22daa0> in /home/sneha/contiki-2.7/examples/ipv6/rpl-fuzzy/obj_cooja/mtype326.cooja at 0x00007f21eee96000
RCX=0x00007f21ef0c711a: uip_ds6_if+0x5a in /home/sneha/contiki-2.7/examples/ipv6/rpl-fuzzy/obj_cooja/mtype326.cooja at 0x00007f21eee96000
RDX=0x00007f21ef0c3b18: <offset 0x22db18> in /home/sneha/contiki-2.7/examples/ipv6/rpl-fuzzy/obj_cooja/mtype326.cooja at 0x00007f21eee96000
RSP=0x00007f21ef0c2790: <offset 0x22c790> in /home/sneha/contiki-2.7/examples/ipv6/rpl-fuzzy/obj_cooja/mtype326.cooja at 0x00007f21eee96000
RBP=0x00007f21ef0c27c8: <offset 0x22c7c8> in /home/sneha/contiki-2.7/examples/ipv6/rpl-fuzzy/obj_cooja/mtype326.cooja at 0x00007f21eee96000
RSI=0x00007f21ef0c3b18: <offset 0x22db18> in /home/sneha/contiki-2.7/examples/ipv6/rpl-fuzzy/obj_cooja/mtype326.cooja at 0x00007f21eee96000
RDI=0x0000000000000002 is an unknown value
R8 =0x0000000000000080 is an unknown value
R9 =0x00007f21ef0c5468: <offset 0x22f468> in /home/sneha/contiki-2.7/examples/ipv6/rpl-fuzzy/obj_cooja/mtype326.cooja at 0x00007f21eee96000
R10=0x0000000000000003 is an unknown value
R11=0x00007f21eeea87b4: memb_free+0 in /home/sneha/contiki-2.7/examples/ipv6/rpl-fuzzy/obj_cooja/mtype326.cooja at 0x00007f21eee96000
R12=0x0000000000000000 is an unknown value
R13={method} {0x00007f21ef8f0f00} 'tick' '()V' in 'se/sics/cooja/corecomm/Lib2'
R14=0x00007f21ef5fa7f8 is pointing into the stack for thread: 0x00007f21f427f000
R15=0x00007f21f427f000 is a thread


Stack: [0x00007f21ef4fb000,0x00007f21ef5fc000],  sp=0x00007f21ef0c2790,  free space=18014398509477661k
Java frames: (J=compiled Java code, j=interpreted, Vv=VM code)
j  se.sics.cooja.corecomm.Lib2.tick()V+0
j  se.sics.cooja.contikimote.ContikiMoteType.tick()V+4
j  se.sics.cooja.contikimote.ContikiMote.execute(J)V+63
j  se.sics.cooja.motes.AbstractWakeupMote$1.execute(J)V+5
j  se.sics.cooja.Simulation.run()V+184
j  java.lang.Thread.run()V+11
v  ~StubRoutines::call_stub

---------------  P R O C E S S  ---------------

Java Threads: ( => current thread )
=>0x00007f21f427f000 JavaThread "Thread-6" [_thread_in_native, id=24814, stack(0x00007f21ef4fb000,0x00007f21ef5fc000)]
  0x00007f21dc07c800 JavaThread "read error stream thread" [_thread_in_native, id=24784, stack(0x00007f21eeb95000,0x00007f21eec96000)]
  0x00007f21dc07c000 JavaThread "read input stream thread" [_thread_in_native, id=24783, stack(0x00007f21ef6fd000,0x00007f21ef7fe000)]
  0x00007f21dc05e800 JavaThread "Thread-4" [_thread_blocked, id=24758, stack(0x00007f21ef0c8000,0x00007f21ef1c9000)]
  0x00007f21dc059800 JavaThread "Thread-2" [_thread_blocked, id=24695, stack(0x00007f21ef5fc000,0x00007f21ef6fd000)]
  0x00007f21e8003800 JavaThread "Thread-0" daemon [_thread_in_native, id=24643, stack(0x00007f220408c000,0x00007f220488c000)]
  0x00007f21f4095800 JavaThread "TimerQueue" daemon [_thread_blocked, id=24644, stack(0x00007f21efcff000,0x00007f21efe00000)]
  0x00007f225400b800 JavaThread "DestroyJavaVM" [_thread_blocked, id=24622, stack(0x00007f225d915000,0x00007f225da15000)]
  0x00007f2254481000 JavaThread "AWT-EventQueue-1" [_thread_in_Java, id=24642, stack(0x00007f220490c000,0x00007f2204a0d000)]
  0x00007f22544d9800 JavaThread "AWT-Shutdown" [_thread_blocked, id=24641, stack(0x00007f2204a0d000,0x00007f2204b0e000)]
  0x00007f22543f8000 JavaThread "process reaper" daemon [_thread_in_native, id=24640, stack(0x00007f223c0ac000,0x00007f223c0e5000)]
  0x00007f22543d1000 JavaThread "AWT-XAWT" daemon [_thread_in_native, id=24638, stack(0x00007f2207409000,0x00007f220750a000)]
  0x00007f22543b2000 JavaThread "Java2D Disposer" daemon [_thread_blocked, id=24637, stack(0x00007f223c0e5000,0x00007f223c1e6000)]
  0x00007f22540c1800 JavaThread "Service Thread" daemon [_thread_blocked, id=24635, stack(0x00007f223de19000,0x00007f223df1a000)]
  0x00007f22540bf800 JavaThread "Signal Dispatcher" daemon [_thread_blocked, id=24634, stack(0x00007f223df1a000,0x00007f223e01b000)]
  0x00007f225408d800 JavaThread "Finalizer" daemon [_thread_blocked, id=24633, stack(0x00007f223e9ea000,0x00007f223eaeb000)]
  0x00007f225408b000 JavaThread "Reference Handler" daemon [_thread_blocked, id=24632, stack(0x00007f223eaeb000,0x00007f223ebec000)]

Other Threads:
  0x00007f2254081800 VMThread [stack: 0x00007f223ebed000,0x00007f223eced000] [id=24631]
  0x00007f22540c4800 WatcherThread [stack: 0x00007f223dd19000,0x00007f223de19000] [id=24636]

VM state:not at safepoint (normal execution)

VM Mutex/Monitor currently owned by a thread: None

heap address: 0x00000000e0000000, size: 512 MB, Compressed Oops mode: 32-bit
Narrow klass base: 0x0000000000000000, Narrow klass shift: 3
Compressed class space size: 1073741824 Address: 0x0000000100000000

Heap:
 PSYoungGen      total 30208K, used 21599K [0x00000000f5580000, 0x00000000f7700000, 0x0000000100000000)
  eden space 27136K, 78% used [0x00000000f5580000,0x00000000f6a4fd00,0x00000000f7000000)
  from space 3072K, 9% used [0x00000000f7400000,0x00000000f7448000,0x00000000f7700000)
  to   space 3584K, 0% used [0x00000000f7000000,0x00000000f7000000,0x00000000f7380000)
 ParOldGen       total 84992K, used 7309K [0x00000000e0000000, 0x00000000e5300000, 0x00000000f5580000)
  object space 84992K, 8% used [0x00000000e0000000,0x00000000e0723770,0x00000000e5300000)
 Metaspace       used 21755K, capacity 22144K, committed 22272K, reserved 1069056K
  class space    used 3152K, capacity 3290K, committed 3328K, reserved 1048576K

Card table byte_map: [0x00007f2259daf000,0x00007f2259eb0000] byte_map_base: 0x00007f22596af000

Marking Bits: (ParMarkBitMap*) 0x00007f225cbaf360
 Begin Bits: [0x00007f22585a7000, 0x00007f2258da7000)
 End Bits:   [0x00007f2258da7000, 0x00007f22595a7000)

Polling page: 0x00007f225da30000

CodeCache: size=245760Kb used=693Kb max_used=693Kb free=245066Kb
 bounds [0x00007f2245000000, 0x00007f2245270000, 0x00007f2254000000]
 total_blobs=593 nmethods=0 adapters=560
 compilation: disabled (interpreter mode)

Compilation events (0 events):
No events

GC Heap History (10 events):
Event: 19.792 GC heap before
{Heap before GC invocations=11 (full 1):
 PSYoungGen      total 31232K, used 31156K [0x00000000f5580000, 0x00000000f7980000, 0x0000000100000000)
  eden space 29696K, 100% used [0x00000000f5580000,0x00000000f7280000,0x00000000f7280000)
  from space 1536K, 95% used [0x00000000f7300000,0x00000000f746d380,0x00000000f7480000)
  to   space 3584K, 0% used [0x00000000f7600000,0x00000000f7600000,0x00000000f7980000)
 ParOldGen       total 84992K, used 5176K [0x00000000e0000000, 0x00000000e5300000, 0x00000000f5580000)
  object space 84992K, 6% used [0x00000000e0000000,0x00000000e050e350,0x00000000e5300000)
 Metaspace       used 21434K, capacity 21760K, committed 22016K, reserved 1069056K
  class space    used 3088K, capacity 3226K, committed 3328K, reserved 1048576K
Event: 19.793 GC heap after
Heap after GC invocations=11 (full 1):
 PSYoungGen      total 32256K, used 1088K [0x00000000f5580000, 0x00000000f7900000, 0x0000000100000000)
  eden space 29184K, 0% used [0x00000000f5580000,0x00000000f5580000,0x00000000f7200000)
  from space 3072K, 35% used [0x00000000f7600000,0x00000000f7710000,0x00000000f7900000)
  to   space 3584K, 0% used [0x00000000f7200000,0x00000000f7200000,0x00000000f7580000)
 ParOldGen       total 84992K, used 5861K [0x00000000e0000000, 0x00000000e5300000, 0x00000000f5580000)
  object space 84992K, 6% used [0x00000000e0000000,0x00000000e05b96d0,0x00000000e5300000)
 Metaspace       used 21434K, capacity 21760K, committed 22016K, reserved 1069056K
  class space    used 3088K, capacity 3226K, committed 3328K, reserved 1048576K
}
Event: 21.538 GC heap before
{Heap before GC invocations=12 (full 1):
 PSYoungGen      total 32256K, used 30272K [0x00000000f5580000, 0x00000000f7900000, 0x0000000100000000)
  eden space 29184K, 100% used [0x00000000f5580000,0x00000000f7200000,0x00000000f7200000)
  from space 3072K, 35% used [0x00000000f7600000,0x00000000f7710000,0x00000000f7900000)
  to   space 3584K, 0% used [0x00000000f7200000,0x00000000f7200000,0x00000000f7580000)
 ParOldGen       total 84992K, used 5861K [0x00000000e0000000, 0x00000000e5300000, 0x00000000f5580000)
  object space 84992K, 6% used [0x00000000e0000000,0x00000000e05b96d0,0x00000000e5300000)
 Metaspace       used 21494K, capacity 21824K, committed 22016K, reserved 1069056K
  class space    used 3098K, capacity 3226K, committed 3328K, reserved 1048576K
Event: 21.539 GC heap after
Heap after GC invocations=12 (full 1):
 PSYoungGen      total 29696K, used 576K [0x00000000f5580000, 0x00000000f7880000, 0x0000000100000000)
  eden space 28672K, 0% used [0x00000000f5580000,0x00000000f5580000,0x00000000f7180000)
  from space 1024K, 56% used [0x00000000f7200000,0x00000000f7290000,0x00000000f7300000)
  to   space 3584K, 0% used [0x00000000f7500000,0x00000000f7500000,0x00000000f7880000)
 ParOldGen       total 84992K, used 6485K [0x00000000e0000000, 0x00000000e5300000, 0x00000000f5580000)
  object space 84992K, 7% used [0x00000000e0000000,0x00000000e06556f0,0x00000000e5300000)
 Metaspace       used 21494K, capacity 21824K, committed 22016K, reserved 1069056K
  class space    used 3098K, capacity 3226K, committed 3328K, reserved 1048576K
}
Event: 23.259 GC heap before
{Heap before GC invocations=13 (full 1):
 PSYoungGen      total 29696K, used 29248K [0x00000000f5580000, 0x00000000f7880000, 0x0000000100000000)
  eden space 28672K, 100% used [0x00000000f5580000,0x00000000f7180000,0x00000000f7180000)
  from space 1024K, 56% used [0x00000000f7200000,0x00000000f7290000,0x00000000f7300000)
  to   space 3584K, 0% used [0x00000000f7500000,0x00000000f7500000,0x00000000f7880000)
 ParOldGen       total 84992K, used 6485K [0x00000000e0000000, 0x00000000e5300000, 0x00000000f5580000)
  object space 84992K, 7% used [0x00000000e0000000,0x00000000e06556f0,0x00000000e5300000)
 Metaspace       used 21578K, capacity 21888K, committed 22272K, reserved 1069056K
  class space    used 3111K, capacity 3226K, committed 3328K, reserved 1048576K
Event: 23.261 GC heap after
Heap after GC invocations=13 (full 1):
 PSYoungGen      total 31232K, used 320K [0x00000000f5580000, 0x00000000f7800000, 0x0000000100000000)
  eden space 28160K, 0% used [0x00000000f5580000,0x00000000f5580000,0x00000000f7100000)
  from space 3072K, 10% used [0x00000000f7500000,0x00000000f7550000,0x00000000f7800000)
  to   space 3584K, 0% used [0x00000000f7100000,0x00000000f7100000,0x00000000f7480000)
 ParOldGen       total 84992K, used 6925K [0x00000000e0000000, 0x00000000e5300000, 0x00000000f5580000)
  object space 84992K, 8% used [0x00000000e0000000,0x00000000e06c36f0,0x00000000e5300000)
 Metaspace       used 21578K, capacity 21888K, committed 22272K, reserved 1069056K
  class space    used 3111K, capacity 3226K, committed 3328K, reserved 1048576K
}
Event: 25.314 GC heap before
{Heap before GC invocations=14 (full 1):
 PSYoungGen      total 31232K, used 28480K [0x00000000f5580000, 0x00000000f7800000, 0x0000000100000000)
  eden space 28160K, 100% used [0x00000000f5580000,0x00000000f7100000,0x00000000f7100000)
  from space 3072K, 10% used [0x00000000f7500000,0x00000000f7550000,0x00000000f7800000)
  to   space 3584K, 0% used [0x00000000f7100000,0x00000000f7100000,0x00000000f7480000)
 ParOldGen       total 84992K, used 6925K [0x00000000e0000000, 0x00000000e5300000, 0x00000000f5580000)
  object space 84992K, 8% used [0x00000000e0000000,0x00000000e06c36f0,0x00000000e5300000)
 Metaspace       used 21668K, capacity 22048K, committed 22272K, reserved 1069056K
  class space    used 3128K, capacity 3258K, committed 3328K, reserved 1048576K
Event: 25.316 GC heap after
Heap after GC invocations=14 (full 1):
 PSYoungGen      total 28160K, used 448K [0x00000000f5580000, 0x00000000f7780000, 0x0000000100000000)
  eden space 27648K, 0% used [0x00000000f5580000,0x00000000f5580000,0x00000000f7080000)
  from space 512K, 87% used [0x00000000f7100000,0x00000000f7170000,0x00000000f7180000)
  to   space 3584K, 0% used [0x00000000f7400000,0x00000000f7400000,0x00000000f7780000)
 ParOldGen       total 84992K, used 7045K [0x00000000e0000000, 0x00000000e5300000, 0x00000000f5580000)
  object space 84992K, 8% used [0x00000000e0000000,0x00000000e06e1700,0x00000000e5300000)
 Metaspace       used 21668K, capacity 22048K, committed 22272K, reserved 1069056K
  class space    used 3128K, capacity 3258K, committed 3328K, reserved 1048576K
}
Event: 27.339 GC heap before
{Heap before GC invocations=15 (full 1):
 PSYoungGen      total 28160K, used 28096K [0x00000000f5580000, 0x00000000f7780000, 0x0000000100000000)
  eden space 27648K, 100% used [0x00000000f5580000,0x00000000f7080000,0x00000000f7080000)
  from space 512K, 87% used [0x00000000f7100000,0x00000000f7170000,0x00000000f7180000)
  to   space 3584K, 0% used [0x00000000f7400000,0x00000000f7400000,0x00000000f7780000)
 ParOldGen       total 84992K, used 7045K [0x00000000e0000000, 0x00000000e5300000, 0x00000000f5580000)
  object space 84992K, 8% used [0x00000000e0000000,0x00000000e06e1700,0x00000000e5300000)
 Metaspace       used 21685K, capacity 22048K, committed 22272K, reserved 1069056K
  class space    used 3130K, capacity 3258K, committed 3328K, reserved 1048576K
Event: 27.340 GC heap after
Heap after GC invocations=15 (full 1):
 PSYoungGen      total 30208K, used 288K [0x00000000f5580000, 0x00000000f7700000, 0x0000000100000000)
  eden space 27136K, 0% used [0x00000000f5580000,0x00000000f5580000,0x00000000f7000000)
  from space 3072K, 9% used [0x00000000f7400000,0x00000000f7448000,0x00000000f7700000)
  to   space 3584K, 0% used [0x00000000f7000000,0x00000000f7000000,0x00000000f7380000)
 ParOldGen       total 84992K, used 7309K [0x00000000e0000000, 0x00000000e5300000, 0x00000000f5580000)
  object space 84992K, 8% used [0x00000000e0000000,0x00000000e0723770,0x00000000e5300000)
 Metaspace       used 21685K, capacity 22048K, committed 22272K, reserved 1069056K
  class space    used 3130K, capacity 3258K, committed 3328K, reserved 1048576K
}

Deoptimization events (0 events):
No events

Classes redefined (0 events):
No events

Internal exceptions (10 events):
Event: 0.471 Thread 0x00007f2254481000 Exception <a 'java/security/PrivilegedActionException'> (0x00000000f62a9638) thrown at [/build/openjdk-8-OqY7zN/openjdk-8-8u222-b10/src/hotspot/src/share/vm/prims/jvm.cpp, line 1502]
Event: 0.471 Thread 0x00007f2254481000 Exception <a 'java/security/PrivilegedActionException'> (0x00000000f62aa598) thrown at [/build/openjdk-8-OqY7zN/openjdk-8-8u222-b10/src/hotspot/src/share/vm/prims/jvm.cpp, line 1502]
Event: 0.471 Thread 0x00007f2254481000 Exception <a 'java/security/PrivilegedActionException'> (0x00000000f62aa990) thrown at [/build/openjdk-8-OqY7zN/openjdk-8-8u222-b10/src/hotspot/src/share/vm/prims/jvm.cpp, line 1502]
Event: 0.471 Thread 0x00007f2254481000 Exception <a 'java/security/PrivilegedActionException'> (0x00000000f62b4898) thrown at [/build/openjdk-8-OqY7zN/openjdk-8-8u222-b10/src/hotspot/src/share/vm/prims/jvm.cpp, line 1502]
Event: 0.471 Thread 0x00007f2254481000 Exception <a 'java/security/PrivilegedActionException'> (0x00000000f62b4c90) thrown at [/build/openjdk-8-OqY7zN/openjdk-8-8u222-b10/src/hotspot/src/share/vm/prims/jvm.cpp, line 1502]
Event: 2.945 Thread 0x00007f2254481000 Exception <a 'java/lang/UnsupportedOperationException': > (0x00000000f6a57e98) thrown at [/build/openjdk-8-OqY7zN/openjdk-8-8u222-b10/src/hotspot/src/share/vm/prims/jni.cpp, line 737]
Event: 6.369 Thread 0x00007f22540c1800 Exception <a 'java/lang/ArrayIndexOutOfBoundsException': 71> (0x00000000f55d7478) thrown at [/build/openjdk-8-OqY7zN/openjdk-8-8u222-b10/src/hotspot/src/share/vm/interpreter/interpreterRuntime.cpp, line 368]
Event: 6.369 Thread 0x00007f22540c1800 Exception <a 'java/lang/ArrayIndexOutOfBoundsException': 60> (0x00000000f55d8538) thrown at [/build/openjdk-8-OqY7zN/openjdk-8-8u222-b10/src/hotspot/src/share/vm/interpreter/interpreterRuntime.cpp, line 368]
Event: 6.371 Thread 0x00007f22540c1800 Exception <a 'java/lang/ArrayIndexOutOfBoundsException': 22> (0x00000000f55e0310) thrown at [/build/openjdk-8-OqY7zN/openjdk-8-8u222-b10/src/hotspot/src/share/vm/interpreter/interpreterRuntime.cpp, line 368]
Event: 6.586 Thread 0x00007f2254481000 Exception <a 'java/lang/UnsupportedOperationException': > (0x00000000f5c37ea0) thrown at [/build/openjdk-8-OqY7zN/openjdk-8-8u222-b10/src/hotspot/src/share/vm/prims/jni.cpp, line 737]

Events (10 events):
Event: 28.795 loading class se/sics/cooja/radiomediums/DirectedGraphMedium$Edge
Event: 28.795 loading class se/sics/cooja/radiomediums/DirectedGraphMedium$Edge done
Event: 28.795 Executing VM operation: RevokeBias
Event: 28.795 Executing VM operation: RevokeBias done
Event: 28.796 Executing VM operation: RevokeBias
Event: 28.796 Executing VM operation: RevokeBias done
Event: 28.796 loading class se/sics/cooja/interfaces/CustomDataRadio
Event: 28.796 loading class se/sics/cooja/interfaces/CustomDataRadio done
Event: 28.796 loading class se/sics/cooja/plugins/RadioLogger$9$1
Event: 28.796 loading class se/sics/cooja/plugins/RadioLogger$9$1 done


Dynamic libraries:
e0000000-e5300000 rw-p 00000000 00:00 0 
e5300000-f5580000 ---p 00000000 00:00 0 
f5580000-f7700000 rw-p 00000000 00:00 0 
f7700000-100000000 ---p 00000000 00:00 0 
100000000-100340000 rw-p 00000000 00:00 0 
100340000-140000000 ---p 00000000 00:00 0 
55857dfdc000-55857dfdd000 r-xp 00000000 08:06 10619772                   /usr/lib/jvm/java-8-openjdk-amd64/jre/bin/java
55857e1dc000-55857e1dd000 r--p 00000000 08:06 10619772                   /usr/lib/jvm/java-8-openjdk-amd64/jre/bin/java
55857e1dd000-55857e1de000 rw-p 00001000 08:06 10619772                   /usr/lib/jvm/java-8-openjdk-amd64/jre/bin/java
55857e8cb000-55857e8ec000 rw-p 00000000 00:00 0                          [heap]
7f21c4000000-7f21c4021000 rw-p 00000000 00:00 0 
7f21c4021000-7f21c8000000 ---p 00000000 00:00 0 
7f21cc000000-7f21cc021000 rw-p 00000000 00:00 0 
7f21cc021000-7f21d0000000 ---p 00000000 00:00 0 
7f21d0000000-7f21d0021000 rw-p 00000000 00:00 0 
7f21d0021000-7f21d4000000 ---p 00000000 00:00 0 
7f21d4000000-7f21d4021000 rw-p 00000000 00:00 0 
7f21d4021000-7f21d8000000 ---p 00000000 00:00 0 
7f21d8000000-7f21d8021000 rw-p 00000000 00:00 0 
7f21d8021000-7f21dc000000 ---p 00000000 00:00 0 
7f21dc000000-7f21dc083000 rw-p 00000000 00:00 0 
7f21dc083000-7f21e0000000 ---p 00000000 00:00 0 
7f21e0000000-7f21e0021000 rw-p 00000000 00:00 0 
7f21e0021000-7f21e4000000 ---p 00000000 00:00 0 
7f21e4000000-7f21e4021000 rw-p 00000000 00:00 0 
7f21e4021000-7f21e8000000 ---p 00000000 00:00 0 
7f21e8000000-7f21e8021000 rw-p 00000000 00:00 0 
7f21e8021000-7f21ec000000 ---p 00000000 00:00 0 
7f21eeb95000-7f21eeb98000 ---p 00000000 00:00 0 
7f21eeb98000-7f21eed16000 rw-p 00000000 00:00 0 
7f21eed16000-7f21eee96000 ---p 00000000 00:00 0 
7f21eee96000-7f21eeebd000 r-xp 00000000 08:06 6688434                    /home/sneha/contiki-2.7/examples/ipv6/rpl-fuzzy/obj_cooja/mtype326.cooja
7f21eeebd000-7f21ef0bd000 ---p 00027000 08:06 6688434                    /home/sneha/contiki-2.7/examples/ipv6/rpl-fuzzy/obj_cooja/mtype326.cooja
7f21ef0bd000-7f21ef0be000 r--p 00027000 08:06 6688434                    /home/sneha/contiki-2.7/examples/ipv6/rpl-fuzzy/obj_cooja/mtype326.cooja
7f21ef0be000-7f21ef0bf000 rw-p 00028000 08:06 6688434                    /home/sneha/contiki-2.7/examples/ipv6/rpl-fuzzy/obj_cooja/mtype326.cooja
7f21ef0bf000-7f21ef0c8000 rw-p 00000000 00:00 0 
7f21ef0c8000-7f21ef0cb000 ---p 00000000 00:00 0 
7f21ef0cb000-7f21ef1c9000 rw-p 00000000 00:00 0 
7f21ef1c9000-7f21ef1cc000 ---p 00000000 00:00 0 
7f21ef1cc000-7f21ef2ca000 rw-p 00000000 00:00 0 
7f21ef2ca000-7f21ef2f0000 r-xp 00000000 08:06 6688430                    /home/sneha/contiki-2.7/examples/ipv6/rpl-fuzzy/obj_cooja/mtype124.cooja
7f21ef2f0000-7f21ef4f0000 ---p 00026000 08:06 6688430                    /home/sneha/contiki-2.7/examples/ipv6/rpl-fuzzy/obj_cooja/mtype124.cooja
7f21ef4f0000-7f21ef4f1000 r--p 00026000 08:06 6688430                    /home/sneha/contiki-2.7/examples/ipv6/rpl-fuzzy/obj_cooja/mtype124.cooja
7f21ef4f1000-7f21ef4f2000 rw-p 00027000 08:06 6688430                    /home/sneha/contiki-2.7/examples/ipv6/rpl-fuzzy/obj_cooja/mtype124.cooja
7f21ef4f2000-7f21ef4fb000 rw-p 00000000 00:00 0 
7f21ef4fb000-7f21ef4fe000 ---p 00000000 00:00 0 
7f21ef4fe000-7f21ef5fc000 rw-p 00000000 00:00 0 
7f21ef5fc000-7f21ef5ff000 ---p 00000000 00:00 0 
7f21ef5ff000-7f21ef6fd000 rw-p 00000000 00:00 0 
7f21ef6fd000-7f21ef700000 ---p 00000000 00:00 0 
7f21ef700000-7f21ef9fe000 rw-p 00000000 00:00 0 
7f21ef9fe000-7f21efa01000 ---p 00000000 00:00 0 
7f21efa01000-7f21efcff000 rw-p 00000000 00:00 0 
7f21efcff000-7f21efd02000 ---p 00000000 00:00 0 
7f21efd02000-7f21f0000000 rw-p 00000000 00:00 0 
7f21f0000000-7f21f0021000 rw-p 00000000 00:00 0 
7f21f0021000-7f21f4000000 ---p 00000000 00:00 0 
7f21f4000000-7f21f4282000 rw-p 00000000 00:00 0 
7f21f4282000-7f21f8000000 ---p 00000000 00:00 0 
7f21f8000000-7f21f8021000 rw-p 00000000 00:00 0 
7f21f8021000-7f21fc000000 ---p 00000000 00:00 0 
7f21fc000000-7f21fc021000 rw-p 00000000 00:00 0 
7f21fc021000-7f2200000000 ---p 00000000 00:00 0 
7f2200000000-7f2200021000 rw-p 00000000 00:00 0 
7f2200021000-7f2204000000 ---p 00000000 00:00 0 
7f220408b000-7f220408c000 ---p 00000000 00:00 0 
7f220408c000-7f220408f000 ---p 00000000 00:00 0 
7f220408f000-7f220488c000 rw-p 00000000 00:00 0 
7f220488c000-7f2204897000 r--s 00000000 08:06 5243232                    /var/cache/fontconfig/945677eb7aeaf62f1d50efc3fb3ec7d8-le64.cache-7
7f22048b1000-7f22048b8000 r--s 00000000 08:06 11011393                   /usr/lib/x86_64-linux-gnu/gconv/gconv-modules.cache
7f22048b8000-7f22048b9000 r--s 00003000 08:06 6557457                    /home/sneha/contiki-2.7/tools/cooja/apps/powertracker/lib/powertracker.jar
7f22048b9000-7f22048ba000 r--s 00002000 08:06 6557306                    /home/sneha/contiki-2.7/tools/cooja/apps/collect-view/cooja-collect-view.jar
7f22048ba000-7f22048bb000 r--s 00003000 08:06 6557294                    /home/sneha/contiki-2.7/tools/cooja/apps/serial_socket/lib/serial_socket.jar
7f22048bb000-7f22048f5000 r--s 001e1000 08:06 6553695                    /home/sneha/contiki-2.7/tools/cooja/apps/avrora/lib/avrora-small.jar
7f22048f5000-7f22048f7000 r--s 00007000 08:06 6557281                    /home/sneha/contiki-2.7/tools/cooja/apps/avrora/lib/cooja_avrora.jar
7f22048f7000-7f22048f9000 r--s 00010000 08:06 6557017                    /home/sneha/contiki-2.7/tools/cooja/apps/mspsim/lib/jipv6.jar
7f22048f9000-7f2204904000 r--s 000e4000 08:06 6557016                    /home/sneha/contiki-2.7/tools/cooja/apps/mspsim/lib/mspsim.jar
7f2204904000-7f220490a000 r--s 00064000 08:06 6557254                    /home/sneha/contiki-2.7/tools/cooja/apps/mspsim/lib/cooja_mspsim.jar
7f220490a000-7f220490c000 r--s 0001e000 08:06 6557013                    /home/sneha/contiki-2.7/tools/cooja/apps/mrm/lib/mrm.jar
7f220490c000-7f220490f000 ---p 00000000 00:00 0 
7f220490f000-7f2204a0d000 rw-p 00000000 00:00 0 
7f2204a0d000-7f2204a10000 ---p 00000000 00:00 0 
7f2204a10000-7f2204d0e000 rw-p 00000000 00:00 0 
7f2204d0e000-7f2204d17000 r-xp 00000000 08:06 10627048                   /usr/lib/jvm/java-8-openjdk-amd64/jre/lib/amd64/libmanagement.so
7f2204d17000-7f2204f16000 ---p 00009000 08:06 10627048                   /usr/lib/jvm/java-8-openjdk-amd64/jre/lib/amd64/libmanagement.so
7f2204f16000-7f2204f17000 r--p 00008000 08:06 10627048                   /usr/lib/jvm/java-8-openjdk-amd64/jre/lib/amd64/libmanagement.so
7f2204f17000-7f2204f18000 rw-p 00009000 08:06 10627048                   /usr/lib/jvm/java-8-openjdk-amd64/jre/lib/amd64/libmanagement.so
7f2204f18000-7f2204f2c000 r-xp 00000000 08:06 10359507                   /lib/x86_64-linux-gnu/libgpg-error.so.0.22.0
7f2204f2c000-7f220512b000 ---p 00014000 08:06 10359507                   /lib/x86_64-linux-gnu/libgpg-error.so.0.22.0
7f220512b000-7f220512c000 r--p 00013000 08:06 10359507                   /lib/x86_64-linux-gnu/libgpg-error.so.0.22.0
7f220512c000-7f220512d000 rw-p 00014000 08:06 10359507                   /lib/x86_64-linux-gnu/libgpg-error.so.0.22.0
7f220512d000-7f2205241000 r-xp 00000000 08:06 10359505                   /lib/x86_64-linux-gnu/libgcrypt.so.20.2.1
7f2205241000-7f2205440000 ---p 00114000 08:06 10359505                   /lib/x86_64-linux-gnu/libgcrypt.so.20.2.1
7f2205440000-7f2205442000 r--p 00113000 08:06 10359505                   /lib/x86_64-linux-gnu/libgcrypt.so.20.2.1
7f2205442000-7f2205447000 rw-p 00115000 08:06 10359505                   /lib/x86_64-linux-gnu/libgcrypt.so.20.2.1
7f2205447000-7f2205448000 rw-p 00000000 00:00 0 
7f2205448000-7f2205463000 r-xp 00000000 08:06 10623443                   /usr/lib/x86_64-linux-gnu/liblz4.so.1.7.1
7f2205463000-7f2205662000 ---p 0001b000 08:06 10623443                   /usr/lib/x86_64-linux-gnu/liblz4.so.1.7.1
7f2205662000-7f2205663000 r--p 0001a000 08:06 10623443                   /usr/lib/x86_64-linux-gnu/liblz4.so.1.7.1
7f2205663000-7f2205664000 rw-p 0001b000 08:06 10623443                   /usr/lib/x86_64-linux-gnu/liblz4.so.1.7.1
7f2205664000-7f2205688000 r-xp 00000000 08:06 10359526                   /lib/x86_64-linux-gnu/liblzma.so.5.2.2
7f2205688000-7f2205888000 ---p 00024000 08:06 10359526                   /lib/x86_64-linux-gnu/liblzma.so.5.2.2
7f2205888000-7f2205889000 r--p 00024000 08:06 10359526                   /lib/x86_64-linux-gnu/liblzma.so.5.2.2
7f2205889000-7f220588a000 rw-p 00025000 08:06 10359526                   /lib/x86_64-linux-gnu/liblzma.so.5.2.2
7f220588a000-7f220590a000 r-xp 00000000 08:06 10354971                   /lib/x86_64-linux-gnu/libsystemd.so.0.21.0
7f220590a000-7f2205b09000 ---p 00080000 08:06 10354971                   /lib/x86_64-linux-gnu/libsystemd.so.0.21.0
7f2205b09000-7f2205b0c000 r--p 0007f000 08:06 10354971                   /lib/x86_64-linux-gnu/libsystemd.so.0.21.0
7f2205b0c000-7f2205b0d000 rw-p 00082000 08:06 10354971                   /lib/x86_64-linux-gnu/libsystemd.so.0.21.0
7f2205b0d000-7f2205b0e000 rw-p 00000000 00:00 0 
7f2205b0e000-7f2205b7e000 r-xp 00000000 08:06 10359588                   /lib/x86_64-linux-gnu/libpcre.so.3.13.3
7f2205b7e000-7f2205d7e000 ---p 00070000 08:06 10359588                   /lib/x86_64-linux-gnu/libpcre.so.3.13.3
7f2205d7e000-7f2205d7f000 r--p 00070000 08:06 10359588                   /lib/x86_64-linux-gnu/libpcre.so.3.13.3
7f2205d7f000-7f2205d80000 rw-p 00071000 08:06 10359588                   /lib/x86_64-linux-gnu/libpcre.so.3.13.3
7f2205d80000-7f2205d87000 r-xp 00000000 08:06 10623077                   /usr/lib/x86_64-linux-gnu/libffi.so.6.0.4
7f2205d87000-7f2205f86000 ---p 00007000 08:06 10623077                   /usr/lib/x86_64-linux-gnu/libffi.so.6.0.4
7f2205f86000-7f2205f87000 r--p 00006000 08:06 10623077                   /usr/lib/x86_64-linux-gnu/libffi.so.6.0.4
7f2205f87000-7f2205f88000 rw-p 00007000 08:06 10623077                   /usr/lib/x86_64-linux-gnu/libffi.so.6.0.4
7f2205f88000-7f2205fb4000 r-xp 00000000 08:06 10622825                   /usr/lib/x86_64-linux-gnu/libatspi.so.0.0.1
7f2205fb4000-7f22061b4000 ---p 0002c000 08:06 10622825                   /usr/lib/x86_64-linux-gnu/libatspi.so.0.0.1
7f22061b4000-7f22061b7000 r--p 0002c000 08:06 10622825                   /usr/lib/x86_64-linux-gnu/libatspi.so.0.0.1
7f22061b7000-7f22061b8000 rw-p 0002f000 08:06 10622825                   /usr/lib/x86_64-linux-gnu/libatspi.so.0.0.1
7f22061b8000-7f2206203000 r-xp 00000000 08:06 10359332                   /lib/x86_64-linux-gnu/libdbus-1.so.3.19.4
7f2206203000-7f2206403000 ---p 0004b000 08:06 10359332                   /lib/x86_64-linux-gnu/libdbus-1.so.3.19.4
7f2206403000-7f2206404000 r--p 0004b000 08:06 10359332                   /lib/x86_64-linux-gnu/libdbus-1.so.3.19.4
7f2206404000-7f2206405000 rw-p 0004c000 08:06 10359332                   /lib/x86_64-linux-gnu/libdbus-1.so.3.19.4
7f2206405000-7f2206519000 r-xp 00000000 08:06 10617874                   /usr/lib/x86_64-linux-gnu/libglib-2.0.so.0.5600.4
7f2206519000-7f2206719000 ---p 00114000 08:06 10617874                   /usr/lib/x86_64-linux-gnu/libglib-2.0.so.0.5600.4
7f2206719000-7f220671a000 r--p 00114000 08:06 10617874                   /usr/lib/x86_64-linux-gnu/libglib-2.0.so.0.5600.4
7f220671a000-7f220671b000 rw-p 00115000 08:06 10617874                   /usr/lib/x86_64-linux-gnu/libglib-2.0.so.0.5600.4
7f220671b000-7f220671c000 rw-p 00000000 00:00 0 
7f220671c000-7f220676e000 r-xp 00000000 08:06 10617876                   /usr/lib/x86_64-linux-gnu/libgobject-2.0.so.0.5600.4
7f220676e000-7f220696e000 ---p 00052000 08:06 10617876                   /usr/lib/x86_64-linux-gnu/libgobject-2.0.so.0.5600.4
7f220696e000-7f220696f000 r--p 00052000 08:06 10617876                   /usr/lib/x86_64-linux-gnu/libgobject-2.0.so.0.5600.4
7f220696f000-7f2206970000 rw-p 00053000 08:06 10617876                   /usr/lib/x86_64-linux-gnu/libgobject-2.0.so.0.5600.4
7f2206970000-7f220699e000 r-xp 00000000 08:06 10622823                   /usr/lib/x86_64-linux-gnu/libatk-bridge-2.0.so.0.0.0
7f220699e000-7f2206b9e000 ---p 0002e000 08:06 10622823                   /usr/lib/x86_64-linux-gnu/libatk-bridge-2.0.so.0.0.0
7f2206b9e000-7f2206b9f000 r--p 0002e000 08:06 10622823                   /usr/lib/x86_64-linux-gnu/libatk-bridge-2.0.so.0.0.0
7f2206b9f000-7f2206ba0000 rw-p 0002f000 08:06 10622823                   /usr/lib/x86_64-linux-gnu/libatk-bridge-2.0.so.0.0.0
7f2206ba0000-7f2206ba1000 rw-p 00000000 00:00 0 
7f2206ba1000-7f2206bc3000 r-xp 00000000 08:06 10622821                   /usr/lib/x86_64-linux-gnu/libatk-1.0.so.0.22810.1
7f2206bc3000-7f2206dc3000 ---p 00022000 08:06 10622821                   /usr/lib/x86_64-linux-gnu/libatk-1.0.so.0.22810.1
7f2206dc3000-7f2206dc6000 r--p 00022000 08:06 10622821                   /usr/lib/x86_64-linux-gnu/libatk-1.0.so.0.22810.1
7f2206dc6000-7f2206dc7000 rw-p 00025000 08:06 10622821                   /usr/lib/x86_64-linux-gnu/libatk-1.0.so.0.22810.1
7f2206dc7000-7f2206dde000 r-xp 00000000 08:06 10884870                   /usr/lib/x86_64-linux-gnu/jni/libatk-wrapper.so.6.0.0
7f2206dde000-7f2206fde000 ---p 00017000 08:06 10884870                   /usr/lib/x86_64-linux-gnu/jni/libatk-wrapper.so.6.0.0
7f2206fde000-7f2206fdf000 r--p 00017000 08:06 10884870                   /usr/lib/x86_64-linux-gnu/jni/libatk-wrapper.so.6.0.0
7f2206fdf000-7f2206fe0000 rw-p 00018000 08:06 10884870                   /usr/lib/x86_64-linux-gnu/jni/libatk-wrapper.so.6.0.0
7f2206fe0000-7f2206ff6000 r-xp 00000000 08:06 10627052                   /usr/lib/jvm/java-8-openjdk-amd64/jre/lib/amd64/libnet.so
7f2206ff6000-7f22071f5000 ---p 00016000 08:06 10627052                   /usr/lib/jvm/java-8-openjdk-amd64/jre/lib/amd64/libnet.so
7f22071f5000-7f22071f6000 r--p 00015000 08:06 10627052                   /usr/lib/jvm/java-8-openjdk-amd64/jre/lib/amd64/libnet.so
7f22071f6000-7f22071f7000 rw-p 00016000 08:06 10627052                   /usr/lib/jvm/java-8-openjdk-amd64/jre/lib/amd64/libnet.so
7f22071f7000-7f2207208000 r-xp 00000000 08:06 10627054                   /usr/lib/jvm/java-8-openjdk-amd64/jre/lib/amd64/libnio.so
7f2207208000-7f2207407000 ---p 00011000 08:06 10627054                   /usr/lib/jvm/java-8-openjdk-amd64/jre/lib/amd64/libnio.so
7f2207407000-7f2207408000 r--p 00010000 08:06 10627054                   /usr/lib/jvm/java-8-openjdk-amd64/jre/lib/amd64/libnio.so
7f2207408000-7f2207409000 rw-p 00011000 08:06 10627054                   /usr/lib/jvm/java-8-openjdk-amd64/jre/lib/amd64/libnio.so
7f2207409000-7f220740c000 ---p 00000000 00:00 0 
7f220740c000-7f220750a000 rw-p 00000000 00:00 0 
7f220750a000-7f220750f000 r-xp 00000000 08:06 10622750                   /usr/lib/x86_64-linux-gnu/libXfixes.so.3.1.0
7f220750f000-7f220770e000 ---p 00005000 08:06 10622750                   /usr/lib/x86_64-linux-gnu/libXfixes.so.3.1.0
7f220770e000-7f220770f000 r--p 00004000 08:06 10622750                   /usr/lib/x86_64-linux-gnu/libXfixes.so.3.1.0
7f220770f000-7f2207710000 rw-p 00005000 08:06 10622750                   /usr/lib/x86_64-linux-gnu/libXfixes.so.3.1.0
7f2207710000-7f2207719000 r-xp 00000000 08:06 10622742                   /usr/lib/x86_64-linux-gnu/libXcursor.so.1.0.2
7f2207719000-7f2207918000 ---p 00009000 08:06 10622742                   /usr/lib/x86_64-linux-gnu/libXcursor.so.1.0.2
7f2207918000-7f2207919000 r--p 00008000 08:06 10622742                   /usr/lib/x86_64-linux-gnu/libXcursor.so.1.0.2
7f2207919000-7f220791a000 rw-p 00009000 08:06 10622742                   /usr/lib/x86_64-linux-gnu/libXcursor.so.1.0.2
7f220791a000-7f2207b1a000 rw-p 00000000 00:00 0 
7f2207b1a000-7f2207b4b000 r-xp 00000000 08:06 10619721                   /usr/lib/x86_64-linux-gnu/libpng16.so.16.34.0
7f2207b4b000-7f2207d4a000 ---p 00031000 08:06 10619721                   /usr/lib/x86_64-linux-gnu/libpng16.so.16.34.0
7f2207d4a000-7f2207d4b000 r--p 00030000 08:06 10619721                   /usr/lib/x86_64-linux-gnu/libpng16.so.16.34.0
7f2207d4b000-7f2207d4c000 rw-p 00031000 08:06 10619721                   /usr/lib/x86_64-linux-gnu/libpng16.so.16.34.0
7f2207d4c000-7f2207df9000 r-xp 00000000 08:06 10623109                   /usr/lib/x86_64-linux-gnu/libfreetype.so.6.15.0
7f2207df9000-7f2207ff8000 ---p 000ad000 08:06 10623109                   /usr/lib/x86_64-linux-gnu/libfreetype.so.6.15.0
7f2207ff8000-7f2207fff000 r--p 000ac000 08:06 10623109                   /usr/lib/x86_64-linux-gnu/libfreetype.so.6.15.0
7f2207fff000-7f2208000000 rw-p 000b3000 08:06 10623109                   /usr/lib/x86_64-linux-gnu/libfreetype.so.6.15.0
7f2208000000-7f2208021000 rw-p 00000000 00:00 0 
7f2208021000-7f220c000000 ---p 00000000 00:00 0 
7f220c000000-7f220c021000 rw-p 00000000 00:00 0 
7f220c021000-7f2210000000 ---p 00000000 00:00 0 
7f2210000000-7f2210021000 rw-p 00000000 00:00 0 
7f2210021000-7f2214000000 ---p 00000000 00:00 0 
7f2214000000-7f2214021000 rw-p 00000000 00:00 0 
7f2214021000-7f2218000000 ---p 00000000 00:00 0 
7f2218000000-7f221806a000 rw-p 00000000 00:00 0 
7f221806a000-7f221c000000 ---p 00000000 00:00 0 
7f221c000000-7f221c021000 rw-p 00000000 00:00 0 
7f221c021000-7f2220000000 ---p 00000000 00:00 0 
7f2220000000-7f2220021000 rw-p 00000000 00:00 0 
7f2220021000-7f2224000000 ---p 00000000 00:00 0 
7f2224000000-7f2224021000 rw-p 00000000 00:00 0 
7f2224021000-7f2228000000 ---p 00000000 00:00 0 
7f2228000000-7f2228021000 rw-p 00000000 00:00 0 
7f2228021000-7f222c000000 ---p 00000000 00:00 0 
7f222c000000-7f222c021000 rw-p 00000000 00:00 0 
7f222c021000-7f2230000000 ---p 00000000 00:00 0 
7f2230000000-7f2230021000 rw-p 00000000 00:00 0 
7f2230021000-7f2234000000 ---p 00000000 00:00 0 
7f2234000000-7f2234021000 rw-p 00000000 00:00 0 
7f2234021000-7f2238000000 ---p 00000000 00:00 0 
7f2238000000-7f2238021000 rw-p 00000000 00:00 0 
7f2238021000-7f223c000000 ---p 00000000 00:00 0 
7f223c000000-7f223c001000 r--s 00004000 08:06 6557037                    /home/sneha/contiki-2.7/tools/cooja/apps/mspsim/lib/coffee.jar
7f223c001000-7f223c006000 r--s 00000000 08:06 5243203                    /var/cache/fontconfig/2300eef321c393bfd76478a5c0e95b23-le64.cache-7
7f223c006000-7f223c007000 r--s 00000000 08:06 5243196                    /var/cache/fontconfig/0d8c3b2ac0904cb8a57a757ad11a4a08-le64.cache-7
7f223c007000-7f223c01c000 r--s 00000000 08:06 5243192                    /var/cache/fontconfig/04aabc0a78ac019cf9454389977116d2-le64.cache-7
7f223c01c000-7f223c01d000 r--s 00000000 08:06 5243200                    /var/cache/fontconfig/1ac9eb803944fde146138c791f5cc56a-le64.cache-7
7f223c01d000-7f223c01e000 r--s 00000000 08:06 5243251                    /var/cache/fontconfig/dc05db6664285cc2f12bf69c139ae4c3-le64.cache-7
7f223c01e000-7f223c020000 r--s 00000000 08:06 5243197                    /var/cache/fontconfig/14a5e22175779b556eaa434240950366-le64.cache-7
7f223c020000-7f223c021000 r--s 00000000 08:06 5243224                    /var/cache/fontconfig/660208299946a285a940457d1287da33-le64.cache-7
7f223c021000-7f223c023000 r--s 00000000 08:06 5243215                    /var/cache/fontconfig/4f3e3037c9980c83b53a9351efadef62-le64.cache-7
7f223c023000-7f223c025000 r--s 00000000 08:06 5243229                    /var/cache/fontconfig/767a8244fc0220cfb567a839d0392e0b-le64.cache-7
7f223c025000-7f223c026000 r--s 00000000 08:06 5252197                    /var/cache/fontconfig/4794a0821666d79190d59a36cb4f44b5-le64.cache-7
7f223c026000-7f223c028000 r--s 00000000 08:06 5243986                    /var/cache/fontconfig/0bd3dc0958fa2205aaaa8ebb13e2872b-le64.cache-7
7f223c028000-7f223c02d000 r--s 00000000 08:06 5243252                    /var/cache/fontconfig/def309198bfa603429122923fa2bb2d4-le64.cache-7
7f223c02d000-7f223c02e000 r--s 00000000 08:06 5243240                    /var/cache/fontconfig/b872e6e592da6075ffa4ab0a1fcc0c75-le64.cache-7
7f223c02e000-7f223c02f000 r--s 00000000 08:06 5243257                    /var/cache/fontconfig/f6d4eedfaab2589bde49f7a3ff831d22-le64.cache-7
7f223c02f000-7f223c030000 r--s 00000000 08:06 5243222                    /var/cache/fontconfig/589f83ef4c36d296ce6e1c846f468f08-le64.cache-7
7f223c030000-7f223c031000 r--s 00000000 08:06 5243242                    /var/cache/fontconfig/bab58bb527bb656aaa9f116d68a48d89-le64.cache-7
7f223c031000-7f223c032000 r--s 00000000 08:06 5243201                    /var/cache/fontconfig/2171a34dccabdb6bcbbc728186263178-le64.cache-7
7f223c032000-7f223c033000 r--s 00000000 08:06 5243243                    /var/cache/fontconfig/c5c45a61289222e0d30b1a26ef4effbe-le64.cache-7
7f223c033000-7f223c034000 r--s 00000000 08:06 5243238                    /var/cache/fontconfig/aec30016f93e1b46d1a973dce0d74068-le64.cache-7
7f223c034000-7f223c035000 r--s 00000000 08:06 5243208                    /var/cache/fontconfig/3f589640d34b7dc9042c8d453f7c8b9c-le64.cache-7
7f223c035000-7f223c036000 r--s 00000000 08:06 5243198                    /var/cache/fontconfig/16c2fda60d1b4b719f4b3d06fd951d25-le64.cache-7
7f223c036000-7f223c037000 r--s 00000000 08:06 5243237                    /var/cache/fontconfig/a48eab177a16e4f3713381162db2f3e9-le64.cache-7
7f223c037000-7f223c038000 r--s 00000000 08:06 5243218                    /var/cache/fontconfig/564b2e68ac9bc4e36a6f7f6d6125ec1c-le64.cache-7
7f223c038000-7f223c03d000 r--s 00000000 08:06 5243984                    /var/cache/fontconfig/9d2451b1fd30e5bffe8383fd27c35478-le64.cache-7
7f223c03d000-7f223c043000 r--s 00000000 08:06 5243985                    /var/cache/fontconfig/3047814df9a2f067bd2d96a2b9c36e5a-le64.cache-7
7f223c043000-7f223c044000 r--s 00000000 08:06 5243219                    /var/cache/fontconfig/56cf4f4769d0f4abc89a4895d7bd3ae1-le64.cache-7
7f223c044000-7f223c045000 r--s 00000000 08:06 5243241                    /var/cache/fontconfig/b9d506c9ac06c20b433354fa67a72993-le64.cache-7
7f223c045000-7f223c04b000 r--s 00000000 08:06 5243239                    /var/cache/fontconfig/b47c4e1ecd0709278f4910c18777a504-le64.cache-7
7f223c04b000-7f223c05e000 r--s 00000000 08:06 5243248                    /var/cache/fontconfig/d52a8644073d54c13679302ca1180695-le64.cache-7
7f223c05e000-7f223c05f000 r--s 00000000 08:06 5243206                    /var/cache/fontconfig/370e5b74bf5dafc30834de68e24a87a4-le64.cache-7
7f223c05f000-7f223c060000 r--s 00000000 08:06 5243227                    /var/cache/fontconfig/6b2c5944714ca7831b25bed9e85cb5c8-le64.cache-7
7f223c060000-7f223c061000 r--s 00000000 08:06 5243247                    /var/cache/fontconfig/d5178ab6d91b49bf20a416737dcea9e8-le64.cache-7
7f223c061000-7f223c062000 r--s 00000000 08:06 5243217                    /var/cache/fontconfig/551ecf3b0e8b0bca0f25c0944f561853-le64.cache-7
7f223c062000-7f223c065000 r--s 00000000 08:06 5243256                    /var/cache/fontconfig/f259c2cffa685e28062317905db73c4a-le64.cache-7
7f223c065000-7f223c067000 r--s 00000000 08:06 5243216                    /var/cache/fontconfig/550f3886151c940c12a5ed35f6a00586-le64.cache-7
7f223c067000-7f223c06a000 r--s 00000000 08:06 5243225                    /var/cache/fontconfig/674d1711f2d1d2a09646eb0bdcadee49-le64.cache-7
7f223c06a000-7f223c06b000 r--s 00000000 08:06 5243209                    /var/cache/fontconfig/3f7329c5293ffd510edef78f73874cfd-le64.cache-7
7f223c06b000-7f223c077000 r--s 00000000 08:06 5246516                    /var/cache/fontconfig/d589a48862398ed80a3d6066f4f56f4c-le64.cache-7
7f223c077000-7f223c078000 r--s 00000000 08:06 5243195                    /var/cache/fontconfig/0c9eb80ebd1c36541ebe2852d3bb0c49-le64.cache-7
7f223c078000-7f223c079000 r--s 00000000 08:06 5243202                    /var/cache/fontconfig/22368d551a680bfe5a62c02760edf4ea-le64.cache-7
7f223c079000-7f223c07a000 r--s 00000000 08:06 5243214                    /var/cache/fontconfig/4d9c95eba1cb85bbcf2878543262124a-le64.cache-7
7f223c07a000-7f223c07b000 r--s 00000000 08:06 5243231                    /var/cache/fontconfig/85e0a52ce643a7ba2ae53e5d6949cead-le64.cache-7
7f223c07b000-7f223c0ac000 rw-p 00000000 00:00 0 
7f223c0ac000-7f223c0af000 ---p 00000000 00:00 0 
7f223c0af000-7f223c0e5000 rw-p 00000000 00:00 0 
7f223c0e5000-7f223c0e8000 ---p 00000000 00:00 0 
7f223c0e8000-7f223c1e6000 rw-p 00000000 00:00 0 
7f223c1e6000-7f223c235000 r-xp 00000000 08:06 10626592                   /usr/lib/jvm/java-8-openjdk-amd64/jre/lib/amd64/libfontmanager.so
7f223c235000-7f223c435000 ---p 0004f000 08:06 10626592                   /usr/lib/jvm/java-8-openjdk-amd64/jre/lib/amd64/libfontmanager.so
7f223c435000-7f223c437000 r--p 0004f000 08:06 10626592                   /usr/lib/jvm/java-8-openjdk-amd64/jre/lib/amd64/libfontmanager.so
7f223c437000-7f223c438000 rw-p 00051000 08:06 10626592                   /usr/lib/jvm/java-8-openjdk-amd64/jre/lib/amd64/libfontmanager.so
7f223c438000-7f223c44b000 r-xp 00000000 08:06 10359462                   /lib/x86_64-linux-gnu/libbsd.so.0.8.7
7f223c44b000-7f223c64a000 ---p 00013000 08:06 10359462                   /lib/x86_64-linux-gnu/libbsd.so.0.8.7
7f223c64a000-7f223c64b000 r--p 00012000 08:06 10359462                   /lib/x86_64-linux-gnu/libbsd.so.0.8.7
7f223c64b000-7f223c64c000 rw-p 00013000 08:06 10359462                   /lib/x86_64-linux-gnu/libbsd.so.0.8.7
7f223c64c000-7f223c64d000 rw-p 00000000 00:00 0 
7f223c64d000-7f223c652000 r-xp 00000000 08:06 10622746                   /usr/lib/x86_64-linux-gnu/libXdmcp.so.6.0.0
7f223c652000-7f223c851000 ---p 00005000 08:06 10622746                   /usr/lib/x86_64-linux-gnu/libXdmcp.so.6.0.0
7f223c851000-7f223c852000 r--p 00004000 08:06 10622746                   /usr/lib/x86_64-linux-gnu/libXdmcp.so.6.0.0
7f223c852000-7f223c853000 rw-p 00005000 08:06 10622746                   /usr/lib/x86_64-linux-gnu/libXdmcp.so.6.0.0
7f223c853000-7f223c855000 r-xp 00000000 08:06 10622735                   /usr/lib/x86_64-linux-gnu/libXau.so.6.0.0
7f223c855000-7f223ca55000 ---p 00002000 08:06 10622735                   /usr/lib/x86_64-linux-gnu/libXau.so.6.0.0
7f223ca55000-7f223ca56000 r--p 00002000 08:06 10622735                   /usr/lib/x86_64-linux-gnu/libXau.so.6.0.0
7f223ca56000-7f223ca57000 rw-p 00003000 08:06 10622735                   /usr/lib/x86_64-linux-gnu/libXau.so.6.0.0
7f223ca57000-7f223ca7d000 r-xp 00000000 08:06 10618516                   /usr/lib/x86_64-linux-gnu/libxcb.so.1.1.0
7f223ca7d000-7f223cc7d000 ---p 00026000 08:06 10618516                   /usr/lib/x86_64-linux-gnu/libxcb.so.1.1.0
7f223cc7d000-7f223cc7e000 r--p 00026000 08:06 10618516                   /usr/lib/x86_64-linux-gnu/libxcb.so.1.1.0
7f223cc7e000-7f223cc7f000 rw-p 00027000 08:06 10618516                   /usr/lib/x86_64-linux-gnu/libxcb.so.1.1.0
7f223cc7f000-7f223cc8e000 r-xp 00000000 08:06 10622756                   /usr/lib/x86_64-linux-gnu/libXi.so.6.1.0
7f223cc8e000-7f223ce8d000 ---p 0000f000 08:06 10622756                   /usr/lib/x86_64-linux-gnu/libXi.so.6.1.0
7f223ce8d000-7f223ce8e000 r--p 0000e000 08:06 10622756                   /usr/lib/x86_64-linux-gnu/libXi.so.6.1.0
7f223ce8e000-7f223ce8f000 rw-p 0000f000 08:06 10622756                   /usr/lib/x86_64-linux-gnu/libXi.so.6.1.0
7f223ce8f000-7f223ce94000 r-xp 00000000 08:06 10622774                   /usr/lib/x86_64-linux-gnu/libXtst.so.6.1.0
7f223ce94000-7f223d093000 ---p 00005000 08:06 10622774                   /usr/lib/x86_64-linux-gnu/libXtst.so.6.1.0
7f223d093000-7f223d094000 r--p 00004000 08:06 10622774                   /usr/lib/x86_64-linux-gnu/libXtst.so.6.1.0
7f223d094000-7f223d095000 rw-p 00005000 08:06 10622774                   /usr/lib/x86_64-linux-gnu/libXtst.so.6.1.0
7f223d095000-7f223d09e000 r-xp 00000000 08:06 10622768                   /usr/lib/x86_64-linux-gnu/libXrender.so.1.3.0
7f223d09e000-7f223d29d000 ---p 00009000 08:06 10622768                   /usr/lib/x86_64-linux-gnu/libXrender.so.1.3.0
7f223d29d000-7f223d29e000 r--p 00008000 08:06 10622768                   /usr/lib/x86_64-linux-gnu/libXrender.so.1.3.0
7f223d29e000-7f223d29f000 rw-p 00009000 08:06 10622768                   /usr/lib/x86_64-linux-gnu/libXrender.so.1.3.0
7f223d29f000-7f223d3d2000 r-xp 00000000 08:06 10618526                   /usr/lib/x86_64-linux-gnu/libX11.so.6.3.0
7f223d3d2000-7f223d5d2000 ---p 00133000 08:06 10618526                   /usr/lib/x86_64-linux-gnu/libX11.so.6.3.0
7f223d5d2000-7f223d5d3000 r--p 00133000 08:06 10618526                   /usr/lib/x86_64-linux-gnu/libX11.so.6.3.0
7f223d5d3000-7f223d5d7000 rw-p 00134000 08:06 10618526                   /usr/lib/x86_64-linux-gnu/libX11.so.6.3.0
7f223d5d7000-7f223d5e8000 r-xp 00000000 08:06 10622748                   /usr/lib/x86_64-linux-gnu/libXext.so.6.4.0
7f223d5e8000-7f223d7e7000 ---p 00011000 08:06 10622748                   /usr/lib/x86_64-linux-gnu/libXext.so.6.4.0
7f223d7e7000-7f223d7e8000 r--p 00010000 08:06 10622748                   /usr/lib/x86_64-linux-gnu/libXext.so.6.4.0
7f223d7e8000-7f223d7e9000 rw-p 00011000 08:06 10622748                   /usr/lib/x86_64-linux-gnu/libXext.so.6.4.0
7f223d7e9000-7f223d844000 r-xp 00000000 08:06 10626588                   /usr/lib/jvm/java-8-openjdk-amd64/jre/lib/amd64/libawt_xawt.so
7f223d844000-7f223da43000 ---p 0005b000 08:06 10626588                   /usr/lib/jvm/java-8-openjdk-amd64/jre/lib/amd64/libawt_xawt.so
7f223da43000-7f223da44000 r--p 0005a000 08:06 10626588                   /usr/lib/jvm/java-8-openjdk-amd64/jre/lib/amd64/libawt_xawt.so
7f223da44000-7f223da47000 rw-p 0005b000 08:06 10626588                   /usr/lib/jvm/java-8-openjdk-amd64/jre/lib/amd64/libawt_xawt.so
7f223da47000-7f223da49000 rw-p 00000000 00:00 0 
7f223da49000-7f223dae8000 r-xp 00000000 08:06 10626583                   /usr/lib/jvm/java-8-openjdk-amd64/jre/lib/amd64/libawt.so
7f223dae8000-7f223dce7000 ---p 0009f000 08:06 10626583                   /usr/lib/jvm/java-8-openjdk-amd64/jre/lib/amd64/libawt.so
7f223dce7000-7f223dce8000 r--p 0009e000 08:06 10626583                   /usr/lib/jvm/java-8-openjdk-amd64/jre/lib/amd64/libawt.so
7f223dce8000-7f223dcf3000 rw-p 0009f000 08:06 10626583                   /usr/lib/jvm/java-8-openjdk-amd64/jre/lib/amd64/libawt.so
7f223dcf3000-7f223dd18000 rw-p 00000000 00:00 0 
7f223dd18000-7f223dd19000 ---p 00000000 00:00 0 
7f223dd19000-7f223de19000 rw-p 00000000 00:00 0 
7f223de19000-7f223de1c000 ---p 00000000 00:00 0 
7f223de1c000-7f223df1a000 rw-p 00000000 00:00 0 
7f223df1a000-7f223df1d000 ---p 00000000 00:00 0 
7f223df1d000-7f223e01b000 rw-p 00000000 00:00 0 
7f223e01b000-7f223e9ea000 r--p 00000000 08:06 10621656                   /usr/lib/locale/locale-archive
7f223e9ea000-7f223e9ed000 ---p 00000000 00:00 0 
7f223e9ed000-7f223eaeb000 rw-p 00000000 00:00 0 
7f223eaeb000-7f223eaee000 ---p 00000000 00:00 0 
7f223eaee000-7f223ebec000 rw-p 00000000 00:00 0 
7f223ebec000-7f223ebed000 ---p 00000000 00:00 0 
7f223ebed000-7f2240000000 rw-p 00000000 00:00 0 
7f2240000000-7f2240021000 rw-p 00000000 00:00 0 
7f2240021000-7f2244000000 ---p 00000000 00:00 0 
7f2244000000-7f2244001000 r--s 00000000 08:06 5243211                    /var/cache/fontconfig/49f0de54bdd920fe4f0dfd4cbac43e6b-le64.cache-7
7f2244001000-7f2244010000 r--s 00000000 08:06 5243876                    /var/cache/fontconfig/9b89f8e3dae116d678bbf48e5f21f69b-le64.cache-7
7f2244010000-7f2244019000 r--s 00000000 08:06 5256901                    /var/cache/fontconfig/d0972c3d32f097851eb916381fc38920-le64.cache-7
7f2244019000-7f224401b000 r--s 00000000 08:06 5243226                    /var/cache/fontconfig/6afa1bb216ce958c1589e297e8008489-le64.cache-7
7f224401b000-7f224401e000 r--s 00000000 08:06 5243253                    /var/cache/fontconfig/e13b20fdb08344e0e664864cc2ede53d-le64.cache-7
7f224401e000-7f2244031000 r--s 00346000 08:06 10630406                   /usr/lib/jvm/java-8-openjdk-amd64/jre/lib/resources.jar
7f2244031000-7f2244038000 r--s 0005b000 08:06 6554083                    /home/sneha/contiki-2.7/tools/cooja/lib/jsyntaxpane.jar
7f2244038000-7f224403f000 r--s 0004f000 08:06 6554084                    /home/sneha/contiki-2.7/tools/cooja/lib/log4j.jar
7f224403f000-7f224405a000 r--s 001d6000 08:06 10627714                   /usr/lib/jvm/java-8-openjdk-amd64/jre/lib/ext/nashorn.jar
7f224405a000-7f2244075000 r--s 00394000 08:06 10627709                   /usr/lib/jvm/java-8-openjdk-amd64/jre/lib/ext/cldrdata.jar
7f2244075000-7f2245000000 rw-p 00000000 00:00 0 
7f2245000000-7f2245270000 rwxp 00000000 00:00 0 
7f2245270000-7f2254000000 ---p 00000000 00:00 0 
7f2254000000-7f225450b000 rw-p 00000000 00:00 0 
7f225450b000-7f2258000000 ---p 00000000 00:00 0 
7f2258000000-7f2258005000 r--s 002f9000 08:06 10627689                   /usr/lib/jvm/java-8-openjdk-amd64/jre/lib/charsets.jar
7f2258005000-7f2258008000 r--s 00022000 08:06 6554082                    /home/sneha/contiki-2.7/tools/cooja/lib/jdom.jar
7f2258008000-7f2258012000 r--s 00116000 08:06 10627713                   /usr/lib/jvm/java-8-openjdk-amd64/jre/lib/ext/localedata.jar
7f2258012000-7f2258206000 rw-p 00000000 00:00 0 
7f2258206000-7f22583d6000 r--s 03c5c000 08:06 10630408                   /usr/lib/jvm/java-8-openjdk-amd64/jre/lib/rt.jar
7f22583d6000-7f22595a7000 rw-p 00000000 00:00 0 
7f22595a7000-7f22595a8000 ---p 00000000 00:00 0 
7f22595a8000-7f22596a8000 rw-p 00000000 00:00 0 
7f22596a8000-7f22596a9000 ---p 00000000 00:00 0 
7f22596a9000-7f22597a9000 rw-p 00000000 00:00 0 
7f22597a9000-7f22597aa000 ---p 00000000 00:00 0 
7f22597aa000-7f22598aa000 rw-p 00000000 00:00 0 
7f22598aa000-7f22598ab000 ---p 00000000 00:00 0 
7f22598ab000-7f22599ab000 rw-p 00000000 00:00 0 
7f22599ab000-7f22599ac000 ---p 00000000 00:00 0 
7f22599ac000-7f2259aac000 rw-p 00000000 00:00 0 
7f2259aac000-7f2259aad000 ---p 00000000 00:00 0 
7f2259aad000-7f2259bad000 rw-p 00000000 00:00 0 
7f2259bad000-7f2259bae000 ---p 00000000 00:00 0 
7f2259bae000-7f2259cae000 rw-p 00000000 00:00 0 
7f2259cae000-7f2259caf000 ---p 00000000 00:00 0 
7f2259caf000-7f2259dd9000 rw-p 00000000 00:00 0 
7f2259dd9000-7f2259e59000 ---p 00000000 00:00 0 
7f2259e59000-7f2259e6b000 rw-p 00000000 00:00 0 
7f2259e6b000-7f2259eaf000 ---p 00000000 00:00 0 
7f2259eaf000-7f2259eba000 rw-p 00000000 00:00 0 
7f2259eba000-7f225a270000 ---p 00000000 00:00 0 
7f225a270000-7f225a278000 r-xp 00000000 08:06 10627678                   /usr/lib/jvm/java-8-openjdk-amd64/jre/lib/amd64/libzip.so
7f225a278000-7f225a477000 ---p 00008000 08:06 10627678                   /usr/lib/jvm/java-8-openjdk-amd64/jre/lib/amd64/libzip.so
7f225a477000-7f225a478000 r--p 00007000 08:06 10627678                   /usr/lib/jvm/java-8-openjdk-amd64/jre/lib/amd64/libzip.so
7f225a478000-7f225a479000 rw-p 00008000 08:06 10627678                   /usr/lib/jvm/java-8-openjdk-amd64/jre/lib/amd64/libzip.so
7f225a479000-7f225a484000 r-xp 00000000 08:06 10359556                   /lib/x86_64-linux-gnu/libnss_files-2.27.so
7f225a484000-7f225a683000 ---p 0000b000 08:06 10359556                   /lib/x86_64-linux-gnu/libnss_files-2.27.so
7f225a683000-7f225a684000 r--p 0000a000 08:06 10359556                   /lib/x86_64-linux-gnu/libnss_files-2.27.so
7f225a684000-7f225a685000 rw-p 0000b000 08:06 10359556                   /lib/x86_64-linux-gnu/libnss_files-2.27.so
7f225a685000-7f225a68b000 rw-p 00000000 00:00 0 
7f225a68b000-7f225a6a2000 r-xp 00000000 08:06 10359550                   /lib/x86_64-linux-gnu/libnsl-2.27.so
7f225a6a2000-7f225a8a1000 ---p 00017000 08:06 10359550                   /lib/x86_64-linux-gnu/libnsl-2.27.so
7f225a8a1000-7f225a8a2000 r--p 00016000 08:06 10359550                   /lib/x86_64-linux-gnu/libnsl-2.27.so
7f225a8a2000-7f225a8a3000 rw-p 00017000 08:06 10359550                   /lib/x86_64-linux-gnu/libnsl-2.27.so
7f225a8a3000-7f225a8a5000 rw-p 00000000 00:00 0 
7f225a8a5000-7f225a8b0000 r-xp 00000000 08:06 10359567                   /lib/x86_64-linux-gnu/libnss_nis-2.27.so
7f225a8b0000-7f225aaaf000 ---p 0000b000 08:06 10359567                   /lib/x86_64-linux-gnu/libnss_nis-2.27.so
7f225aaaf000-7f225aab0000 r--p 0000a000 08:06 10359567                   /lib/x86_64-linux-gnu/libnss_nis-2.27.so
7f225aab0000-7f225aab1000 rw-p 0000b000 08:06 10359567                   /lib/x86_64-linux-gnu/libnss_nis-2.27.so
7f225aab1000-7f225aab9000 r-xp 00000000 08:06 10359552                   /lib/x86_64-linux-gnu/libnss_compat-2.27.so
7f225aab9000-7f225acb9000 ---p 00008000 08:06 10359552                   /lib/x86_64-linux-gnu/libnss_compat-2.27.so
7f225acb9000-7f225acba000 r--p 00008000 08:06 10359552                   /lib/x86_64-linux-gnu/libnss_compat-2.27.so
7f225acba000-7f225acbb000 rw-p 00009000 08:06 10359552                   /lib/x86_64-linux-gnu/libnss_compat-2.27.so
7f225acbb000-7f225ace5000 r-xp 00000000 08:06 10626641                   /usr/lib/jvm/java-8-openjdk-amd64/jre/lib/amd64/libjava.so
7f225ace5000-7f225aee4000 ---p 0002a000 08:06 10626641                   /usr/lib/jvm/java-8-openjdk-amd64/jre/lib/amd64/libjava.so
7f225aee4000-7f225aee5000 r--p 00029000 08:06 10626641                   /usr/lib/jvm/java-8-openjdk-amd64/jre/lib/amd64/libjava.so
7f225aee5000-7f225aee7000 rw-p 0002a000 08:06 10626641                   /usr/lib/jvm/java-8-openjdk-amd64/jre/lib/amd64/libjava.so
7f225aee7000-7f225aef7000 r-xp 00000000 08:06 10627129                   /usr/lib/jvm/java-8-openjdk-amd64/jre/lib/amd64/libverify.so
7f225aef7000-7f225b0f6000 ---p 00010000 08:06 10627129                   /usr/lib/jvm/java-8-openjdk-amd64/jre/lib/amd64/libverify.so
7f225b0f6000-7f225b0f8000 r--p 0000f000 08:06 10627129                   /usr/lib/jvm/java-8-openjdk-amd64/jre/lib/amd64/libverify.so
7f225b0f8000-7f225b0f9000 rw-p 00011000 08:06 10627129                   /usr/lib/jvm/java-8-openjdk-amd64/jre/lib/amd64/libverify.so
7f225b0f9000-7f225b100000 r-xp 00000000 08:06 10359607                   /lib/x86_64-linux-gnu/librt-2.27.so
7f225b100000-7f225b2ff000 ---p 00007000 08:06 10359607                   /lib/x86_64-linux-gnu/librt-2.27.so
7f225b2ff000-7f225b300000 r--p 00006000 08:06 10359607                   /lib/x86_64-linux-gnu/librt-2.27.so
7f225b300000-7f225b301000 rw-p 00007000 08:06 10359607                   /lib/x86_64-linux-gnu/librt-2.27.so
7f225b301000-7f225b318000 r-xp 00000000 08:06 10359358                   /lib/x86_64-linux-gnu/libgcc_s.so.1
7f225b318000-7f225b517000 ---p 00017000 08:06 10359358                   /lib/x86_64-linux-gnu/libgcc_s.so.1
7f225b517000-7f225b518000 r--p 00016000 08:06 10359358                   /lib/x86_64-linux-gnu/libgcc_s.so.1
7f225b518000-7f225b519000 rw-p 00017000 08:06 10359358                   /lib/x86_64-linux-gnu/libgcc_s.so.1
7f225b519000-7f225b6b6000 r-xp 00000000 08:06 10359529                   /lib/x86_64-linux-gnu/libm-2.27.so
7f225b6b6000-7f225b8b5000 ---p 0019d000 08:06 10359529                   /lib/x86_64-linux-gnu/libm-2.27.so
7f225b8b5000-7f225b8b6000 r--p 0019c000 08:06 10359529                   /lib/x86_64-linux-gnu/libm-2.27.so
7f225b8b6000-7f225b8b7000 rw-p 0019d000 08:06 10359529                   /lib/x86_64-linux-gnu/libm-2.27.so
7f225b8b7000-7f225ba30000 r-xp 00000000 08:06 10623012                   /usr/lib/x86_64-linux-gnu/libstdc++.so.6.0.25
7f225ba30000-7f225bc30000 ---p 00179000 08:06 10623012                   /usr/lib/x86_64-linux-gnu/libstdc++.so.6.0.25
7f225bc30000-7f225bc3a000 r--p 00179000 08:06 10623012                   /usr/lib/x86_64-linux-gnu/libstdc++.so.6.0.25
7f225bc3a000-7f225bc3c000 rw-p 00183000 08:06 10623012                   /usr/lib/x86_64-linux-gnu/libstdc++.so.6.0.25
7f225bc3c000-7f225bc40000 rw-p 00000000 00:00 0 
7f225bc40000-7f225c8df000 r-xp 00000000 08:06 10627685                   /usr/lib/jvm/java-8-openjdk-amd64/jre/lib/amd64/server/libjvm.so
7f225c8df000-7f225cadf000 ---p 00c9f000 08:06 10627685                   /usr/lib/jvm/java-8-openjdk-amd64/jre/lib/amd64/server/libjvm.so
7f225cadf000-7f225cb73000 r--p 00c9f000 08:06 10627685                   /usr/lib/jvm/java-8-openjdk-amd64/jre/lib/amd64/server/libjvm.so
7f225cb73000-7f225cb9c000 rw-p 00d33000 08:06 10627685                   /usr/lib/jvm/java-8-openjdk-amd64/jre/lib/amd64/server/libjvm.so
7f225cb9c000-7f225cbcc000 rw-p 00000000 00:00 0 
7f225cbcc000-7f225cbe6000 r-xp 00000000 08:06 10359599                   /lib/x86_64-linux-gnu/libpthread-2.27.so
7f225cbe6000-7f225cde5000 ---p 0001a000 08:06 10359599                   /lib/x86_64-linux-gnu/libpthread-2.27.so
7f225cde5000-7f225cde6000 r--p 00019000 08:06 10359599                   /lib/x86_64-linux-gnu/libpthread-2.27.so
7f225cde6000-7f225cde7000 rw-p 0001a000 08:06 10359599                   /lib/x86_64-linux-gnu/libpthread-2.27.so
7f225cde7000-7f225cdeb000 rw-p 00000000 00:00 0 
7f225cdeb000-7f225cdee000 r-xp 00000000 08:06 10359489                   /lib/x86_64-linux-gnu/libdl-2.27.so
7f225cdee000-7f225cfed000 ---p 00003000 08:06 10359489                   /lib/x86_64-linux-gnu/libdl-2.27.so
7f225cfed000-7f225cfee000 r--p 00002000 08:06 10359489                   /lib/x86_64-linux-gnu/libdl-2.27.so
7f225cfee000-7f225cfef000 rw-p 00003000 08:06 10359489                   /lib/x86_64-linux-gnu/libdl-2.27.so
7f225cfef000-7f225d00b000 r-xp 00000000 08:06 10359638                   /lib/x86_64-linux-gnu/libz.so.1.2.11
7f225d00b000-7f225d20a000 ---p 0001c000 08:06 10359638                   /lib/x86_64-linux-gnu/libz.so.1.2.11
7f225d20a000-7f225d20b000 r--p 0001b000 08:06 10359638                   /lib/x86_64-linux-gnu/libz.so.1.2.11
7f225d20b000-7f225d20c000 rw-p 0001c000 08:06 10359638                   /lib/x86_64-linux-gnu/libz.so.1.2.11
7f225d20c000-7f225d3f3000 r-xp 00000000 08:06 10359466                   /lib/x86_64-linux-gnu/libc-2.27.so
7f225d3f3000-7f225d5f3000 ---p 001e7000 08:06 10359466                   /lib/x86_64-linux-gnu/libc-2.27.so
7f225d5f3000-7f225d5f7000 r--p 001e7000 08:06 10359466                   /lib/x86_64-linux-gnu/libc-2.27.so
7f225d5f7000-7f225d5f9000 rw-p 001eb000 08:06 10359466                   /lib/x86_64-linux-gnu/libc-2.27.so
7f225d5f9000-7f225d5fd000 rw-p 00000000 00:00 0 
7f225d5fd000-7f225d60b000 r-xp 00000000 08:06 10619879                   /usr/lib/jvm/java-8-openjdk-amd64/jre/lib/amd64/jli/libjli.so
7f225d60b000-7f225d80a000 ---p 0000e000 08:06 10619879                   /usr/lib/jvm/java-8-openjdk-amd64/jre/lib/amd64/jli/libjli.so
7f225d80a000-7f225d80b000 r--p 0000d000 08:06 10619879                   /usr/lib/jvm/java-8-openjdk-amd64/jre/lib/amd64/jli/libjli.so
7f225d80b000-7f225d80c000 rw-p 0000e000 08:06 10619879                   /usr/lib/jvm/java-8-openjdk-amd64/jre/lib/amd64/jli/libjli.so
7f225d80c000-7f225d833000 r-xp 00000000 08:06 10359438                   /lib/x86_64-linux-gnu/ld-2.27.so
7f225d833000-7f225d834000 r--s 00000000 08:06 5243258                    /var/cache/fontconfig/f6e6e0a5c3d2f6ae0c0c2e0ecd42a997-le64.cache-7
7f225d834000-7f225d837000 r--s 00039000 08:06 10627717                   /usr/lib/jvm/java-8-openjdk-amd64/jre/lib/ext/sunpkcs11.jar
7f225d837000-7f225d83a000 r--s 0000f000 08:06 10627711                   /usr/lib/jvm/java-8-openjdk-amd64/jre/lib/ext/icedtea-sound.jar
7f225d83a000-7f225d83f000 r--s 0003c000 08:06 10627716                   /usr/lib/jvm/java-8-openjdk-amd64/jre/lib/ext/sunjce_provider.jar
7f225d83f000-7f225d841000 r--s 00007000 08:06 11147219                   /usr/share/java/java-atk-wrapper.jar
7f225d841000-7f225d893000 rw-p 00000000 00:00 0 
7f225d893000-7f225d914000 ---p 00000000 00:00 0 
7f225d914000-7f225d915000 ---p 00000000 00:00 0 
7f225d915000-7f225d918000 ---p 00000000 00:00 0 
7f225d918000-7f225da17000 rw-p 00000000 00:00 0 
7f225da17000-7f225da18000 r--s 00000000 08:06 5243212                    /var/cache/fontconfig/4b2eda6bb976bda485cb2176619421d5-le64.cache-7
7f225da18000-7f225da19000 r--s 0000a000 08:06 10627712                   /usr/lib/jvm/java-8-openjdk-amd64/jre/lib/ext/jaccess.jar
7f225da19000-7f225da1a000 r--s 0000d000 08:06 10627715                   /usr/lib/jvm/java-8-openjdk-amd64/jre/lib/ext/sunec.jar
7f225da1a000-7f225da1b000 r--s 00010000 08:06 10627718                   /usr/lib/jvm/java-8-openjdk-amd64/jre/lib/ext/zipfs.jar
7f225da1b000-7f225da1d000 r--s 00001000 08:06 10627710                   /usr/lib/jvm/java-8-openjdk-amd64/jre/lib/ext/dnsns.jar
7f225da1d000-7f225da27000 rw-p 00000000 00:00 0 
7f225da27000-7f225da2f000 rw-s 00000000 08:06 1442252                    /tmp/hsperfdata_root/24617
7f225da2f000-7f225da30000 rw-p 00000000 00:00 0 
7f225da30000-7f225da31000 r--p 00000000 00:00 0 
7f225da31000-7f225da33000 rw-p 00000000 00:00 0 
7f225da33000-7f225da34000 r--p 00027000 08:06 10359438                   /lib/x86_64-linux-gnu/ld-2.27.so
7f225da34000-7f225da35000 rw-p 00028000 08:06 10359438                   /lib/x86_64-linux-gnu/ld-2.27.so
7f225da35000-7f225da36000 rw-p 00000000 00:00 0 
7fff8a90c000-7fff8a92d000 rw-p 00000000 00:00 0                          [stack]
7fff8a945000-7fff8a948000 r--p 00000000 00:00 0                          [vvar]
7fff8a948000-7fff8a94a000 r-xp 00000000 00:00 0                          [vdso]
ffffffffff600000-ffffffffff601000 r-xp 00000000 00:00 0                  [vsyscall]

VM Arguments:
jvm_args: -Djava.compiler=NONE -Xmx512m -Duser.language=en 
java_command: se.sics.cooja.GUI
java_class_path (initial): /home/sneha/contiki-2.7/tools/cooja/build:/home/sneha/contiki-2.7/tools/cooja/lib/jdom.jar:/home/sneha/contiki-2.7/tools/cooja/lib/log4j.jar:/home/sneha/contiki-2.7/tools/cooja/lib/jsyntaxpane.jar
Launcher Type: SUN_STANDARD

Environment Variables:
JAVA_HOME=/usr/lib/jvm/java-8-openjdk-amd64
PATH=/usr/local/sbin:/usr/local/bin:/usr/sbin:/usr/bin:/sbin:/bin:/snap/bin
USERNAME=root
LD_LIBRARY_PATH=.
SHELL=/bin/bash
DISPLAY=:0

Signal Handlers:
SIGSEGV: [libjvm.so+0xab92f0], sa_mask[0]=11111111011111111101111111111110, sa_flags=SA_RESTART|SA_SIGINFO
SIGBUS: [libjvm.so+0xab92f0], sa_mask[0]=11111111011111111101111111111110, sa_flags=SA_RESTART|SA_SIGINFO
SIGFPE: [libjvm.so+0x8ee560], sa_mask[0]=11111111011111111101111111111110, sa_flags=SA_RESTART|SA_SIGINFO
SIGPIPE: [libjvm.so+0x8ee560], sa_mask[0]=11111111011111111101111111111110, sa_flags=SA_RESTART|SA_SIGINFO
SIGXFSZ: [libjvm.so+0x8ee560], sa_mask[0]=11111111011111111101111111111110, sa_flags=SA_RESTART|SA_SIGINFO
SIGILL: [libjvm.so+0x8ee560], sa_mask[0]=11111111011111111101111111111110, sa_flags=SA_RESTART|SA_SIGINFO
SIGUSR1: SIG_DFL, sa_mask[0]=00000000000000000000000000000000, sa_flags=none
SIGUSR2: [libjvm.so+0x8ee410], sa_mask[0]=00100000000000000000000000000000, sa_flags=SA_RESTART|SA_SIGINFO
SIGHUP: [libjvm.so+0x8eea80], sa_mask[0]=11111111011111111101111111111110, sa_flags=SA_RESTART|SA_SIGINFO
SIGINT: [libjvm.so+0x8eea80], sa_mask[0]=11111111011111111101111111111110, sa_flags=SA_RESTART|SA_SIGINFO
SIGTERM: [libjvm.so+0x8eea80], sa_mask[0]=11111111011111111101111111111110, sa_flags=SA_RESTART|SA_SIGINFO
SIGQUIT: [libjvm.so+0x8eea80], sa_mask[0]=11111111011111111101111111111110, sa_flags=SA_RESTART|SA_SIGINFO


---------------  S Y S T E M  ---------------

OS:DISTRIB_ID=Ubuntu
DISTRIB_RELEASE=18.04
DISTRIB_CODENAME=bionic
DISTRIB_DESCRIPTION="Ubuntu 18.04.3 LTS"

uname:Linux 4.15.0-58-generic #64-Ubuntu SMP Tue Aug 6 11:12:41 UTC 2019 x86_64
libc:glibc 2.27 NPTL 2.27 
rlimit: STACK 8192k, CORE 0k, NPROC 30810, NOFILE 4096, AS infinity
load average:1.76 0.88 0.59

/proc/meminfo:
MemTotal:        8053424 kB
MemFree:          129384 kB
MemAvailable:     839816 kB
Buffers:           59764 kB
Cached:          2000084 kB
SwapCached:          776 kB
Active:          5959000 kB
Inactive:        1487268 kB
Active(anon):    5503572 kB
Inactive(anon):  1073040 kB
Active(file):     455428 kB
Inactive(file):   414228 kB
Unevictable:          48 kB
Mlocked:              48 kB
SwapTotal:       2097148 kB
SwapFree:        2081520 kB
Dirty:              1748 kB
Writeback:             0 kB
AnonPages:       5385832 kB
Mapped:           545156 kB
Shmem:           1190192 kB
Slab:             214308 kB
SReclaimable:     119488 kB
SUnreclaim:        94820 kB
KernelStack:       23088 kB
PageTables:       125324 kB
NFS_Unstable:          0 kB
Bounce:                0 kB
WritebackTmp:          0 kB
CommitLimit:     6123860 kB
Committed_AS:   20616972 kB
VmallocTotal:   34359738367 kB
VmallocUsed:           0 kB
VmallocChunk:          0 kB
HardwareCorrupted:     0 kB
AnonHugePages:         0 kB
ShmemHugePages:        0 kB
ShmemPmdMapped:        0 kB
CmaTotal:              0 kB
CmaFree:               0 kB
HugePages_Total:       0
HugePages_Free:        0
HugePages_Rsvd:        0
HugePages_Surp:        0
Hugepagesize:       2048 kB
DirectMap4k:      387708 kB
DirectMap2M:     7886848 kB
DirectMap1G:     1048576 kB

container (cgroup) information:
container_type: cgroupv1
cpu_cpuset_cpus: 0-7
cpu_memory_nodes: 0
active_processor_count: 8
cpu_quota: -1
cpu_period: 100000
cpu_shares: -1
memory_limit_in_bytes: -1
memory_and_swap_limit_in_bytes: -2
memory_soft_limit_in_bytes: -1
memory_usage_in_bytes: 7625412608
memory_max_usage_in_bytes: 2097152


CPU:total 8 (initial active 8) (4 cores per cpu, 2 threads per core) family 6 model 158 stepping 9, cmov, cx8, fxsr, mmx, sse, sse2, sse3, ssse3, sse4.1, sse4.2, popcnt, avx, avx2, aes, clmul, erms, rtm, 3dnowpref, lzcnt, ht, tsc, tscinvbit, bmi1, bmi2, adx

/proc/cpuinfo:
processor	: 0
vendor_id	: GenuineIntel
cpu family	: 6
model		: 158
model name	: Intel(R) Core(TM) i7-7700 CPU @ 3.60GHz
stepping	: 9
microcode	: 0xb4
cpu MHz		: 4099.888
cache size	: 8192 KB
physical id	: 0
siblings	: 8
core id		: 0
cpu cores	: 4
apicid		: 0
initial apicid	: 0
fpu		: yes
fpu_exception	: yes
cpuid level	: 22
wp		: yes
flags		: fpu vme de pse tsc msr pae mce cx8 apic sep mtrr pge mca cmov pat pse36 clflush dts acpi mmx fxsr sse sse2 ss ht tm pbe syscall nx pdpe1gb rdtscp lm constant_tsc art arch_perfmon pebs bts rep_good nopl xtopology nonstop_tsc cpuid aperfmperf tsc_known_freq pni pclmulqdq dtes64 monitor ds_cpl vmx smx est tm2 ssse3 sdbg fma cx16 xtpr pdcm pcid sse4_1 sse4_2 x2apic movbe popcnt tsc_deadline_timer aes xsave avx f16c rdrand lahf_lm abm 3dnowprefetch cpuid_fault epb invpcid_single pti ssbd ibrs ibpb stibp tpr_shadow vnmi flexpriority ept vpid fsgsbase tsc_adjust bmi1 hle avx2 smep bmi2 erms invpcid rtm mpx rdseed adx smap clflushopt intel_pt xsaveopt xsavec xgetbv1 xsaves dtherm ida arat pln pts hwp hwp_notify hwp_act_window hwp_epp md_clear flush_l1d
bugs		: cpu_meltdown spectre_v1 spectre_v2 spec_store_bypass l1tf mds swapgs
bogomips	: 7200.00
clflush size	: 64
cache_alignment	: 64
address sizes	: 39 bits physical, 48 bits virtual
power management:

processor	: 1
vendor_id	: GenuineIntel
cpu family	: 6
model		: 158
model name	: Intel(R) Core(TM) i7-7700 CPU @ 3.60GHz
stepping	: 9
microcode	: 0xb4
cpu MHz		: 4086.610
cache size	: 8192 KB
physical id	: 0
siblings	: 8
core id		: 1
cpu cores	: 4
apicid		: 2
initial apicid	: 2
fpu		: yes
fpu_exception	: yes
cpuid level	: 22
wp		: yes
flags		: fpu vme de pse tsc msr pae mce cx8 apic sep mtrr pge mca cmov pat pse36 clflush dts acpi mmx fxsr sse sse2 ss ht tm pbe syscall nx pdpe1gb rdtscp lm constant_tsc art arch_perfmon pebs bts rep_good nopl xtopology nonstop_tsc cpuid aperfmperf tsc_known_freq pni pclmulqdq dtes64 monitor ds_cpl vmx smx est tm2 ssse3 sdbg fma cx16 xtpr pdcm pcid sse4_1 sse4_2 x2apic movbe popcnt tsc_deadline_timer aes xsave avx f16c rdrand lahf_lm abm 3dnowprefetch cpuid_fault epb invpcid_single pti ssbd ibrs ibpb stibp tpr_shadow vnmi flexpriority ept vpid fsgsbase tsc_adjust bmi1 hle avx2 smep bmi2 erms invpcid rtm mpx rdseed adx smap clflushopt intel_pt xsaveopt xsavec xgetbv1 xsaves dtherm ida arat pln pts hwp hwp_notify hwp_act_window hwp_epp md_clear flush_l1d
bugs		: cpu_meltdown spectre_v1 spectre_v2 spec_store_bypass l1tf mds swapgs
bogomips	: 7200.00
clflush size	: 64
cache_alignment	: 64
address sizes	: 39 bits physical, 48 bits virtual
power management:

processor	: 2
vendor_id	: GenuineIntel
cpu family	: 6
model		: 158
model name	: Intel(R) Core(TM) i7-7700 CPU @ 3.60GHz
stepping	: 9
microcode	: 0xb4
cpu MHz		: 4085.172
cache size	: 8192 KB
physical id	: 0
siblings	: 8
core id		: 2
cpu cores	: 4
apicid		: 4
initial apicid	: 4
fpu		: yes
fpu_exception	: yes
cpuid level	: 22
wp		: yes
flags		: fpu vme de pse tsc msr pae mce cx8 apic sep mtrr pge mca cmov pat pse36 clflush dts acpi mmx fxsr sse sse2 ss ht tm pbe syscall nx pdpe1gb rdtscp lm constant_tsc art arch_perfmon pebs bts rep_good nopl xtopology nonstop_tsc cpuid aperfmperf tsc_known_freq pni pclmulqdq dtes64 monitor ds_cpl vmx smx est tm2 ssse3 sdbg fma cx16 xtpr pdcm pcid sse4_1 sse4_2 x2apic movbe popcnt tsc_deadline_timer aes xsave avx f16c rdrand lahf_lm abm 3dnowprefetch cpuid_fault epb invpcid_single pti ssbd ibrs ibpb stibp tpr_shadow vnmi flexpriority ept vpid fsgsbase tsc_adjust bmi1 hle avx2 smep bmi2 erms invpcid rtm mpx rdseed adx smap clflushopt intel_pt xsaveopt xsavec xgetbv1 xsaves dtherm ida arat pln pts hwp hwp_notify hwp_act_window hwp_epp md_clear flush_l1d
bugs		: cpu_meltdown spectre_v1 spectre_v2 spec_store_bypass l1tf mds swapgs
bogomips	: 7200.00
clflush size	: 64
cache_alignment	: 64
address sizes	: 39 bits physical, 48 bits virtual
power management:

processor	: 3
vendor_id	: GenuineIntel
cpu family	: 6
model		: 158
model name	: Intel(R) Core(TM) i7-7700 CPU @ 3.60GHz
stepping	: 9
microcode	: 0xb4
cpu MHz		: 4085.522
cache size	: 8192 KB
physical id	: 0
siblings	: 8
core id		: 3
cpu cores	: 4
apicid		: 6
initial apicid	: 6
fpu		: yes
fpu_exception	: yes
cpuid level	: 22
wp		: yes
flags		: fpu vme de pse tsc msr pae mce cx8 apic sep mtrr pge mca cmov pat pse36 clflush dts acpi mmx fxsr sse sse2 ss ht tm pbe syscall nx pdpe1gb rdtscp lm constant_tsc art arch_perfmon pebs bts rep_good nopl xtopology nonstop_tsc cpuid aperfmperf tsc_known_freq pni pclmulqdq dtes64 monitor ds_cpl vmx smx est tm2 ssse3 sdbg fma cx16 xtpr pdcm pcid sse4_1 sse4_2 x2apic movbe popcnt tsc_deadline_timer aes xsave avx f16c rdrand lahf_lm abm 3dnowprefetch cpuid_fault epb invpcid_single pti ssbd ibrs ibpb stibp tpr_shadow vnmi flexpriority ept vpid fsgsbase tsc_adjust bmi1 hle avx2 smep bmi2 erms invpcid rtm mpx rdseed adx smap clflushopt intel_pt xsaveopt xsavec xgetbv1 xsaves dtherm ida arat pln pts hwp hwp_notify hwp_act_window hwp_epp md_clear flush_l1d
bugs		: cpu_meltdown spectre_v1 spectre_v2 spec_store_bypass l1tf mds swapgs
bogomips	: 7200.00
clflush size	: 64
cache_alignment	: 64
address sizes	: 39 bits physical, 48 bits virtual
power management:

processor	: 4
vendor_id	: GenuineIntel
cpu family	: 6
model		: 158
model name	: Intel(R) Core(TM) i7-7700 CPU @ 3.60GHz
stepping	: 9
microcode	: 0xb4
cpu MHz		: 4110.435
cache size	: 8192 KB
physical id	: 0
siblings	: 8
core id		: 0
cpu cores	: 4
apicid		: 1
initial apicid	: 1
fpu		: yes
fpu_exception	: yes
cpuid level	: 22
wp		: yes
flags		: fpu vme de pse tsc msr pae mce cx8 apic sep mtrr pge mca cmov pat pse36 clflush dts acpi mmx fxsr sse sse2 ss ht tm pbe syscall nx pdpe1gb rdtscp lm constant_tsc art arch_perfmon pebs bts rep_good nopl xtopology nonstop_tsc cpuid aperfmperf tsc_known_freq pni pclmulqdq dtes64 monitor ds_cpl vmx smx est tm2 ssse3 sdbg fma cx16 xtpr pdcm pcid sse4_1 sse4_2 x2apic movbe popcnt tsc_deadline_timer aes xsave avx f16c rdrand lahf_lm abm 3dnowprefetch cpuid_fault epb invpcid_single pti ssbd ibrs ibpb stibp tpr_shadow vnmi flexpriority ept vpid fsgsbase tsc_adjust bmi1 hle avx2 smep bmi2 erms invpcid rtm mpx rdseed adx smap clflushopt intel_pt xsaveopt xsavec xgetbv1 xsaves dtherm ida arat pln pts hwp hwp_notify hwp_act_window hwp_epp md_clear flush_l1d
bugs		: cpu_meltdown spectre_v1 spectre_v2 spec_store_bypass l1tf mds swapgs
bogomips	: 7200.00
clflush size	: 64
cache_alignment	: 64
address sizes	: 39 bits physical, 48 bits virtual
power management:

processor	: 5
vendor_id	: GenuineIntel
cpu family	: 6
model		: 158
model name	: Intel(R) Core(TM) i7-7700 CPU @ 3.60GHz
stepping	: 9
microcode	: 0xb4
cpu MHz		: 4097.870
cache size	: 8192 KB
physical id	: 0
siblings	: 8
core id		: 1
cpu cores	: 4
apicid		: 3
initial apicid	: 3
fpu		: yes
fpu_exception	: yes
cpuid level	: 22
wp		: yes
flags		: fpu vme de pse tsc msr pae mce cx8 apic sep mtrr pge mca cmov pat pse36 clflush dts acpi mmx fxsr sse sse2 ss ht tm pbe syscall nx pdpe1gb rdtscp lm constant_tsc art arch_perfmon pebs bts rep_good nopl xtopology nonstop_tsc cpuid aperfmperf tsc_known_freq pni pclmulqdq dtes64 monitor ds_cpl vmx smx est tm2 ssse3 sdbg fma cx16 xtpr pdcm pcid sse4_1 sse4_2 x2apic movbe popcnt tsc_deadline_timer aes xsave avx f16c rdrand lahf_lm abm 3dnowprefetch cpuid_fault epb invpcid_single pti ssbd ibrs ibpb stibp tpr_shadow vnmi flexpriority ept vpid fsgsbase tsc_adjust bmi1 hle avx2 smep bmi2 erms invpcid rtm mpx rdseed adx smap clflushopt intel_pt xsaveopt xsavec xgetbv1 xsaves dtherm ida arat pln pts hwp hwp_notify hwp_act_window hwp_epp md_clear flush_l1d
bugs		: cpu_meltdown spectre_v1 spectre_v2 spec_store_bypass l1tf mds swapgs
bogomips	: 7200.00
clflush size	: 64
cache_alignment	: 64
address sizes	: 39 bits physical, 48 bits virtual
power management:

processor	: 6
vendor_id	: GenuineIntel
cpu family	: 6
model		: 158
model name	: Intel(R) Core(TM) i7-7700 CPU @ 3.60GHz
stepping	: 9
microcode	: 0xb4
cpu MHz		: 4013.895
cache size	: 8192 KB
physical id	: 0
siblings	: 8
core id		: 2
cpu cores	: 4
apicid		: 5
initial apicid	: 5
fpu		: yes
fpu_exception	: yes
cpuid level	: 22
wp		: yes
flags		: fpu vme de pse tsc msr pae mce cx8 apic sep mtrr pge mca cmov pat pse36 clflush dts acpi mmx fxsr sse sse2 ss ht tm pbe syscall nx pdpe1gb rdtscp lm constant_tsc art arch_perfmon pebs bts rep_good nopl xtopology nonstop_tsc cpuid aperfmperf tsc_known_freq pni pclmulqdq dtes64 monitor ds_cpl vmx smx est tm2 ssse3 sdbg fma cx16 xtpr pdcm pcid sse4_1 sse4_2 x2apic movbe popcnt tsc_deadline_timer aes xsave avx f16c rdrand lahf_lm abm 3dnowprefetch cpuid_fault epb invpcid_single pti ssbd ibrs ibpb stibp tpr_shadow vnmi flexpriority ept vpid fsgsbase tsc_adjust bmi1 hle avx2 smep bmi2 erms invpcid rtm mpx rdseed adx smap clflushopt intel_pt xsaveopt xsavec xgetbv1 xsaves dtherm ida arat pln pts hwp hwp_notify hwp_act_window hwp_epp md_clear flush_l1d
bugs		: cpu_meltdown spectre_v1 spectre_v2 spec_store_bypass l1tf mds swapgs
bogomips	: 7200.00
clflush size	: 64
cache_alignment	: 64
address sizes	: 39 bits physical, 48 bits virtual
power management:

processor	: 7
vendor_id	: GenuineIntel
cpu family	: 6
model		: 158
model name	: Intel(R) Core(TM) i7-7700 CPU @ 3.60GHz
stepping	: 9
microcode	: 0xb4
cpu MHz		: 4012.866
cache size	: 8192 KB
physical id	: 0
siblings	: 8
core id		: 3
cpu cores	: 4
apicid		: 7
initial apicid	: 7
fpu		: yes
fpu_exception	: yes
cpuid level	: 22
wp		: yes
flags		: fpu vme de pse tsc msr pae mce cx8 apic sep mtrr pge mca cmov pat pse36 clflush dts acpi mmx fxsr sse sse2 ss ht tm pbe syscall nx pdpe1gb rdtscp lm constant_tsc art arch_perfmon pebs bts rep_good nopl xtopology nonstop_tsc cpuid aperfmperf tsc_known_freq pni pclmulqdq dtes64 monitor ds_cpl vmx smx est tm2 ssse3 sdbg fma cx16 xtpr pdcm pcid sse4_1 sse4_2 x2apic movbe popcnt tsc_deadline_timer aes xsave avx f16c rdrand lahf_lm abm 3dnowprefetch cpuid_fault epb invpcid_single pti ssbd ibrs ibpb stibp tpr_shadow vnmi flexpriority ept vpid fsgsbase tsc_adjust bmi1 hle avx2 smep bmi2 erms invpcid rtm mpx rdseed adx smap clflushopt intel_pt xsaveopt xsavec xgetbv1 xsaves dtherm ida arat pln pts hwp hwp_notify hwp_act_window hwp_epp md_clear flush_l1d
bugs		: cpu_meltdown spectre_v1 spectre_v2 spec_store_bypass l1tf mds swapgs
bogomips	: 7200.00
clflush size	: 64
cache_alignment	: 64
address sizes	: 39 bits physical, 48 bits virtual
power management:



Memory: 4k page, physical 8053424k(129416k free), swap 2097148k(2081520k free)

vm_info: OpenJDK 64-Bit Server VM (25.222-b10) for linux-amd64 JRE (1.8.0_222-8u222-b10-1ubuntu1~18.04.1-b10), built on Jul 18 2019 18:52:48 by "buildd" with gcc 7.4.0

time: Wed Sep 11 17:04:17 2019
timezone: IST
elapsed time: 28 seconds (0d 0h 0m 28s)

