#
# A fatal error has been detected by the Java Runtime Environment:
#
#  SIGSEGV (0xb) at pc=0x0000000000000000, pid=25211, tid=0x00007f49735fb700
#
# JRE version: OpenJDK Runtime Environment (8.0_222-b10) (build 1.8.0_222-8u222-b10-1ubuntu1~18.04.1-b10)
# Java VM: OpenJDK 64-Bit Server VM (25.222-b10 interpreted mode linux-amd64 compressed oops)
# Problematic frame:
# C  0x0000000000000000
#
# Core dump written. Default location: /home/sneha/contiki-2.7/tools/cooja/build/core or core.25211
#
# If you would like to submit a bug report, please visit:
#   http://bugreport.java.com/bugreport/crash.jsp
# The crash happened outside the Java Virtual Machine in native code.
# See problematic frame for where to report the bug.
#

---------------  T H R E A D  ---------------

Current thread (0x00007f4978288000):  JavaThread "Thread-7" [_thread_in_native, id=25452, stack(0x00007f49734fb000,0x00007f49735fc000)]

siginfo: si_signo: 11 (SIGSEGV), si_code: 1 (SEGV_MAPERR), si_addr: 0x0000000000000000

Registers:
RAX=0x0000000000000000, RBX=0x00007f4972fc2aa0, RCX=0x00007f4972fc611a, RDX=0x00007f4972fc2b18
RSP=0x00007f4972fc1790, RBP=0x00007f4972fc17c8, RSI=0x00007f4972fc2b18, RDI=0x0000000000000002
R8 =0x0000000000000080, R9 =0x00007f4972fc4468, R10=0x0000000000000003, R11=0x00007f4972da77b4
R12=0x0000000000000000, R13=0x00007f49738f4ae0, R14=0x00007f49735fa7f8, R15=0x00007f4978288000
RIP=0x0000000000000000, EFLAGS=0x0000000000010202, CSGSFS=0x002b000000000033, ERR=0x0000000000000014
  TRAPNO=0x000000000000000e

Top of Stack: (sp=0x00007f4972fc1790)
0x00007f4972fc1790:   00007f4972da4c17 0000008000000080
0x00007f4972fc17a0:   0000000272fc4468 00000000000080fe
0x00007f4972fc17b0:   0200020002000202 0000000300000040
0x00007f4972fc17c0:   00007f4972fc2aa0 00007f4972fc17f8
0x00007f4972fc17d0:   00007f4972da518b 00007f4972fc17f8
0x00007f4972fc17e0:   00007f4972fc2820 00007f4972fc5c80
0x00007f4972fc17f0:   0000000000000000 00007f4972fc1858
0x00007f4972fc1800:   00007f4972da1bb5 00007f4972fc18f8
0x00007f4972fc1810:   00007f4972fc18e8 00007f4972fc1848
0x00007f4972fc1820:   00007f4972fc2820 00007f4972fc1ee0
0x00007f4972fc1830:   00007f4972fbd9a0 000000000000aaaa
0x00007f4972fc1840:   0200020002000202 00007f4972fc18a8
0x00007f4972fc1850:   8f74b6bb624fcf00 00007f4972fc18a8
0x00007f4972fc1860:   00007f4972da20aa 00007f4972fc18f8
0x00007f4972fc1870:   00007f4972fc18e8 00007f4972fc18a8
0x00007f4972fc1880:   00007f4972da7962 00007f4972fc29b8
0x00007f4972fc1890:   00007f4972fc1958 0000000000000000
0x00007f4972fc18a0:   00007f496002c040 00007f4972fc1978
0x00007f4972fc18b0:   00007f4972da309b 0000000000000000
0x00007f4972fc18c0:   0000007c087c0000 0000005e00000020
0x00007f4972fc18d0:   00007f4972fc6448 00007f4972fc5ccc
0x00007f4972fc18e0:   00007f4972fc29b8 00000000000080fe
0x00007f4972fc18f0:   0100010001000102 000000000000aaaa
0x00007f4972fc1900:   0100000000000000 0000020001000063
0x00007f4972fc1910:   ffffff0a0c080200 00007f4901000300
0x00007f4972fc1920:   0000ffff72db0080 0000000000000000
0x00007f4972fc1930:   0000aaaa72fc4470 0000000000000000
0x00007f4972fc1940:   0000000000000000 00007f4972fc4040
0x00007f4972fc1950:   00007f4972fc1958 00007f4972fc2940
0x00007f4972fc1960:   000007b6000008e6 00000fff00001001
0x00007f4972fc1970:   8f74b6bb624fcf00 00007f4972fc1988
0x00007f4972fc1980:   00007f4972da408b 00007f4972fc19c8 

Instructions: (pc=0x0000000000000000)
0xffffffffffffffe0:   

Register to memory mapping:

RAX=0x0000000000000000 is an unknown value
RBX=0x00007f4972fc2aa0: <offset 0x22daa0> in /home/sneha/contiki-2.7/examples/ipv6/rpl-fuzzy/obj_cooja/mtype425.cooja at 0x00007f4972d95000
RCX=0x00007f4972fc611a: uip_ds6_if+0x5a in /home/sneha/contiki-2.7/examples/ipv6/rpl-fuzzy/obj_cooja/mtype425.cooja at 0x00007f4972d95000
RDX=0x00007f4972fc2b18: <offset 0x22db18> in /home/sneha/contiki-2.7/examples/ipv6/rpl-fuzzy/obj_cooja/mtype425.cooja at 0x00007f4972d95000
RSP=0x00007f4972fc1790: <offset 0x22c790> in /home/sneha/contiki-2.7/examples/ipv6/rpl-fuzzy/obj_cooja/mtype425.cooja at 0x00007f4972d95000
RBP=0x00007f4972fc17c8: <offset 0x22c7c8> in /home/sneha/contiki-2.7/examples/ipv6/rpl-fuzzy/obj_cooja/mtype425.cooja at 0x00007f4972d95000
RSI=0x00007f4972fc2b18: <offset 0x22db18> in /home/sneha/contiki-2.7/examples/ipv6/rpl-fuzzy/obj_cooja/mtype425.cooja at 0x00007f4972d95000
RDI=0x0000000000000002 is an unknown value
R8 =0x0000000000000080 is an unknown value
R9 =0x00007f4972fc4468: <offset 0x22f468> in /home/sneha/contiki-2.7/examples/ipv6/rpl-fuzzy/obj_cooja/mtype425.cooja at 0x00007f4972d95000
R10=0x0000000000000003 is an unknown value
R11=0x00007f4972da77b4: memb_free+0 in /home/sneha/contiki-2.7/examples/ipv6/rpl-fuzzy/obj_cooja/mtype425.cooja at 0x00007f4972d95000
R12=0x0000000000000000 is an unknown value
R13={method} {0x00007f49738f4ae0} 'tick' '()V' in 'se/sics/cooja/corecomm/Lib2'
R14=0x00007f49735fa7f8 is pointing into the stack for thread: 0x00007f4978288000
R15=0x00007f4978288000 is a thread


Stack: [0x00007f49734fb000,0x00007f49735fc000],  sp=0x00007f4972fc1790,  free space=18014398509476633k
Java frames: (J=compiled Java code, j=interpreted, Vv=VM code)
j  se.sics.cooja.corecomm.Lib2.tick()V+0
j  se.sics.cooja.contikimote.ContikiMoteType.tick()V+4
j  se.sics.cooja.contikimote.ContikiMote.execute(J)V+63
j  se.sics.cooja.motes.AbstractWakeupMote$1.execute(J)V+5
j  se.sics.cooja.Simulation.run()V+184
j  java.lang.Thread.run()V+11
v  ~StubRoutines::call_stub

---------------  P R O C E S S  ---------------

Java Threads: ( => current thread )
=>0x00007f4978288000 JavaThread "Thread-7" [_thread_in_native, id=25452, stack(0x00007f49734fb000,0x00007f49735fc000)]
  0x00007f4960080000 JavaThread "read error stream thread" [_thread_in_native, id=25423, stack(0x00007f4972a94000,0x00007f4972b95000)]
  0x00007f496007f000 JavaThread "read input stream thread" [_thread_in_native, id=25422, stack(0x00007f4972fc7000,0x00007f49730c8000)]
  0x00007f4960029800 JavaThread "Thread-5" [_thread_blocked, id=25394, stack(0x00007f49730c8000,0x00007f49731c9000)]
  0x00007f4960053800 JavaThread "Thread-3" [_thread_blocked, id=25331, stack(0x00007f49736fd000,0x00007f49737fe000)]
  0x00007f4978255800 JavaThread "Thread-2" [_thread_blocked, id=25283, stack(0x00007f49735fc000,0x00007f49736fd000)]
  0x00007f496c003800 JavaThread "Thread-0" daemon [_thread_in_native, id=25237, stack(0x00007f498c08c000,0x00007f498c88c000)]
  0x00007f4978095800 JavaThread "TimerQueue" daemon [_thread_blocked, id=25238, stack(0x00007f4973cff000,0x00007f4973e00000)]
  0x00007f49d800b800 JavaThread "DestroyJavaVM" [_thread_blocked, id=25213, stack(0x00007f49e191a000,0x00007f49e1a1a000)]
  0x00007f49d84c9800 JavaThread "AWT-EventQueue-1" [_thread_in_Java, id=25236, stack(0x00007f498c90c000,0x00007f498ca0d000)]
  0x00007f49d8481000 JavaThread "AWT-Shutdown" [_thread_blocked, id=25235, stack(0x00007f498ca0d000,0x00007f498cb0e000)]
  0x00007f49d83f8000 JavaThread "process reaper" daemon [_thread_in_native, id=25234, stack(0x00007f49a80ac000,0x00007f49a80e5000)]
  0x00007f49d83d1000 JavaThread "AWT-XAWT" daemon [_thread_in_native, id=25232, stack(0x00007f498f409000,0x00007f498f50a000)]
  0x00007f49d83b2000 JavaThread "Java2D Disposer" daemon [_thread_blocked, id=25231, stack(0x00007f49a80e5000,0x00007f49a81e6000)]
  0x00007f49d80c1800 JavaThread "Service Thread" daemon [_thread_blocked, id=25229, stack(0x00007f49a9e19000,0x00007f49a9f1a000)]
  0x00007f49d80bf800 JavaThread "Signal Dispatcher" daemon [_thread_blocked, id=25228, stack(0x00007f49a9f1a000,0x00007f49aa01b000)]
  0x00007f49d808d800 JavaThread "Finalizer" daemon [_thread_blocked, id=25227, stack(0x00007f49aa9ea000,0x00007f49aaaeb000)]
  0x00007f49d808b000 JavaThread "Reference Handler" daemon [_thread_blocked, id=25226, stack(0x00007f49aaaeb000,0x00007f49aabec000)]

Other Threads:
  0x00007f49d8081800 VMThread [stack: 0x00007f49aabed000,0x00007f49aaced000] [id=25225]
  0x00007f49d80c4800 WatcherThread [stack: 0x00007f49a9d19000,0x00007f49a9e19000] [id=25230]

VM state:not at safepoint (normal execution)

VM Mutex/Monitor currently owned by a thread: None

heap address: 0x00000000e0000000, size: 512 MB, Compressed Oops mode: 32-bit
Narrow klass base: 0x0000000000000000, Narrow klass shift: 3
Compressed class space size: 1073741824 Address: 0x0000000100000000

Heap:
 PSYoungGen      total 25600K, used 9896K [0x00000000f5580000, 0x00000000f7080000, 0x0000000100000000)
  eden space 23552K, 40% used [0x00000000f5580000,0x00000000f5eea228,0x00000000f6c80000)
  from space 2048K, 12% used [0x00000000f6e80000,0x00000000f6ec0000,0x00000000f7080000)
  to   space 2048K, 0% used [0x00000000f6c80000,0x00000000f6c80000,0x00000000f6e80000)
 ParOldGen       total 84992K, used 7200K [0x00000000e0000000, 0x00000000e5300000, 0x00000000f5580000)
  object space 84992K, 8% used [0x00000000e0000000,0x00000000e0708028,0x00000000e5300000)
 Metaspace       used 21962K, capacity 22336K, committed 22528K, reserved 1069056K
  class space    used 3168K, capacity 3290K, committed 3328K, reserved 1048576K

Card table byte_map: [0x00007f49dddb4000,0x00007f49ddeb5000] byte_map_base: 0x00007f49dd6b4000

Marking Bits: (ParMarkBitMap*) 0x00007f49e0bb4360
 Begin Bits: [0x00007f49dc5ac000, 0x00007f49dcdac000)
 End Bits:   [0x00007f49dcdac000, 0x00007f49dd5ac000)

Polling page: 0x00007f49e1a35000

CodeCache: size=245760Kb used=697Kb max_used=697Kb free=245062Kb
 bounds [0x00007f49c9000000, 0x00007f49c9270000, 0x00007f49d8000000]
 total_blobs=599 nmethods=0 adapters=566
 compilation: disabled (interpreter mode)

Compilation events (0 events):
No events

GC Heap History (10 events):
Event: 36.504 GC heap before
{Heap before GC invocations=22 (full 2):
 PSYoungGen      total 25600K, used 25472K [0x00000000f5580000, 0x00000000f7300000, 0x0000000100000000)
  eden space 25088K, 100% used [0x00000000f5580000,0x00000000f6e00000,0x00000000f6e00000)
  from space 512K, 75% used [0x00000000f6e80000,0x00000000f6ee0000,0x00000000f6f00000)
  to   space 2560K, 0% used [0x00000000f7080000,0x00000000f7080000,0x00000000f7300000)
 ParOldGen       total 84992K, used 6511K [0x00000000e0000000, 0x00000000e5300000, 0x00000000f5580000)
  object space 84992K, 7% used [0x00000000e0000000,0x00000000e065bfa8,0x00000000e5300000)
 Metaspace       used 21721K, capacity 22016K, committed 22272K, reserved 1069056K
  class space    used 3118K, capacity 3226K, committed 3328K, reserved 1048576K
Event: 36.505 GC heap after
Heap after GC invocations=22 (full 2):
 PSYoungGen      total 26624K, used 288K [0x00000000f5580000, 0x00000000f7280000, 0x0000000100000000)
  eden space 24576K, 0% used [0x00000000f5580000,0x00000000f5580000,0x00000000f6d80000)
  from space 2048K, 14% used [0x00000000f7080000,0x00000000f70c8000,0x00000000f7280000)
  to   space 2560K, 0% used [0x00000000f6d80000,0x00000000f6d80000,0x00000000f7000000)
 ParOldGen       total 84992K, used 6719K [0x00000000e0000000, 0x00000000e5300000, 0x00000000f5580000)
  object space 84992K, 7% used [0x00000000e0000000,0x00000000e068ffa8,0x00000000e5300000)
 Metaspace       used 21721K, capacity 22016K, committed 22272K, reserved 1069056K
  class space    used 3118K, capacity 3226K, committed 3328K, reserved 1048576K
}
Event: 38.020 GC heap before
{Heap before GC invocations=23 (full 2):
 PSYoungGen      total 26624K, used 24864K [0x00000000f5580000, 0x00000000f7280000, 0x0000000100000000)
  eden space 24576K, 100% used [0x00000000f5580000,0x00000000f6d80000,0x00000000f6d80000)
  from space 2048K, 14% used [0x00000000f7080000,0x00000000f70c8000,0x00000000f7280000)
  to   space 2560K, 0% used [0x00000000f6d80000,0x00000000f6d80000,0x00000000f7000000)
 ParOldGen       total 84992K, used 6719K [0x00000000e0000000, 0x00000000e5300000, 0x00000000f5580000)
  object space 84992K, 7% used [0x00000000e0000000,0x00000000e068ffa8,0x00000000e5300000)
 Metaspace       used 21726K, capacity 22016K, committed 22272K, reserved 1069056K
  class space    used 3119K, capacity 3226K, committed 3328K, reserved 1048576K
Event: 38.022 GC heap after
Heap after GC invocations=23 (full 2):
 PSYoungGen      total 24576K, used 256K [0x00000000f5580000, 0x00000000f7100000, 0x0000000100000000)
  eden space 24064K, 0% used [0x00000000f5580000,0x00000000f5580000,0x00000000f6d00000)
  from space 512K, 50% used [0x00000000f6d80000,0x00000000f6dc0000,0x00000000f6e00000)
  to   space 2048K, 0% used [0x00000000f6f00000,0x00000000f6f00000,0x00000000f7100000)
 ParOldGen       total 84992K, used 6791K [0x00000000e0000000, 0x00000000e5300000, 0x00000000f5580000)
  object space 84992K, 7% used [0x00000000e0000000,0x00000000e06a1fa8,0x00000000e5300000)
 Metaspace       used 21726K, capacity 22016K, committed 22272K, reserved 1069056K
  class space    used 3119K, capacity 3226K, committed 3328K, reserved 1048576K
}
Event: 39.793 GC heap before
{Heap before GC invocations=24 (full 2):
 PSYoungGen      total 24576K, used 24320K [0x00000000f5580000, 0x00000000f7100000, 0x0000000100000000)
  eden space 24064K, 100% used [0x00000000f5580000,0x00000000f6d00000,0x00000000f6d00000)
  from space 512K, 50% used [0x00000000f6d80000,0x00000000f6dc0000,0x00000000f6e00000)
  to   space 2048K, 0% used [0x00000000f6f00000,0x00000000f6f00000,0x00000000f7100000)
 ParOldGen       total 84992K, used 6791K [0x00000000e0000000, 0x00000000e5300000, 0x00000000f5580000)
  object space 84992K, 7% used [0x00000000e0000000,0x00000000e06a1fa8,0x00000000e5300000)
 Metaspace       used 21892K, capacity 22272K, committed 22528K, reserved 1069056K
  class space    used 3146K, capacity 3290K, committed 3328K, reserved 1048576K
Event: 39.796 GC heap after
Heap after GC invocations=24 (full 2):
 PSYoungGen      total 25088K, used 416K [0x00000000f5580000, 0x00000000f7080000, 0x0000000100000000)
  eden space 23552K, 0% used [0x00000000f5580000,0x00000000f5580000,0x00000000f6c80000)
  from space 1536K, 27% used [0x00000000f6f00000,0x00000000f6f68000,0x00000000f7080000)
  to   space 2048K, 0% used [0x00000000f6c80000,0x00000000f6c80000,0x00000000f6e80000)
 ParOldGen       total 84992K, used 6887K [0x00000000e0000000, 0x00000000e5300000, 0x00000000f5580000)
  object space 84992K, 8% used [0x00000000e0000000,0x00000000e06b9fb8,0x00000000e5300000)
 Metaspace       used 21892K, capacity 22272K, committed 22528K, reserved 1069056K
  class space    used 3146K, capacity 3290K, committed 3328K, reserved 1048576K
}
Event: 41.529 GC heap before
{Heap before GC invocations=25 (full 2):
 PSYoungGen      total 25088K, used 23968K [0x00000000f5580000, 0x00000000f7080000, 0x0000000100000000)
  eden space 23552K, 100% used [0x00000000f5580000,0x00000000f6c80000,0x00000000f6c80000)
  from space 1536K, 27% used [0x00000000f6f00000,0x00000000f6f68000,0x00000000f7080000)
  to   space 2048K, 0% used [0x00000000f6c80000,0x00000000f6c80000,0x00000000f6e80000)
 ParOldGen       total 84992K, used 6887K [0x00000000e0000000, 0x00000000e5300000, 0x00000000f5580000)
  object space 84992K, 8% used [0x00000000e0000000,0x00000000e06b9fb8,0x00000000e5300000)
 Metaspace       used 21893K, capacity 22272K, committed 22528K, reserved 1069056K
  class space    used 3146K, capacity 3290K, committed 3328K, reserved 1048576K
Event: 41.530 GC heap after
Heap after GC invocations=25 (full 2):
 PSYoungGen      total 25600K, used 256K [0x00000000f5580000, 0x00000000f7080000, 0x0000000100000000)
  eden space 23552K, 0% used [0x00000000f5580000,0x00000000f5580000,0x00000000f6c80000)
  from space 2048K, 12% used [0x00000000f6c80000,0x00000000f6cc0000,0x00000000f6e80000)
  to   space 2048K, 0% used [0x00000000f6e80000,0x00000000f6e80000,0x00000000f7080000)
 ParOldGen       total 84992K, used 7152K [0x00000000e0000000, 0x00000000e5300000, 0x00000000f5580000)
  object space 84992K, 8% used [0x00000000e0000000,0x00000000e06fc028,0x00000000e5300000)
 Metaspace       used 21893K, capacity 22272K, committed 22528K, reserved 1069056K
  class space    used 3146K, capacity 3290K, committed 3328K, reserved 1048576K
}
Event: 43.169 GC heap before
{Heap before GC invocations=26 (full 2):
 PSYoungGen      total 25600K, used 23808K [0x00000000f5580000, 0x00000000f7080000, 0x0000000100000000)
  eden space 23552K, 100% used [0x00000000f5580000,0x00000000f6c80000,0x00000000f6c80000)
  from space 2048K, 12% used [0x00000000f6c80000,0x00000000f6cc0000,0x00000000f6e80000)
  to   space 2048K, 0% used [0x00000000f6e80000,0x00000000f6e80000,0x00000000f7080000)
 ParOldGen       total 84992K, used 7152K [0x00000000e0000000, 0x00000000e5300000, 0x00000000f5580000)
  object space 84992K, 8% used [0x00000000e0000000,0x00000000e06fc028,0x00000000e5300000)
 Metaspace       used 21894K, capacity 22272K, committed 22528K, reserved 1069056K
  class space    used 3146K, capacity 3290K, committed 3328K, reserved 1048576K
Event: 43.171 GC heap after
Heap after GC invocations=26 (full 2):
 PSYoungGen      total 25600K, used 256K [0x00000000f5580000, 0x00000000f7080000, 0x0000000100000000)
  eden space 23552K, 0% used [0x00000000f5580000,0x00000000f5580000,0x00000000f6c80000)
  from space 2048K, 12% used [0x00000000f6e80000,0x00000000f6ec0000,0x00000000f7080000)
  to   space 2048K, 0% used [0x00000000f6c80000,0x00000000f6c80000,0x00000000f6e80000)
 ParOldGen       total 84992K, used 7200K [0x00000000e0000000, 0x00000000e5300000, 0x00000000f5580000)
  object space 84992K, 8% used [0x00000000e0000000,0x00000000e0708028,0x00000000e5300000)
 Metaspace       used 21894K, capacity 22272K, committed 22528K, reserved 1069056K
  class space    used 3146K, capacity 3290K, committed 3328K, reserved 1048576K
}

Deoptimization events (0 events):
No events

Classes redefined (0 events):
No events

Internal exceptions (10 events):
Event: 0.401 Thread 0x00007f49d84c9800 Exception <a 'java/security/PrivilegedActionException'> (0x00000000f62aa8a0) thrown at [/build/openjdk-8-OqY7zN/openjdk-8-8u222-b10/src/hotspot/src/share/vm/prims/jvm.cpp, line 1502]
Event: 0.402 Thread 0x00007f49d84c9800 Exception <a 'java/security/PrivilegedActionException'> (0x00000000f62b47a8) thrown at [/build/openjdk-8-OqY7zN/openjdk-8-8u222-b10/src/hotspot/src/share/vm/prims/jvm.cpp, line 1502]
Event: 0.402 Thread 0x00007f49d84c9800 Exception <a 'java/security/PrivilegedActionException'> (0x00000000f62b4ba0) thrown at [/build/openjdk-8-OqY7zN/openjdk-8-8u222-b10/src/hotspot/src/share/vm/prims/jvm.cpp, line 1502]
Event: 2.386 Thread 0x00007f49d84c9800 Exception <a 'java/lang/UnsupportedOperationException': > (0x00000000f6a54b00) thrown at [/build/openjdk-8-OqY7zN/openjdk-8-8u222-b10/src/hotspot/src/share/vm/prims/jni.cpp, line 737]
Event: 5.420 Thread 0x00007f49d80c1800 Exception <a 'java/lang/ArrayIndexOutOfBoundsException': 71> (0x00000000f55d7510) thrown at [/build/openjdk-8-OqY7zN/openjdk-8-8u222-b10/src/hotspot/src/share/vm/interpreter/interpreterRuntime.cpp, line 368]
Event: 5.420 Thread 0x00007f49d80c1800 Exception <a 'java/lang/ArrayIndexOutOfBoundsException': 60> (0x00000000f55d85d0) thrown at [/build/openjdk-8-OqY7zN/openjdk-8-8u222-b10/src/hotspot/src/share/vm/interpreter/interpreterRuntime.cpp, line 368]
Event: 5.422 Thread 0x00007f49d80c1800 Exception <a 'java/lang/ArrayIndexOutOfBoundsException': 22> (0x00000000f55e03a8) thrown at [/build/openjdk-8-OqY7zN/openjdk-8-8u222-b10/src/hotspot/src/share/vm/interpreter/interpreterRuntime.cpp, line 368]
Event: 5.641 Thread 0x00007f49d84c9800 Exception <a 'java/lang/UnsupportedOperationException': > (0x00000000f5c38c30) thrown at [/build/openjdk-8-OqY7zN/openjdk-8-8u222-b10/src/hotspot/src/share/vm/prims/jni.cpp, line 737]
Event: 6.080 Thread 0x00007f4978244800 Exception <a 'java/lang/ClassCastException': javax.swing.plaf.BorderUIResource cannot be cast to java.awt.Color> (0x00000000f5b48928) thrown at [/build/openjdk-8-OqY7zN/openjdk-8-8u222-b10/src/hotspot/src/share/vm/interpreter/interpreterRuntime.cpp, line 
Event: 6.361 Thread 0x00007f49d84c9800 Exception <a 'java/lang/UnsupportedOperationException': > (0x00000000f6673810) thrown at [/build/openjdk-8-OqY7zN/openjdk-8-8u222-b10/src/hotspot/src/share/vm/prims/jni.cpp, line 737]

Events (10 events):
Event: 43.797 loading class se/sics/cooja/radiomediums/DirectedGraphMedium$Edge
Event: 43.797 loading class se/sics/cooja/radiomediums/DirectedGraphMedium$Edge done
Event: 43.797 Executing VM operation: RevokeBias
Event: 43.797 Executing VM operation: RevokeBias done
Event: 43.797 Executing VM operation: RevokeBias
Event: 43.797 Executing VM operation: RevokeBias done
Event: 43.798 loading class se/sics/cooja/interfaces/CustomDataRadio
Event: 43.798 loading class se/sics/cooja/interfaces/CustomDataRadio done
Event: 43.798 loading class se/sics/cooja/plugins/RadioLogger$9$1
Event: 43.798 loading class se/sics/cooja/plugins/RadioLogger$9$1 done


Dynamic libraries:
e0000000-e5300000 rw-p 00000000 00:00 0 
e5300000-f5580000 ---p 00000000 00:00 0 
f5580000-f7080000 rw-p 00000000 00:00 0 
f7080000-100000000 ---p 00000000 00:00 0 
100000000-100340000 rw-p 00000000 00:00 0 
100340000-140000000 ---p 00000000 00:00 0 
55ce94ff8000-55ce94ff9000 r-xp 00000000 08:06 10619772                   /usr/lib/jvm/java-8-openjdk-amd64/jre/bin/java
55ce951f8000-55ce951f9000 r--p 00000000 08:06 10619772                   /usr/lib/jvm/java-8-openjdk-amd64/jre/bin/java
55ce951f9000-55ce951fa000 rw-p 00001000 08:06 10619772                   /usr/lib/jvm/java-8-openjdk-amd64/jre/bin/java
55ce95f19000-55ce95f3a000 rw-p 00000000 00:00 0                          [heap]
7f4948000000-7f4948021000 rw-p 00000000 00:00 0 
7f4948021000-7f494c000000 ---p 00000000 00:00 0 
7f494c000000-7f494c021000 rw-p 00000000 00:00 0 
7f494c021000-7f4950000000 ---p 00000000 00:00 0 
7f4950000000-7f4950021000 rw-p 00000000 00:00 0 
7f4950021000-7f4954000000 ---p 00000000 00:00 0 
7f4954000000-7f4954021000 rw-p 00000000 00:00 0 
7f4954021000-7f4958000000 ---p 00000000 00:00 0 
7f4958000000-7f4958021000 rw-p 00000000 00:00 0 
7f4958021000-7f495c000000 ---p 00000000 00:00 0 
7f495c000000-7f495c021000 rw-p 00000000 00:00 0 
7f495c021000-7f4960000000 ---p 00000000 00:00 0 
7f4960000000-7f4960087000 rw-p 00000000 00:00 0 
7f4960087000-7f4964000000 ---p 00000000 00:00 0 
7f4964000000-7f4964021000 rw-p 00000000 00:00 0 
7f4964021000-7f4968000000 ---p 00000000 00:00 0 
7f4968000000-7f4968021000 rw-p 00000000 00:00 0 
7f4968021000-7f496c000000 ---p 00000000 00:00 0 
7f496c000000-7f496c021000 rw-p 00000000 00:00 0 
7f496c021000-7f4970000000 ---p 00000000 00:00 0 
7f4972a94000-7f4972a97000 ---p 00000000 00:00 0 
7f4972a97000-7f4972c55000 rw-p 00000000 00:00 0 
7f4972c55000-7f4972d95000 ---p 00000000 00:00 0 
7f4972d95000-7f4972dbc000 r-xp 00000000 08:06 6688454                    /home/sneha/contiki-2.7/examples/ipv6/rpl-fuzzy/obj_cooja/mtype425.cooja
7f4972dbc000-7f4972fbc000 ---p 00027000 08:06 6688454                    /home/sneha/contiki-2.7/examples/ipv6/rpl-fuzzy/obj_cooja/mtype425.cooja
7f4972fbc000-7f4972fbd000 r--p 00027000 08:06 6688454                    /home/sneha/contiki-2.7/examples/ipv6/rpl-fuzzy/obj_cooja/mtype425.cooja
7f4972fbd000-7f4972fbe000 rw-p 00028000 08:06 6688454                    /home/sneha/contiki-2.7/examples/ipv6/rpl-fuzzy/obj_cooja/mtype425.cooja
7f4972fbe000-7f4972fc7000 rw-p 00000000 00:00 0 
7f4972fc7000-7f4972fca000 ---p 00000000 00:00 0 
7f4972fca000-7f49730c8000 rw-p 00000000 00:00 0 
7f49730c8000-7f49730cb000 ---p 00000000 00:00 0 
7f49730cb000-7f49731c9000 rw-p 00000000 00:00 0 
7f49731c9000-7f49731ef000 r-xp 00000000 08:06 6688450                    /home/sneha/contiki-2.7/examples/ipv6/rpl-fuzzy/obj_cooja/mtype649.cooja
7f49731ef000-7f49733ef000 ---p 00026000 08:06 6688450                    /home/sneha/contiki-2.7/examples/ipv6/rpl-fuzzy/obj_cooja/mtype649.cooja
7f49733ef000-7f49733f0000 r--p 00026000 08:06 6688450                    /home/sneha/contiki-2.7/examples/ipv6/rpl-fuzzy/obj_cooja/mtype649.cooja
7f49733f0000-7f49733f1000 rw-p 00027000 08:06 6688450                    /home/sneha/contiki-2.7/examples/ipv6/rpl-fuzzy/obj_cooja/mtype649.cooja
7f49733f1000-7f49733fa000 rw-p 00000000 00:00 0 
7f49733fa000-7f49733fd000 ---p 00000000 00:00 0 
7f49733fd000-7f49734fb000 rw-p 00000000 00:00 0 
7f49734fb000-7f49734fe000 ---p 00000000 00:00 0 
7f49734fe000-7f49735fc000 rw-p 00000000 00:00 0 
7f49735fc000-7f49735ff000 ---p 00000000 00:00 0 
7f49735ff000-7f49736fd000 rw-p 00000000 00:00 0 
7f49736fd000-7f4973700000 ---p 00000000 00:00 0 
7f4973700000-7f49739fe000 rw-p 00000000 00:00 0 
7f49739fe000-7f4973a01000 ---p 00000000 00:00 0 
7f4973a01000-7f4973cff000 rw-p 00000000 00:00 0 
7f4973cff000-7f4973d02000 ---p 00000000 00:00 0 
7f4973d02000-7f4974000000 rw-p 00000000 00:00 0 
7f4974000000-7f4974021000 rw-p 00000000 00:00 0 
7f4974021000-7f4978000000 ---p 00000000 00:00 0 
7f4978000000-7f497828b000 rw-p 00000000 00:00 0 
7f497828b000-7f497c000000 ---p 00000000 00:00 0 
7f497c000000-7f497c021000 rw-p 00000000 00:00 0 
7f497c021000-7f4980000000 ---p 00000000 00:00 0 
7f4980000000-7f4980021000 rw-p 00000000 00:00 0 
7f4980021000-7f4984000000 ---p 00000000 00:00 0 
7f4984000000-7f4984021000 rw-p 00000000 00:00 0 
7f4984021000-7f4988000000 ---p 00000000 00:00 0 
7f4988000000-7f4988021000 rw-p 00000000 00:00 0 
7f4988021000-7f498c000000 ---p 00000000 00:00 0 
7f498c08b000-7f498c08c000 ---p 00000000 00:00 0 
7f498c08c000-7f498c08f000 ---p 00000000 00:00 0 
7f498c08f000-7f498c88c000 rw-p 00000000 00:00 0 
7f498c88c000-7f498c897000 r--s 00000000 08:06 5243232                    /var/cache/fontconfig/945677eb7aeaf62f1d50efc3fb3ec7d8-le64.cache-7
7f498c8b6000-7f498c8bd000 r--s 00000000 08:06 11011393                   /usr/lib/x86_64-linux-gnu/gconv/gconv-modules.cache
7f498c8bd000-7f498c8be000 r--s 00003000 08:06 6557457                    /home/sneha/contiki-2.7/tools/cooja/apps/powertracker/lib/powertracker.jar
7f498c8be000-7f498c8bf000 r--s 00002000 08:06 6557306                    /home/sneha/contiki-2.7/tools/cooja/apps/collect-view/cooja-collect-view.jar
7f498c8bf000-7f498c8f9000 r--s 001e1000 08:06 6553695                    /home/sneha/contiki-2.7/tools/cooja/apps/avrora/lib/avrora-small.jar
7f498c8f9000-7f498c8fb000 r--s 00007000 08:06 6557281                    /home/sneha/contiki-2.7/tools/cooja/apps/avrora/lib/cooja_avrora.jar
7f498c8fb000-7f498c906000 r--s 000e4000 08:06 6557016                    /home/sneha/contiki-2.7/tools/cooja/apps/mspsim/lib/mspsim.jar
7f498c906000-7f498c90c000 r--s 00064000 08:06 6557254                    /home/sneha/contiki-2.7/tools/cooja/apps/mspsim/lib/cooja_mspsim.jar
7f498c90c000-7f498c90f000 ---p 00000000 00:00 0 
7f498c90f000-7f498ca0d000 rw-p 00000000 00:00 0 
7f498ca0d000-7f498ca10000 ---p 00000000 00:00 0 
7f498ca10000-7f498cd0e000 rw-p 00000000 00:00 0 
7f498cd0e000-7f498cd17000 r-xp 00000000 08:06 10627048                   /usr/lib/jvm/java-8-openjdk-amd64/jre/lib/amd64/libmanagement.so
7f498cd17000-7f498cf16000 ---p 00009000 08:06 10627048                   /usr/lib/jvm/java-8-openjdk-amd64/jre/lib/amd64/libmanagement.so
7f498cf16000-7f498cf17000 r--p 00008000 08:06 10627048                   /usr/lib/jvm/java-8-openjdk-amd64/jre/lib/amd64/libmanagement.so
7f498cf17000-7f498cf18000 rw-p 00009000 08:06 10627048                   /usr/lib/jvm/java-8-openjdk-amd64/jre/lib/amd64/libmanagement.so
7f498cf18000-7f498cf2c000 r-xp 00000000 08:06 10359507                   /lib/x86_64-linux-gnu/libgpg-error.so.0.22.0
7f498cf2c000-7f498d12b000 ---p 00014000 08:06 10359507                   /lib/x86_64-linux-gnu/libgpg-error.so.0.22.0
7f498d12b000-7f498d12c000 r--p 00013000 08:06 10359507                   /lib/x86_64-linux-gnu/libgpg-error.so.0.22.0
7f498d12c000-7f498d12d000 rw-p 00014000 08:06 10359507                   /lib/x86_64-linux-gnu/libgpg-error.so.0.22.0
7f498d12d000-7f498d241000 r-xp 00000000 08:06 10359505                   /lib/x86_64-linux-gnu/libgcrypt.so.20.2.1
7f498d241000-7f498d440000 ---p 00114000 08:06 10359505                   /lib/x86_64-linux-gnu/libgcrypt.so.20.2.1
7f498d440000-7f498d442000 r--p 00113000 08:06 10359505                   /lib/x86_64-linux-gnu/libgcrypt.so.20.2.1
7f498d442000-7f498d447000 rw-p 00115000 08:06 10359505                   /lib/x86_64-linux-gnu/libgcrypt.so.20.2.1
7f498d447000-7f498d448000 rw-p 00000000 00:00 0 
7f498d448000-7f498d463000 r-xp 00000000 08:06 10623443                   /usr/lib/x86_64-linux-gnu/liblz4.so.1.7.1
7f498d463000-7f498d662000 ---p 0001b000 08:06 10623443                   /usr/lib/x86_64-linux-gnu/liblz4.so.1.7.1
7f498d662000-7f498d663000 r--p 0001a000 08:06 10623443                   /usr/lib/x86_64-linux-gnu/liblz4.so.1.7.1
7f498d663000-7f498d664000 rw-p 0001b000 08:06 10623443                   /usr/lib/x86_64-linux-gnu/liblz4.so.1.7.1
7f498d664000-7f498d688000 r-xp 00000000 08:06 10359526                   /lib/x86_64-linux-gnu/liblzma.so.5.2.2
7f498d688000-7f498d888000 ---p 00024000 08:06 10359526                   /lib/x86_64-linux-gnu/liblzma.so.5.2.2
7f498d888000-7f498d889000 r--p 00024000 08:06 10359526                   /lib/x86_64-linux-gnu/liblzma.so.5.2.2
7f498d889000-7f498d88a000 rw-p 00025000 08:06 10359526                   /lib/x86_64-linux-gnu/liblzma.so.5.2.2
7f498d88a000-7f498d90a000 r-xp 00000000 08:06 10354971                   /lib/x86_64-linux-gnu/libsystemd.so.0.21.0
7f498d90a000-7f498db09000 ---p 00080000 08:06 10354971                   /lib/x86_64-linux-gnu/libsystemd.so.0.21.0
7f498db09000-7f498db0c000 r--p 0007f000 08:06 10354971                   /lib/x86_64-linux-gnu/libsystemd.so.0.21.0
7f498db0c000-7f498db0d000 rw-p 00082000 08:06 10354971                   /lib/x86_64-linux-gnu/libsystemd.so.0.21.0
7f498db0d000-7f498db0e000 rw-p 00000000 00:00 0 
7f498db0e000-7f498db7e000 r-xp 00000000 08:06 10359588                   /lib/x86_64-linux-gnu/libpcre.so.3.13.3
7f498db7e000-7f498dd7e000 ---p 00070000 08:06 10359588                   /lib/x86_64-linux-gnu/libpcre.so.3.13.3
7f498dd7e000-7f498dd7f000 r--p 00070000 08:06 10359588                   /lib/x86_64-linux-gnu/libpcre.so.3.13.3
7f498dd7f000-7f498dd80000 rw-p 00071000 08:06 10359588                   /lib/x86_64-linux-gnu/libpcre.so.3.13.3
7f498dd80000-7f498dd87000 r-xp 00000000 08:06 10623077                   /usr/lib/x86_64-linux-gnu/libffi.so.6.0.4
7f498dd87000-7f498df86000 ---p 00007000 08:06 10623077                   /usr/lib/x86_64-linux-gnu/libffi.so.6.0.4
7f498df86000-7f498df87000 r--p 00006000 08:06 10623077                   /usr/lib/x86_64-linux-gnu/libffi.so.6.0.4
7f498df87000-7f498df88000 rw-p 00007000 08:06 10623077                   /usr/lib/x86_64-linux-gnu/libffi.so.6.0.4
7f498df88000-7f498dfb4000 r-xp 00000000 08:06 10622825                   /usr/lib/x86_64-linux-gnu/libatspi.so.0.0.1
7f498dfb4000-7f498e1b4000 ---p 0002c000 08:06 10622825                   /usr/lib/x86_64-linux-gnu/libatspi.so.0.0.1
7f498e1b4000-7f498e1b7000 r--p 0002c000 08:06 10622825                   /usr/lib/x86_64-linux-gnu/libatspi.so.0.0.1
7f498e1b7000-7f498e1b8000 rw-p 0002f000 08:06 10622825                   /usr/lib/x86_64-linux-gnu/libatspi.so.0.0.1
7f498e1b8000-7f498e203000 r-xp 00000000 08:06 10359332                   /lib/x86_64-linux-gnu/libdbus-1.so.3.19.4
7f498e203000-7f498e403000 ---p 0004b000 08:06 10359332                   /lib/x86_64-linux-gnu/libdbus-1.so.3.19.4
7f498e403000-7f498e404000 r--p 0004b000 08:06 10359332                   /lib/x86_64-linux-gnu/libdbus-1.so.3.19.4
7f498e404000-7f498e405000 rw-p 0004c000 08:06 10359332                   /lib/x86_64-linux-gnu/libdbus-1.so.3.19.4
7f498e405000-7f498e519000 r-xp 00000000 08:06 10617874                   /usr/lib/x86_64-linux-gnu/libglib-2.0.so.0.5600.4
7f498e519000-7f498e719000 ---p 00114000 08:06 10617874                   /usr/lib/x86_64-linux-gnu/libglib-2.0.so.0.5600.4
7f498e719000-7f498e71a000 r--p 00114000 08:06 10617874                   /usr/lib/x86_64-linux-gnu/libglib-2.0.so.0.5600.4
7f498e71a000-7f498e71b000 rw-p 00115000 08:06 10617874                   /usr/lib/x86_64-linux-gnu/libglib-2.0.so.0.5600.4
7f498e71b000-7f498e71c000 rw-p 00000000 00:00 0 
7f498e71c000-7f498e76e000 r-xp 00000000 08:06 10617876                   /usr/lib/x86_64-linux-gnu/libgobject-2.0.so.0.5600.4
7f498e76e000-7f498e96e000 ---p 00052000 08:06 10617876                   /usr/lib/x86_64-linux-gnu/libgobject-2.0.so.0.5600.4
7f498e96e000-7f498e96f000 r--p 00052000 08:06 10617876                   /usr/lib/x86_64-linux-gnu/libgobject-2.0.so.0.5600.4
7f498e96f000-7f498e970000 rw-p 00053000 08:06 10617876                   /usr/lib/x86_64-linux-gnu/libgobject-2.0.so.0.5600.4
7f498e970000-7f498e99e000 r-xp 00000000 08:06 10622823                   /usr/lib/x86_64-linux-gnu/libatk-bridge-2.0.so.0.0.0
7f498e99e000-7f498eb9e000 ---p 0002e000 08:06 10622823                   /usr/lib/x86_64-linux-gnu/libatk-bridge-2.0.so.0.0.0
7f498eb9e000-7f498eb9f000 r--p 0002e000 08:06 10622823                   /usr/lib/x86_64-linux-gnu/libatk-bridge-2.0.so.0.0.0
7f498eb9f000-7f498eba0000 rw-p 0002f000 08:06 10622823                   /usr/lib/x86_64-linux-gnu/libatk-bridge-2.0.so.0.0.0
7f498eba0000-7f498eba1000 rw-p 00000000 00:00 0 
7f498eba1000-7f498ebc3000 r-xp 00000000 08:06 10622821                   /usr/lib/x86_64-linux-gnu/libatk-1.0.so.0.22810.1
7f498ebc3000-7f498edc3000 ---p 00022000 08:06 10622821                   /usr/lib/x86_64-linux-gnu/libatk-1.0.so.0.22810.1
7f498edc3000-7f498edc6000 r--p 00022000 08:06 10622821                   /usr/lib/x86_64-linux-gnu/libatk-1.0.so.0.22810.1
7f498edc6000-7f498edc7000 rw-p 00025000 08:06 10622821                   /usr/lib/x86_64-linux-gnu/libatk-1.0.so.0.22810.1
7f498edc7000-7f498edde000 r-xp 00000000 08:06 10884870                   /usr/lib/x86_64-linux-gnu/jni/libatk-wrapper.so.6.0.0
7f498edde000-7f498efde000 ---p 00017000 08:06 10884870                   /usr/lib/x86_64-linux-gnu/jni/libatk-wrapper.so.6.0.0
7f498efde000-7f498efdf000 r--p 00017000 08:06 10884870                   /usr/lib/x86_64-linux-gnu/jni/libatk-wrapper.so.6.0.0
7f498efdf000-7f498efe0000 rw-p 00018000 08:06 10884870                   /usr/lib/x86_64-linux-gnu/jni/libatk-wrapper.so.6.0.0
7f498efe0000-7f498eff6000 r-xp 00000000 08:06 10627052                   /usr/lib/jvm/java-8-openjdk-amd64/jre/lib/amd64/libnet.so
7f498eff6000-7f498f1f5000 ---p 00016000 08:06 10627052                   /usr/lib/jvm/java-8-openjdk-amd64/jre/lib/amd64/libnet.so
7f498f1f5000-7f498f1f6000 r--p 00015000 08:06 10627052                   /usr/lib/jvm/java-8-openjdk-amd64/jre/lib/amd64/libnet.so
7f498f1f6000-7f498f1f7000 rw-p 00016000 08:06 10627052                   /usr/lib/jvm/java-8-openjdk-amd64/jre/lib/amd64/libnet.so
7f498f1f7000-7f498f208000 r-xp 00000000 08:06 10627054                   /usr/lib/jvm/java-8-openjdk-amd64/jre/lib/amd64/libnio.so
7f498f208000-7f498f407000 ---p 00011000 08:06 10627054                   /usr/lib/jvm/java-8-openjdk-amd64/jre/lib/amd64/libnio.so
7f498f407000-7f498f408000 r--p 00010000 08:06 10627054                   /usr/lib/jvm/java-8-openjdk-amd64/jre/lib/amd64/libnio.so
7f498f408000-7f498f409000 rw-p 00011000 08:06 10627054                   /usr/lib/jvm/java-8-openjdk-amd64/jre/lib/amd64/libnio.so
7f498f409000-7f498f40c000 ---p 00000000 00:00 0 
7f498f40c000-7f498f50a000 rw-p 00000000 00:00 0 
7f498f50a000-7f498f50f000 r-xp 00000000 08:06 10622750                   /usr/lib/x86_64-linux-gnu/libXfixes.so.3.1.0
7f498f50f000-7f498f70e000 ---p 00005000 08:06 10622750                   /usr/lib/x86_64-linux-gnu/libXfixes.so.3.1.0
7f498f70e000-7f498f70f000 r--p 00004000 08:06 10622750                   /usr/lib/x86_64-linux-gnu/libXfixes.so.3.1.0
7f498f70f000-7f498f710000 rw-p 00005000 08:06 10622750                   /usr/lib/x86_64-linux-gnu/libXfixes.so.3.1.0
7f498f710000-7f498f719000 r-xp 00000000 08:06 10622742                   /usr/lib/x86_64-linux-gnu/libXcursor.so.1.0.2
7f498f719000-7f498f918000 ---p 00009000 08:06 10622742                   /usr/lib/x86_64-linux-gnu/libXcursor.so.1.0.2
7f498f918000-7f498f919000 r--p 00008000 08:06 10622742                   /usr/lib/x86_64-linux-gnu/libXcursor.so.1.0.2
7f498f919000-7f498f91a000 rw-p 00009000 08:06 10622742                   /usr/lib/x86_64-linux-gnu/libXcursor.so.1.0.2
7f498f91a000-7f498fb1a000 rw-p 00000000 00:00 0 
7f498fb1a000-7f498fb4b000 r-xp 00000000 08:06 10619721                   /usr/lib/x86_64-linux-gnu/libpng16.so.16.34.0
7f498fb4b000-7f498fd4a000 ---p 00031000 08:06 10619721                   /usr/lib/x86_64-linux-gnu/libpng16.so.16.34.0
7f498fd4a000-7f498fd4b000 r--p 00030000 08:06 10619721                   /usr/lib/x86_64-linux-gnu/libpng16.so.16.34.0
7f498fd4b000-7f498fd4c000 rw-p 00031000 08:06 10619721                   /usr/lib/x86_64-linux-gnu/libpng16.so.16.34.0
7f498fd4c000-7f498fdf9000 r-xp 00000000 08:06 10623109                   /usr/lib/x86_64-linux-gnu/libfreetype.so.6.15.0
7f498fdf9000-7f498fff8000 ---p 000ad000 08:06 10623109                   /usr/lib/x86_64-linux-gnu/libfreetype.so.6.15.0
7f498fff8000-7f498ffff000 r--p 000ac000 08:06 10623109                   /usr/lib/x86_64-linux-gnu/libfreetype.so.6.15.0
7f498ffff000-7f4990000000 rw-p 000b3000 08:06 10623109                   /usr/lib/x86_64-linux-gnu/libfreetype.so.6.15.0
7f4990000000-7f4990021000 rw-p 00000000 00:00 0 
7f4990021000-7f4994000000 ---p 00000000 00:00 0 
7f4994000000-7f4994021000 rw-p 00000000 00:00 0 
7f4994021000-7f4998000000 ---p 00000000 00:00 0 
7f4998000000-7f4998021000 rw-p 00000000 00:00 0 
7f4998021000-7f499c000000 ---p 00000000 00:00 0 
7f499c000000-7f499c021000 rw-p 00000000 00:00 0 
7f499c021000-7f49a0000000 ---p 00000000 00:00 0 
7f49a0000000-7f49a007a000 rw-p 00000000 00:00 0 
7f49a007a000-7f49a4000000 ---p 00000000 00:00 0 
7f49a4000000-7f49a4021000 rw-p 00000000 00:00 0 
7f49a4021000-7f49a8000000 ---p 00000000 00:00 0 
7f49a8000000-7f49a8001000 r--s 00003000 08:06 6557294                    /home/sneha/contiki-2.7/tools/cooja/apps/serial_socket/lib/serial_socket.jar
7f49a8001000-7f49a8003000 r--s 00010000 08:06 6557017                    /home/sneha/contiki-2.7/tools/cooja/apps/mspsim/lib/jipv6.jar
7f49a8003000-7f49a8004000 r--s 00004000 08:06 6557037                    /home/sneha/contiki-2.7/tools/cooja/apps/mspsim/lib/coffee.jar
7f49a8004000-7f49a8006000 r--s 0001e000 08:06 6557013                    /home/sneha/contiki-2.7/tools/cooja/apps/mrm/lib/mrm.jar
7f49a8006000-7f49a800b000 r--s 00000000 08:06 5243203                    /var/cache/fontconfig/2300eef321c393bfd76478a5c0e95b23-le64.cache-7
7f49a800b000-7f49a800c000 r--s 00000000 08:06 5243196                    /var/cache/fontconfig/0d8c3b2ac0904cb8a57a757ad11a4a08-le64.cache-7
7f49a800c000-7f49a8021000 r--s 00000000 08:06 5243192                    /var/cache/fontconfig/04aabc0a78ac019cf9454389977116d2-le64.cache-7
7f49a8021000-7f49a8022000 r--s 00000000 08:06 5243200                    /var/cache/fontconfig/1ac9eb803944fde146138c791f5cc56a-le64.cache-7
7f49a8022000-7f49a8023000 r--s 00000000 08:06 5243251                    /var/cache/fontconfig/dc05db6664285cc2f12bf69c139ae4c3-le64.cache-7
7f49a8023000-7f49a8025000 r--s 00000000 08:06 5243197                    /var/cache/fontconfig/14a5e22175779b556eaa434240950366-le64.cache-7
7f49a8025000-7f49a8026000 r--s 00000000 08:06 5243224                    /var/cache/fontconfig/660208299946a285a940457d1287da33-le64.cache-7
7f49a8026000-7f49a8028000 r--s 00000000 08:06 5243215                    /var/cache/fontconfig/4f3e3037c9980c83b53a9351efadef62-le64.cache-7
7f49a8028000-7f49a802a000 r--s 00000000 08:06 5243229                    /var/cache/fontconfig/767a8244fc0220cfb567a839d0392e0b-le64.cache-7
7f49a802a000-7f49a802b000 r--s 00000000 08:06 5252197                    /var/cache/fontconfig/4794a0821666d79190d59a36cb4f44b5-le64.cache-7
7f49a802b000-7f49a802d000 r--s 00000000 08:06 5243986                    /var/cache/fontconfig/0bd3dc0958fa2205aaaa8ebb13e2872b-le64.cache-7
7f49a802d000-7f49a8032000 r--s 00000000 08:06 5243252                    /var/cache/fontconfig/def309198bfa603429122923fa2bb2d4-le64.cache-7
7f49a8032000-7f49a8033000 r--s 00000000 08:06 5243240                    /var/cache/fontconfig/b872e6e592da6075ffa4ab0a1fcc0c75-le64.cache-7
7f49a8033000-7f49a8034000 r--s 00000000 08:06 5243257                    /var/cache/fontconfig/f6d4eedfaab2589bde49f7a3ff831d22-le64.cache-7
7f49a8034000-7f49a8035000 r--s 00000000 08:06 5243222                    /var/cache/fontconfig/589f83ef4c36d296ce6e1c846f468f08-le64.cache-7
7f49a8035000-7f49a8036000 r--s 00000000 08:06 5243242                    /var/cache/fontconfig/bab58bb527bb656aaa9f116d68a48d89-le64.cache-7
7f49a8036000-7f49a8037000 r--s 00000000 08:06 5243201                    /var/cache/fontconfig/2171a34dccabdb6bcbbc728186263178-le64.cache-7
7f49a8037000-7f49a8038000 r--s 00000000 08:06 5243243                    /var/cache/fontconfig/c5c45a61289222e0d30b1a26ef4effbe-le64.cache-7
7f49a8038000-7f49a8039000 r--s 00000000 08:06 5243238                    /var/cache/fontconfig/aec30016f93e1b46d1a973dce0d74068-le64.cache-7
7f49a8039000-7f49a803a000 r--s 00000000 08:06 5243208                    /var/cache/fontconfig/3f589640d34b7dc9042c8d453f7c8b9c-le64.cache-7
7f49a803a000-7f49a803b000 r--s 00000000 08:06 5243198                    /var/cache/fontconfig/16c2fda60d1b4b719f4b3d06fd951d25-le64.cache-7
7f49a803b000-7f49a803c000 r--s 00000000 08:06 5243237                    /var/cache/fontconfig/a48eab177a16e4f3713381162db2f3e9-le64.cache-7
7f49a803c000-7f49a803d000 r--s 00000000 08:06 5243218                    /var/cache/fontconfig/564b2e68ac9bc4e36a6f7f6d6125ec1c-le64.cache-7
7f49a803d000-7f49a8042000 r--s 00000000 08:06 5243984                    /var/cache/fontconfig/9d2451b1fd30e5bffe8383fd27c35478-le64.cache-7
7f49a8042000-7f49a8048000 r--s 00000000 08:06 5243985                    /var/cache/fontconfig/3047814df9a2f067bd2d96a2b9c36e5a-le64.cache-7
7f49a8048000-7f49a8049000 r--s 00000000 08:06 5243219                    /var/cache/fontconfig/56cf4f4769d0f4abc89a4895d7bd3ae1-le64.cache-7
7f49a8049000-7f49a804a000 r--s 00000000 08:06 5243241                    /var/cache/fontconfig/b9d506c9ac06c20b433354fa67a72993-le64.cache-7
7f49a804a000-7f49a8050000 r--s 00000000 08:06 5243239                    /var/cache/fontconfig/b47c4e1ecd0709278f4910c18777a504-le64.cache-7
7f49a8050000-7f49a8063000 r--s 00000000 08:06 5243248                    /var/cache/fontconfig/d52a8644073d54c13679302ca1180695-le64.cache-7
7f49a8063000-7f49a8064000 r--s 00000000 08:06 5243206                    /var/cache/fontconfig/370e5b74bf5dafc30834de68e24a87a4-le64.cache-7
7f49a8064000-7f49a8065000 r--s 00000000 08:06 5243227                    /var/cache/fontconfig/6b2c5944714ca7831b25bed9e85cb5c8-le64.cache-7
7f49a8065000-7f49a8066000 r--s 00000000 08:06 5243247                    /var/cache/fontconfig/d5178ab6d91b49bf20a416737dcea9e8-le64.cache-7
7f49a8066000-7f49a8067000 r--s 00000000 08:06 5243217                    /var/cache/fontconfig/551ecf3b0e8b0bca0f25c0944f561853-le64.cache-7
7f49a8067000-7f49a806a000 r--s 00000000 08:06 5243256                    /var/cache/fontconfig/f259c2cffa685e28062317905db73c4a-le64.cache-7
7f49a806a000-7f49a806c000 r--s 00000000 08:06 5243216                    /var/cache/fontconfig/550f3886151c940c12a5ed35f6a00586-le64.cache-7
7f49a806c000-7f49a806f000 r--s 00000000 08:06 5243225                    /var/cache/fontconfig/674d1711f2d1d2a09646eb0bdcadee49-le64.cache-7
7f49a806f000-7f49a807b000 r--s 00000000 08:06 5246516                    /var/cache/fontconfig/d589a48862398ed80a3d6066f4f56f4c-le64.cache-7
7f49a807b000-7f49a80ac000 rw-p 00000000 00:00 0 
7f49a80ac000-7f49a80af000 ---p 00000000 00:00 0 
7f49a80af000-7f49a80e5000 rw-p 00000000 00:00 0 
7f49a80e5000-7f49a80e8000 ---p 00000000 00:00 0 
7f49a80e8000-7f49a81e6000 rw-p 00000000 00:00 0 
7f49a81e6000-7f49a8235000 r-xp 00000000 08:06 10626592                   /usr/lib/jvm/java-8-openjdk-amd64/jre/lib/amd64/libfontmanager.so
7f49a8235000-7f49a8435000 ---p 0004f000 08:06 10626592                   /usr/lib/jvm/java-8-openjdk-amd64/jre/lib/amd64/libfontmanager.so
7f49a8435000-7f49a8437000 r--p 0004f000 08:06 10626592                   /usr/lib/jvm/java-8-openjdk-amd64/jre/lib/amd64/libfontmanager.so
7f49a8437000-7f49a8438000 rw-p 00051000 08:06 10626592                   /usr/lib/jvm/java-8-openjdk-amd64/jre/lib/amd64/libfontmanager.so
7f49a8438000-7f49a844b000 r-xp 00000000 08:06 10359462                   /lib/x86_64-linux-gnu/libbsd.so.0.8.7
7f49a844b000-7f49a864a000 ---p 00013000 08:06 10359462                   /lib/x86_64-linux-gnu/libbsd.so.0.8.7
7f49a864a000-7f49a864b000 r--p 00012000 08:06 10359462                   /lib/x86_64-linux-gnu/libbsd.so.0.8.7
7f49a864b000-7f49a864c000 rw-p 00013000 08:06 10359462                   /lib/x86_64-linux-gnu/libbsd.so.0.8.7
7f49a864c000-7f49a864d000 rw-p 00000000 00:00 0 
7f49a864d000-7f49a8652000 r-xp 00000000 08:06 10622746                   /usr/lib/x86_64-linux-gnu/libXdmcp.so.6.0.0
7f49a8652000-7f49a8851000 ---p 00005000 08:06 10622746                   /usr/lib/x86_64-linux-gnu/libXdmcp.so.6.0.0
7f49a8851000-7f49a8852000 r--p 00004000 08:06 10622746                   /usr/lib/x86_64-linux-gnu/libXdmcp.so.6.0.0
7f49a8852000-7f49a8853000 rw-p 00005000 08:06 10622746                   /usr/lib/x86_64-linux-gnu/libXdmcp.so.6.0.0
7f49a8853000-7f49a8855000 r-xp 00000000 08:06 10622735                   /usr/lib/x86_64-linux-gnu/libXau.so.6.0.0
7f49a8855000-7f49a8a55000 ---p 00002000 08:06 10622735                   /usr/lib/x86_64-linux-gnu/libXau.so.6.0.0
7f49a8a55000-7f49a8a56000 r--p 00002000 08:06 10622735                   /usr/lib/x86_64-linux-gnu/libXau.so.6.0.0
7f49a8a56000-7f49a8a57000 rw-p 00003000 08:06 10622735                   /usr/lib/x86_64-linux-gnu/libXau.so.6.0.0
7f49a8a57000-7f49a8a7d000 r-xp 00000000 08:06 10618516                   /usr/lib/x86_64-linux-gnu/libxcb.so.1.1.0
7f49a8a7d000-7f49a8c7d000 ---p 00026000 08:06 10618516                   /usr/lib/x86_64-linux-gnu/libxcb.so.1.1.0
7f49a8c7d000-7f49a8c7e000 r--p 00026000 08:06 10618516                   /usr/lib/x86_64-linux-gnu/libxcb.so.1.1.0
7f49a8c7e000-7f49a8c7f000 rw-p 00027000 08:06 10618516                   /usr/lib/x86_64-linux-gnu/libxcb.so.1.1.0
7f49a8c7f000-7f49a8c8e000 r-xp 00000000 08:06 10622756                   /usr/lib/x86_64-linux-gnu/libXi.so.6.1.0
7f49a8c8e000-7f49a8e8d000 ---p 0000f000 08:06 10622756                   /usr/lib/x86_64-linux-gnu/libXi.so.6.1.0
7f49a8e8d000-7f49a8e8e000 r--p 0000e000 08:06 10622756                   /usr/lib/x86_64-linux-gnu/libXi.so.6.1.0
7f49a8e8e000-7f49a8e8f000 rw-p 0000f000 08:06 10622756                   /usr/lib/x86_64-linux-gnu/libXi.so.6.1.0
7f49a8e8f000-7f49a8e94000 r-xp 00000000 08:06 10622774                   /usr/lib/x86_64-linux-gnu/libXtst.so.6.1.0
7f49a8e94000-7f49a9093000 ---p 00005000 08:06 10622774                   /usr/lib/x86_64-linux-gnu/libXtst.so.6.1.0
7f49a9093000-7f49a9094000 r--p 00004000 08:06 10622774                   /usr/lib/x86_64-linux-gnu/libXtst.so.6.1.0
7f49a9094000-7f49a9095000 rw-p 00005000 08:06 10622774                   /usr/lib/x86_64-linux-gnu/libXtst.so.6.1.0
7f49a9095000-7f49a909e000 r-xp 00000000 08:06 10622768                   /usr/lib/x86_64-linux-gnu/libXrender.so.1.3.0
7f49a909e000-7f49a929d000 ---p 00009000 08:06 10622768                   /usr/lib/x86_64-linux-gnu/libXrender.so.1.3.0
7f49a929d000-7f49a929e000 r--p 00008000 08:06 10622768                   /usr/lib/x86_64-linux-gnu/libXrender.so.1.3.0
7f49a929e000-7f49a929f000 rw-p 00009000 08:06 10622768                   /usr/lib/x86_64-linux-gnu/libXrender.so.1.3.0
7f49a929f000-7f49a93d2000 r-xp 00000000 08:06 10618526                   /usr/lib/x86_64-linux-gnu/libX11.so.6.3.0
7f49a93d2000-7f49a95d2000 ---p 00133000 08:06 10618526                   /usr/lib/x86_64-linux-gnu/libX11.so.6.3.0
7f49a95d2000-7f49a95d3000 r--p 00133000 08:06 10618526                   /usr/lib/x86_64-linux-gnu/libX11.so.6.3.0
7f49a95d3000-7f49a95d7000 rw-p 00134000 08:06 10618526                   /usr/lib/x86_64-linux-gnu/libX11.so.6.3.0
7f49a95d7000-7f49a95e8000 r-xp 00000000 08:06 10622748                   /usr/lib/x86_64-linux-gnu/libXext.so.6.4.0
7f49a95e8000-7f49a97e7000 ---p 00011000 08:06 10622748                   /usr/lib/x86_64-linux-gnu/libXext.so.6.4.0
7f49a97e7000-7f49a97e8000 r--p 00010000 08:06 10622748                   /usr/lib/x86_64-linux-gnu/libXext.so.6.4.0
7f49a97e8000-7f49a97e9000 rw-p 00011000 08:06 10622748                   /usr/lib/x86_64-linux-gnu/libXext.so.6.4.0
7f49a97e9000-7f49a9844000 r-xp 00000000 08:06 10626588                   /usr/lib/jvm/java-8-openjdk-amd64/jre/lib/amd64/libawt_xawt.so
7f49a9844000-7f49a9a43000 ---p 0005b000 08:06 10626588                   /usr/lib/jvm/java-8-openjdk-amd64/jre/lib/amd64/libawt_xawt.so
7f49a9a43000-7f49a9a44000 r--p 0005a000 08:06 10626588                   /usr/lib/jvm/java-8-openjdk-amd64/jre/lib/amd64/libawt_xawt.so
7f49a9a44000-7f49a9a47000 rw-p 0005b000 08:06 10626588                   /usr/lib/jvm/java-8-openjdk-amd64/jre/lib/amd64/libawt_xawt.so
7f49a9a47000-7f49a9a49000 rw-p 00000000 00:00 0 
7f49a9a49000-7f49a9ae8000 r-xp 00000000 08:06 10626583                   /usr/lib/jvm/java-8-openjdk-amd64/jre/lib/amd64/libawt.so
7f49a9ae8000-7f49a9ce7000 ---p 0009f000 08:06 10626583                   /usr/lib/jvm/java-8-openjdk-amd64/jre/lib/amd64/libawt.so
7f49a9ce7000-7f49a9ce8000 r--p 0009e000 08:06 10626583                   /usr/lib/jvm/java-8-openjdk-amd64/jre/lib/amd64/libawt.so
7f49a9ce8000-7f49a9cf3000 rw-p 0009f000 08:06 10626583                   /usr/lib/jvm/java-8-openjdk-amd64/jre/lib/amd64/libawt.so
7f49a9cf3000-7f49a9d18000 rw-p 00000000 00:00 0 
7f49a9d18000-7f49a9d19000 ---p 00000000 00:00 0 
7f49a9d19000-7f49a9e19000 rw-p 00000000 00:00 0 
7f49a9e19000-7f49a9e1c000 ---p 00000000 00:00 0 
7f49a9e1c000-7f49a9f1a000 rw-p 00000000 00:00 0 
7f49a9f1a000-7f49a9f1d000 ---p 00000000 00:00 0 
7f49a9f1d000-7f49aa01b000 rw-p 00000000 00:00 0 
7f49aa01b000-7f49aa9ea000 r--p 00000000 08:06 10621656                   /usr/lib/locale/locale-archive
7f49aa9ea000-7f49aa9ed000 ---p 00000000 00:00 0 
7f49aa9ed000-7f49aaaeb000 rw-p 00000000 00:00 0 
7f49aaaeb000-7f49aaaee000 ---p 00000000 00:00 0 
7f49aaaee000-7f49aabec000 rw-p 00000000 00:00 0 
7f49aabec000-7f49aabed000 ---p 00000000 00:00 0 
7f49aabed000-7f49ac000000 rw-p 00000000 00:00 0 
7f49ac000000-7f49ac021000 rw-p 00000000 00:00 0 
7f49ac021000-7f49b0000000 ---p 00000000 00:00 0 
7f49b0000000-7f49b0021000 rw-p 00000000 00:00 0 
7f49b0021000-7f49b4000000 ---p 00000000 00:00 0 
7f49b4000000-7f49b4021000 rw-p 00000000 00:00 0 
7f49b4021000-7f49b8000000 ---p 00000000 00:00 0 
7f49b8000000-7f49b8021000 rw-p 00000000 00:00 0 
7f49b8021000-7f49bc000000 ---p 00000000 00:00 0 
7f49bc000000-7f49bc021000 rw-p 00000000 00:00 0 
7f49bc021000-7f49c0000000 ---p 00000000 00:00 0 
7f49c0000000-7f49c0021000 rw-p 00000000 00:00 0 
7f49c0021000-7f49c4000000 ---p 00000000 00:00 0 
7f49c4000000-7f49c4021000 rw-p 00000000 00:00 0 
7f49c4021000-7f49c8000000 ---p 00000000 00:00 0 
7f49c8000000-7f49c8001000 r--s 00000000 08:06 5243209                    /var/cache/fontconfig/3f7329c5293ffd510edef78f73874cfd-le64.cache-7
7f49c8001000-7f49c8002000 r--s 00000000 08:06 5243195                    /var/cache/fontconfig/0c9eb80ebd1c36541ebe2852d3bb0c49-le64.cache-7
7f49c8002000-7f49c8003000 r--s 00000000 08:06 5243202                    /var/cache/fontconfig/22368d551a680bfe5a62c02760edf4ea-le64.cache-7
7f49c8003000-7f49c8004000 r--s 00000000 08:06 5243214                    /var/cache/fontconfig/4d9c95eba1cb85bbcf2878543262124a-le64.cache-7
7f49c8004000-7f49c8005000 r--s 00000000 08:06 5243231                    /var/cache/fontconfig/85e0a52ce643a7ba2ae53e5d6949cead-le64.cache-7
7f49c8005000-7f49c8006000 r--s 00000000 08:06 5243211                    /var/cache/fontconfig/49f0de54bdd920fe4f0dfd4cbac43e6b-le64.cache-7
7f49c8006000-7f49c8015000 r--s 00000000 08:06 5243876                    /var/cache/fontconfig/9b89f8e3dae116d678bbf48e5f21f69b-le64.cache-7
7f49c8015000-7f49c801e000 r--s 00000000 08:06 5256901                    /var/cache/fontconfig/d0972c3d32f097851eb916381fc38920-le64.cache-7
7f49c801e000-7f49c8020000 r--s 00000000 08:06 5243226                    /var/cache/fontconfig/6afa1bb216ce958c1589e297e8008489-le64.cache-7
7f49c8020000-7f49c8033000 r--s 00346000 08:06 10630406                   /usr/lib/jvm/java-8-openjdk-amd64/jre/lib/resources.jar
7f49c8033000-7f49c8038000 r--s 002f9000 08:06 10627689                   /usr/lib/jvm/java-8-openjdk-amd64/jre/lib/charsets.jar
7f49c8038000-7f49c803f000 r--s 0005b000 08:06 6554083                    /home/sneha/contiki-2.7/tools/cooja/lib/jsyntaxpane.jar
7f49c803f000-7f49c805a000 r--s 001d6000 08:06 10627714                   /usr/lib/jvm/java-8-openjdk-amd64/jre/lib/ext/nashorn.jar
7f49c805a000-7f49c8075000 r--s 00394000 08:06 10627709                   /usr/lib/jvm/java-8-openjdk-amd64/jre/lib/ext/cldrdata.jar
7f49c8075000-7f49c9000000 rw-p 00000000 00:00 0 
7f49c9000000-7f49c9270000 rwxp 00000000 00:00 0 
7f49c9270000-7f49d8000000 ---p 00000000 00:00 0 
7f49d8000000-7f49d850b000 rw-p 00000000 00:00 0 
7f49d850b000-7f49dc000000 ---p 00000000 00:00 0 
7f49dc000000-7f49dc003000 r--s 00000000 08:06 5243253                    /var/cache/fontconfig/e13b20fdb08344e0e664864cc2ede53d-le64.cache-7
7f49dc003000-7f49dc00a000 r--s 0004f000 08:06 6554084                    /home/sneha/contiki-2.7/tools/cooja/lib/log4j.jar
7f49dc00a000-7f49dc00d000 r--s 00022000 08:06 6554082                    /home/sneha/contiki-2.7/tools/cooja/lib/jdom.jar
7f49dc00d000-7f49dc017000 r--s 00116000 08:06 10627713                   /usr/lib/jvm/java-8-openjdk-amd64/jre/lib/ext/localedata.jar
7f49dc017000-7f49dc20b000 rw-p 00000000 00:00 0 
7f49dc20b000-7f49dc3db000 r--s 03c5c000 08:06 10630408                   /usr/lib/jvm/java-8-openjdk-amd64/jre/lib/rt.jar
7f49dc3db000-7f49dd5ac000 rw-p 00000000 00:00 0 
7f49dd5ac000-7f49dd5ad000 ---p 00000000 00:00 0 
7f49dd5ad000-7f49dd6ad000 rw-p 00000000 00:00 0 
7f49dd6ad000-7f49dd6ae000 ---p 00000000 00:00 0 
7f49dd6ae000-7f49dd7ae000 rw-p 00000000 00:00 0 
7f49dd7ae000-7f49dd7af000 ---p 00000000 00:00 0 
7f49dd7af000-7f49dd8af000 rw-p 00000000 00:00 0 
7f49dd8af000-7f49dd8b0000 ---p 00000000 00:00 0 
7f49dd8b0000-7f49dd9b0000 rw-p 00000000 00:00 0 
7f49dd9b0000-7f49dd9b1000 ---p 00000000 00:00 0 
7f49dd9b1000-7f49ddab1000 rw-p 00000000 00:00 0 
7f49ddab1000-7f49ddab2000 ---p 00000000 00:00 0 
7f49ddab2000-7f49ddbb2000 rw-p 00000000 00:00 0 
7f49ddbb2000-7f49ddbb3000 ---p 00000000 00:00 0 
7f49ddbb3000-7f49ddcb3000 rw-p 00000000 00:00 0 
7f49ddcb3000-7f49ddcb4000 ---p 00000000 00:00 0 
7f49ddcb4000-7f49dddde000 rw-p 00000000 00:00 0 
7f49dddde000-7f49dde5e000 ---p 00000000 00:00 0 
7f49dde5e000-7f49dde6d000 rw-p 00000000 00:00 0 
7f49dde6d000-7f49ddeb4000 ---p 00000000 00:00 0 
7f49ddeb4000-7f49ddebf000 rw-p 00000000 00:00 0 
7f49ddebf000-7f49de275000 ---p 00000000 00:00 0 
7f49de275000-7f49de27d000 r-xp 00000000 08:06 10627678                   /usr/lib/jvm/java-8-openjdk-amd64/jre/lib/amd64/libzip.so
7f49de27d000-7f49de47c000 ---p 00008000 08:06 10627678                   /usr/lib/jvm/java-8-openjdk-amd64/jre/lib/amd64/libzip.so
7f49de47c000-7f49de47d000 r--p 00007000 08:06 10627678                   /usr/lib/jvm/java-8-openjdk-amd64/jre/lib/amd64/libzip.so
7f49de47d000-7f49de47e000 rw-p 00008000 08:06 10627678                   /usr/lib/jvm/java-8-openjdk-amd64/jre/lib/amd64/libzip.so
7f49de47e000-7f49de489000 r-xp 00000000 08:06 10359556                   /lib/x86_64-linux-gnu/libnss_files-2.27.so
7f49de489000-7f49de688000 ---p 0000b000 08:06 10359556                   /lib/x86_64-linux-gnu/libnss_files-2.27.so
7f49de688000-7f49de689000 r--p 0000a000 08:06 10359556                   /lib/x86_64-linux-gnu/libnss_files-2.27.so
7f49de689000-7f49de68a000 rw-p 0000b000 08:06 10359556                   /lib/x86_64-linux-gnu/libnss_files-2.27.so
7f49de68a000-7f49de690000 rw-p 00000000 00:00 0 
7f49de690000-7f49de6a7000 r-xp 00000000 08:06 10359550                   /lib/x86_64-linux-gnu/libnsl-2.27.so
7f49de6a7000-7f49de8a6000 ---p 00017000 08:06 10359550                   /lib/x86_64-linux-gnu/libnsl-2.27.so
7f49de8a6000-7f49de8a7000 r--p 00016000 08:06 10359550                   /lib/x86_64-linux-gnu/libnsl-2.27.so
7f49de8a7000-7f49de8a8000 rw-p 00017000 08:06 10359550                   /lib/x86_64-linux-gnu/libnsl-2.27.so
7f49de8a8000-7f49de8aa000 rw-p 00000000 00:00 0 
7f49de8aa000-7f49de8b5000 r-xp 00000000 08:06 10359567                   /lib/x86_64-linux-gnu/libnss_nis-2.27.so
7f49de8b5000-7f49deab4000 ---p 0000b000 08:06 10359567                   /lib/x86_64-linux-gnu/libnss_nis-2.27.so
7f49deab4000-7f49deab5000 r--p 0000a000 08:06 10359567                   /lib/x86_64-linux-gnu/libnss_nis-2.27.so
7f49deab5000-7f49deab6000 rw-p 0000b000 08:06 10359567                   /lib/x86_64-linux-gnu/libnss_nis-2.27.so
7f49deab6000-7f49deabe000 r-xp 00000000 08:06 10359552                   /lib/x86_64-linux-gnu/libnss_compat-2.27.so
7f49deabe000-7f49decbe000 ---p 00008000 08:06 10359552                   /lib/x86_64-linux-gnu/libnss_compat-2.27.so
7f49decbe000-7f49decbf000 r--p 00008000 08:06 10359552                   /lib/x86_64-linux-gnu/libnss_compat-2.27.so
7f49decbf000-7f49decc0000 rw-p 00009000 08:06 10359552                   /lib/x86_64-linux-gnu/libnss_compat-2.27.so
7f49decc0000-7f49decea000 r-xp 00000000 08:06 10626641                   /usr/lib/jvm/java-8-openjdk-amd64/jre/lib/amd64/libjava.so
7f49decea000-7f49deee9000 ---p 0002a000 08:06 10626641                   /usr/lib/jvm/java-8-openjdk-amd64/jre/lib/amd64/libjava.so
7f49deee9000-7f49deeea000 r--p 00029000 08:06 10626641                   /usr/lib/jvm/java-8-openjdk-amd64/jre/lib/amd64/libjava.so
7f49deeea000-7f49deeec000 rw-p 0002a000 08:06 10626641                   /usr/lib/jvm/java-8-openjdk-amd64/jre/lib/amd64/libjava.so
7f49deeec000-7f49deefc000 r-xp 00000000 08:06 10627129                   /usr/lib/jvm/java-8-openjdk-amd64/jre/lib/amd64/libverify.so
7f49deefc000-7f49df0fb000 ---p 00010000 08:06 10627129                   /usr/lib/jvm/java-8-openjdk-amd64/jre/lib/amd64/libverify.so
7f49df0fb000-7f49df0fd000 r--p 0000f000 08:06 10627129                   /usr/lib/jvm/java-8-openjdk-amd64/jre/lib/amd64/libverify.so
7f49df0fd000-7f49df0fe000 rw-p 00011000 08:06 10627129                   /usr/lib/jvm/java-8-openjdk-amd64/jre/lib/amd64/libverify.so
7f49df0fe000-7f49df105000 r-xp 00000000 08:06 10359607                   /lib/x86_64-linux-gnu/librt-2.27.so
7f49df105000-7f49df304000 ---p 00007000 08:06 10359607                   /lib/x86_64-linux-gnu/librt-2.27.so
7f49df304000-7f49df305000 r--p 00006000 08:06 10359607                   /lib/x86_64-linux-gnu/librt-2.27.so
7f49df305000-7f49df306000 rw-p 00007000 08:06 10359607                   /lib/x86_64-linux-gnu/librt-2.27.so
7f49df306000-7f49df31d000 r-xp 00000000 08:06 10359358                   /lib/x86_64-linux-gnu/libgcc_s.so.1
7f49df31d000-7f49df51c000 ---p 00017000 08:06 10359358                   /lib/x86_64-linux-gnu/libgcc_s.so.1
7f49df51c000-7f49df51d000 r--p 00016000 08:06 10359358                   /lib/x86_64-linux-gnu/libgcc_s.so.1
7f49df51d000-7f49df51e000 rw-p 00017000 08:06 10359358                   /lib/x86_64-linux-gnu/libgcc_s.so.1
7f49df51e000-7f49df6bb000 r-xp 00000000 08:06 10359529                   /lib/x86_64-linux-gnu/libm-2.27.so
7f49df6bb000-7f49df8ba000 ---p 0019d000 08:06 10359529                   /lib/x86_64-linux-gnu/libm-2.27.so
7f49df8ba000-7f49df8bb000 r--p 0019c000 08:06 10359529                   /lib/x86_64-linux-gnu/libm-2.27.so
7f49df8bb000-7f49df8bc000 rw-p 0019d000 08:06 10359529                   /lib/x86_64-linux-gnu/libm-2.27.so
7f49df8bc000-7f49dfa35000 r-xp 00000000 08:06 10623012                   /usr/lib/x86_64-linux-gnu/libstdc++.so.6.0.25
7f49dfa35000-7f49dfc35000 ---p 00179000 08:06 10623012                   /usr/lib/x86_64-linux-gnu/libstdc++.so.6.0.25
7f49dfc35000-7f49dfc3f000 r--p 00179000 08:06 10623012                   /usr/lib/x86_64-linux-gnu/libstdc++.so.6.0.25
7f49dfc3f000-7f49dfc41000 rw-p 00183000 08:06 10623012                   /usr/lib/x86_64-linux-gnu/libstdc++.so.6.0.25
7f49dfc41000-7f49dfc45000 rw-p 00000000 00:00 0 
7f49dfc45000-7f49e08e4000 r-xp 00000000 08:06 10627685                   /usr/lib/jvm/java-8-openjdk-amd64/jre/lib/amd64/server/libjvm.so
7f49e08e4000-7f49e0ae4000 ---p 00c9f000 08:06 10627685                   /usr/lib/jvm/java-8-openjdk-amd64/jre/lib/amd64/server/libjvm.so
7f49e0ae4000-7f49e0b78000 r--p 00c9f000 08:06 10627685                   /usr/lib/jvm/java-8-openjdk-amd64/jre/lib/amd64/server/libjvm.so
7f49e0b78000-7f49e0ba1000 rw-p 00d33000 08:06 10627685                   /usr/lib/jvm/java-8-openjdk-amd64/jre/lib/amd64/server/libjvm.so
7f49e0ba1000-7f49e0bd1000 rw-p 00000000 00:00 0 
7f49e0bd1000-7f49e0beb000 r-xp 00000000 08:06 10359599                   /lib/x86_64-linux-gnu/libpthread-2.27.so
7f49e0beb000-7f49e0dea000 ---p 0001a000 08:06 10359599                   /lib/x86_64-linux-gnu/libpthread-2.27.so
7f49e0dea000-7f49e0deb000 r--p 00019000 08:06 10359599                   /lib/x86_64-linux-gnu/libpthread-2.27.so
7f49e0deb000-7f49e0dec000 rw-p 0001a000 08:06 10359599                   /lib/x86_64-linux-gnu/libpthread-2.27.so
7f49e0dec000-7f49e0df0000 rw-p 00000000 00:00 0 
7f49e0df0000-7f49e0df3000 r-xp 00000000 08:06 10359489                   /lib/x86_64-linux-gnu/libdl-2.27.so
7f49e0df3000-7f49e0ff2000 ---p 00003000 08:06 10359489                   /lib/x86_64-linux-gnu/libdl-2.27.so
7f49e0ff2000-7f49e0ff3000 r--p 00002000 08:06 10359489                   /lib/x86_64-linux-gnu/libdl-2.27.so
7f49e0ff3000-7f49e0ff4000 rw-p 00003000 08:06 10359489                   /lib/x86_64-linux-gnu/libdl-2.27.so
7f49e0ff4000-7f49e1010000 r-xp 00000000 08:06 10359638                   /lib/x86_64-linux-gnu/libz.so.1.2.11
7f49e1010000-7f49e120f000 ---p 0001c000 08:06 10359638                   /lib/x86_64-linux-gnu/libz.so.1.2.11
7f49e120f000-7f49e1210000 r--p 0001b000 08:06 10359638                   /lib/x86_64-linux-gnu/libz.so.1.2.11
7f49e1210000-7f49e1211000 rw-p 0001c000 08:06 10359638                   /lib/x86_64-linux-gnu/libz.so.1.2.11
7f49e1211000-7f49e13f8000 r-xp 00000000 08:06 10359466                   /lib/x86_64-linux-gnu/libc-2.27.so
7f49e13f8000-7f49e15f8000 ---p 001e7000 08:06 10359466                   /lib/x86_64-linux-gnu/libc-2.27.so
7f49e15f8000-7f49e15fc000 r--p 001e7000 08:06 10359466                   /lib/x86_64-linux-gnu/libc-2.27.so
7f49e15fc000-7f49e15fe000 rw-p 001eb000 08:06 10359466                   /lib/x86_64-linux-gnu/libc-2.27.so
7f49e15fe000-7f49e1602000 rw-p 00000000 00:00 0 
7f49e1602000-7f49e1610000 r-xp 00000000 08:06 10619879                   /usr/lib/jvm/java-8-openjdk-amd64/jre/lib/amd64/jli/libjli.so
7f49e1610000-7f49e180f000 ---p 0000e000 08:06 10619879                   /usr/lib/jvm/java-8-openjdk-amd64/jre/lib/amd64/jli/libjli.so
7f49e180f000-7f49e1810000 r--p 0000d000 08:06 10619879                   /usr/lib/jvm/java-8-openjdk-amd64/jre/lib/amd64/jli/libjli.so
7f49e1810000-7f49e1811000 rw-p 0000e000 08:06 10619879                   /usr/lib/jvm/java-8-openjdk-amd64/jre/lib/amd64/jli/libjli.so
7f49e1811000-7f49e1838000 r-xp 00000000 08:06 10359438                   /lib/x86_64-linux-gnu/ld-2.27.so
7f49e1838000-7f49e1839000 r--s 00000000 08:06 5243258                    /var/cache/fontconfig/f6e6e0a5c3d2f6ae0c0c2e0ecd42a997-le64.cache-7
7f49e1839000-7f49e183c000 r--s 00039000 08:06 10627717                   /usr/lib/jvm/java-8-openjdk-amd64/jre/lib/ext/sunpkcs11.jar
7f49e183c000-7f49e183f000 r--s 0000f000 08:06 10627711                   /usr/lib/jvm/java-8-openjdk-amd64/jre/lib/ext/icedtea-sound.jar
7f49e183f000-7f49e1844000 r--s 0003c000 08:06 10627716                   /usr/lib/jvm/java-8-openjdk-amd64/jre/lib/ext/sunjce_provider.jar
7f49e1844000-7f49e1846000 r--s 00007000 08:06 11147219                   /usr/share/java/java-atk-wrapper.jar
7f49e1846000-7f49e1898000 rw-p 00000000 00:00 0 
7f49e1898000-7f49e1919000 ---p 00000000 00:00 0 
7f49e1919000-7f49e191a000 ---p 00000000 00:00 0 
7f49e191a000-7f49e191d000 ---p 00000000 00:00 0 
7f49e191d000-7f49e1a1c000 rw-p 00000000 00:00 0 
7f49e1a1c000-7f49e1a1d000 r--s 00000000 08:06 5243212                    /var/cache/fontconfig/4b2eda6bb976bda485cb2176619421d5-le64.cache-7
7f49e1a1d000-7f49e1a1e000 r--s 0000a000 08:06 10627712                   /usr/lib/jvm/java-8-openjdk-amd64/jre/lib/ext/jaccess.jar
7f49e1a1e000-7f49e1a1f000 r--s 0000d000 08:06 10627715                   /usr/lib/jvm/java-8-openjdk-amd64/jre/lib/ext/sunec.jar
7f49e1a1f000-7f49e1a20000 r--s 00010000 08:06 10627718                   /usr/lib/jvm/java-8-openjdk-amd64/jre/lib/ext/zipfs.jar
7f49e1a20000-7f49e1a22000 r--s 00001000 08:06 10627710                   /usr/lib/jvm/java-8-openjdk-amd64/jre/lib/ext/dnsns.jar
7f49e1a22000-7f49e1a2c000 rw-p 00000000 00:00 0 
7f49e1a2c000-7f49e1a34000 rw-s 00000000 08:06 1442252                    /tmp/hsperfdata_root/25211
7f49e1a34000-7f49e1a35000 rw-p 00000000 00:00 0 
7f49e1a35000-7f49e1a36000 r--p 00000000 00:00 0 
7f49e1a36000-7f49e1a38000 rw-p 00000000 00:00 0 
7f49e1a38000-7f49e1a39000 r--p 00027000 08:06 10359438                   /lib/x86_64-linux-gnu/ld-2.27.so
7f49e1a39000-7f49e1a3a000 rw-p 00028000 08:06 10359438                   /lib/x86_64-linux-gnu/ld-2.27.so
7f49e1a3a000-7f49e1a3b000 rw-p 00000000 00:00 0 
7ffd45d25000-7ffd45d46000 rw-p 00000000 00:00 0                          [stack]
7ffd45dbc000-7ffd45dbf000 r--p 00000000 00:00 0                          [vvar]
7ffd45dbf000-7ffd45dc1000 r-xp 00000000 00:00 0                          [vdso]
ffffffffff600000-ffffffffff601000 r-xp 00000000 00:00 0                  [vsyscall]

VM Arguments:
jvm_args: -Djava.compiler=NONE -Xmx512m -Duser.language=en 
java_command: se.sics.cooja.GUI
java_class_path (initial): /home/sneha/contiki-2.7/tools/cooja/build:/home/sneha/contiki-2.7/tools/cooja/lib/jdom.jar:/home/sneha/contiki-2.7/tools/cooja/lib/log4j.jar:/home/sneha/contiki-2.7/tools/cooja/lib/jsyntaxpane.jar
Launcher Type: SUN_STANDARD

Environment Variables:
JAVA_HOME=/usr/lib/jvm/java-8-openjdk-amd64
PATH=/usr/local/sbin:/usr/local/bin:/usr/sbin:/usr/bin:/sbin:/bin:/snap/bin
USERNAME=root
LD_LIBRARY_PATH=.
SHELL=/bin/bash
DISPLAY=:0

Signal Handlers:
SIGSEGV: [libjvm.so+0xab92f0], sa_mask[0]=11111111011111111101111111111110, sa_flags=SA_RESTART|SA_SIGINFO
SIGBUS: [libjvm.so+0xab92f0], sa_mask[0]=11111111011111111101111111111110, sa_flags=SA_RESTART|SA_SIGINFO
SIGFPE: [libjvm.so+0x8ee560], sa_mask[0]=11111111011111111101111111111110, sa_flags=SA_RESTART|SA_SIGINFO
SIGPIPE: [libjvm.so+0x8ee560], sa_mask[0]=11111111011111111101111111111110, sa_flags=SA_RESTART|SA_SIGINFO
SIGXFSZ: [libjvm.so+0x8ee560], sa_mask[0]=11111111011111111101111111111110, sa_flags=SA_RESTART|SA_SIGINFO
SIGILL: [libjvm.so+0x8ee560], sa_mask[0]=11111111011111111101111111111110, sa_flags=SA_RESTART|SA_SIGINFO
SIGUSR1: SIG_DFL, sa_mask[0]=00000000000000000000000000000000, sa_flags=none
SIGUSR2: [libjvm.so+0x8ee410], sa_mask[0]=00100000000000000000000000000000, sa_flags=SA_RESTART|SA_SIGINFO
SIGHUP: [libjvm.so+0x8eea80], sa_mask[0]=11111111011111111101111111111110, sa_flags=SA_RESTART|SA_SIGINFO
SIGINT: [libjvm.so+0x8eea80], sa_mask[0]=11111111011111111101111111111110, sa_flags=SA_RESTART|SA_SIGINFO
SIGTERM: [libjvm.so+0x8eea80], sa_mask[0]=11111111011111111101111111111110, sa_flags=SA_RESTART|SA_SIGINFO
SIGQUIT: [libjvm.so+0x8eea80], sa_mask[0]=11111111011111111101111111111110, sa_flags=SA_RESTART|SA_SIGINFO


---------------  S Y S T E M  ---------------

OS:DISTRIB_ID=Ubuntu
DISTRIB_RELEASE=18.04
DISTRIB_CODENAME=bionic
DISTRIB_DESCRIPTION="Ubuntu 18.04.3 LTS"

uname:Linux 4.15.0-58-generic #64-Ubuntu SMP Tue Aug 6 11:12:41 UTC 2019 x86_64
libc:glibc 2.27 NPTL 2.27 
rlimit: STACK 8192k, CORE infinity, NPROC 30810, NOFILE 4096, AS infinity
load average:1.00 0.82 0.61

/proc/meminfo:
MemTotal:        8053424 kB
MemFree:          274764 kB
MemAvailable:     848116 kB
Buffers:           49588 kB
Cached:          1833908 kB
SwapCached:         2236 kB
Active:          5959836 kB
Inactive:        1344212 kB
Active(anon):    5551468 kB
Inactive(anon):  1018860 kB
Active(file):     408368 kB
Inactive(file):   325352 kB
Unevictable:          48 kB
Mlocked:              48 kB
SwapTotal:       2097148 kB
SwapFree:        2050544 kB
Dirty:              1360 kB
Writeback:             0 kB
AnonPages:       5418604 kB
Mapped:           545588 kB
Shmem:           1149776 kB
Slab:             212396 kB
SReclaimable:     117212 kB
SUnreclaim:        95184 kB
KernelStack:       23472 kB
PageTables:       125220 kB
NFS_Unstable:          0 kB
Bounce:                0 kB
WritebackTmp:          0 kB
CommitLimit:     6123860 kB
Committed_AS:   20805212 kB
VmallocTotal:   34359738367 kB
VmallocUsed:           0 kB
VmallocChunk:          0 kB
HardwareCorrupted:     0 kB
AnonHugePages:         0 kB
ShmemHugePages:        0 kB
ShmemPmdMapped:        0 kB
CmaTotal:              0 kB
CmaFree:               0 kB
HugePages_Total:       0
HugePages_Free:        0
HugePages_Rsvd:        0
HugePages_Surp:        0
Hugepagesize:       2048 kB
DirectMap4k:      387708 kB
DirectMap2M:     7886848 kB
DirectMap1G:     1048576 kB

container (cgroup) information:
container_type: cgroupv1
cpu_cpuset_cpus: 0-7
cpu_memory_nodes: 0
active_processor_count: 8
cpu_quota: -1
cpu_period: 100000
cpu_shares: -1
memory_limit_in_bytes: -1
memory_and_swap_limit_in_bytes: -2
memory_soft_limit_in_bytes: -1
memory_usage_in_bytes: 7479881728
memory_max_usage_in_bytes: 2097152


CPU:total 8 (initial active 8) (4 cores per cpu, 2 threads per core) family 6 model 158 stepping 9, cmov, cx8, fxsr, mmx, sse, sse2, sse3, ssse3, sse4.1, sse4.2, popcnt, avx, avx2, aes, clmul, erms, rtm, 3dnowpref, lzcnt, ht, tsc, tscinvbit, bmi1, bmi2, adx

/proc/cpuinfo:
processor	: 0
vendor_id	: GenuineIntel
cpu family	: 6
model		: 158
model name	: Intel(R) Core(TM) i7-7700 CPU @ 3.60GHz
stepping	: 9
microcode	: 0xb4
cpu MHz		: 4096.103
cache size	: 8192 KB
physical id	: 0
siblings	: 8
core id		: 0
cpu cores	: 4
apicid		: 0
initial apicid	: 0
fpu		: yes
fpu_exception	: yes
cpuid level	: 22
wp		: yes
flags		: fpu vme de pse tsc msr pae mce cx8 apic sep mtrr pge mca cmov pat pse36 clflush dts acpi mmx fxsr sse sse2 ss ht tm pbe syscall nx pdpe1gb rdtscp lm constant_tsc art arch_perfmon pebs bts rep_good nopl xtopology nonstop_tsc cpuid aperfmperf tsc_known_freq pni pclmulqdq dtes64 monitor ds_cpl vmx smx est tm2 ssse3 sdbg fma cx16 xtpr pdcm pcid sse4_1 sse4_2 x2apic movbe popcnt tsc_deadline_timer aes xsave avx f16c rdrand lahf_lm abm 3dnowprefetch cpuid_fault epb invpcid_single pti ssbd ibrs ibpb stibp tpr_shadow vnmi flexpriority ept vpid fsgsbase tsc_adjust bmi1 hle avx2 smep bmi2 erms invpcid rtm mpx rdseed adx smap clflushopt intel_pt xsaveopt xsavec xgetbv1 xsaves dtherm ida arat pln pts hwp hwp_notify hwp_act_window hwp_epp md_clear flush_l1d
bugs		: cpu_meltdown spectre_v1 spectre_v2 spec_store_bypass l1tf mds swapgs
bogomips	: 7200.00
clflush size	: 64
cache_alignment	: 64
address sizes	: 39 bits physical, 48 bits virtual
power management:

processor	: 1
vendor_id	: GenuineIntel
cpu family	: 6
model		: 158
model name	: Intel(R) Core(TM) i7-7700 CPU @ 3.60GHz
stepping	: 9
microcode	: 0xb4
cpu MHz		: 4091.171
cache size	: 8192 KB
physical id	: 0
siblings	: 8
core id		: 1
cpu cores	: 4
apicid		: 2
initial apicid	: 2
fpu		: yes
fpu_exception	: yes
cpuid level	: 22
wp		: yes
flags		: fpu vme de pse tsc msr pae mce cx8 apic sep mtrr pge mca cmov pat pse36 clflush dts acpi mmx fxsr sse sse2 ss ht tm pbe syscall nx pdpe1gb rdtscp lm constant_tsc art arch_perfmon pebs bts rep_good nopl xtopology nonstop_tsc cpuid aperfmperf tsc_known_freq pni pclmulqdq dtes64 monitor ds_cpl vmx smx est tm2 ssse3 sdbg fma cx16 xtpr pdcm pcid sse4_1 sse4_2 x2apic movbe popcnt tsc_deadline_timer aes xsave avx f16c rdrand lahf_lm abm 3dnowprefetch cpuid_fault epb invpcid_single pti ssbd ibrs ibpb stibp tpr_shadow vnmi flexpriority ept vpid fsgsbase tsc_adjust bmi1 hle avx2 smep bmi2 erms invpcid rtm mpx rdseed adx smap clflushopt intel_pt xsaveopt xsavec xgetbv1 xsaves dtherm ida arat pln pts hwp hwp_notify hwp_act_window hwp_epp md_clear flush_l1d
bugs		: cpu_meltdown spectre_v1 spectre_v2 spec_store_bypass l1tf mds swapgs
bogomips	: 7200.00
clflush size	: 64
cache_alignment	: 64
address sizes	: 39 bits physical, 48 bits virtual
power management:

processor	: 2
vendor_id	: GenuineIntel
cpu family	: 6
model		: 158
model name	: Intel(R) Core(TM) i7-7700 CPU @ 3.60GHz
stepping	: 9
microcode	: 0xb4
cpu MHz		: 3997.934
cache size	: 8192 KB
physical id	: 0
siblings	: 8
core id		: 2
cpu cores	: 4
apicid		: 4
initial apicid	: 4
fpu		: yes
fpu_exception	: yes
cpuid level	: 22
wp		: yes
flags		: fpu vme de pse tsc msr pae mce cx8 apic sep mtrr pge mca cmov pat pse36 clflush dts acpi mmx fxsr sse sse2 ss ht tm pbe syscall nx pdpe1gb rdtscp lm constant_tsc art arch_perfmon pebs bts rep_good nopl xtopology nonstop_tsc cpuid aperfmperf tsc_known_freq pni pclmulqdq dtes64 monitor ds_cpl vmx smx est tm2 ssse3 sdbg fma cx16 xtpr pdcm pcid sse4_1 sse4_2 x2apic movbe popcnt tsc_deadline_timer aes xsave avx f16c rdrand lahf_lm abm 3dnowprefetch cpuid_fault epb invpcid_single pti ssbd ibrs ibpb stibp tpr_shadow vnmi flexpriority ept vpid fsgsbase tsc_adjust bmi1 hle avx2 smep bmi2 erms invpcid rtm mpx rdseed adx smap clflushopt intel_pt xsaveopt xsavec xgetbv1 xsaves dtherm ida arat pln pts hwp hwp_notify hwp_act_window hwp_epp md_clear flush_l1d
bugs		: cpu_meltdown spectre_v1 spectre_v2 spec_store_bypass l1tf mds swapgs
bogomips	: 7200.00
clflush size	: 64
cache_alignment	: 64
address sizes	: 39 bits physical, 48 bits virtual
power management:

processor	: 3
vendor_id	: GenuineIntel
cpu family	: 6
model		: 158
model name	: Intel(R) Core(TM) i7-7700 CPU @ 3.60GHz
stepping	: 9
microcode	: 0xb4
cpu MHz		: 4054.049
cache size	: 8192 KB
physical id	: 0
siblings	: 8
core id		: 3
cpu cores	: 4
apicid		: 6
initial apicid	: 6
fpu		: yes
fpu_exception	: yes
cpuid level	: 22
wp		: yes
flags		: fpu vme de pse tsc msr pae mce cx8 apic sep mtrr pge mca cmov pat pse36 clflush dts acpi mmx fxsr sse sse2 ss ht tm pbe syscall nx pdpe1gb rdtscp lm constant_tsc art arch_perfmon pebs bts rep_good nopl xtopology nonstop_tsc cpuid aperfmperf tsc_known_freq pni pclmulqdq dtes64 monitor ds_cpl vmx smx est tm2 ssse3 sdbg fma cx16 xtpr pdcm pcid sse4_1 sse4_2 x2apic movbe popcnt tsc_deadline_timer aes xsave avx f16c rdrand lahf_lm abm 3dnowprefetch cpuid_fault epb invpcid_single pti ssbd ibrs ibpb stibp tpr_shadow vnmi flexpriority ept vpid fsgsbase tsc_adjust bmi1 hle avx2 smep bmi2 erms invpcid rtm mpx rdseed adx smap clflushopt intel_pt xsaveopt xsavec xgetbv1 xsaves dtherm ida arat pln pts hwp hwp_notify hwp_act_window hwp_epp md_clear flush_l1d
bugs		: cpu_meltdown spectre_v1 spectre_v2 spec_store_bypass l1tf mds swapgs
bogomips	: 7200.00
clflush size	: 64
cache_alignment	: 64
address sizes	: 39 bits physical, 48 bits virtual
power management:

processor	: 4
vendor_id	: GenuineIntel
cpu family	: 6
model		: 158
model name	: Intel(R) Core(TM) i7-7700 CPU @ 3.60GHz
stepping	: 9
microcode	: 0xb4
cpu MHz		: 4070.528
cache size	: 8192 KB
physical id	: 0
siblings	: 8
core id		: 0
cpu cores	: 4
apicid		: 1
initial apicid	: 1
fpu		: yes
fpu_exception	: yes
cpuid level	: 22
wp		: yes
flags		: fpu vme de pse tsc msr pae mce cx8 apic sep mtrr pge mca cmov pat pse36 clflush dts acpi mmx fxsr sse sse2 ss ht tm pbe syscall nx pdpe1gb rdtscp lm constant_tsc art arch_perfmon pebs bts rep_good nopl xtopology nonstop_tsc cpuid aperfmperf tsc_known_freq pni pclmulqdq dtes64 monitor ds_cpl vmx smx est tm2 ssse3 sdbg fma cx16 xtpr pdcm pcid sse4_1 sse4_2 x2apic movbe popcnt tsc_deadline_timer aes xsave avx f16c rdrand lahf_lm abm 3dnowprefetch cpuid_fault epb invpcid_single pti ssbd ibrs ibpb stibp tpr_shadow vnmi flexpriority ept vpid fsgsbase tsc_adjust bmi1 hle avx2 smep bmi2 erms invpcid rtm mpx rdseed adx smap clflushopt intel_pt xsaveopt xsavec xgetbv1 xsaves dtherm ida arat pln pts hwp hwp_notify hwp_act_window hwp_epp md_clear flush_l1d
bugs		: cpu_meltdown spectre_v1 spectre_v2 spec_store_bypass l1tf mds swapgs
bogomips	: 7200.00
clflush size	: 64
cache_alignment	: 64
address sizes	: 39 bits physical, 48 bits virtual
power management:

processor	: 5
vendor_id	: GenuineIntel
cpu family	: 6
model		: 158
model name	: Intel(R) Core(TM) i7-7700 CPU @ 3.60GHz
stepping	: 9
microcode	: 0xb4
cpu MHz		: 4094.924
cache size	: 8192 KB
physical id	: 0
siblings	: 8
core id		: 1
cpu cores	: 4
apicid		: 3
initial apicid	: 3
fpu		: yes
fpu_exception	: yes
cpuid level	: 22
wp		: yes
flags		: fpu vme de pse tsc msr pae mce cx8 apic sep mtrr pge mca cmov pat pse36 clflush dts acpi mmx fxsr sse sse2 ss ht tm pbe syscall nx pdpe1gb rdtscp lm constant_tsc art arch_perfmon pebs bts rep_good nopl xtopology nonstop_tsc cpuid aperfmperf tsc_known_freq pni pclmulqdq dtes64 monitor ds_cpl vmx smx est tm2 ssse3 sdbg fma cx16 xtpr pdcm pcid sse4_1 sse4_2 x2apic movbe popcnt tsc_deadline_timer aes xsave avx f16c rdrand lahf_lm abm 3dnowprefetch cpuid_fault epb invpcid_single pti ssbd ibrs ibpb stibp tpr_shadow vnmi flexpriority ept vpid fsgsbase tsc_adjust bmi1 hle avx2 smep bmi2 erms invpcid rtm mpx rdseed adx smap clflushopt intel_pt xsaveopt xsavec xgetbv1 xsaves dtherm ida arat pln pts hwp hwp_notify hwp_act_window hwp_epp md_clear flush_l1d
bugs		: cpu_meltdown spectre_v1 spectre_v2 spec_store_bypass l1tf mds swapgs
bogomips	: 7200.00
clflush size	: 64
cache_alignment	: 64
address sizes	: 39 bits physical, 48 bits virtual
power management:

processor	: 6
vendor_id	: GenuineIntel
cpu family	: 6
model		: 158
model name	: Intel(R) Core(TM) i7-7700 CPU @ 3.60GHz
stepping	: 9
microcode	: 0xb4
cpu MHz		: 4048.116
cache size	: 8192 KB
physical id	: 0
siblings	: 8
core id		: 2
cpu cores	: 4
apicid		: 5
initial apicid	: 5
fpu		: yes
fpu_exception	: yes
cpuid level	: 22
wp		: yes
flags		: fpu vme de pse tsc msr pae mce cx8 apic sep mtrr pge mca cmov pat pse36 clflush dts acpi mmx fxsr sse sse2 ss ht tm pbe syscall nx pdpe1gb rdtscp lm constant_tsc art arch_perfmon pebs bts rep_good nopl xtopology nonstop_tsc cpuid aperfmperf tsc_known_freq pni pclmulqdq dtes64 monitor ds_cpl vmx smx est tm2 ssse3 sdbg fma cx16 xtpr pdcm pcid sse4_1 sse4_2 x2apic movbe popcnt tsc_deadline_timer aes xsave avx f16c rdrand lahf_lm abm 3dnowprefetch cpuid_fault epb invpcid_single pti ssbd ibrs ibpb stibp tpr_shadow vnmi flexpriority ept vpid fsgsbase tsc_adjust bmi1 hle avx2 smep bmi2 erms invpcid rtm mpx rdseed adx smap clflushopt intel_pt xsaveopt xsavec xgetbv1 xsaves dtherm ida arat pln pts hwp hwp_notify hwp_act_window hwp_epp md_clear flush_l1d
bugs		: cpu_meltdown spectre_v1 spectre_v2 spec_store_bypass l1tf mds swapgs
bogomips	: 7200.00
clflush size	: 64
cache_alignment	: 64
address sizes	: 39 bits physical, 48 bits virtual
power management:

processor	: 7
vendor_id	: GenuineIntel
cpu family	: 6
model		: 158
model name	: Intel(R) Core(TM) i7-7700 CPU @ 3.60GHz
stepping	: 9
microcode	: 0xb4
cpu MHz		: 4015.412
cache size	: 8192 KB
physical id	: 0
siblings	: 8
core id		: 3
cpu cores	: 4
apicid		: 7
initial apicid	: 7
fpu		: yes
fpu_exception	: yes
cpuid level	: 22
wp		: yes
flags		: fpu vme de pse tsc msr pae mce cx8 apic sep mtrr pge mca cmov pat pse36 clflush dts acpi mmx fxsr sse sse2 ss ht tm pbe syscall nx pdpe1gb rdtscp lm constant_tsc art arch_perfmon pebs bts rep_good nopl xtopology nonstop_tsc cpuid aperfmperf tsc_known_freq pni pclmulqdq dtes64 monitor ds_cpl vmx smx est tm2 ssse3 sdbg fma cx16 xtpr pdcm pcid sse4_1 sse4_2 x2apic movbe popcnt tsc_deadline_timer aes xsave avx f16c rdrand lahf_lm abm 3dnowprefetch cpuid_fault epb invpcid_single pti ssbd ibrs ibpb stibp tpr_shadow vnmi flexpriority ept vpid fsgsbase tsc_adjust bmi1 hle avx2 smep bmi2 erms invpcid rtm mpx rdseed adx smap clflushopt intel_pt xsaveopt xsavec xgetbv1 xsaves dtherm ida arat pln pts hwp hwp_notify hwp_act_window hwp_epp md_clear flush_l1d
bugs		: cpu_meltdown spectre_v1 spectre_v2 spec_store_bypass l1tf mds swapgs
bogomips	: 7200.00
clflush size	: 64
cache_alignment	: 64
address sizes	: 39 bits physical, 48 bits virtual
power management:



Memory: 4k page, physical 8053424k(274860k free), swap 2097148k(2050544k free)

vm_info: OpenJDK 64-Bit Server VM (25.222-b10) for linux-amd64 JRE (1.8.0_222-8u222-b10-1ubuntu1~18.04.1-b10), built on Jul 18 2019 18:52:48 by "buildd" with gcc 7.4.0

time: Wed Sep 11 17:08:03 2019
timezone: IST
elapsed time: 43 seconds (0d 0h 0m 43s)

