#
# A fatal error has been detected by the Java Runtime Environment:
#
#  SIGSEGV (0xb) at pc=0x0000000000000000, pid=23491, tid=0x00007f7c8658d700
#
# JRE version: OpenJDK Runtime Environment (8.0_222-b10) (build 1.8.0_222-8u222-b10-1ubuntu1~18.04.1-b10)
# Java VM: OpenJDK 64-Bit Server VM (25.222-b10 interpreted mode linux-amd64 compressed oops)
# Problematic frame:
# C  0x0000000000000000
#
# Core dump written. Default location: /home/sneha/contiki-2.7/tools/cooja/build/core or core.23491
#
# If you would like to submit a bug report, please visit:
#   http://bugreport.java.com/bugreport/crash.jsp
# The crash happened outside the Java Virtual Machine in native code.
# See problematic frame for where to report the bug.
#

---------------  T H R E A D  ---------------

Current thread (0x00007f7c3824b800):  JavaThread "Thread-7" [_thread_in_native, id=23662, stack(0x00007f7c8648d000,0x00007f7c8658e000)]

siginfo: si_signo: 11 (SIGSEGV), si_code: 1 (SEGV_MAPERR), si_addr: 0x0000000000000000

Registers:
RAX=0x0000000000000000, RBX=0x00007f7c86387aa0, RCX=0x00007f7c8638b11a, RDX=0x00007f7c86387b18
RSP=0x00007f7c86386790, RBP=0x00007f7c863867c8, RSI=0x00007f7c86387b18, RDI=0x0000000000000002
R8 =0x0000000000000080, R9 =0x00007f7c86389468, R10=0x0000000000000003, R11=0x00007f7c8616c7b4
R12=0x0000000000000000, R13=0x00007f7c86befd38, R14=0x00007f7c8658c7f8, R15=0x00007f7c3824b800
RIP=0x0000000000000000, EFLAGS=0x0000000000010202, CSGSFS=0x002b000000000033, ERR=0x0000000000000014
  TRAPNO=0x000000000000000e

Top of Stack: (sp=0x00007f7c86386790)
0x00007f7c86386790:   00007f7c86169c17 0000008000000080
0x00007f7c863867a0:   0000000286389468 00000000000080fe
0x00007f7c863867b0:   0200020002000202 0000000300000040
0x00007f7c863867c0:   00007f7c86387aa0 00007f7c863867f8
0x00007f7c863867d0:   00007f7c8616a18b 00007f7c863867f8
0x00007f7c863867e0:   00007f7c86387820 00007f7c8638ac80
0x00007f7c863867f0:   0000000000000000 00007f7c86386858
0x00007f7c86386800:   00007f7c86166bb5 00007f7c863868f8
0x00007f7c86386810:   00007f7c863868e8 00007f7c86386848
0x00007f7c86386820:   00007f7c86387820 00007f7c86386ee0
0x00007f7c86386830:   00007f7c863829a0 000000000000aaaa
0x00007f7c86386840:   0200020002000202 00007f7c863868a8
0x00007f7c86386850:   03be2101295f6d00 00007f7c863868a8
0x00007f7c86386860:   00007f7c861670aa 00007f7c863868f8
0x00007f7c86386870:   00007f7c863868e8 00007f7c863868a8
0x00007f7c86386880:   00007f7c8616c962 00007f7c863879b8
0x00007f7c86386890:   00007f7c86386958 0000000000000000
0x00007f7c863868a0:   00007f7c3837d350 00007f7c86386978
0x00007f7c863868b0:   00007f7c8616809b 0000000000000000
0x00007f7c863868c0:   0000007c087c0000 0000005e00000020
0x00007f7c863868d0:   00007f7c8638b448 00007f7c8638accc
0x00007f7c863868e0:   00007f7c863879b8 00000000000080fe
0x00007f7c863868f0:   0100010001000102 000000000000aaaa
0x00007f7c86386900:   0100000000000000 0000020001000063
0x00007f7c86386910:   ffffff0a0c080200 00007f7c01000300
0x00007f7c86386920:   0000ffff86170080 0000000000000000
0x00007f7c86386930:   0000aaaa86389470 0000000000000000
0x00007f7c86386940:   0000000000000000 00007f7c86384040
0x00007f7c86386950:   00007f7c86386958 00007f7c86387940
0x00007f7c86386960:   000007b6000008e6 00000fff00001001
0x00007f7c86386970:   03be2101295f6d00 00007f7c86386988
0x00007f7c86386980:   00007f7c8616908b 00007f7c863869c8 

Instructions: (pc=0x0000000000000000)
0xffffffffffffffe0:   

Register to memory mapping:

RAX=0x0000000000000000 is an unknown value
RBX=0x00007f7c86387aa0: <offset 0x22daa0> in /home/sneha/contiki-2.7/examples/ipv6/rpl-fuzzy/obj_cooja/mtype439.cooja at 0x00007f7c8615a000
RCX=0x00007f7c8638b11a: uip_ds6_if+0x5a in /home/sneha/contiki-2.7/examples/ipv6/rpl-fuzzy/obj_cooja/mtype439.cooja at 0x00007f7c8615a000
RDX=0x00007f7c86387b18: <offset 0x22db18> in /home/sneha/contiki-2.7/examples/ipv6/rpl-fuzzy/obj_cooja/mtype439.cooja at 0x00007f7c8615a000
RSP=0x00007f7c86386790: <offset 0x22c790> in /home/sneha/contiki-2.7/examples/ipv6/rpl-fuzzy/obj_cooja/mtype439.cooja at 0x00007f7c8615a000
RBP=0x00007f7c863867c8: <offset 0x22c7c8> in /home/sneha/contiki-2.7/examples/ipv6/rpl-fuzzy/obj_cooja/mtype439.cooja at 0x00007f7c8615a000
RSI=0x00007f7c86387b18: <offset 0x22db18> in /home/sneha/contiki-2.7/examples/ipv6/rpl-fuzzy/obj_cooja/mtype439.cooja at 0x00007f7c8615a000
RDI=0x0000000000000002 is an unknown value
R8 =0x0000000000000080 is an unknown value
R9 =0x00007f7c86389468: <offset 0x22f468> in /home/sneha/contiki-2.7/examples/ipv6/rpl-fuzzy/obj_cooja/mtype439.cooja at 0x00007f7c8615a000
R10=0x0000000000000003 is an unknown value
R11=0x00007f7c8616c7b4: memb_free+0 in /home/sneha/contiki-2.7/examples/ipv6/rpl-fuzzy/obj_cooja/mtype439.cooja at 0x00007f7c8615a000
R12=0x0000000000000000 is an unknown value
R13={method} {0x00007f7c86befd38} 'tick' '()V' in 'se/sics/cooja/corecomm/Lib2'
R14=0x00007f7c8658c7f8 is pointing into the stack for thread: 0x00007f7c3824b800
R15=0x00007f7c3824b800 is a thread


Stack: [0x00007f7c8648d000,0x00007f7c8658e000],  sp=0x00007f7c86386790,  free space=18014398509480933k
Java frames: (J=compiled Java code, j=interpreted, Vv=VM code)
j  se.sics.cooja.corecomm.Lib2.tick()V+0
j  se.sics.cooja.contikimote.ContikiMoteType.tick()V+4
j  se.sics.cooja.contikimote.ContikiMote.execute(J)V+63
j  se.sics.cooja.motes.AbstractWakeupMote$1.execute(J)V+5
j  se.sics.cooja.Simulation.run()V+184
j  java.lang.Thread.run()V+11
v  ~StubRoutines::call_stub

---------------  P R O C E S S  ---------------

Java Threads: ( => current thread )
=>0x00007f7c3824b800 JavaThread "Thread-7" [_thread_in_native, id=23662, stack(0x00007f7c8648d000,0x00007f7c8658e000)]
  0x00007f7c3824d000 JavaThread "Thread-6" [_thread_blocked, id=23637, stack(0x00007f7c869c1000,0x00007f7c86ac2000)]
  0x00007f7c3824c800 JavaThread "Thread-5" [_thread_blocked, id=23636, stack(0x00007f7c8638c000,0x00007f7c8648d000)]
  0x00007f7c3833f000 JavaThread "Thread-3" [_thread_blocked, id=23568, stack(0x00007f7c868c0000,0x00007f7c869c1000)]
  0x00007f7c38314000 JavaThread "Thread-2" [_thread_blocked, id=23567, stack(0x00007f7c867bf000,0x00007f7c868c0000)]
  0x00007f7c3c003800 JavaThread "Thread-0" daemon [_thread_in_native, id=23519, stack(0x00007f7c873fe000,0x00007f7c87bfe000)]
  0x00007f7c38095800 JavaThread "TimerQueue" daemon [_thread_blocked, id=23520, stack(0x00007f7c870fc000,0x00007f7c871fd000)]
  0x00007f7cac00b800 JavaThread "DestroyJavaVM" [_thread_blocked, id=23494, stack(0x00007f7cb4c38000,0x00007f7cb4d38000)]
  0x00007f7cac481800 JavaThread "AWT-EventQueue-1" [_thread_in_Java, id=23518, stack(0x00007f7c87bfe000,0x00007f7c87cff000)]
  0x00007f7cac480800 JavaThread "AWT-Shutdown" [_thread_blocked, id=23517, stack(0x00007f7c87cff000,0x00007f7c87e00000)]
  0x00007f7cac3d1000 JavaThread "AWT-XAWT" daemon [_thread_in_native, id=23514, stack(0x00007f7c8e760000,0x00007f7c8e861000)]
  0x00007f7cac3b2000 JavaThread "Java2D Disposer" daemon [_thread_blocked, id=23513, stack(0x00007f7c940c4000,0x00007f7c941c5000)]
  0x00007f7cac0c1800 JavaThread "Service Thread" daemon [_thread_blocked, id=23511, stack(0x00007f7c951b2000,0x00007f7c952b3000)]
  0x00007f7cac0bf800 JavaThread "Signal Dispatcher" daemon [_thread_blocked, id=23509, stack(0x00007f7c952b3000,0x00007f7c953b4000)]
  0x00007f7cac08d800 JavaThread "Finalizer" daemon [_thread_blocked, id=23508, stack(0x00007f7c95d83000,0x00007f7c95e84000)]
  0x00007f7cac08b000 JavaThread "Reference Handler" daemon [_thread_blocked, id=23507, stack(0x00007f7c95e84000,0x00007f7c95f85000)]

Other Threads:
  0x00007f7cac081800 VMThread [stack: 0x00007f7c95f86000,0x00007f7c96086000] [id=23506]
  0x00007f7cac0c4800 WatcherThread [stack: 0x00007f7c950b2000,0x00007f7c951b2000] [id=23512]

VM state:not at safepoint (normal execution)

VM Mutex/Monitor currently owned by a thread: None

heap address: 0x00000000e0000000, size: 512 MB, Compressed Oops mode: 32-bit
Narrow klass base: 0x0000000000000000, Narrow klass shift: 3
Compressed class space size: 1073741824 Address: 0x0000000100000000

Heap:
 PSYoungGen      total 130048K, used 17118K [0x00000000f5580000, 0x00000000fdb80000, 0x0000000100000000)
  eden space 123904K, 12% used [0x00000000f5580000,0x00000000f6459b80,0x00000000fce80000)
  from space 6144K, 31% used [0x00000000fd580000,0x00000000fd75dfc0,0x00000000fdb80000)
  to   space 6656K, 0% used [0x00000000fce80000,0x00000000fce80000,0x00000000fd500000)
 ParOldGen       total 37376K, used 4700K [0x00000000e0000000, 0x00000000e2480000, 0x00000000f5580000)
  object space 37376K, 12% used [0x00000000e0000000,0x00000000e0497060,0x00000000e2480000)
 Metaspace       used 22702K, capacity 23090K, committed 23472K, reserved 1069056K
  class space    used 3286K, capacity 3405K, committed 3504K, reserved 1048576K

Card table byte_map: [0x00007f7cb10d2000,0x00007f7cb11d3000] byte_map_base: 0x00007f7cb09d2000

Marking Bits: (ParMarkBitMap*) 0x00007f7cb3ed2360
 Begin Bits: [0x00007f7c9c000000, 0x00007f7c9c800000)
 End Bits:   [0x00007f7c9c800000, 0x00007f7c9d000000)

Polling page: 0x00007f7cb4d53000

CodeCache: size=245760Kb used=704Kb max_used=704Kb free=245055Kb
 bounds [0x00007f7c9d000000, 0x00007f7c9d270000, 0x00007f7cac000000]
 total_blobs=613 nmethods=0 adapters=580
 compilation: disabled (interpreter mode)

Compilation events (0 events):
No events

GC Heap History (10 events):
Event: 6.607 GC heap before
{Heap before GC invocations=3 (full 1):
 PSYoungGen      total 36864K, used 4940K [0x00000000f5580000, 0x00000000f9d80000, 0x0000000100000000)
  eden space 31744K, 0% used [0x00000000f5580000,0x00000000f5580000,0x00000000f7480000)
  from space 5120K, 96% used [0x00000000f7980000,0x00000000f7e53150,0x00000000f7e80000)
  to   space 5120K, 0% used [0x00000000f7480000,0x00000000f7480000,0x00000000f7980000)
 ParOldGen       total 84992K, used 509K [0x00000000e0000000, 0x00000000e5300000, 0x00000000f5580000)
  object space 84992K, 0% used [0x00000000e0000000,0x00000000e007f4d0,0x00000000e5300000)
 Metaspace       used 20823K, capacity 21114K, committed 21296K, reserved 1067008K
  class space    used 2992K, capacity 3113K, committed 3120K, reserved 1048576K
Event: 6.620 GC heap after
Heap after GC invocations=3 (full 1):
 PSYoungGen      total 36864K, used 0K [0x00000000f5580000, 0x00000000f9d80000, 0x0000000100000000)
  eden space 31744K, 0% used [0x00000000f5580000,0x00000000f5580000,0x00000000f7480000)
  from space 5120K, 0% used [0x00000000f7980000,0x00000000f7980000,0x00000000f7e80000)
  to   space 5120K, 0% used [0x00000000f7480000,0x00000000f7480000,0x00000000f7980000)
 ParOldGen       total 37376K, used 4700K [0x00000000e0000000, 0x00000000e2480000, 0x00000000f5580000)
  object space 37376K, 12% used [0x00000000e0000000,0x00000000e0497060,0x00000000e2480000)
 Metaspace       used 20823K, capacity 21114K, committed 21296K, reserved 1067008K
  class space    used 2992K, capacity 3113K, committed 3120K, reserved 1048576K
}
Event: 17.238 GC heap before
{Heap before GC invocations=4 (full 1):
 PSYoungGen      total 36864K, used 31744K [0x00000000f5580000, 0x00000000f9d80000, 0x0000000100000000)
  eden space 31744K, 100% used [0x00000000f5580000,0x00000000f7480000,0x00000000f7480000)
  from space 5120K, 0% used [0x00000000f7980000,0x00000000f7980000,0x00000000f7e80000)
  to   space 5120K, 0% used [0x00000000f7480000,0x00000000f7480000,0x00000000f7980000)
 ParOldGen       total 37376K, used 4700K [0x00000000e0000000, 0x00000000e2480000, 0x00000000f5580000)
  object space 37376K, 12% used [0x00000000e0000000,0x00000000e0497060,0x00000000e2480000)
 Metaspace       used 22221K, capacity 22566K, committed 22832K, reserved 1069056K
  class space    used 3214K, capacity 3339K, committed 3376K, reserved 1048576K
Event: 17.240 GC heap after
Heap after GC invocations=4 (full 1):
 PSYoungGen      total 36864K, used 1296K [0x00000000f5580000, 0x00000000f9d00000, 0x0000000100000000)
  eden space 31744K, 0% used [0x00000000f5580000,0x00000000f5580000,0x00000000f7480000)
  from space 5120K, 25% used [0x00000000f7480000,0x00000000f75c4248,0x00000000f7980000)
  to   space 5120K, 0% used [0x00000000f9800000,0x00000000f9800000,0x00000000f9d00000)
 ParOldGen       total 37376K, used 4700K [0x00000000e0000000, 0x00000000e2480000, 0x00000000f5580000)
  object space 37376K, 12% used [0x00000000e0000000,0x00000000e0497060,0x00000000e2480000)
 Metaspace       used 22221K, capacity 22566K, committed 22832K, reserved 1069056K
  class space    used 3214K, capacity 3339K, committed 3376K, reserved 1048576K
}
Event: 21.107 GC heap before
{Heap before GC invocations=5 (full 1):
 PSYoungGen      total 36864K, used 33040K [0x00000000f5580000, 0x00000000f9d00000, 0x0000000100000000)
  eden space 31744K, 100% used [0x00000000f5580000,0x00000000f7480000,0x00000000f7480000)
  from space 5120K, 25% used [0x00000000f7480000,0x00000000f75c4248,0x00000000f7980000)
  to   space 5120K, 0% used [0x00000000f9800000,0x00000000f9800000,0x00000000f9d00000)
 ParOldGen       total 37376K, used 4700K [0x00000000e0000000, 0x00000000e2480000, 0x00000000f5580000)
  object space 37376K, 12% used [0x00000000e0000000,0x00000000e0497060,0x00000000e2480000)
 Metaspace       used 22517K, capacity 22892K, committed 23216K, reserved 1069056K
  class space    used 3254K, capacity 3404K, committed 3504K, reserved 1048576K
Event: 21.109 GC heap after
Heap after GC invocations=5 (full 1):
 PSYoungGen      total 68096K, used 1609K [0x00000000f5580000, 0x00000000f9d00000, 0x0000000100000000)
  eden space 62976K, 0% used [0x00000000f5580000,0x00000000f5580000,0x00000000f9300000)
  from space 5120K, 31% used [0x00000000f9800000,0x00000000f9992600,0x00000000f9d00000)
  to   space 5120K, 0% used [0x00000000f9300000,0x00000000f9300000,0x00000000f9800000)
 ParOldGen       total 37376K, used 4700K [0x00000000e0000000, 0x00000000e2480000, 0x00000000f5580000)
  object space 37376K, 12% used [0x00000000e0000000,0x00000000e0497060,0x00000000e2480000)
 Metaspace       used 22517K, capacity 22892K, committed 23216K, reserved 1069056K
  class space    used 3254K, capacity 3404K, committed 3504K, reserved 1048576K
}
Event: 68.215 GC heap before
{Heap before GC invocations=6 (full 1):
 PSYoungGen      total 68096K, used 64585K [0x00000000f5580000, 0x00000000f9d00000, 0x0000000100000000)
  eden space 62976K, 100% used [0x00000000f5580000,0x00000000f9300000,0x00000000f9300000)
  from space 5120K, 31% used [0x00000000f9800000,0x00000000f9992600,0x00000000f9d00000)
  to   space 5120K, 0% used [0x00000000f9300000,0x00000000f9300000,0x00000000f9800000)
 ParOldGen       total 37376K, used 4700K [0x00000000e0000000, 0x00000000e2480000, 0x00000000f5580000)
  object space 37376K, 12% used [0x00000000e0000000,0x00000000e0497060,0x00000000e2480000)
 Metaspace       used 22636K, capacity 22962K, committed 23472K, reserved 1069056K
  class space    used 3264K, capacity 3405K, committed 3504K, reserved 1048576K
Event: 68.216 GC heap after
Heap after GC invocations=6 (full 1):
 PSYoungGen      total 68096K, used 2072K [0x00000000f5580000, 0x00000000fdc00000, 0x0000000100000000)
  eden space 62976K, 0% used [0x00000000f5580000,0x00000000f5580000,0x00000000f9300000)
  from space 5120K, 40% used [0x00000000f9300000,0x00000000f9506240,0x00000000f9800000)
  to   space 6656K, 0% used [0x00000000fd580000,0x00000000fd580000,0x00000000fdc00000)
 ParOldGen       total 37376K, used 4700K [0x00000000e0000000, 0x00000000e2480000, 0x00000000f5580000)
  object space 37376K, 12% used [0x00000000e0000000,0x00000000e0497060,0x00000000e2480000)
 Metaspace       used 22636K, capacity 22962K, committed 23472K, reserved 1069056K
  class space    used 3264K, capacity 3405K, committed 3504K, reserved 1048576K
}
Event: 85.177 GC heap before
{Heap before GC invocations=7 (full 1):
 PSYoungGen      total 68096K, used 65048K [0x00000000f5580000, 0x00000000fdc00000, 0x0000000100000000)
  eden space 62976K, 100% used [0x00000000f5580000,0x00000000f9300000,0x00000000f9300000)
  from space 5120K, 40% used [0x00000000f9300000,0x00000000f9506240,0x00000000f9800000)
  to   space 6656K, 0% used [0x00000000fd580000,0x00000000fd580000,0x00000000fdc00000)
 ParOldGen       total 37376K, used 4700K [0x00000000e0000000, 0x00000000e2480000, 0x00000000f5580000)
  object space 37376K, 12% used [0x00000000e0000000,0x00000000e0497060,0x00000000e2480000)
 Metaspace       used 22636K, capacity 22962K, committed 23472K, reserved 1069056K
  class space    used 3264K, capacity 3405K, committed 3504K, reserved 1048576K
Event: 85.179 GC heap after
Heap after GC invocations=7 (full 1):
 PSYoungGen      total 130048K, used 1911K [0x00000000f5580000, 0x00000000fdb80000, 0x0000000100000000)
  eden space 123904K, 0% used [0x00000000f5580000,0x00000000f5580000,0x00000000fce80000)
  from space 6144K, 31% used [0x00000000fd580000,0x00000000fd75dfc0,0x00000000fdb80000)
  to   space 6656K, 0% used [0x00000000fce80000,0x00000000fce80000,0x00000000fd500000)
 ParOldGen       total 37376K, used 4700K [0x00000000e0000000, 0x00000000e2480000, 0x00000000f5580000)
  object space 37376K, 12% used [0x00000000e0000000,0x00000000e0497060,0x00000000e2480000)
 Metaspace       used 22636K, capacity 22962K, committed 23472K, reserved 1069056K
  class space    used 3264K, capacity 3405K, committed 3504K, reserved 1048576K
}

Deoptimization events (0 events):
No events

Classes redefined (0 events):
No events

Internal exceptions (10 events):
Event: 5.434 Thread 0x00007f7cac481800 Exception <a 'java/lang/UnsupportedOperationException': > (0x00000000f6eadf08) thrown at [/build/openjdk-8-OqY7zN/openjdk-8-8u222-b10/src/hotspot/src/share/vm/prims/jni.cpp, line 737]
Event: 6.603 Thread 0x00007f7cac0c1800 Exception <a 'java/lang/ArrayIndexOutOfBoundsException': 71> (0x00000000f55840a8) thrown at [/build/openjdk-8-OqY7zN/openjdk-8-8u222-b10/src/hotspot/src/share/vm/interpreter/interpreterRuntime.cpp, line 368]
Event: 6.603 Thread 0x00007f7cac0c1800 Exception <a 'java/lang/ArrayIndexOutOfBoundsException': 60> (0x00000000f5585168) thrown at [/build/openjdk-8-OqY7zN/openjdk-8-8u222-b10/src/hotspot/src/share/vm/interpreter/interpreterRuntime.cpp, line 368]
Event: 6.604 Thread 0x00007f7cac0c1800 Exception <a 'java/lang/ArrayIndexOutOfBoundsException': 22> (0x00000000f558cd60) thrown at [/build/openjdk-8-OqY7zN/openjdk-8-8u222-b10/src/hotspot/src/share/vm/interpreter/interpreterRuntime.cpp, line 368]
Event: 10.978 Thread 0x00007f7cac481800 Exception <a 'java/lang/UnsupportedOperationException': > (0x00000000f6ada870) thrown at [/build/openjdk-8-OqY7zN/openjdk-8-8u222-b10/src/hotspot/src/share/vm/prims/jni.cpp, line 737]
Event: 12.443 Thread 0x00007f7cac481800 Exception <a 'java/lang/UnsupportedOperationException': > (0x00000000f6de9e68) thrown at [/build/openjdk-8-OqY7zN/openjdk-8-8u222-b10/src/hotspot/src/share/vm/prims/jni.cpp, line 737]
Event: 19.467 Thread 0x00007f7cac481800 Exception <a 'java/lang/UnsupportedOperationException': > (0x00000000f7312f78) thrown at [/build/openjdk-8-OqY7zN/openjdk-8-8u222-b10/src/hotspot/src/share/vm/prims/jni.cpp, line 737]
Event: 26.880 Thread 0x00007f7cac481800 Exception <a 'java/lang/UnsupportedOperationException': > (0x00000000f65144d8) thrown at [/build/openjdk-8-OqY7zN/openjdk-8-8u222-b10/src/hotspot/src/share/vm/prims/jni.cpp, line 737]
Event: 28.392 Thread 0x00007f7cac481800 Exception <a 'java/lang/UnsupportedOperationException': > (0x00000000f67cfec8) thrown at [/build/openjdk-8-OqY7zN/openjdk-8-8u222-b10/src/hotspot/src/share/vm/prims/jni.cpp, line 737]
Event: 36.721 Thread 0x00007f7cac481800 Exception <a 'java/lang/UnsupportedOperationException': > (0x00000000f8cd73b8) thrown at [/build/openjdk-8-OqY7zN/openjdk-8-8u222-b10/src/hotspot/src/share/vm/prims/jni.cpp, line 737]

Events (10 events):
Event: 101.958 loading class se/sics/cooja/COOJARadioPacket
Event: 101.958 loading class se/sics/cooja/COOJARadioPacket done
Event: 101.958 loading class se/sics/cooja/radiomediums/DirectedGraphMedium$Edge
Event: 101.958 loading class se/sics/cooja/radiomediums/DirectedGraphMedium$Edge done
Event: 101.959 Executing VM operation: RevokeBias
Event: 101.959 Executing VM operation: RevokeBias done
Event: 101.959 loading class se/sics/cooja/interfaces/CustomDataRadio
Event: 101.959 loading class se/sics/cooja/interfaces/CustomDataRadio done
Event: 101.959 loading class se/sics/cooja/plugins/skins/TrafficVisualizerSkin$RadioConnectionArrow
Event: 101.959 loading class se/sics/cooja/plugins/skins/TrafficVisualizerSkin$RadioConnectionArrow done


Dynamic libraries:
e0000000-e2480000 rw-p 00000000 00:00 0 
e2480000-f5580000 ---p 00000000 00:00 0 
f5580000-fdb80000 rw-p 00000000 00:00 0 
fdb80000-100000000 ---p 00000000 00:00 0 
100000000-10036c000 rw-p 00000000 00:00 0 
10036c000-140000000 ---p 00000000 00:00 0 
56384a71c000-56384a71d000 r-xp 00000000 08:06 10619772                   /usr/lib/jvm/java-8-openjdk-amd64/jre/bin/java
56384a91c000-56384a91d000 r--p 00000000 08:06 10619772                   /usr/lib/jvm/java-8-openjdk-amd64/jre/bin/java
56384a91d000-56384a91e000 rw-p 00001000 08:06 10619772                   /usr/lib/jvm/java-8-openjdk-amd64/jre/bin/java
56384b317000-56384b338000 rw-p 00000000 00:00 0                          [heap]
7f7c20000000-7f7c20021000 rw-p 00000000 00:00 0 
7f7c20021000-7f7c24000000 ---p 00000000 00:00 0 
7f7c24000000-7f7c24021000 rw-p 00000000 00:00 0 
7f7c24021000-7f7c28000000 ---p 00000000 00:00 0 
7f7c28000000-7f7c28021000 rw-p 00000000 00:00 0 
7f7c28021000-7f7c2c000000 ---p 00000000 00:00 0 
7f7c2c000000-7f7c2c021000 rw-p 00000000 00:00 0 
7f7c2c021000-7f7c30000000 ---p 00000000 00:00 0 
7f7c30000000-7f7c30021000 rw-p 00000000 00:00 0 
7f7c30021000-7f7c34000000 ---p 00000000 00:00 0 
7f7c34000000-7f7c34021000 rw-p 00000000 00:00 0 
7f7c34021000-7f7c38000000 ---p 00000000 00:00 0 
7f7c38000000-7f7c383b3000 rw-p 00000000 00:00 0 
7f7c383b3000-7f7c3c000000 ---p 00000000 00:00 0 
7f7c3c000000-7f7c3c021000 rw-p 00000000 00:00 0 
7f7c3c021000-7f7c40000000 ---p 00000000 00:00 0 
7f7c40000000-7f7c40021000 rw-p 00000000 00:00 0 
7f7c40021000-7f7c44000000 ---p 00000000 00:00 0 
7f7c44000000-7f7c44021000 rw-p 00000000 00:00 0 
7f7c44021000-7f7c48000000 ---p 00000000 00:00 0 
7f7c48000000-7f7c48021000 rw-p 00000000 00:00 0 
7f7c48021000-7f7c4c000000 ---p 00000000 00:00 0 
7f7c4c000000-7f7c4c021000 rw-p 00000000 00:00 0 
7f7c4c021000-7f7c50000000 ---p 00000000 00:00 0 
7f7c50000000-7f7c50021000 rw-p 00000000 00:00 0 
7f7c50021000-7f7c54000000 ---p 00000000 00:00 0 
7f7c54000000-7f7c54021000 rw-p 00000000 00:00 0 
7f7c54021000-7f7c58000000 ---p 00000000 00:00 0 
7f7c58000000-7f7c58021000 rw-p 00000000 00:00 0 
7f7c58021000-7f7c5c000000 ---p 00000000 00:00 0 
7f7c5c000000-7f7c5c021000 rw-p 00000000 00:00 0 
7f7c5c021000-7f7c60000000 ---p 00000000 00:00 0 
7f7c60000000-7f7c60042000 rw-p 00000000 00:00 0 
7f7c60042000-7f7c64000000 ---p 00000000 00:00 0 
7f7c64000000-7f7c64021000 rw-p 00000000 00:00 0 
7f7c64021000-7f7c68000000 ---p 00000000 00:00 0 
7f7c68000000-7f7c68021000 rw-p 00000000 00:00 0 
7f7c68021000-7f7c6c000000 ---p 00000000 00:00 0 
7f7c6c000000-7f7c6c021000 rw-p 00000000 00:00 0 
7f7c6c021000-7f7c70000000 ---p 00000000 00:00 0 
7f7c70000000-7f7c70021000 rw-p 00000000 00:00 0 
7f7c70021000-7f7c74000000 ---p 00000000 00:00 0 
7f7c78000000-7f7c78021000 rw-p 00000000 00:00 0 
7f7c78021000-7f7c7c000000 ---p 00000000 00:00 0 
7f7c80000000-7f7c80021000 rw-p 00000000 00:00 0 
7f7c80021000-7f7c84000000 ---p 00000000 00:00 0 
7f7c8615a000-7f7c86181000 r-xp 00000000 08:06 6688815                    /home/sneha/contiki-2.7/examples/ipv6/rpl-fuzzy/obj_cooja/mtype439.cooja
7f7c86181000-7f7c86381000 ---p 00027000 08:06 6688815                    /home/sneha/contiki-2.7/examples/ipv6/rpl-fuzzy/obj_cooja/mtype439.cooja
7f7c86381000-7f7c86382000 r--p 00027000 08:06 6688815                    /home/sneha/contiki-2.7/examples/ipv6/rpl-fuzzy/obj_cooja/mtype439.cooja
7f7c86382000-7f7c86383000 rw-p 00028000 08:06 6688815                    /home/sneha/contiki-2.7/examples/ipv6/rpl-fuzzy/obj_cooja/mtype439.cooja
7f7c86383000-7f7c8638c000 rw-p 00000000 00:00 0 
7f7c8638c000-7f7c8638f000 ---p 00000000 00:00 0 
7f7c8638f000-7f7c8648d000 rw-p 00000000 00:00 0 
7f7c8648d000-7f7c86490000 ---p 00000000 00:00 0 
7f7c86490000-7f7c8658e000 rw-p 00000000 00:00 0 
7f7c8658e000-7f7c865b4000 r-xp 00000000 08:06 6688811                    /home/sneha/contiki-2.7/examples/ipv6/rpl-fuzzy/obj_cooja/mtype64.cooja
7f7c865b4000-7f7c867b4000 ---p 00026000 08:06 6688811                    /home/sneha/contiki-2.7/examples/ipv6/rpl-fuzzy/obj_cooja/mtype64.cooja
7f7c867b4000-7f7c867b5000 r--p 00026000 08:06 6688811                    /home/sneha/contiki-2.7/examples/ipv6/rpl-fuzzy/obj_cooja/mtype64.cooja
7f7c867b5000-7f7c867b6000 rw-p 00027000 08:06 6688811                    /home/sneha/contiki-2.7/examples/ipv6/rpl-fuzzy/obj_cooja/mtype64.cooja
7f7c867b6000-7f7c867bf000 rw-p 00000000 00:00 0 
7f7c867bf000-7f7c867c2000 ---p 00000000 00:00 0 
7f7c867c2000-7f7c868c0000 rw-p 00000000 00:00 0 
7f7c868c0000-7f7c868c3000 ---p 00000000 00:00 0 
7f7c868c3000-7f7c869c1000 rw-p 00000000 00:00 0 
7f7c869c1000-7f7c869c4000 ---p 00000000 00:00 0 
7f7c869c4000-7f7c86c42000 rw-p 00000000 00:00 0 
7f7c86c42000-7f7c86cc2000 ---p 00000000 00:00 0 
7f7c86cc2000-7f7c86ec2000 rw-p 00000000 00:00 0 
7f7c86ec2000-7f7c870c2000 rw-p 00000000 00:00 0 
7f7c870c2000-7f7c870fc000 r--s 001e1000 08:06 6553695                    /home/sneha/contiki-2.7/tools/cooja/apps/avrora/lib/avrora-small.jar
7f7c870fc000-7f7c870ff000 ---p 00000000 00:00 0 
7f7c870ff000-7f7c873fd000 rw-p 00000000 00:00 0 
7f7c873fd000-7f7c873fe000 ---p 00000000 00:00 0 
7f7c873fe000-7f7c87401000 ---p 00000000 00:00 0 
7f7c87401000-7f7c87bfe000 rw-p 00000000 00:00 0 
7f7c87bfe000-7f7c87c01000 ---p 00000000 00:00 0 
7f7c87c01000-7f7c87cff000 rw-p 00000000 00:00 0 
7f7c87cff000-7f7c87d02000 ---p 00000000 00:00 0 
7f7c87d02000-7f7c88000000 rw-p 00000000 00:00 0 
7f7c88000000-7f7c88021000 rw-p 00000000 00:00 0 
7f7c88021000-7f7c8c000000 ---p 00000000 00:00 0 
7f7c8c005000-7f7c8c00c000 r--s 00000000 08:06 11011393                   /usr/lib/x86_64-linux-gnu/gconv/gconv-modules.cache
7f7c8c00c000-7f7c8c00d000 r--s 00003000 08:06 6557457                    /home/sneha/contiki-2.7/tools/cooja/apps/powertracker/lib/powertracker.jar
7f7c8c00d000-7f7c8c00e000 r--s 00002000 08:06 6557306                    /home/sneha/contiki-2.7/tools/cooja/apps/collect-view/cooja-collect-view.jar
7f7c8c00e000-7f7c8c00f000 r--s 00003000 08:06 6557294                    /home/sneha/contiki-2.7/tools/cooja/apps/serial_socket/lib/serial_socket.jar
7f7c8c00f000-7f7c8c011000 r--s 00007000 08:06 6557281                    /home/sneha/contiki-2.7/tools/cooja/apps/avrora/lib/cooja_avrora.jar
7f7c8c011000-7f7c8c013000 r--s 00010000 08:06 6557017                    /home/sneha/contiki-2.7/tools/cooja/apps/mspsim/lib/jipv6.jar
7f7c8c013000-7f7c8c014000 r--s 00004000 08:06 6557037                    /home/sneha/contiki-2.7/tools/cooja/apps/mspsim/lib/coffee.jar
7f7c8c014000-7f7c8c01f000 r--s 000e4000 08:06 6557016                    /home/sneha/contiki-2.7/tools/cooja/apps/mspsim/lib/mspsim.jar
7f7c8c01f000-7f7c8c025000 r--s 00064000 08:06 6557254                    /home/sneha/contiki-2.7/tools/cooja/apps/mspsim/lib/cooja_mspsim.jar
7f7c8c025000-7f7c8c027000 r--s 0001e000 08:06 6557013                    /home/sneha/contiki-2.7/tools/cooja/apps/mrm/lib/mrm.jar
7f7c8c027000-7f7c8c032000 r--s 00000000 08:06 5243232                    /var/cache/fontconfig/945677eb7aeaf62f1d50efc3fb3ec7d8-le64.cache-7
7f7c8c032000-7f7c8c037000 r--s 00000000 08:06 5243203                    /var/cache/fontconfig/2300eef321c393bfd76478a5c0e95b23-le64.cache-7
7f7c8c037000-7f7c8c038000 r--s 00000000 08:06 5243196                    /var/cache/fontconfig/0d8c3b2ac0904cb8a57a757ad11a4a08-le64.cache-7
7f7c8c038000-7f7c8c04d000 r--s 00000000 08:06 5243192                    /var/cache/fontconfig/04aabc0a78ac019cf9454389977116d2-le64.cache-7
7f7c8c04d000-7f7c8c04e000 r--s 00000000 08:06 5243200                    /var/cache/fontconfig/1ac9eb803944fde146138c791f5cc56a-le64.cache-7
7f7c8c04e000-7f7c8c04f000 r--s 00000000 08:06 5243251                    /var/cache/fontconfig/dc05db6664285cc2f12bf69c139ae4c3-le64.cache-7
7f7c8c04f000-7f7c8c051000 r--s 00000000 08:06 5243197                    /var/cache/fontconfig/14a5e22175779b556eaa434240950366-le64.cache-7
7f7c8c051000-7f7c8c052000 r--s 00000000 08:06 5243224                    /var/cache/fontconfig/660208299946a285a940457d1287da33-le64.cache-7
7f7c8c052000-7f7c8c054000 r--s 00000000 08:06 5243215                    /var/cache/fontconfig/4f3e3037c9980c83b53a9351efadef62-le64.cache-7
7f7c8c054000-7f7c8c056000 r--s 00000000 08:06 5243229                    /var/cache/fontconfig/767a8244fc0220cfb567a839d0392e0b-le64.cache-7
7f7c8c056000-7f7c8c057000 r--s 00000000 08:06 5252197                    /var/cache/fontconfig/4794a0821666d79190d59a36cb4f44b5-le64.cache-7
7f7c8c057000-7f7c8c059000 r--s 00000000 08:06 5243986                    /var/cache/fontconfig/0bd3dc0958fa2205aaaa8ebb13e2872b-le64.cache-7
7f7c8c059000-7f7c8c05e000 r--s 00000000 08:06 5243252                    /var/cache/fontconfig/def309198bfa603429122923fa2bb2d4-le64.cache-7
7f7c8c05e000-7f7c8c05f000 r--s 00000000 08:06 5243240                    /var/cache/fontconfig/b872e6e592da6075ffa4ab0a1fcc0c75-le64.cache-7
7f7c8c05f000-7f7c8c060000 r--s 00000000 08:06 5243257                    /var/cache/fontconfig/f6d4eedfaab2589bde49f7a3ff831d22-le64.cache-7
7f7c8c060000-7f7c8c061000 r--s 00000000 08:06 5243222                    /var/cache/fontconfig/589f83ef4c36d296ce6e1c846f468f08-le64.cache-7
7f7c8c061000-7f7c8c062000 r--s 00000000 08:06 5243242                    /var/cache/fontconfig/bab58bb527bb656aaa9f116d68a48d89-le64.cache-7
7f7c8c062000-7f7c8c063000 r--s 00000000 08:06 5243201                    /var/cache/fontconfig/2171a34dccabdb6bcbbc728186263178-le64.cache-7
7f7c8c063000-7f7c8c064000 r--s 00000000 08:06 5243243                    /var/cache/fontconfig/c5c45a61289222e0d30b1a26ef4effbe-le64.cache-7
7f7c8c064000-7f7c8c065000 r--s 00000000 08:06 5243238                    /var/cache/fontconfig/aec30016f93e1b46d1a973dce0d74068-le64.cache-7
7f7c8c065000-7f7c8c06e000 r-xp 00000000 08:06 10627048                   /usr/lib/jvm/java-8-openjdk-amd64/jre/lib/amd64/libmanagement.so
7f7c8c06e000-7f7c8c26d000 ---p 00009000 08:06 10627048                   /usr/lib/jvm/java-8-openjdk-amd64/jre/lib/amd64/libmanagement.so
7f7c8c26d000-7f7c8c26e000 r--p 00008000 08:06 10627048                   /usr/lib/jvm/java-8-openjdk-amd64/jre/lib/amd64/libmanagement.so
7f7c8c26e000-7f7c8c26f000 rw-p 00009000 08:06 10627048                   /usr/lib/jvm/java-8-openjdk-amd64/jre/lib/amd64/libmanagement.so
7f7c8c26f000-7f7c8c283000 r-xp 00000000 08:06 10359507                   /lib/x86_64-linux-gnu/libgpg-error.so.0.22.0
7f7c8c283000-7f7c8c482000 ---p 00014000 08:06 10359507                   /lib/x86_64-linux-gnu/libgpg-error.so.0.22.0
7f7c8c482000-7f7c8c483000 r--p 00013000 08:06 10359507                   /lib/x86_64-linux-gnu/libgpg-error.so.0.22.0
7f7c8c483000-7f7c8c484000 rw-p 00014000 08:06 10359507                   /lib/x86_64-linux-gnu/libgpg-error.so.0.22.0
7f7c8c484000-7f7c8c598000 r-xp 00000000 08:06 10359505                   /lib/x86_64-linux-gnu/libgcrypt.so.20.2.1
7f7c8c598000-7f7c8c797000 ---p 00114000 08:06 10359505                   /lib/x86_64-linux-gnu/libgcrypt.so.20.2.1
7f7c8c797000-7f7c8c799000 r--p 00113000 08:06 10359505                   /lib/x86_64-linux-gnu/libgcrypt.so.20.2.1
7f7c8c799000-7f7c8c79e000 rw-p 00115000 08:06 10359505                   /lib/x86_64-linux-gnu/libgcrypt.so.20.2.1
7f7c8c79e000-7f7c8c79f000 rw-p 00000000 00:00 0 
7f7c8c79f000-7f7c8c7ba000 r-xp 00000000 08:06 10623443                   /usr/lib/x86_64-linux-gnu/liblz4.so.1.7.1
7f7c8c7ba000-7f7c8c9b9000 ---p 0001b000 08:06 10623443                   /usr/lib/x86_64-linux-gnu/liblz4.so.1.7.1
7f7c8c9b9000-7f7c8c9ba000 r--p 0001a000 08:06 10623443                   /usr/lib/x86_64-linux-gnu/liblz4.so.1.7.1
7f7c8c9ba000-7f7c8c9bb000 rw-p 0001b000 08:06 10623443                   /usr/lib/x86_64-linux-gnu/liblz4.so.1.7.1
7f7c8c9bb000-7f7c8c9df000 r-xp 00000000 08:06 10359526                   /lib/x86_64-linux-gnu/liblzma.so.5.2.2
7f7c8c9df000-7f7c8cbdf000 ---p 00024000 08:06 10359526                   /lib/x86_64-linux-gnu/liblzma.so.5.2.2
7f7c8cbdf000-7f7c8cbe0000 r--p 00024000 08:06 10359526                   /lib/x86_64-linux-gnu/liblzma.so.5.2.2
7f7c8cbe0000-7f7c8cbe1000 rw-p 00025000 08:06 10359526                   /lib/x86_64-linux-gnu/liblzma.so.5.2.2
7f7c8cbe1000-7f7c8cc61000 r-xp 00000000 08:06 10354973                   /lib/x86_64-linux-gnu/libsystemd.so.0.21.0
7f7c8cc61000-7f7c8ce60000 ---p 00080000 08:06 10354973                   /lib/x86_64-linux-gnu/libsystemd.so.0.21.0
7f7c8ce60000-7f7c8ce63000 r--p 0007f000 08:06 10354973                   /lib/x86_64-linux-gnu/libsystemd.so.0.21.0
7f7c8ce63000-7f7c8ce64000 rw-p 00082000 08:06 10354973                   /lib/x86_64-linux-gnu/libsystemd.so.0.21.0
7f7c8ce64000-7f7c8ce65000 rw-p 00000000 00:00 0 
7f7c8ce65000-7f7c8ced5000 r-xp 00000000 08:06 10359588                   /lib/x86_64-linux-gnu/libpcre.so.3.13.3
7f7c8ced5000-7f7c8d0d5000 ---p 00070000 08:06 10359588                   /lib/x86_64-linux-gnu/libpcre.so.3.13.3
7f7c8d0d5000-7f7c8d0d6000 r--p 00070000 08:06 10359588                   /lib/x86_64-linux-gnu/libpcre.so.3.13.3
7f7c8d0d6000-7f7c8d0d7000 rw-p 00071000 08:06 10359588                   /lib/x86_64-linux-gnu/libpcre.so.3.13.3
7f7c8d0d7000-7f7c8d0de000 r-xp 00000000 08:06 10623077                   /usr/lib/x86_64-linux-gnu/libffi.so.6.0.4
7f7c8d0de000-7f7c8d2dd000 ---p 00007000 08:06 10623077                   /usr/lib/x86_64-linux-gnu/libffi.so.6.0.4
7f7c8d2dd000-7f7c8d2de000 r--p 00006000 08:06 10623077                   /usr/lib/x86_64-linux-gnu/libffi.so.6.0.4
7f7c8d2de000-7f7c8d2df000 rw-p 00007000 08:06 10623077                   /usr/lib/x86_64-linux-gnu/libffi.so.6.0.4
7f7c8d2df000-7f7c8d30b000 r-xp 00000000 08:06 10622825                   /usr/lib/x86_64-linux-gnu/libatspi.so.0.0.1
7f7c8d30b000-7f7c8d50b000 ---p 0002c000 08:06 10622825                   /usr/lib/x86_64-linux-gnu/libatspi.so.0.0.1
7f7c8d50b000-7f7c8d50e000 r--p 0002c000 08:06 10622825                   /usr/lib/x86_64-linux-gnu/libatspi.so.0.0.1
7f7c8d50e000-7f7c8d50f000 rw-p 0002f000 08:06 10622825                   /usr/lib/x86_64-linux-gnu/libatspi.so.0.0.1
7f7c8d50f000-7f7c8d55a000 r-xp 00000000 08:06 10359332                   /lib/x86_64-linux-gnu/libdbus-1.so.3.19.4
7f7c8d55a000-7f7c8d75a000 ---p 0004b000 08:06 10359332                   /lib/x86_64-linux-gnu/libdbus-1.so.3.19.4
7f7c8d75a000-7f7c8d75b000 r--p 0004b000 08:06 10359332                   /lib/x86_64-linux-gnu/libdbus-1.so.3.19.4
7f7c8d75b000-7f7c8d75c000 rw-p 0004c000 08:06 10359332                   /lib/x86_64-linux-gnu/libdbus-1.so.3.19.4
7f7c8d75c000-7f7c8d870000 r-xp 00000000 08:06 10617874                   /usr/lib/x86_64-linux-gnu/libglib-2.0.so.0.5600.4
7f7c8d870000-7f7c8da70000 ---p 00114000 08:06 10617874                   /usr/lib/x86_64-linux-gnu/libglib-2.0.so.0.5600.4
7f7c8da70000-7f7c8da71000 r--p 00114000 08:06 10617874                   /usr/lib/x86_64-linux-gnu/libglib-2.0.so.0.5600.4
7f7c8da71000-7f7c8da72000 rw-p 00115000 08:06 10617874                   /usr/lib/x86_64-linux-gnu/libglib-2.0.so.0.5600.4
7f7c8da72000-7f7c8da73000 rw-p 00000000 00:00 0 
7f7c8da73000-7f7c8dac5000 r-xp 00000000 08:06 10617876                   /usr/lib/x86_64-linux-gnu/libgobject-2.0.so.0.5600.4
7f7c8dac5000-7f7c8dcc5000 ---p 00052000 08:06 10617876                   /usr/lib/x86_64-linux-gnu/libgobject-2.0.so.0.5600.4
7f7c8dcc5000-7f7c8dcc6000 r--p 00052000 08:06 10617876                   /usr/lib/x86_64-linux-gnu/libgobject-2.0.so.0.5600.4
7f7c8dcc6000-7f7c8dcc7000 rw-p 00053000 08:06 10617876                   /usr/lib/x86_64-linux-gnu/libgobject-2.0.so.0.5600.4
7f7c8dcc7000-7f7c8dcf5000 r-xp 00000000 08:06 10622823                   /usr/lib/x86_64-linux-gnu/libatk-bridge-2.0.so.0.0.0
7f7c8dcf5000-7f7c8def5000 ---p 0002e000 08:06 10622823                   /usr/lib/x86_64-linux-gnu/libatk-bridge-2.0.so.0.0.0
7f7c8def5000-7f7c8def6000 r--p 0002e000 08:06 10622823                   /usr/lib/x86_64-linux-gnu/libatk-bridge-2.0.so.0.0.0
7f7c8def6000-7f7c8def7000 rw-p 0002f000 08:06 10622823                   /usr/lib/x86_64-linux-gnu/libatk-bridge-2.0.so.0.0.0
7f7c8def7000-7f7c8def8000 rw-p 00000000 00:00 0 
7f7c8def8000-7f7c8df1a000 r-xp 00000000 08:06 10622821                   /usr/lib/x86_64-linux-gnu/libatk-1.0.so.0.22810.1
7f7c8df1a000-7f7c8e11a000 ---p 00022000 08:06 10622821                   /usr/lib/x86_64-linux-gnu/libatk-1.0.so.0.22810.1
7f7c8e11a000-7f7c8e11d000 r--p 00022000 08:06 10622821                   /usr/lib/x86_64-linux-gnu/libatk-1.0.so.0.22810.1
7f7c8e11d000-7f7c8e11e000 rw-p 00025000 08:06 10622821                   /usr/lib/x86_64-linux-gnu/libatk-1.0.so.0.22810.1
7f7c8e11e000-7f7c8e135000 r-xp 00000000 08:06 10884870                   /usr/lib/x86_64-linux-gnu/jni/libatk-wrapper.so.6.0.0
7f7c8e135000-7f7c8e335000 ---p 00017000 08:06 10884870                   /usr/lib/x86_64-linux-gnu/jni/libatk-wrapper.so.6.0.0
7f7c8e335000-7f7c8e336000 r--p 00017000 08:06 10884870                   /usr/lib/x86_64-linux-gnu/jni/libatk-wrapper.so.6.0.0
7f7c8e336000-7f7c8e337000 rw-p 00018000 08:06 10884870                   /usr/lib/x86_64-linux-gnu/jni/libatk-wrapper.so.6.0.0
7f7c8e337000-7f7c8e34d000 r-xp 00000000 08:06 10627052                   /usr/lib/jvm/java-8-openjdk-amd64/jre/lib/amd64/libnet.so
7f7c8e34d000-7f7c8e54c000 ---p 00016000 08:06 10627052                   /usr/lib/jvm/java-8-openjdk-amd64/jre/lib/amd64/libnet.so
7f7c8e54c000-7f7c8e54d000 r--p 00015000 08:06 10627052                   /usr/lib/jvm/java-8-openjdk-amd64/jre/lib/amd64/libnet.so
7f7c8e54d000-7f7c8e54e000 rw-p 00016000 08:06 10627052                   /usr/lib/jvm/java-8-openjdk-amd64/jre/lib/amd64/libnet.so
7f7c8e54e000-7f7c8e55f000 r-xp 00000000 08:06 10627054                   /usr/lib/jvm/java-8-openjdk-amd64/jre/lib/amd64/libnio.so
7f7c8e55f000-7f7c8e75e000 ---p 00011000 08:06 10627054                   /usr/lib/jvm/java-8-openjdk-amd64/jre/lib/amd64/libnio.so
7f7c8e75e000-7f7c8e75f000 r--p 00010000 08:06 10627054                   /usr/lib/jvm/java-8-openjdk-amd64/jre/lib/amd64/libnio.so
7f7c8e75f000-7f7c8e760000 rw-p 00011000 08:06 10627054                   /usr/lib/jvm/java-8-openjdk-amd64/jre/lib/amd64/libnio.so
7f7c8e760000-7f7c8e763000 ---p 00000000 00:00 0 
7f7c8e763000-7f7c8e861000 rw-p 00000000 00:00 0 
7f7c8e861000-7f7c8e866000 r-xp 00000000 08:06 10622750                   /usr/lib/x86_64-linux-gnu/libXfixes.so.3.1.0
7f7c8e866000-7f7c8ea65000 ---p 00005000 08:06 10622750                   /usr/lib/x86_64-linux-gnu/libXfixes.so.3.1.0
7f7c8ea65000-7f7c8ea66000 r--p 00004000 08:06 10622750                   /usr/lib/x86_64-linux-gnu/libXfixes.so.3.1.0
7f7c8ea66000-7f7c8ea67000 rw-p 00005000 08:06 10622750                   /usr/lib/x86_64-linux-gnu/libXfixes.so.3.1.0
7f7c8ea67000-7f7c8ea70000 r-xp 00000000 08:06 10622742                   /usr/lib/x86_64-linux-gnu/libXcursor.so.1.0.2
7f7c8ea70000-7f7c8ec6f000 ---p 00009000 08:06 10622742                   /usr/lib/x86_64-linux-gnu/libXcursor.so.1.0.2
7f7c8ec6f000-7f7c8ec70000 r--p 00008000 08:06 10622742                   /usr/lib/x86_64-linux-gnu/libXcursor.so.1.0.2
7f7c8ec70000-7f7c8ec71000 rw-p 00009000 08:06 10622742                   /usr/lib/x86_64-linux-gnu/libXcursor.so.1.0.2
7f7c8ec71000-7f7c8ee71000 rw-p 00000000 00:00 0 
7f7c8ee71000-7f7c8eea2000 r-xp 00000000 08:06 10619721                   /usr/lib/x86_64-linux-gnu/libpng16.so.16.34.0
7f7c8eea2000-7f7c8f0a1000 ---p 00031000 08:06 10619721                   /usr/lib/x86_64-linux-gnu/libpng16.so.16.34.0
7f7c8f0a1000-7f7c8f0a2000 r--p 00030000 08:06 10619721                   /usr/lib/x86_64-linux-gnu/libpng16.so.16.34.0
7f7c8f0a2000-7f7c8f0a3000 rw-p 00031000 08:06 10619721                   /usr/lib/x86_64-linux-gnu/libpng16.so.16.34.0
7f7c8f0a3000-7f7c8f150000 r-xp 00000000 08:06 10623109                   /usr/lib/x86_64-linux-gnu/libfreetype.so.6.15.0
7f7c8f150000-7f7c8f34f000 ---p 000ad000 08:06 10623109                   /usr/lib/x86_64-linux-gnu/libfreetype.so.6.15.0
7f7c8f34f000-7f7c8f356000 r--p 000ac000 08:06 10623109                   /usr/lib/x86_64-linux-gnu/libfreetype.so.6.15.0
7f7c8f356000-7f7c8f357000 rw-p 000b3000 08:06 10623109                   /usr/lib/x86_64-linux-gnu/libfreetype.so.6.15.0
7f7c8f357000-7f7c8f3a6000 r-xp 00000000 08:06 10626592                   /usr/lib/jvm/java-8-openjdk-amd64/jre/lib/amd64/libfontmanager.so
7f7c8f3a6000-7f7c8f5a6000 ---p 0004f000 08:06 10626592                   /usr/lib/jvm/java-8-openjdk-amd64/jre/lib/amd64/libfontmanager.so
7f7c8f5a6000-7f7c8f5a8000 r--p 0004f000 08:06 10626592                   /usr/lib/jvm/java-8-openjdk-amd64/jre/lib/amd64/libfontmanager.so
7f7c8f5a8000-7f7c8f5a9000 rw-p 00051000 08:06 10626592                   /usr/lib/jvm/java-8-openjdk-amd64/jre/lib/amd64/libfontmanager.so
7f7c8f5a9000-7f7c8f5bc000 r-xp 00000000 08:06 10359462                   /lib/x86_64-linux-gnu/libbsd.so.0.8.7
7f7c8f5bc000-7f7c8f7bb000 ---p 00013000 08:06 10359462                   /lib/x86_64-linux-gnu/libbsd.so.0.8.7
7f7c8f7bb000-7f7c8f7bc000 r--p 00012000 08:06 10359462                   /lib/x86_64-linux-gnu/libbsd.so.0.8.7
7f7c8f7bc000-7f7c8f7bd000 rw-p 00013000 08:06 10359462                   /lib/x86_64-linux-gnu/libbsd.so.0.8.7
7f7c8f7bd000-7f7c8f7be000 rw-p 00000000 00:00 0 
7f7c8f7be000-7f7c8f7c3000 r-xp 00000000 08:06 10622746                   /usr/lib/x86_64-linux-gnu/libXdmcp.so.6.0.0
7f7c8f7c3000-7f7c8f9c2000 ---p 00005000 08:06 10622746                   /usr/lib/x86_64-linux-gnu/libXdmcp.so.6.0.0
7f7c8f9c2000-7f7c8f9c3000 r--p 00004000 08:06 10622746                   /usr/lib/x86_64-linux-gnu/libXdmcp.so.6.0.0
7f7c8f9c3000-7f7c8f9c4000 rw-p 00005000 08:06 10622746                   /usr/lib/x86_64-linux-gnu/libXdmcp.so.6.0.0
7f7c8f9c4000-7f7c8f9c6000 r-xp 00000000 08:06 10622735                   /usr/lib/x86_64-linux-gnu/libXau.so.6.0.0
7f7c8f9c6000-7f7c8fbc6000 ---p 00002000 08:06 10622735                   /usr/lib/x86_64-linux-gnu/libXau.so.6.0.0
7f7c8fbc6000-7f7c8fbc7000 r--p 00002000 08:06 10622735                   /usr/lib/x86_64-linux-gnu/libXau.so.6.0.0
7f7c8fbc7000-7f7c8fbc8000 rw-p 00003000 08:06 10622735                   /usr/lib/x86_64-linux-gnu/libXau.so.6.0.0
7f7c8fbc8000-7f7c8fbee000 r-xp 00000000 08:06 10618516                   /usr/lib/x86_64-linux-gnu/libxcb.so.1.1.0
7f7c8fbee000-7f7c8fdee000 ---p 00026000 08:06 10618516                   /usr/lib/x86_64-linux-gnu/libxcb.so.1.1.0
7f7c8fdee000-7f7c8fdef000 r--p 00026000 08:06 10618516                   /usr/lib/x86_64-linux-gnu/libxcb.so.1.1.0
7f7c8fdef000-7f7c8fdf0000 rw-p 00027000 08:06 10618516                   /usr/lib/x86_64-linux-gnu/libxcb.so.1.1.0
7f7c8fdf0000-7f7c8fdff000 r-xp 00000000 08:06 10622756                   /usr/lib/x86_64-linux-gnu/libXi.so.6.1.0
7f7c8fdff000-7f7c8fffe000 ---p 0000f000 08:06 10622756                   /usr/lib/x86_64-linux-gnu/libXi.so.6.1.0
7f7c8fffe000-7f7c8ffff000 r--p 0000e000 08:06 10622756                   /usr/lib/x86_64-linux-gnu/libXi.so.6.1.0
7f7c8ffff000-7f7c90000000 rw-p 0000f000 08:06 10622756                   /usr/lib/x86_64-linux-gnu/libXi.so.6.1.0
7f7c90000000-7f7c90021000 rw-p 00000000 00:00 0 
7f7c90021000-7f7c94000000 ---p 00000000 00:00 0 
7f7c94000000-7f7c94001000 r--s 00000000 08:06 5243208                    /var/cache/fontconfig/3f589640d34b7dc9042c8d453f7c8b9c-le64.cache-7
7f7c94001000-7f7c94002000 r--s 00000000 08:06 5243198                    /var/cache/fontconfig/16c2fda60d1b4b719f4b3d06fd951d25-le64.cache-7
7f7c94002000-7f7c94003000 r--s 00000000 08:06 5243237                    /var/cache/fontconfig/a48eab177a16e4f3713381162db2f3e9-le64.cache-7
7f7c94003000-7f7c94004000 r--s 00000000 08:06 5243218                    /var/cache/fontconfig/564b2e68ac9bc4e36a6f7f6d6125ec1c-le64.cache-7
7f7c94004000-7f7c94009000 r--s 00000000 08:06 5243984                    /var/cache/fontconfig/9d2451b1fd30e5bffe8383fd27c35478-le64.cache-7
7f7c94009000-7f7c9400f000 r--s 00000000 08:06 5243985                    /var/cache/fontconfig/3047814df9a2f067bd2d96a2b9c36e5a-le64.cache-7
7f7c9400f000-7f7c94010000 r--s 00000000 08:06 5243219                    /var/cache/fontconfig/56cf4f4769d0f4abc89a4895d7bd3ae1-le64.cache-7
7f7c94010000-7f7c94011000 r--s 00000000 08:06 5243241                    /var/cache/fontconfig/b9d506c9ac06c20b433354fa67a72993-le64.cache-7
7f7c94011000-7f7c94017000 r--s 00000000 08:06 5243239                    /var/cache/fontconfig/b47c4e1ecd0709278f4910c18777a504-le64.cache-7
7f7c94017000-7f7c9402a000 r--s 00000000 08:06 5243248                    /var/cache/fontconfig/d52a8644073d54c13679302ca1180695-le64.cache-7
7f7c9402a000-7f7c9402b000 r--s 00000000 08:06 5243206                    /var/cache/fontconfig/370e5b74bf5dafc30834de68e24a87a4-le64.cache-7
7f7c9402b000-7f7c9402c000 r--s 00000000 08:06 5243227                    /var/cache/fontconfig/6b2c5944714ca7831b25bed9e85cb5c8-le64.cache-7
7f7c9402c000-7f7c9402d000 r--s 00000000 08:06 5243247                    /var/cache/fontconfig/d5178ab6d91b49bf20a416737dcea9e8-le64.cache-7
7f7c9402d000-7f7c9402e000 r--s 00000000 08:06 5243217                    /var/cache/fontconfig/551ecf3b0e8b0bca0f25c0944f561853-le64.cache-7
7f7c9402e000-7f7c94031000 r--s 00000000 08:06 5243256                    /var/cache/fontconfig/f259c2cffa685e28062317905db73c4a-le64.cache-7
7f7c94031000-7f7c94033000 r--s 00000000 08:06 5243216                    /var/cache/fontconfig/550f3886151c940c12a5ed35f6a00586-le64.cache-7
7f7c94033000-7f7c94036000 r--s 00000000 08:06 5243225                    /var/cache/fontconfig/674d1711f2d1d2a09646eb0bdcadee49-le64.cache-7
7f7c94036000-7f7c94042000 r--s 00000000 08:06 5246516                    /var/cache/fontconfig/d589a48862398ed80a3d6066f4f56f4c-le64.cache-7
7f7c94042000-7f7c94051000 r--s 00000000 08:06 5243876                    /var/cache/fontconfig/9b89f8e3dae116d678bbf48e5f21f69b-le64.cache-7
7f7c94051000-7f7c9405a000 r--s 00000000 08:06 5256901                    /var/cache/fontconfig/d0972c3d32f097851eb916381fc38920-le64.cache-7
7f7c9405a000-7f7c9408b000 rw-p 00000000 00:00 0 
7f7c9408b000-7f7c9408e000 ---p 00000000 00:00 0 
7f7c9408e000-7f7c940c4000 rw-p 00000000 00:00 0 
7f7c940c4000-7f7c940c7000 ---p 00000000 00:00 0 
7f7c940c7000-7f7c941c5000 rw-p 00000000 00:00 0 
7f7c941c5000-7f7c941ca000 r-xp 00000000 08:06 10622774                   /usr/lib/x86_64-linux-gnu/libXtst.so.6.1.0
7f7c941ca000-7f7c943c9000 ---p 00005000 08:06 10622774                   /usr/lib/x86_64-linux-gnu/libXtst.so.6.1.0
7f7c943c9000-7f7c943ca000 r--p 00004000 08:06 10622774                   /usr/lib/x86_64-linux-gnu/libXtst.so.6.1.0
7f7c943ca000-7f7c943cb000 rw-p 00005000 08:06 10622774                   /usr/lib/x86_64-linux-gnu/libXtst.so.6.1.0
7f7c943cb000-7f7c943d4000 r-xp 00000000 08:06 10622768                   /usr/lib/x86_64-linux-gnu/libXrender.so.1.3.0
7f7c943d4000-7f7c945d3000 ---p 00009000 08:06 10622768                   /usr/lib/x86_64-linux-gnu/libXrender.so.1.3.0
7f7c945d3000-7f7c945d4000 r--p 00008000 08:06 10622768                   /usr/lib/x86_64-linux-gnu/libXrender.so.1.3.0
7f7c945d4000-7f7c945d5000 rw-p 00009000 08:06 10622768                   /usr/lib/x86_64-linux-gnu/libXrender.so.1.3.0
7f7c945d5000-7f7c94708000 r-xp 00000000 08:06 10618526                   /usr/lib/x86_64-linux-gnu/libX11.so.6.3.0
7f7c94708000-7f7c94908000 ---p 00133000 08:06 10618526                   /usr/lib/x86_64-linux-gnu/libX11.so.6.3.0
7f7c94908000-7f7c94909000 r--p 00133000 08:06 10618526                   /usr/lib/x86_64-linux-gnu/libX11.so.6.3.0
7f7c94909000-7f7c9490d000 rw-p 00134000 08:06 10618526                   /usr/lib/x86_64-linux-gnu/libX11.so.6.3.0
7f7c9490d000-7f7c9491e000 r-xp 00000000 08:06 10622748                   /usr/lib/x86_64-linux-gnu/libXext.so.6.4.0
7f7c9491e000-7f7c94b1d000 ---p 00011000 08:06 10622748                   /usr/lib/x86_64-linux-gnu/libXext.so.6.4.0
7f7c94b1d000-7f7c94b1e000 r--p 00010000 08:06 10622748                   /usr/lib/x86_64-linux-gnu/libXext.so.6.4.0
7f7c94b1e000-7f7c94b1f000 rw-p 00011000 08:06 10622748                   /usr/lib/x86_64-linux-gnu/libXext.so.6.4.0
7f7c94b1f000-7f7c94b20000 r--s 00000000 08:06 5243209                    /var/cache/fontconfig/3f7329c5293ffd510edef78f73874cfd-le64.cache-7
7f7c94b20000-7f7c94b21000 r--s 00000000 08:06 5243195                    /var/cache/fontconfig/0c9eb80ebd1c36541ebe2852d3bb0c49-le64.cache-7
7f7c94b21000-7f7c94b22000 r--s 00000000 08:06 5243202                    /var/cache/fontconfig/22368d551a680bfe5a62c02760edf4ea-le64.cache-7
7f7c94b22000-7f7c94b23000 r--s 00000000 08:06 5243214                    /var/cache/fontconfig/4d9c95eba1cb85bbcf2878543262124a-le64.cache-7
7f7c94b23000-7f7c94b24000 r--s 00000000 08:06 5243231                    /var/cache/fontconfig/85e0a52ce643a7ba2ae53e5d6949cead-le64.cache-7
7f7c94b24000-7f7c94b26000 r--s 00000000 08:06 5243226                    /var/cache/fontconfig/6afa1bb216ce958c1589e297e8008489-le64.cache-7
7f7c94b26000-7f7c94b39000 r--s 00346000 08:06 10630406                   /usr/lib/jvm/java-8-openjdk-amd64/jre/lib/resources.jar
7f7c94b39000-7f7c94b94000 r-xp 00000000 08:06 10626588                   /usr/lib/jvm/java-8-openjdk-amd64/jre/lib/amd64/libawt_xawt.so
7f7c94b94000-7f7c94d93000 ---p 0005b000 08:06 10626588                   /usr/lib/jvm/java-8-openjdk-amd64/jre/lib/amd64/libawt_xawt.so
7f7c94d93000-7f7c94d94000 r--p 0005a000 08:06 10626588                   /usr/lib/jvm/java-8-openjdk-amd64/jre/lib/amd64/libawt_xawt.so
7f7c94d94000-7f7c94d97000 rw-p 0005b000 08:06 10626588                   /usr/lib/jvm/java-8-openjdk-amd64/jre/lib/amd64/libawt_xawt.so
7f7c94d97000-7f7c94d99000 rw-p 00000000 00:00 0 
7f7c94d99000-7f7c94e38000 r-xp 00000000 08:06 10626583                   /usr/lib/jvm/java-8-openjdk-amd64/jre/lib/amd64/libawt.so
7f7c94e38000-7f7c95037000 ---p 0009f000 08:06 10626583                   /usr/lib/jvm/java-8-openjdk-amd64/jre/lib/amd64/libawt.so
7f7c95037000-7f7c95038000 r--p 0009e000 08:06 10626583                   /usr/lib/jvm/java-8-openjdk-amd64/jre/lib/amd64/libawt.so
7f7c95038000-7f7c95043000 rw-p 0009f000 08:06 10626583                   /usr/lib/jvm/java-8-openjdk-amd64/jre/lib/amd64/libawt.so
7f7c95043000-7f7c95068000 rw-p 00000000 00:00 0 
7f7c95068000-7f7c9506d000 r--s 002f9000 08:06 10627689                   /usr/lib/jvm/java-8-openjdk-amd64/jre/lib/charsets.jar
7f7c9506d000-7f7c95074000 r--s 0005b000 08:06 6554083                    /home/sneha/contiki-2.7/tools/cooja/lib/jsyntaxpane.jar
7f7c95074000-7f7c9507b000 r--s 0004f000 08:06 6554084                    /home/sneha/contiki-2.7/tools/cooja/lib/log4j.jar
7f7c9507b000-7f7c95096000 r--s 001d6000 08:06 10627714                   /usr/lib/jvm/java-8-openjdk-amd64/jre/lib/ext/nashorn.jar
7f7c95096000-7f7c950b1000 r--s 00394000 08:06 10627709                   /usr/lib/jvm/java-8-openjdk-amd64/jre/lib/ext/cldrdata.jar
7f7c950b1000-7f7c950b2000 ---p 00000000 00:00 0 
7f7c950b2000-7f7c951b2000 rw-p 00000000 00:00 0 
7f7c951b2000-7f7c951b5000 ---p 00000000 00:00 0 
7f7c951b5000-7f7c952b3000 rw-p 00000000 00:00 0 
7f7c952b3000-7f7c952b6000 ---p 00000000 00:00 0 
7f7c952b6000-7f7c953b4000 rw-p 00000000 00:00 0 
7f7c953b4000-7f7c95d83000 r--p 00000000 08:06 10621656                   /usr/lib/locale/locale-archive
7f7c95d83000-7f7c95d86000 ---p 00000000 00:00 0 
7f7c95d86000-7f7c95e84000 rw-p 00000000 00:00 0 
7f7c95e84000-7f7c95e87000 ---p 00000000 00:00 0 
7f7c95e87000-7f7c95f85000 rw-p 00000000 00:00 0 
7f7c95f85000-7f7c95f86000 ---p 00000000 00:00 0 
7f7c95f86000-7f7c98000000 rw-p 00000000 00:00 0 
7f7c98000000-7f7c98021000 rw-p 00000000 00:00 0 
7f7c98021000-7f7c9c000000 ---p 00000000 00:00 0 
7f7c9c000000-7f7c9d000000 rw-p 00000000 00:00 0 
7f7c9d000000-7f7c9d270000 rwxp 00000000 00:00 0 
7f7c9d270000-7f7cac000000 ---p 00000000 00:00 0 
7f7cac000000-7f7cac50b000 rw-p 00000000 00:00 0 
7f7cac50b000-7f7cb0000000 ---p 00000000 00:00 0 
7f7cb0000000-7f7cb0001000 r--s 00000000 08:06 5243211                    /var/cache/fontconfig/49f0de54bdd920fe4f0dfd4cbac43e6b-le64.cache-7
7f7cb0001000-7f7cb0004000 r--s 00000000 08:06 5243253                    /var/cache/fontconfig/e13b20fdb08344e0e664864cc2ede53d-le64.cache-7
7f7cb0004000-7f7cb0007000 r--s 00022000 08:06 6554082                    /home/sneha/contiki-2.7/tools/cooja/lib/jdom.jar
7f7cb0007000-7f7cb0011000 r--s 00116000 08:06 10627713                   /usr/lib/jvm/java-8-openjdk-amd64/jre/lib/ext/localedata.jar
7f7cb0011000-7f7cb0529000 rw-p 00000000 00:00 0 
7f7cb0529000-7f7cb06f9000 r--s 03c5c000 08:06 10630408                   /usr/lib/jvm/java-8-openjdk-amd64/jre/lib/rt.jar
7f7cb06f9000-7f7cb08ca000 rw-p 00000000 00:00 0 
7f7cb08ca000-7f7cb08cb000 ---p 00000000 00:00 0 
7f7cb08cb000-7f7cb09cb000 rw-p 00000000 00:00 0 
7f7cb09cb000-7f7cb09cc000 ---p 00000000 00:00 0 
7f7cb09cc000-7f7cb0acc000 rw-p 00000000 00:00 0 
7f7cb0acc000-7f7cb0acd000 ---p 00000000 00:00 0 
7f7cb0acd000-7f7cb0bcd000 rw-p 00000000 00:00 0 
7f7cb0bcd000-7f7cb0bce000 ---p 00000000 00:00 0 
7f7cb0bce000-7f7cb0cce000 rw-p 00000000 00:00 0 
7f7cb0cce000-7f7cb0ccf000 ---p 00000000 00:00 0 
7f7cb0ccf000-7f7cb0dcf000 rw-p 00000000 00:00 0 
7f7cb0dcf000-7f7cb0dd0000 ---p 00000000 00:00 0 
7f7cb0dd0000-7f7cb0ed0000 rw-p 00000000 00:00 0 
7f7cb0ed0000-7f7cb0ed1000 ---p 00000000 00:00 0 
7f7cb0ed1000-7f7cb0fd1000 rw-p 00000000 00:00 0 
7f7cb0fd1000-7f7cb0fd2000 ---p 00000000 00:00 0 
7f7cb0fd2000-7f7cb10e5000 rw-p 00000000 00:00 0 
7f7cb10e5000-7f7cb117c000 ---p 00000000 00:00 0 
7f7cb117c000-7f7cb11c0000 rw-p 00000000 00:00 0 
7f7cb11c0000-7f7cb11d2000 ---p 00000000 00:00 0 
7f7cb11d2000-7f7cb11dd000 rw-p 00000000 00:00 0 
7f7cb11dd000-7f7cb1593000 ---p 00000000 00:00 0 
7f7cb1593000-7f7cb159b000 r-xp 00000000 08:06 10627678                   /usr/lib/jvm/java-8-openjdk-amd64/jre/lib/amd64/libzip.so
7f7cb159b000-7f7cb179a000 ---p 00008000 08:06 10627678                   /usr/lib/jvm/java-8-openjdk-amd64/jre/lib/amd64/libzip.so
7f7cb179a000-7f7cb179b000 r--p 00007000 08:06 10627678                   /usr/lib/jvm/java-8-openjdk-amd64/jre/lib/amd64/libzip.so
7f7cb179b000-7f7cb179c000 rw-p 00008000 08:06 10627678                   /usr/lib/jvm/java-8-openjdk-amd64/jre/lib/amd64/libzip.so
7f7cb179c000-7f7cb17a7000 r-xp 00000000 08:06 10359556                   /lib/x86_64-linux-gnu/libnss_files-2.27.so
7f7cb17a7000-7f7cb19a6000 ---p 0000b000 08:06 10359556                   /lib/x86_64-linux-gnu/libnss_files-2.27.so
7f7cb19a6000-7f7cb19a7000 r--p 0000a000 08:06 10359556                   /lib/x86_64-linux-gnu/libnss_files-2.27.so
7f7cb19a7000-7f7cb19a8000 rw-p 0000b000 08:06 10359556                   /lib/x86_64-linux-gnu/libnss_files-2.27.so
7f7cb19a8000-7f7cb19ae000 rw-p 00000000 00:00 0 
7f7cb19ae000-7f7cb19c5000 r-xp 00000000 08:06 10359550                   /lib/x86_64-linux-gnu/libnsl-2.27.so
7f7cb19c5000-7f7cb1bc4000 ---p 00017000 08:06 10359550                   /lib/x86_64-linux-gnu/libnsl-2.27.so
7f7cb1bc4000-7f7cb1bc5000 r--p 00016000 08:06 10359550                   /lib/x86_64-linux-gnu/libnsl-2.27.so
7f7cb1bc5000-7f7cb1bc6000 rw-p 00017000 08:06 10359550                   /lib/x86_64-linux-gnu/libnsl-2.27.so
7f7cb1bc6000-7f7cb1bc8000 rw-p 00000000 00:00 0 
7f7cb1bc8000-7f7cb1bd3000 r-xp 00000000 08:06 10359567                   /lib/x86_64-linux-gnu/libnss_nis-2.27.so
7f7cb1bd3000-7f7cb1dd2000 ---p 0000b000 08:06 10359567                   /lib/x86_64-linux-gnu/libnss_nis-2.27.so
7f7cb1dd2000-7f7cb1dd3000 r--p 0000a000 08:06 10359567                   /lib/x86_64-linux-gnu/libnss_nis-2.27.so
7f7cb1dd3000-7f7cb1dd4000 rw-p 0000b000 08:06 10359567                   /lib/x86_64-linux-gnu/libnss_nis-2.27.so
7f7cb1dd4000-7f7cb1ddc000 r-xp 00000000 08:06 10359552                   /lib/x86_64-linux-gnu/libnss_compat-2.27.so
7f7cb1ddc000-7f7cb1fdc000 ---p 00008000 08:06 10359552                   /lib/x86_64-linux-gnu/libnss_compat-2.27.so
7f7cb1fdc000-7f7cb1fdd000 r--p 00008000 08:06 10359552                   /lib/x86_64-linux-gnu/libnss_compat-2.27.so
7f7cb1fdd000-7f7cb1fde000 rw-p 00009000 08:06 10359552                   /lib/x86_64-linux-gnu/libnss_compat-2.27.so
7f7cb1fde000-7f7cb2008000 r-xp 00000000 08:06 10626641                   /usr/lib/jvm/java-8-openjdk-amd64/jre/lib/amd64/libjava.so
7f7cb2008000-7f7cb2207000 ---p 0002a000 08:06 10626641                   /usr/lib/jvm/java-8-openjdk-amd64/jre/lib/amd64/libjava.so
7f7cb2207000-7f7cb2208000 r--p 00029000 08:06 10626641                   /usr/lib/jvm/java-8-openjdk-amd64/jre/lib/amd64/libjava.so
7f7cb2208000-7f7cb220a000 rw-p 0002a000 08:06 10626641                   /usr/lib/jvm/java-8-openjdk-amd64/jre/lib/amd64/libjava.so
7f7cb220a000-7f7cb221a000 r-xp 00000000 08:06 10627129                   /usr/lib/jvm/java-8-openjdk-amd64/jre/lib/amd64/libverify.so
7f7cb221a000-7f7cb2419000 ---p 00010000 08:06 10627129                   /usr/lib/jvm/java-8-openjdk-amd64/jre/lib/amd64/libverify.so
7f7cb2419000-7f7cb241b000 r--p 0000f000 08:06 10627129                   /usr/lib/jvm/java-8-openjdk-amd64/jre/lib/amd64/libverify.so
7f7cb241b000-7f7cb241c000 rw-p 00011000 08:06 10627129                   /usr/lib/jvm/java-8-openjdk-amd64/jre/lib/amd64/libverify.so
7f7cb241c000-7f7cb2423000 r-xp 00000000 08:06 10359607                   /lib/x86_64-linux-gnu/librt-2.27.so
7f7cb2423000-7f7cb2622000 ---p 00007000 08:06 10359607                   /lib/x86_64-linux-gnu/librt-2.27.so
7f7cb2622000-7f7cb2623000 r--p 00006000 08:06 10359607                   /lib/x86_64-linux-gnu/librt-2.27.so
7f7cb2623000-7f7cb2624000 rw-p 00007000 08:06 10359607                   /lib/x86_64-linux-gnu/librt-2.27.so
7f7cb2624000-7f7cb263b000 r-xp 00000000 08:06 10359358                   /lib/x86_64-linux-gnu/libgcc_s.so.1
7f7cb263b000-7f7cb283a000 ---p 00017000 08:06 10359358                   /lib/x86_64-linux-gnu/libgcc_s.so.1
7f7cb283a000-7f7cb283b000 r--p 00016000 08:06 10359358                   /lib/x86_64-linux-gnu/libgcc_s.so.1
7f7cb283b000-7f7cb283c000 rw-p 00017000 08:06 10359358                   /lib/x86_64-linux-gnu/libgcc_s.so.1
7f7cb283c000-7f7cb29d9000 r-xp 00000000 08:06 10359529                   /lib/x86_64-linux-gnu/libm-2.27.so
7f7cb29d9000-7f7cb2bd8000 ---p 0019d000 08:06 10359529                   /lib/x86_64-linux-gnu/libm-2.27.so
7f7cb2bd8000-7f7cb2bd9000 r--p 0019c000 08:06 10359529                   /lib/x86_64-linux-gnu/libm-2.27.so
7f7cb2bd9000-7f7cb2bda000 rw-p 0019d000 08:06 10359529                   /lib/x86_64-linux-gnu/libm-2.27.so
7f7cb2bda000-7f7cb2d53000 r-xp 00000000 08:06 10623012                   /usr/lib/x86_64-linux-gnu/libstdc++.so.6.0.25
7f7cb2d53000-7f7cb2f53000 ---p 00179000 08:06 10623012                   /usr/lib/x86_64-linux-gnu/libstdc++.so.6.0.25
7f7cb2f53000-7f7cb2f5d000 r--p 00179000 08:06 10623012                   /usr/lib/x86_64-linux-gnu/libstdc++.so.6.0.25
7f7cb2f5d000-7f7cb2f5f000 rw-p 00183000 08:06 10623012                   /usr/lib/x86_64-linux-gnu/libstdc++.so.6.0.25
7f7cb2f5f000-7f7cb2f63000 rw-p 00000000 00:00 0 
7f7cb2f63000-7f7cb3c02000 r-xp 00000000 08:06 10627685                   /usr/lib/jvm/java-8-openjdk-amd64/jre/lib/amd64/server/libjvm.so
7f7cb3c02000-7f7cb3e02000 ---p 00c9f000 08:06 10627685                   /usr/lib/jvm/java-8-openjdk-amd64/jre/lib/amd64/server/libjvm.so
7f7cb3e02000-7f7cb3e96000 r--p 00c9f000 08:06 10627685                   /usr/lib/jvm/java-8-openjdk-amd64/jre/lib/amd64/server/libjvm.so
7f7cb3e96000-7f7cb3ebf000 rw-p 00d33000 08:06 10627685                   /usr/lib/jvm/java-8-openjdk-amd64/jre/lib/amd64/server/libjvm.so
7f7cb3ebf000-7f7cb3eef000 rw-p 00000000 00:00 0 
7f7cb3eef000-7f7cb3f09000 r-xp 00000000 08:06 10359599                   /lib/x86_64-linux-gnu/libpthread-2.27.so
7f7cb3f09000-7f7cb4108000 ---p 0001a000 08:06 10359599                   /lib/x86_64-linux-gnu/libpthread-2.27.so
7f7cb4108000-7f7cb4109000 r--p 00019000 08:06 10359599                   /lib/x86_64-linux-gnu/libpthread-2.27.so
7f7cb4109000-7f7cb410a000 rw-p 0001a000 08:06 10359599                   /lib/x86_64-linux-gnu/libpthread-2.27.so
7f7cb410a000-7f7cb410e000 rw-p 00000000 00:00 0 
7f7cb410e000-7f7cb4111000 r-xp 00000000 08:06 10359489                   /lib/x86_64-linux-gnu/libdl-2.27.so
7f7cb4111000-7f7cb4310000 ---p 00003000 08:06 10359489                   /lib/x86_64-linux-gnu/libdl-2.27.so
7f7cb4310000-7f7cb4311000 r--p 00002000 08:06 10359489                   /lib/x86_64-linux-gnu/libdl-2.27.so
7f7cb4311000-7f7cb4312000 rw-p 00003000 08:06 10359489                   /lib/x86_64-linux-gnu/libdl-2.27.so
7f7cb4312000-7f7cb432e000 r-xp 00000000 08:06 10359638                   /lib/x86_64-linux-gnu/libz.so.1.2.11
7f7cb432e000-7f7cb452d000 ---p 0001c000 08:06 10359638                   /lib/x86_64-linux-gnu/libz.so.1.2.11
7f7cb452d000-7f7cb452e000 r--p 0001b000 08:06 10359638                   /lib/x86_64-linux-gnu/libz.so.1.2.11
7f7cb452e000-7f7cb452f000 rw-p 0001c000 08:06 10359638                   /lib/x86_64-linux-gnu/libz.so.1.2.11
7f7cb452f000-7f7cb4716000 r-xp 00000000 08:06 10359466                   /lib/x86_64-linux-gnu/libc-2.27.so
7f7cb4716000-7f7cb4916000 ---p 001e7000 08:06 10359466                   /lib/x86_64-linux-gnu/libc-2.27.so
7f7cb4916000-7f7cb491a000 r--p 001e7000 08:06 10359466                   /lib/x86_64-linux-gnu/libc-2.27.so
7f7cb491a000-7f7cb491c000 rw-p 001eb000 08:06 10359466                   /lib/x86_64-linux-gnu/libc-2.27.so
7f7cb491c000-7f7cb4920000 rw-p 00000000 00:00 0 
7f7cb4920000-7f7cb492e000 r-xp 00000000 08:06 10619879                   /usr/lib/jvm/java-8-openjdk-amd64/jre/lib/amd64/jli/libjli.so
7f7cb492e000-7f7cb4b2d000 ---p 0000e000 08:06 10619879                   /usr/lib/jvm/java-8-openjdk-amd64/jre/lib/amd64/jli/libjli.so
7f7cb4b2d000-7f7cb4b2e000 r--p 0000d000 08:06 10619879                   /usr/lib/jvm/java-8-openjdk-amd64/jre/lib/amd64/jli/libjli.so
7f7cb4b2e000-7f7cb4b2f000 rw-p 0000e000 08:06 10619879                   /usr/lib/jvm/java-8-openjdk-amd64/jre/lib/amd64/jli/libjli.so
7f7cb4b2f000-7f7cb4b56000 r-xp 00000000 08:06 10359438                   /lib/x86_64-linux-gnu/ld-2.27.so
7f7cb4b56000-7f7cb4b57000 r--s 00000000 08:06 5243258                    /var/cache/fontconfig/f6e6e0a5c3d2f6ae0c0c2e0ecd42a997-le64.cache-7
7f7cb4b57000-7f7cb4b5a000 r--s 00039000 08:06 10627717                   /usr/lib/jvm/java-8-openjdk-amd64/jre/lib/ext/sunpkcs11.jar
7f7cb4b5a000-7f7cb4b5d000 r--s 0000f000 08:06 10627711                   /usr/lib/jvm/java-8-openjdk-amd64/jre/lib/ext/icedtea-sound.jar
7f7cb4b5d000-7f7cb4b62000 r--s 0003c000 08:06 10627716                   /usr/lib/jvm/java-8-openjdk-amd64/jre/lib/ext/sunjce_provider.jar
7f7cb4b62000-7f7cb4b64000 r--s 00007000 08:06 11147219                   /usr/share/java/java-atk-wrapper.jar
7f7cb4b64000-7f7cb4b9f000 rw-p 00000000 00:00 0 
7f7cb4b9f000-7f7cb4c37000 ---p 00000000 00:00 0 
7f7cb4c37000-7f7cb4c38000 ---p 00000000 00:00 0 
7f7cb4c38000-7f7cb4c3b000 ---p 00000000 00:00 0 
7f7cb4c3b000-7f7cb4d3a000 rw-p 00000000 00:00 0 
7f7cb4d3a000-7f7cb4d3b000 r--s 00000000 08:06 5243212                    /var/cache/fontconfig/4b2eda6bb976bda485cb2176619421d5-le64.cache-7
7f7cb4d3b000-7f7cb4d3c000 r--s 0000a000 08:06 10627712                   /usr/lib/jvm/java-8-openjdk-amd64/jre/lib/ext/jaccess.jar
7f7cb4d3c000-7f7cb4d3d000 r--s 0000d000 08:06 10627715                   /usr/lib/jvm/java-8-openjdk-amd64/jre/lib/ext/sunec.jar
7f7cb4d3d000-7f7cb4d3e000 r--s 00010000 08:06 10627718                   /usr/lib/jvm/java-8-openjdk-amd64/jre/lib/ext/zipfs.jar
7f7cb4d3e000-7f7cb4d40000 r--s 00001000 08:06 10627710                   /usr/lib/jvm/java-8-openjdk-amd64/jre/lib/ext/dnsns.jar
7f7cb4d40000-7f7cb4d4a000 rw-p 00000000 00:00 0 
7f7cb4d4a000-7f7cb4d52000 rw-s 00000000 08:06 1441967                    /tmp/hsperfdata_root/23491
7f7cb4d52000-7f7cb4d53000 rw-p 00000000 00:00 0 
7f7cb4d53000-7f7cb4d54000 r--p 00000000 00:00 0 
7f7cb4d54000-7f7cb4d56000 rw-p 00000000 00:00 0 
7f7cb4d56000-7f7cb4d57000 r--p 00027000 08:06 10359438                   /lib/x86_64-linux-gnu/ld-2.27.so
7f7cb4d57000-7f7cb4d58000 rw-p 00028000 08:06 10359438                   /lib/x86_64-linux-gnu/ld-2.27.so
7f7cb4d58000-7f7cb4d59000 rw-p 00000000 00:00 0 
7ffe3f763000-7ffe3f784000 rw-p 00000000 00:00 0                          [stack]
7ffe3f7f4000-7ffe3f7f7000 r--p 00000000 00:00 0                          [vvar]
7ffe3f7f7000-7ffe3f7f9000 r-xp 00000000 00:00 0                          [vdso]
ffffffffff600000-ffffffffff601000 r-xp 00000000 00:00 0                  [vsyscall]

VM Arguments:
jvm_args: -Djava.compiler=NONE -Xmx512m -Duser.language=en 
java_command: se.sics.cooja.GUI
java_class_path (initial): /home/sneha/contiki-2.7/tools/cooja/build:/home/sneha/contiki-2.7/tools/cooja/lib/jdom.jar:/home/sneha/contiki-2.7/tools/cooja/lib/log4j.jar:/home/sneha/contiki-2.7/tools/cooja/lib/jsyntaxpane.jar
Launcher Type: SUN_STANDARD

Environment Variables:
JAVA_HOME=/usr/lib/jvm/java-8-openjdk-amd64
PATH=/usr/local/sbin:/usr/local/bin:/usr/sbin:/usr/bin:/sbin:/bin:/snap/bin
USERNAME=root
LD_LIBRARY_PATH=.
SHELL=/bin/bash
DISPLAY=:0

Signal Handlers:
SIGSEGV: [libjvm.so+0xab92f0], sa_mask[0]=11111111011111111101111111111110, sa_flags=SA_RESTART|SA_SIGINFO
SIGBUS: [libjvm.so+0xab92f0], sa_mask[0]=11111111011111111101111111111110, sa_flags=SA_RESTART|SA_SIGINFO
SIGFPE: [libjvm.so+0x8ee560], sa_mask[0]=11111111011111111101111111111110, sa_flags=SA_RESTART|SA_SIGINFO
SIGPIPE: [libjvm.so+0x8ee560], sa_mask[0]=11111111011111111101111111111110, sa_flags=SA_RESTART|SA_SIGINFO
SIGXFSZ: [libjvm.so+0x8ee560], sa_mask[0]=11111111011111111101111111111110, sa_flags=SA_RESTART|SA_SIGINFO
SIGILL: [libjvm.so+0x8ee560], sa_mask[0]=11111111011111111101111111111110, sa_flags=SA_RESTART|SA_SIGINFO
SIGUSR1: SIG_DFL, sa_mask[0]=00000000000000000000000000000000, sa_flags=none
SIGUSR2: [libjvm.so+0x8ee410], sa_mask[0]=00100000000000000000000000000000, sa_flags=SA_RESTART|SA_SIGINFO
SIGHUP: [libjvm.so+0x8eea80], sa_mask[0]=11111111011111111101111111111110, sa_flags=SA_RESTART|SA_SIGINFO
SIGINT: [libjvm.so+0x8eea80], sa_mask[0]=11111111011111111101111111111110, sa_flags=SA_RESTART|SA_SIGINFO
SIGTERM: [libjvm.so+0x8eea80], sa_mask[0]=11111111011111111101111111111110, sa_flags=SA_RESTART|SA_SIGINFO
SIGQUIT: [libjvm.so+0x8eea80], sa_mask[0]=11111111011111111101111111111110, sa_flags=SA_RESTART|SA_SIGINFO


---------------  S Y S T E M  ---------------

OS:DISTRIB_ID=Ubuntu
DISTRIB_RELEASE=18.04
DISTRIB_CODENAME=bionic
DISTRIB_DESCRIPTION="Ubuntu 18.04.3 LTS"

uname:Linux 4.15.0-58-generic #64-Ubuntu SMP Tue Aug 6 11:12:41 UTC 2019 x86_64
libc:glibc 2.27 NPTL 2.27 
rlimit: STACK 8192k, CORE infinity, NPROC 30810, NOFILE 4096, AS infinity
load average:0.28 0.66 0.87

/proc/meminfo:
MemTotal:        8053424 kB
MemFree:          348968 kB
MemAvailable:    2626348 kB
Buffers:          109072 kB
Cached:          2695716 kB
SwapCached:         2200 kB
Active:          5356812 kB
Inactive:        1571756 kB
Active(anon):    4021856 kB
Inactive(anon):   776692 kB
Active(file):    1334956 kB
Inactive(file):   795064 kB
Unevictable:          48 kB
Mlocked:              48 kB
SwapTotal:       2097148 kB
SwapFree:        2051568 kB
Dirty:               240 kB
Writeback:             0 kB
AnonPages:       4119748 kB
Mapped:           631112 kB
Shmem:            674752 kB
Slab:             545384 kB
SReclaimable:     450424 kB
SUnreclaim:        94960 kB
KernelStack:       20080 kB
PageTables:       101300 kB
NFS_Unstable:          0 kB
Bounce:                0 kB
WritebackTmp:          0 kB
CommitLimit:     6123860 kB
Committed_AS:   16015144 kB
VmallocTotal:   34359738367 kB
VmallocUsed:           0 kB
VmallocChunk:          0 kB
HardwareCorrupted:     0 kB
AnonHugePages:         0 kB
ShmemHugePages:        0 kB
ShmemPmdMapped:        0 kB
CmaTotal:              0 kB
CmaFree:               0 kB
HugePages_Total:       0
HugePages_Free:        0
HugePages_Rsvd:        0
HugePages_Surp:        0
Hugepagesize:       2048 kB
DirectMap4k:      510588 kB
DirectMap2M:     7763968 kB
DirectMap1G:     1048576 kB

container (cgroup) information:
container_type: cgroupv1
cpu_cpuset_cpus: 0-7
cpu_memory_nodes: 0
active_processor_count: 8
cpu_quota: -1
cpu_period: 100000
cpu_shares: -1
memory_limit_in_bytes: -1
memory_and_swap_limit_in_bytes: -2
memory_soft_limit_in_bytes: -1
memory_usage_in_bytes: 7095095296
memory_max_usage_in_bytes: 421617664


CPU:total 8 (initial active 8) (4 cores per cpu, 2 threads per core) family 6 model 158 stepping 9, cmov, cx8, fxsr, mmx, sse, sse2, sse3, ssse3, sse4.1, sse4.2, popcnt, avx, avx2, aes, clmul, erms, rtm, 3dnowpref, lzcnt, ht, tsc, tscinvbit, bmi1, bmi2, adx

/proc/cpuinfo:
processor	: 0
vendor_id	: GenuineIntel
cpu family	: 6
model		: 158
model name	: Intel(R) Core(TM) i7-7700 CPU @ 3.60GHz
stepping	: 9
microcode	: 0xb4
cpu MHz		: 3908.795
cache size	: 8192 KB
physical id	: 0
siblings	: 8
core id		: 0
cpu cores	: 4
apicid		: 0
initial apicid	: 0
fpu		: yes
fpu_exception	: yes
cpuid level	: 22
wp		: yes
flags		: fpu vme de pse tsc msr pae mce cx8 apic sep mtrr pge mca cmov pat pse36 clflush dts acpi mmx fxsr sse sse2 ss ht tm pbe syscall nx pdpe1gb rdtscp lm constant_tsc art arch_perfmon pebs bts rep_good nopl xtopology nonstop_tsc cpuid aperfmperf tsc_known_freq pni pclmulqdq dtes64 monitor ds_cpl vmx smx est tm2 ssse3 sdbg fma cx16 xtpr pdcm pcid sse4_1 sse4_2 x2apic movbe popcnt tsc_deadline_timer aes xsave avx f16c rdrand lahf_lm abm 3dnowprefetch cpuid_fault epb invpcid_single pti ssbd ibrs ibpb stibp tpr_shadow vnmi flexpriority ept vpid fsgsbase tsc_adjust bmi1 hle avx2 smep bmi2 erms invpcid rtm mpx rdseed adx smap clflushopt intel_pt xsaveopt xsavec xgetbv1 xsaves dtherm ida arat pln pts hwp hwp_notify hwp_act_window hwp_epp md_clear flush_l1d
bugs		: cpu_meltdown spectre_v1 spectre_v2 spec_store_bypass l1tf mds swapgs
bogomips	: 7200.00
clflush size	: 64
cache_alignment	: 64
address sizes	: 39 bits physical, 48 bits virtual
power management:

processor	: 1
vendor_id	: GenuineIntel
cpu family	: 6
model		: 158
model name	: Intel(R) Core(TM) i7-7700 CPU @ 3.60GHz
stepping	: 9
microcode	: 0xb4
cpu MHz		: 3963.672
cache size	: 8192 KB
physical id	: 0
siblings	: 8
core id		: 1
cpu cores	: 4
apicid		: 2
initial apicid	: 2
fpu		: yes
fpu_exception	: yes
cpuid level	: 22
wp		: yes
flags		: fpu vme de pse tsc msr pae mce cx8 apic sep mtrr pge mca cmov pat pse36 clflush dts acpi mmx fxsr sse sse2 ss ht tm pbe syscall nx pdpe1gb rdtscp lm constant_tsc art arch_perfmon pebs bts rep_good nopl xtopology nonstop_tsc cpuid aperfmperf tsc_known_freq pni pclmulqdq dtes64 monitor ds_cpl vmx smx est tm2 ssse3 sdbg fma cx16 xtpr pdcm pcid sse4_1 sse4_2 x2apic movbe popcnt tsc_deadline_timer aes xsave avx f16c rdrand lahf_lm abm 3dnowprefetch cpuid_fault epb invpcid_single pti ssbd ibrs ibpb stibp tpr_shadow vnmi flexpriority ept vpid fsgsbase tsc_adjust bmi1 hle avx2 smep bmi2 erms invpcid rtm mpx rdseed adx smap clflushopt intel_pt xsaveopt xsavec xgetbv1 xsaves dtherm ida arat pln pts hwp hwp_notify hwp_act_window hwp_epp md_clear flush_l1d
bugs		: cpu_meltdown spectre_v1 spectre_v2 spec_store_bypass l1tf mds swapgs
bogomips	: 7200.00
clflush size	: 64
cache_alignment	: 64
address sizes	: 39 bits physical, 48 bits virtual
power management:

processor	: 2
vendor_id	: GenuineIntel
cpu family	: 6
model		: 158
model name	: Intel(R) Core(TM) i7-7700 CPU @ 3.60GHz
stepping	: 9
microcode	: 0xb4
cpu MHz		: 4077.491
cache size	: 8192 KB
physical id	: 0
siblings	: 8
core id		: 2
cpu cores	: 4
apicid		: 4
initial apicid	: 4
fpu		: yes
fpu_exception	: yes
cpuid level	: 22
wp		: yes
flags		: fpu vme de pse tsc msr pae mce cx8 apic sep mtrr pge mca cmov pat pse36 clflush dts acpi mmx fxsr sse sse2 ss ht tm pbe syscall nx pdpe1gb rdtscp lm constant_tsc art arch_perfmon pebs bts rep_good nopl xtopology nonstop_tsc cpuid aperfmperf tsc_known_freq pni pclmulqdq dtes64 monitor ds_cpl vmx smx est tm2 ssse3 sdbg fma cx16 xtpr pdcm pcid sse4_1 sse4_2 x2apic movbe popcnt tsc_deadline_timer aes xsave avx f16c rdrand lahf_lm abm 3dnowprefetch cpuid_fault epb invpcid_single pti ssbd ibrs ibpb stibp tpr_shadow vnmi flexpriority ept vpid fsgsbase tsc_adjust bmi1 hle avx2 smep bmi2 erms invpcid rtm mpx rdseed adx smap clflushopt intel_pt xsaveopt xsavec xgetbv1 xsaves dtherm ida arat pln pts hwp hwp_notify hwp_act_window hwp_epp md_clear flush_l1d
bugs		: cpu_meltdown spectre_v1 spectre_v2 spec_store_bypass l1tf mds swapgs
bogomips	: 7200.00
clflush size	: 64
cache_alignment	: 64
address sizes	: 39 bits physical, 48 bits virtual
power management:

processor	: 3
vendor_id	: GenuineIntel
cpu family	: 6
model		: 158
model name	: Intel(R) Core(TM) i7-7700 CPU @ 3.60GHz
stepping	: 9
microcode	: 0xb4
cpu MHz		: 3865.023
cache size	: 8192 KB
physical id	: 0
siblings	: 8
core id		: 3
cpu cores	: 4
apicid		: 6
initial apicid	: 6
fpu		: yes
fpu_exception	: yes
cpuid level	: 22
wp		: yes
flags		: fpu vme de pse tsc msr pae mce cx8 apic sep mtrr pge mca cmov pat pse36 clflush dts acpi mmx fxsr sse sse2 ss ht tm pbe syscall nx pdpe1gb rdtscp lm constant_tsc art arch_perfmon pebs bts rep_good nopl xtopology nonstop_tsc cpuid aperfmperf tsc_known_freq pni pclmulqdq dtes64 monitor ds_cpl vmx smx est tm2 ssse3 sdbg fma cx16 xtpr pdcm pcid sse4_1 sse4_2 x2apic movbe popcnt tsc_deadline_timer aes xsave avx f16c rdrand lahf_lm abm 3dnowprefetch cpuid_fault epb invpcid_single pti ssbd ibrs ibpb stibp tpr_shadow vnmi flexpriority ept vpid fsgsbase tsc_adjust bmi1 hle avx2 smep bmi2 erms invpcid rtm mpx rdseed adx smap clflushopt intel_pt xsaveopt xsavec xgetbv1 xsaves dtherm ida arat pln pts hwp hwp_notify hwp_act_window hwp_epp md_clear flush_l1d
bugs		: cpu_meltdown spectre_v1 spectre_v2 spec_store_bypass l1tf mds swapgs
bogomips	: 7200.00
clflush size	: 64
cache_alignment	: 64
address sizes	: 39 bits physical, 48 bits virtual
power management:

processor	: 4
vendor_id	: GenuineIntel
cpu family	: 6
model		: 158
model name	: Intel(R) Core(TM) i7-7700 CPU @ 3.60GHz
stepping	: 9
microcode	: 0xb4
cpu MHz		: 3916.666
cache size	: 8192 KB
physical id	: 0
siblings	: 8
core id		: 0
cpu cores	: 4
apicid		: 1
initial apicid	: 1
fpu		: yes
fpu_exception	: yes
cpuid level	: 22
wp		: yes
flags		: fpu vme de pse tsc msr pae mce cx8 apic sep mtrr pge mca cmov pat pse36 clflush dts acpi mmx fxsr sse sse2 ss ht tm pbe syscall nx pdpe1gb rdtscp lm constant_tsc art arch_perfmon pebs bts rep_good nopl xtopology nonstop_tsc cpuid aperfmperf tsc_known_freq pni pclmulqdq dtes64 monitor ds_cpl vmx smx est tm2 ssse3 sdbg fma cx16 xtpr pdcm pcid sse4_1 sse4_2 x2apic movbe popcnt tsc_deadline_timer aes xsave avx f16c rdrand lahf_lm abm 3dnowprefetch cpuid_fault epb invpcid_single pti ssbd ibrs ibpb stibp tpr_shadow vnmi flexpriority ept vpid fsgsbase tsc_adjust bmi1 hle avx2 smep bmi2 erms invpcid rtm mpx rdseed adx smap clflushopt intel_pt xsaveopt xsavec xgetbv1 xsaves dtherm ida arat pln pts hwp hwp_notify hwp_act_window hwp_epp md_clear flush_l1d
bugs		: cpu_meltdown spectre_v1 spectre_v2 spec_store_bypass l1tf mds swapgs
bogomips	: 7200.00
clflush size	: 64
cache_alignment	: 64
address sizes	: 39 bits physical, 48 bits virtual
power management:

processor	: 5
vendor_id	: GenuineIntel
cpu family	: 6
model		: 158
model name	: Intel(R) Core(TM) i7-7700 CPU @ 3.60GHz
stepping	: 9
microcode	: 0xb4
cpu MHz		: 4095.561
cache size	: 8192 KB
physical id	: 0
siblings	: 8
core id		: 1
cpu cores	: 4
apicid		: 3
initial apicid	: 3
fpu		: yes
fpu_exception	: yes
cpuid level	: 22
wp		: yes
flags		: fpu vme de pse tsc msr pae mce cx8 apic sep mtrr pge mca cmov pat pse36 clflush dts acpi mmx fxsr sse sse2 ss ht tm pbe syscall nx pdpe1gb rdtscp lm constant_tsc art arch_perfmon pebs bts rep_good nopl xtopology nonstop_tsc cpuid aperfmperf tsc_known_freq pni pclmulqdq dtes64 monitor ds_cpl vmx smx est tm2 ssse3 sdbg fma cx16 xtpr pdcm pcid sse4_1 sse4_2 x2apic movbe popcnt tsc_deadline_timer aes xsave avx f16c rdrand lahf_lm abm 3dnowprefetch cpuid_fault epb invpcid_single pti ssbd ibrs ibpb stibp tpr_shadow vnmi flexpriority ept vpid fsgsbase tsc_adjust bmi1 hle avx2 smep bmi2 erms invpcid rtm mpx rdseed adx smap clflushopt intel_pt xsaveopt xsavec xgetbv1 xsaves dtherm ida arat pln pts hwp hwp_notify hwp_act_window hwp_epp md_clear flush_l1d
bugs		: cpu_meltdown spectre_v1 spectre_v2 spec_store_bypass l1tf mds swapgs
bogomips	: 7200.00
clflush size	: 64
cache_alignment	: 64
address sizes	: 39 bits physical, 48 bits virtual
power management:

processor	: 6
vendor_id	: GenuineIntel
cpu family	: 6
model		: 158
model name	: Intel(R) Core(TM) i7-7700 CPU @ 3.60GHz
stepping	: 9
microcode	: 0xb4
cpu MHz		: 4036.930
cache size	: 8192 KB
physical id	: 0
siblings	: 8
core id		: 2
cpu cores	: 4
apicid		: 5
initial apicid	: 5
fpu		: yes
fpu_exception	: yes
cpuid level	: 22
wp		: yes
flags		: fpu vme de pse tsc msr pae mce cx8 apic sep mtrr pge mca cmov pat pse36 clflush dts acpi mmx fxsr sse sse2 ss ht tm pbe syscall nx pdpe1gb rdtscp lm constant_tsc art arch_perfmon pebs bts rep_good nopl xtopology nonstop_tsc cpuid aperfmperf tsc_known_freq pni pclmulqdq dtes64 monitor ds_cpl vmx smx est tm2 ssse3 sdbg fma cx16 xtpr pdcm pcid sse4_1 sse4_2 x2apic movbe popcnt tsc_deadline_timer aes xsave avx f16c rdrand lahf_lm abm 3dnowprefetch cpuid_fault epb invpcid_single pti ssbd ibrs ibpb stibp tpr_shadow vnmi flexpriority ept vpid fsgsbase tsc_adjust bmi1 hle avx2 smep bmi2 erms invpcid rtm mpx rdseed adx smap clflushopt intel_pt xsaveopt xsavec xgetbv1 xsaves dtherm ida arat pln pts hwp hwp_notify hwp_act_window hwp_epp md_clear flush_l1d
bugs		: cpu_meltdown spectre_v1 spectre_v2 spec_store_bypass l1tf mds swapgs
bogomips	: 7200.00
clflush size	: 64
cache_alignment	: 64
address sizes	: 39 bits physical, 48 bits virtual
power management:

processor	: 7
vendor_id	: GenuineIntel
cpu family	: 6
model		: 158
model name	: Intel(R) Core(TM) i7-7700 CPU @ 3.60GHz
stepping	: 9
microcode	: 0xb4
cpu MHz		: 4138.949
cache size	: 8192 KB
physical id	: 0
siblings	: 8
core id		: 3
cpu cores	: 4
apicid		: 7
initial apicid	: 7
fpu		: yes
fpu_exception	: yes
cpuid level	: 22
wp		: yes
flags		: fpu vme de pse tsc msr pae mce cx8 apic sep mtrr pge mca cmov pat pse36 clflush dts acpi mmx fxsr sse sse2 ss ht tm pbe syscall nx pdpe1gb rdtscp lm constant_tsc art arch_perfmon pebs bts rep_good nopl xtopology nonstop_tsc cpuid aperfmperf tsc_known_freq pni pclmulqdq dtes64 monitor ds_cpl vmx smx est tm2 ssse3 sdbg fma cx16 xtpr pdcm pcid sse4_1 sse4_2 x2apic movbe popcnt tsc_deadline_timer aes xsave avx f16c rdrand lahf_lm abm 3dnowprefetch cpuid_fault epb invpcid_single pti ssbd ibrs ibpb stibp tpr_shadow vnmi flexpriority ept vpid fsgsbase tsc_adjust bmi1 hle avx2 smep bmi2 erms invpcid rtm mpx rdseed adx smap clflushopt intel_pt xsaveopt xsavec xgetbv1 xsaves dtherm ida arat pln pts hwp hwp_notify hwp_act_window hwp_epp md_clear flush_l1d
bugs		: cpu_meltdown spectre_v1 spectre_v2 spec_store_bypass l1tf mds swapgs
bogomips	: 7200.00
clflush size	: 64
cache_alignment	: 64
address sizes	: 39 bits physical, 48 bits virtual
power management:



Memory: 4k page, physical 8053424k(348844k free), swap 2097148k(2051568k free)

vm_info: OpenJDK 64-Bit Server VM (25.222-b10) for linux-amd64 JRE (1.8.0_222-8u222-b10-1ubuntu1~18.04.1-b10), built on Jul 18 2019 18:52:48 by "buildd" with gcc 7.4.0

time: Fri Sep 13 11:12:55 2019
timezone: IST
elapsed time: 101 seconds (0d 0h 1m 41s)

