#
# A fatal error has been detected by the Java Runtime Environment:
#
#  SIGSEGV (0xb) at pc=0x0000000000000000, pid=31512, tid=0x00007f3f08a64700
#
# JRE version: OpenJDK Runtime Environment (8.0_222-b10) (build 1.8.0_222-8u222-b10-1ubuntu1~18.04.1-b10)
# Java VM: OpenJDK 64-Bit Server VM (25.222-b10 interpreted mode linux-amd64 compressed oops)
# Problematic frame:
# C  0x0000000000000000
#
# Core dump written. Default location: /home/sneha/contiki-2.7/tools/cooja/build/core or core.31512
#
# If you would like to submit a bug report, please visit:
#   http://bugreport.java.com/bugreport/crash.jsp
# The crash happened outside the Java Virtual Machine in native code.
# See problematic frame for where to report the bug.
#

---------------  T H R E A D  ---------------

Current thread (0x00007f3ecc28d800):  JavaThread "Thread-6" [_thread_in_native, id=31705, stack(0x00007f3f08964000,0x00007f3f08a65000)]

siginfo: si_signo: 11 (SIGSEGV), si_code: 1 (SEGV_MAPERR), si_addr: 0x0000000000000000

Registers:
RAX=0x0000000000000000, RBX=0x00007f3f0885eaa0, RCX=0x00007f3f0886211a, RDX=0x00007f3f0885eb18
RSP=0x00007f3f0885d790, RBP=0x00007f3f0885d7c8, RSI=0x00007f3f0885eb18, RDI=0x0000000000000002
R8 =0x0000000000000080, R9 =0x00007f3f08860468, R10=0x0000000000000003, R11=0x00007f3f086437b4
R12=0x0000000000000000, R13=0x00007f3f0908bf00, R14=0x00007f3f08a637f8, R15=0x00007f3ecc28d800
RIP=0x0000000000000000, EFLAGS=0x0000000000010202, CSGSFS=0x002b000000000033, ERR=0x0000000000000014
  TRAPNO=0x000000000000000e

Top of Stack: (sp=0x00007f3f0885d790)
0x00007f3f0885d790:   00007f3f08640c17 0000008000000080
0x00007f3f0885d7a0:   0000000208860468 00000000000080fe
0x00007f3f0885d7b0:   0200020002000202 0000000300000040
0x00007f3f0885d7c0:   00007f3f0885eaa0 00007f3f0885d7f8
0x00007f3f0885d7d0:   00007f3f0864118b 00007f3f0885d7f8
0x00007f3f0885d7e0:   00007f3f0885e820 00007f3f08861c80
0x00007f3f0885d7f0:   0000000000000000 00007f3f0885d858
0x00007f3f0885d800:   00007f3f0863dbb5 00007f3f0885d8f8
0x00007f3f0885d810:   00007f3f0885d8e8 00007f3f0885d848
0x00007f3f0885d820:   00007f3f0885e820 00007f3f0885dee0
0x00007f3f0885d830:   00007f3f088599a0 000000000000aaaa
0x00007f3f0885d840:   0200020002000202 00007f3f0885d8a8
0x00007f3f0885d850:   0240b98f8c407c00 00007f3f0885d8a8
0x00007f3f0885d860:   00007f3f0863e0aa 00007f3f0885d8f8
0x00007f3f0885d870:   00007f3f0885d8e8 00007f3f0885d8a8
0x00007f3f0885d880:   00007f3f08643962 00007f3f0885e9b8
0x00007f3f0885d890:   00007f3f0885d958 0000000000000000
0x00007f3f0885d8a0:   00007f3ec805e310 00007f3f0885d978
0x00007f3f0885d8b0:   00007f3f0863f09b 0000000000000000
0x00007f3f0885d8c0:   0000007c087c0000 0000005e00000020
0x00007f3f0885d8d0:   00007f3f08862448 00007f3f08861ccc
0x00007f3f0885d8e0:   00007f3f0885e9b8 00000000000080fe
0x00007f3f0885d8f0:   0100010001000102 000000000000aaaa
0x00007f3f0885d900:   0100000000000000 0000020001000063
0x00007f3f0885d910:   ffffff0a0c080200 00007f3f01000300
0x00007f3f0885d920:   0000ffff08640080 0000000000000000
0x00007f3f0885d930:   0000aaaa08860470 0000000000000000
0x00007f3f0885d940:   0000000000000000 00007f3f08854040
0x00007f3f0885d950:   00007f3f0885d958 00007f3f0885e940
0x00007f3f0885d960:   000007b6000008e6 00000fff00001001
0x00007f3f0885d970:   0240b98f8c407c00 00007f3f0885d988
0x00007f3f0885d980:   00007f3f0864008b 00007f3f0885d9c8 

Instructions: (pc=0x0000000000000000)
0xffffffffffffffe0:   

Register to memory mapping:

RAX=0x0000000000000000 is an unknown value
RBX=0x00007f3f0885eaa0: <offset 0x22daa0> in /home/sneha/contiki-2.7/examples/ipv6/rpl-fuzzy/obj_cooja/mtype209.cooja at 0x00007f3f08631000
RCX=0x00007f3f0886211a: uip_ds6_if+0x5a in /home/sneha/contiki-2.7/examples/ipv6/rpl-fuzzy/obj_cooja/mtype209.cooja at 0x00007f3f08631000
RDX=0x00007f3f0885eb18: <offset 0x22db18> in /home/sneha/contiki-2.7/examples/ipv6/rpl-fuzzy/obj_cooja/mtype209.cooja at 0x00007f3f08631000
RSP=0x00007f3f0885d790: <offset 0x22c790> in /home/sneha/contiki-2.7/examples/ipv6/rpl-fuzzy/obj_cooja/mtype209.cooja at 0x00007f3f08631000
RBP=0x00007f3f0885d7c8: <offset 0x22c7c8> in /home/sneha/contiki-2.7/examples/ipv6/rpl-fuzzy/obj_cooja/mtype209.cooja at 0x00007f3f08631000
RSI=0x00007f3f0885eb18: <offset 0x22db18> in /home/sneha/contiki-2.7/examples/ipv6/rpl-fuzzy/obj_cooja/mtype209.cooja at 0x00007f3f08631000
RDI=0x0000000000000002 is an unknown value
R8 =0x0000000000000080 is an unknown value
R9 =0x00007f3f08860468: <offset 0x22f468> in /home/sneha/contiki-2.7/examples/ipv6/rpl-fuzzy/obj_cooja/mtype209.cooja at 0x00007f3f08631000
R10=0x0000000000000003 is an unknown value
R11=0x00007f3f086437b4: memb_free+0 in /home/sneha/contiki-2.7/examples/ipv6/rpl-fuzzy/obj_cooja/mtype209.cooja at 0x00007f3f08631000
R12=0x0000000000000000 is an unknown value
R13={method} {0x00007f3f0908bf00} 'tick' '()V' in 'se/sics/cooja/corecomm/Lib2'
R14=0x00007f3f08a637f8 is pointing into the stack for thread: 0x00007f3ecc28d800
R15=0x00007f3ecc28d800 is a thread


Stack: [0x00007f3f08964000,0x00007f3f08a65000],  sp=0x00007f3f0885d790,  free space=18014398509480933k
Java frames: (J=compiled Java code, j=interpreted, Vv=VM code)
j  se.sics.cooja.corecomm.Lib2.tick()V+0
j  se.sics.cooja.contikimote.ContikiMoteType.tick()V+4
j  se.sics.cooja.contikimote.ContikiMote.execute(J)V+63
j  se.sics.cooja.motes.AbstractWakeupMote$1.execute(J)V+5
j  se.sics.cooja.Simulation.run()V+184
j  java.lang.Thread.run()V+11
v  ~StubRoutines::call_stub

---------------  P R O C E S S  ---------------

Java Threads: ( => current thread )
=>0x00007f3ecc28d800 JavaThread "Thread-6" [_thread_in_native, id=31705, stack(0x00007f3f08964000,0x00007f3f08a65000)]
  0x00007f3ec806e800 JavaThread "read error stream thread" [_thread_in_native, id=31673, stack(0x00007f3f08330000,0x00007f3f08431000)]
  0x00007f3ec806e000 JavaThread "read input stream thread" [_thread_in_native, id=31672, stack(0x00007f3f08e98000,0x00007f3f08f99000)]
  0x00007f3ec8060000 JavaThread "Thread-4" [_thread_blocked, id=31647, stack(0x00007f3f08863000,0x00007f3f08964000)]
  0x00007f3ec8059800 JavaThread "Thread-2" [_thread_blocked, id=31582, stack(0x00007f3f08c96000,0x00007f3f08d97000)]
  0x00007f3ed0003800 JavaThread "Thread-0" daemon [_thread_in_native, id=31538, stack(0x00007f3f0979c000,0x00007f3f09f9c000)]
  0x00007f3ecc095800 JavaThread "TimerQueue" daemon [_thread_blocked, id=31539, stack(0x00007f3f0949a000,0x00007f3f0959b000)]
  0x00007f3f3800b800 JavaThread "DestroyJavaVM" [_thread_blocked, id=31517, stack(0x00007f3f3f04c000,0x00007f3f3f14c000)]
  0x00007f3f384ca000 JavaThread "AWT-EventQueue-1" [_thread_in_Java, id=31537, stack(0x00007f3f09f9c000,0x00007f3f0a09d000)]
  0x00007f3f38480800 JavaThread "AWT-Shutdown" [_thread_blocked, id=31536, stack(0x00007f3f0a09d000,0x00007f3f0a19e000)]
  0x00007f3f383f8000 JavaThread "process reaper" daemon [_thread_in_native, id=31535, stack(0x00007f3f24003000,0x00007f3f2403c000)]
  0x00007f3f383d1000 JavaThread "AWT-XAWT" daemon [_thread_in_native, id=31533, stack(0x00007f3f1cc05000,0x00007f3f1cd06000)]
  0x00007f3f383b2000 JavaThread "Java2D Disposer" daemon [_thread_blocked, id=31532, stack(0x00007f3f1d116000,0x00007f3f1d217000)]
  0x00007f3f380c1800 JavaThread "Service Thread" daemon [_thread_blocked, id=31530, stack(0x00007f3f1f530000,0x00007f3f1f631000)]
  0x00007f3f380bf800 JavaThread "Signal Dispatcher" daemon [_thread_blocked, id=31529, stack(0x00007f3f24091000,0x00007f3f24192000)]
  0x00007f3f3808d800 JavaThread "Finalizer" daemon [_thread_blocked, id=31528, stack(0x00007f3f24192000,0x00007f3f24293000)]
  0x00007f3f3808b000 JavaThread "Reference Handler" daemon [_thread_blocked, id=31527, stack(0x00007f3f24293000,0x00007f3f24394000)]

Other Threads:
  0x00007f3f38081800 VMThread [stack: 0x00007f3f24395000,0x00007f3f24495000] [id=31526]
  0x00007f3f380c4800 WatcherThread [stack: 0x00007f3f1f430000,0x00007f3f1f530000] [id=31531]

VM state:not at safepoint (normal execution)

VM Mutex/Monitor currently owned by a thread: None

heap address: 0x00000000e0000000, size: 512 MB, Compressed Oops mode: 32-bit
Narrow klass base: 0x0000000000000000, Narrow klass shift: 3
Compressed class space size: 1073741824 Address: 0x0000000100000000

Heap:
 PSYoungGen      total 28160K, used 1059K [0x00000000f5580000, 0x00000000f7780000, 0x0000000100000000)
  eden space 27648K, 3% used [0x00000000f5580000,0x00000000f5650c18,0x00000000f7080000)
  from space 512K, 43% used [0x00000000f7100000,0x00000000f7138000,0x00000000f7180000)
  to   space 3584K, 0% used [0x00000000f7400000,0x00000000f7400000,0x00000000f7780000)
 ParOldGen       total 84992K, used 7161K [0x00000000e0000000, 0x00000000e5300000, 0x00000000f5580000)
  object space 84992K, 8% used [0x00000000e0000000,0x00000000e06fe7d8,0x00000000e5300000)
 Metaspace       used 21756K, capacity 22144K, committed 22272K, reserved 1069056K
  class space    used 3152K, capacity 3290K, committed 3328K, reserved 1048576K

Card table byte_map: [0x00007f3f3c0e7000,0x00007f3f3c1e8000] byte_map_base: 0x00007f3f3b9e7000

Marking Bits: (ParMarkBitMap*) 0x00007f3f3e2e6360
 Begin Bits: [0x00007f3f26bf7000, 0x00007f3f273f7000)
 End Bits:   [0x00007f3f273f7000, 0x00007f3f27bf7000)

Polling page: 0x00007f3f3f167000

CodeCache: size=245760Kb used=693Kb max_used=693Kb free=245066Kb
 bounds [0x00007f3f287bf000, 0x00007f3f28a2f000, 0x00007f3f377bf000]
 total_blobs=593 nmethods=0 adapters=560
 compilation: disabled (interpreter mode)

Compilation events (0 events):
No events

GC Heap History (10 events):
Event: 17.959 GC heap before
{Heap before GC invocations=10 (full 1):
 PSYoungGen      total 33280K, used 31721K [0x00000000f5580000, 0x00000000f7b00000, 0x0000000100000000)
  eden space 30208K, 100% used [0x00000000f5580000,0x00000000f7300000,0x00000000f7300000)
  from space 3072K, 49% used [0x00000000f7800000,0x00000000f797a690,0x00000000f7b00000)
  to   space 4096K, 0% used [0x00000000f7300000,0x00000000f7300000,0x00000000f7700000)
 ParOldGen       total 84992K, used 5008K [0x00000000e0000000, 0x00000000e5300000, 0x00000000f5580000)
  object space 84992K, 5% used [0x00000000e0000000,0x00000000e04e4078,0x00000000e5300000)
 Metaspace       used 21437K, capacity 21760K, committed 22016K, reserved 1069056K
  class space    used 3089K, capacity 3226K, committed 3328K, reserved 1048576K
Event: 17.961 GC heap after
Heap after GC invocations=10 (full 1):
 PSYoungGen      total 31744K, used 1748K [0x00000000f5580000, 0x00000000f7a80000, 0x0000000100000000)
  eden space 29696K, 0% used [0x00000000f5580000,0x00000000f5580000,0x00000000f7280000)
  from space 2048K, 85% used [0x00000000f7300000,0x00000000f74b5380,0x00000000f7500000)
  to   space 4096K, 0% used [0x00000000f7680000,0x00000000f7680000,0x00000000f7a80000)
 ParOldGen       total 84992K, used 5164K [0x00000000e0000000, 0x00000000e5300000, 0x00000000f5580000)
  object space 84992K, 6% used [0x00000000e0000000,0x00000000e050b3b8,0x00000000e5300000)
 Metaspace       used 21437K, capacity 21760K, committed 22016K, reserved 1069056K
  class space    used 3089K, capacity 3226K, committed 3328K, reserved 1048576K
}
Event: 19.768 GC heap before
{Heap before GC invocations=11 (full 1):
 PSYoungGen      total 31744K, used 31444K [0x00000000f5580000, 0x00000000f7a80000, 0x0000000100000000)
  eden space 29696K, 100% used [0x00000000f5580000,0x00000000f7280000,0x00000000f7280000)
  from space 2048K, 85% used [0x00000000f7300000,0x00000000f74b5380,0x00000000f7500000)
  to   space 4096K, 0% used [0x00000000f7680000,0x00000000f7680000,0x00000000f7a80000)
 ParOldGen       total 84992K, used 5164K [0x00000000e0000000, 0x00000000e5300000, 0x00000000f5580000)
  object space 84992K, 6% used [0x00000000e0000000,0x00000000e050b3b8,0x00000000e5300000)
 Metaspace       used 21461K, capacity 21760K, committed 22016K, reserved 1069056K
  class space    used 3094K, capacity 3226K, committed 3328K, reserved 1048576K
Event: 19.769 GC heap after
Heap after GC invocations=11 (full 1):
 PSYoungGen      total 31744K, used 1056K [0x00000000f5580000, 0x00000000f7900000, 0x0000000100000000)
  eden space 29184K, 0% used [0x00000000f5580000,0x00000000f5580000,0x00000000f7200000)
  from space 2560K, 41% used [0x00000000f7680000,0x00000000f7788000,0x00000000f7900000)
  to   space 3584K, 0% used [0x00000000f7200000,0x00000000f7200000,0x00000000f7580000)
 ParOldGen       total 84992K, used 5889K [0x00000000e0000000, 0x00000000e5300000, 0x00000000f5580000)
  object space 84992K, 6% used [0x00000000e0000000,0x00000000e05c0738,0x00000000e5300000)
 Metaspace       used 21461K, capacity 21760K, committed 22016K, reserved 1069056K
  class space    used 3094K, capacity 3226K, committed 3328K, reserved 1048576K
}
Event: 21.646 GC heap before
{Heap before GC invocations=12 (full 1):
 PSYoungGen      total 31744K, used 30240K [0x00000000f5580000, 0x00000000f7900000, 0x0000000100000000)
  eden space 29184K, 100% used [0x00000000f5580000,0x00000000f7200000,0x00000000f7200000)
  from space 2560K, 41% used [0x00000000f7680000,0x00000000f7788000,0x00000000f7900000)
  to   space 3584K, 0% used [0x00000000f7200000,0x00000000f7200000,0x00000000f7580000)
 ParOldGen       total 84992K, used 5889K [0x00000000e0000000, 0x00000000e5300000, 0x00000000f5580000)
  object space 84992K, 6% used [0x00000000e0000000,0x00000000e05c0738,0x00000000e5300000)
 Metaspace       used 21654K, capacity 22016K, committed 22272K, reserved 1069056K
  class space    used 3124K, capacity 3226K, committed 3328K, reserved 1048576K
Event: 21.648 GC heap after
Heap after GC invocations=12 (full 1):
 PSYoungGen      total 29696K, used 515K [0x00000000f5580000, 0x00000000f7880000, 0x0000000100000000)
  eden space 28672K, 0% used [0x00000000f5580000,0x00000000f5580000,0x00000000f7180000)
  from space 1024K, 50% used [0x00000000f7200000,0x00000000f7280d88,0x00000000f7300000)
  to   space 3584K, 0% used [0x00000000f7500000,0x00000000f7500000,0x00000000f7880000)
 ParOldGen       total 84992K, used 6721K [0x00000000e0000000, 0x00000000e5300000, 0x00000000f5580000)
  object space 84992K, 7% used [0x00000000e0000000,0x00000000e0690758,0x00000000e5300000)
 Metaspace       used 21654K, capacity 22016K, committed 22272K, reserved 1069056K
  class space    used 3124K, capacity 3226K, committed 3328K, reserved 1048576K
}
Event: 23.756 GC heap before
{Heap before GC invocations=13 (full 1):
 PSYoungGen      total 29696K, used 29187K [0x00000000f5580000, 0x00000000f7880000, 0x0000000100000000)
  eden space 28672K, 100% used [0x00000000f5580000,0x00000000f7180000,0x00000000f7180000)
  from space 1024K, 50% used [0x00000000f7200000,0x00000000f7280d88,0x00000000f7300000)
  to   space 3584K, 0% used [0x00000000f7500000,0x00000000f7500000,0x00000000f7880000)
 ParOldGen       total 84992K, used 6721K [0x00000000e0000000, 0x00000000e5300000, 0x00000000f5580000)
  object space 84992K, 7% used [0x00000000e0000000,0x00000000e0690758,0x00000000e5300000)
 Metaspace       used 21686K, capacity 22048K, committed 22272K, reserved 1069056K
  class space    used 3130K, capacity 3258K, committed 3328K, reserved 1048576K
Event: 23.758 GC heap after
Heap after GC invocations=13 (full 1):
 PSYoungGen      total 31232K, used 256K [0x00000000f5580000, 0x00000000f7800000, 0x0000000100000000)
  eden space 28160K, 0% used [0x00000000f5580000,0x00000000f5580000,0x00000000f7100000)
  from space 3072K, 8% used [0x00000000f7500000,0x00000000f7540000,0x00000000f7800000)
  to   space 3584K, 0% used [0x00000000f7100000,0x00000000f7100000,0x00000000f7480000)
 ParOldGen       total 84992K, used 7073K [0x00000000e0000000, 0x00000000e5300000, 0x00000000f5580000)
  object space 84992K, 8% used [0x00000000e0000000,0x00000000e06e87d8,0x00000000e5300000)
 Metaspace       used 21686K, capacity 22048K, committed 22272K, reserved 1069056K
  class space    used 3130K, capacity 3258K, committed 3328K, reserved 1048576K
}
Event: 25.685 GC heap before
{Heap before GC invocations=14 (full 1):
 PSYoungGen      total 31232K, used 28416K [0x00000000f5580000, 0x00000000f7800000, 0x0000000100000000)
  eden space 28160K, 100% used [0x00000000f5580000,0x00000000f7100000,0x00000000f7100000)
  from space 3072K, 8% used [0x00000000f7500000,0x00000000f7540000,0x00000000f7800000)
  to   space 3584K, 0% used [0x00000000f7100000,0x00000000f7100000,0x00000000f7480000)
 ParOldGen       total 84992K, used 7073K [0x00000000e0000000, 0x00000000e5300000, 0x00000000f5580000)
  object space 84992K, 8% used [0x00000000e0000000,0x00000000e06e87d8,0x00000000e5300000)
 Metaspace       used 21742K, capacity 22144K, committed 22272K, reserved 1069056K
  class space    used 3149K, capacity 3290K, committed 3328K, reserved 1048576K
Event: 25.686 GC heap after
Heap after GC invocations=14 (full 1):
 PSYoungGen      total 28160K, used 224K [0x00000000f5580000, 0x00000000f7780000, 0x0000000100000000)
  eden space 27648K, 0% used [0x00000000f5580000,0x00000000f5580000,0x00000000f7080000)
  from space 512K, 43% used [0x00000000f7100000,0x00000000f7138000,0x00000000f7180000)
  to   space 3584K, 0% used [0x00000000f7400000,0x00000000f7400000,0x00000000f7780000)
 ParOldGen       total 84992K, used 7161K [0x00000000e0000000, 0x00000000e5300000, 0x00000000f5580000)
  object space 84992K, 8% used [0x00000000e0000000,0x00000000e06fe7d8,0x00000000e5300000)
 Metaspace       used 21742K, capacity 22144K, committed 22272K, reserved 1069056K
  class space    used 3149K, capacity 3290K, committed 3328K, reserved 1048576K
}

Deoptimization events (0 events):
No events

Classes redefined (0 events):
No events

Internal exceptions (10 events):
Event: 0.342 Thread 0x00007f3f384ca000 Exception <a 'java/security/PrivilegedActionException'> (0x00000000f62a9818) thrown at [/build/openjdk-8-OqY7zN/openjdk-8-8u222-b10/src/hotspot/src/share/vm/prims/jvm.cpp, line 1502]
Event: 0.342 Thread 0x00007f3f384ca000 Exception <a 'java/security/PrivilegedActionException'> (0x00000000f62aa778) thrown at [/build/openjdk-8-OqY7zN/openjdk-8-8u222-b10/src/hotspot/src/share/vm/prims/jvm.cpp, line 1502]
Event: 0.342 Thread 0x00007f3f384ca000 Exception <a 'java/security/PrivilegedActionException'> (0x00000000f62aab70) thrown at [/build/openjdk-8-OqY7zN/openjdk-8-8u222-b10/src/hotspot/src/share/vm/prims/jvm.cpp, line 1502]
Event: 0.342 Thread 0x00007f3f384ca000 Exception <a 'java/security/PrivilegedActionException'> (0x00000000f62b4a78) thrown at [/build/openjdk-8-OqY7zN/openjdk-8-8u222-b10/src/hotspot/src/share/vm/prims/jvm.cpp, line 1502]
Event: 0.342 Thread 0x00007f3f384ca000 Exception <a 'java/security/PrivilegedActionException'> (0x00000000f62b4e70) thrown at [/build/openjdk-8-OqY7zN/openjdk-8-8u222-b10/src/hotspot/src/share/vm/prims/jvm.cpp, line 1502]
Event: 1.912 Thread 0x00007f3f384ca000 Exception <a 'java/lang/UnsupportedOperationException': > (0x00000000f6a537c8) thrown at [/build/openjdk-8-OqY7zN/openjdk-8-8u222-b10/src/hotspot/src/share/vm/prims/jni.cpp, line 737]
Event: 6.368 Thread 0x00007f3f380c1800 Exception <a 'java/lang/ArrayIndexOutOfBoundsException': 71> (0x00000000f564d6b8) thrown at [/build/openjdk-8-OqY7zN/openjdk-8-8u222-b10/src/hotspot/src/share/vm/interpreter/interpreterRuntime.cpp, line 368]
Event: 6.369 Thread 0x00007f3f380c1800 Exception <a 'java/lang/ArrayIndexOutOfBoundsException': 60> (0x00000000f564e778) thrown at [/build/openjdk-8-OqY7zN/openjdk-8-8u222-b10/src/hotspot/src/share/vm/interpreter/interpreterRuntime.cpp, line 368]
Event: 6.370 Thread 0x00007f3f380c1800 Exception <a 'java/lang/ArrayIndexOutOfBoundsException': 22> (0x00000000f5656550) thrown at [/build/openjdk-8-OqY7zN/openjdk-8-8u222-b10/src/hotspot/src/share/vm/interpreter/interpreterRuntime.cpp, line 368]
Event: 6.600 Thread 0x00007f3f384ca000 Exception <a 'java/lang/UnsupportedOperationException': > (0x00000000f5c34540) thrown at [/build/openjdk-8-OqY7zN/openjdk-8-8u222-b10/src/hotspot/src/share/vm/prims/jni.cpp, line 737]

Events (10 events):
Event: 25.698 loading class se/sics/cooja/radiomediums/DirectedGraphMedium$Edge
Event: 25.698 loading class se/sics/cooja/radiomediums/DirectedGraphMedium$Edge done
Event: 25.698 Executing VM operation: RevokeBias
Event: 25.698 Executing VM operation: RevokeBias done
Event: 25.698 Executing VM operation: RevokeBias
Event: 25.698 Executing VM operation: RevokeBias done
Event: 25.698 loading class se/sics/cooja/interfaces/CustomDataRadio
Event: 25.698 loading class se/sics/cooja/interfaces/CustomDataRadio done
Event: 25.699 loading class se/sics/cooja/plugins/RadioLogger$9$1
Event: 25.699 loading class se/sics/cooja/plugins/RadioLogger$9$1 done


Dynamic libraries:
e0000000-e5300000 rw-p 00000000 00:00 0 
e5300000-f5580000 ---p 00000000 00:00 0 
f5580000-f7780000 rw-p 00000000 00:00 0 
f7780000-100000000 ---p 00000000 00:00 0 
100000000-100340000 rw-p 00000000 00:00 0 
100340000-140000000 ---p 00000000 00:00 0 
561c65b57000-561c65b58000 r-xp 00000000 08:06 10619772                   /usr/lib/jvm/java-8-openjdk-amd64/jre/bin/java
561c65d57000-561c65d58000 r--p 00000000 08:06 10619772                   /usr/lib/jvm/java-8-openjdk-amd64/jre/bin/java
561c65d58000-561c65d59000 rw-p 00001000 08:06 10619772                   /usr/lib/jvm/java-8-openjdk-amd64/jre/bin/java
561c6649c000-561c664bd000 rw-p 00000000 00:00 0                          [heap]
7f3eac000000-7f3eac021000 rw-p 00000000 00:00 0 
7f3eac021000-7f3eb0000000 ---p 00000000 00:00 0 
7f3eb0000000-7f3eb0021000 rw-p 00000000 00:00 0 
7f3eb0021000-7f3eb4000000 ---p 00000000 00:00 0 
7f3eb4000000-7f3eb4021000 rw-p 00000000 00:00 0 
7f3eb4021000-7f3eb8000000 ---p 00000000 00:00 0 
7f3eb8000000-7f3eb8021000 rw-p 00000000 00:00 0 
7f3eb8021000-7f3ebc000000 ---p 00000000 00:00 0 
7f3ebc000000-7f3ebc021000 rw-p 00000000 00:00 0 
7f3ebc021000-7f3ec0000000 ---p 00000000 00:00 0 
7f3ec0000000-7f3ec0021000 rw-p 00000000 00:00 0 
7f3ec0021000-7f3ec4000000 ---p 00000000 00:00 0 
7f3ec4000000-7f3ec4021000 rw-p 00000000 00:00 0 
7f3ec4021000-7f3ec8000000 ---p 00000000 00:00 0 
7f3ec8000000-7f3ec8075000 rw-p 00000000 00:00 0 
7f3ec8075000-7f3ecc000000 ---p 00000000 00:00 0 
7f3ecc000000-7f3ecc290000 rw-p 00000000 00:00 0 
7f3ecc290000-7f3ed0000000 ---p 00000000 00:00 0 
7f3ed0000000-7f3ed0021000 rw-p 00000000 00:00 0 
7f3ed0021000-7f3ed4000000 ---p 00000000 00:00 0 
7f3ed4000000-7f3ed4021000 rw-p 00000000 00:00 0 
7f3ed4021000-7f3ed8000000 ---p 00000000 00:00 0 
7f3ed8000000-7f3ed8021000 rw-p 00000000 00:00 0 
7f3ed8021000-7f3edc000000 ---p 00000000 00:00 0 
7f3edc000000-7f3edc021000 rw-p 00000000 00:00 0 
7f3edc021000-7f3ee0000000 ---p 00000000 00:00 0 
7f3ee0000000-7f3ee0021000 rw-p 00000000 00:00 0 
7f3ee0021000-7f3ee4000000 ---p 00000000 00:00 0 
7f3ee4000000-7f3ee4021000 rw-p 00000000 00:00 0 
7f3ee4021000-7f3ee8000000 ---p 00000000 00:00 0 
7f3ee8000000-7f3ee8021000 rw-p 00000000 00:00 0 
7f3ee8021000-7f3eec000000 ---p 00000000 00:00 0 
7f3eec000000-7f3eec021000 rw-p 00000000 00:00 0 
7f3eec021000-7f3ef0000000 ---p 00000000 00:00 0 
7f3ef0000000-7f3ef0021000 rw-p 00000000 00:00 0 
7f3ef0021000-7f3ef4000000 ---p 00000000 00:00 0 
7f3ef4000000-7f3ef4072000 rw-p 00000000 00:00 0 
7f3ef4072000-7f3ef8000000 ---p 00000000 00:00 0 
7f3ef8000000-7f3ef8021000 rw-p 00000000 00:00 0 
7f3ef8021000-7f3efc000000 ---p 00000000 00:00 0 
7f3efc000000-7f3efc021000 rw-p 00000000 00:00 0 
7f3efc021000-7f3f00000000 ---p 00000000 00:00 0 
7f3f00000000-7f3f00021000 rw-p 00000000 00:00 0 
7f3f00021000-7f3f04000000 ---p 00000000 00:00 0 
7f3f04000000-7f3f04021000 rw-p 00000000 00:00 0 
7f3f04021000-7f3f08000000 ---p 00000000 00:00 0 
7f3f08330000-7f3f08333000 ---p 00000000 00:00 0 
7f3f08333000-7f3f084b1000 rw-p 00000000 00:00 0 
7f3f084b1000-7f3f08631000 ---p 00000000 00:00 0 
7f3f08631000-7f3f08658000 r-xp 00000000 08:06 6688536                    /home/sneha/contiki-2.7/examples/ipv6/rpl-fuzzy/obj_cooja/mtype209.cooja
7f3f08658000-7f3f08858000 ---p 00027000 08:06 6688536                    /home/sneha/contiki-2.7/examples/ipv6/rpl-fuzzy/obj_cooja/mtype209.cooja
7f3f08858000-7f3f08859000 r--p 00027000 08:06 6688536                    /home/sneha/contiki-2.7/examples/ipv6/rpl-fuzzy/obj_cooja/mtype209.cooja
7f3f08859000-7f3f0885a000 rw-p 00028000 08:06 6688536                    /home/sneha/contiki-2.7/examples/ipv6/rpl-fuzzy/obj_cooja/mtype209.cooja
7f3f0885a000-7f3f08863000 rw-p 00000000 00:00 0 
7f3f08863000-7f3f08866000 ---p 00000000 00:00 0 
7f3f08866000-7f3f08964000 rw-p 00000000 00:00 0 
7f3f08964000-7f3f08967000 ---p 00000000 00:00 0 
7f3f08967000-7f3f08a65000 rw-p 00000000 00:00 0 
7f3f08a65000-7f3f08a8b000 r-xp 00000000 08:06 6688532                    /home/sneha/contiki-2.7/examples/ipv6/rpl-fuzzy/obj_cooja/mtype927.cooja
7f3f08a8b000-7f3f08c8b000 ---p 00026000 08:06 6688532                    /home/sneha/contiki-2.7/examples/ipv6/rpl-fuzzy/obj_cooja/mtype927.cooja
7f3f08c8b000-7f3f08c8c000 r--p 00026000 08:06 6688532                    /home/sneha/contiki-2.7/examples/ipv6/rpl-fuzzy/obj_cooja/mtype927.cooja
7f3f08c8c000-7f3f08c8d000 rw-p 00027000 08:06 6688532                    /home/sneha/contiki-2.7/examples/ipv6/rpl-fuzzy/obj_cooja/mtype927.cooja
7f3f08c8d000-7f3f08c96000 rw-p 00000000 00:00 0 
7f3f08c96000-7f3f08c99000 ---p 00000000 00:00 0 
7f3f08c99000-7f3f08d97000 rw-p 00000000 00:00 0 
7f3f08d97000-7f3f08d9a000 ---p 00000000 00:00 0 
7f3f08d9a000-7f3f08e98000 rw-p 00000000 00:00 0 
7f3f08e98000-7f3f08e9b000 ---p 00000000 00:00 0 
7f3f08e9b000-7f3f09199000 rw-p 00000000 00:00 0 
7f3f09199000-7f3f0919c000 ---p 00000000 00:00 0 
7f3f0919c000-7f3f0949a000 rw-p 00000000 00:00 0 
7f3f0949a000-7f3f0949d000 ---p 00000000 00:00 0 
7f3f0949d000-7f3f0979b000 rw-p 00000000 00:00 0 
7f3f0979b000-7f3f0979c000 ---p 00000000 00:00 0 
7f3f0979c000-7f3f0979f000 ---p 00000000 00:00 0 
7f3f0979f000-7f3f09f9c000 rw-p 00000000 00:00 0 
7f3f09f9c000-7f3f09f9f000 ---p 00000000 00:00 0 
7f3f09f9f000-7f3f0a09d000 rw-p 00000000 00:00 0 
7f3f0a09d000-7f3f0a0a0000 ---p 00000000 00:00 0 
7f3f0a0a0000-7f3f0a39e000 rw-p 00000000 00:00 0 
7f3f0a39e000-7f3f0a3a7000 r-xp 00000000 08:06 10627048                   /usr/lib/jvm/java-8-openjdk-amd64/jre/lib/amd64/libmanagement.so
7f3f0a3a7000-7f3f0a5a6000 ---p 00009000 08:06 10627048                   /usr/lib/jvm/java-8-openjdk-amd64/jre/lib/amd64/libmanagement.so
7f3f0a5a6000-7f3f0a5a7000 r--p 00008000 08:06 10627048                   /usr/lib/jvm/java-8-openjdk-amd64/jre/lib/amd64/libmanagement.so
7f3f0a5a7000-7f3f0a5a8000 rw-p 00009000 08:06 10627048                   /usr/lib/jvm/java-8-openjdk-amd64/jre/lib/amd64/libmanagement.so
7f3f0a5a8000-7f3f0a5bc000 r-xp 00000000 08:06 10359507                   /lib/x86_64-linux-gnu/libgpg-error.so.0.22.0
7f3f0a5bc000-7f3f0a7bb000 ---p 00014000 08:06 10359507                   /lib/x86_64-linux-gnu/libgpg-error.so.0.22.0
7f3f0a7bb000-7f3f0a7bc000 r--p 00013000 08:06 10359507                   /lib/x86_64-linux-gnu/libgpg-error.so.0.22.0
7f3f0a7bc000-7f3f0a7bd000 rw-p 00014000 08:06 10359507                   /lib/x86_64-linux-gnu/libgpg-error.so.0.22.0
7f3f0a7bd000-7f3f0a8d1000 r-xp 00000000 08:06 10359505                   /lib/x86_64-linux-gnu/libgcrypt.so.20.2.1
7f3f0a8d1000-7f3f0aad0000 ---p 00114000 08:06 10359505                   /lib/x86_64-linux-gnu/libgcrypt.so.20.2.1
7f3f0aad0000-7f3f0aad2000 r--p 00113000 08:06 10359505                   /lib/x86_64-linux-gnu/libgcrypt.so.20.2.1
7f3f0aad2000-7f3f0aad7000 rw-p 00115000 08:06 10359505                   /lib/x86_64-linux-gnu/libgcrypt.so.20.2.1
7f3f0aad7000-7f3f0aad8000 rw-p 00000000 00:00 0 
7f3f0aad8000-7f3f0aaf3000 r-xp 00000000 08:06 10623443                   /usr/lib/x86_64-linux-gnu/liblz4.so.1.7.1
7f3f0aaf3000-7f3f0acf2000 ---p 0001b000 08:06 10623443                   /usr/lib/x86_64-linux-gnu/liblz4.so.1.7.1
7f3f0acf2000-7f3f0acf3000 r--p 0001a000 08:06 10623443                   /usr/lib/x86_64-linux-gnu/liblz4.so.1.7.1
7f3f0acf3000-7f3f0acf4000 rw-p 0001b000 08:06 10623443                   /usr/lib/x86_64-linux-gnu/liblz4.so.1.7.1
7f3f0acf4000-7f3f0ad18000 r-xp 00000000 08:06 10359526                   /lib/x86_64-linux-gnu/liblzma.so.5.2.2
7f3f0ad18000-7f3f0af18000 ---p 00024000 08:06 10359526                   /lib/x86_64-linux-gnu/liblzma.so.5.2.2
7f3f0af18000-7f3f0af19000 r--p 00024000 08:06 10359526                   /lib/x86_64-linux-gnu/liblzma.so.5.2.2
7f3f0af19000-7f3f0af1a000 rw-p 00025000 08:06 10359526                   /lib/x86_64-linux-gnu/liblzma.so.5.2.2
7f3f0af1a000-7f3f0af9a000 r-xp 00000000 08:06 10354971                   /lib/x86_64-linux-gnu/libsystemd.so.0.21.0
7f3f0af9a000-7f3f0b199000 ---p 00080000 08:06 10354971                   /lib/x86_64-linux-gnu/libsystemd.so.0.21.0
7f3f0b199000-7f3f0b19c000 r--p 0007f000 08:06 10354971                   /lib/x86_64-linux-gnu/libsystemd.so.0.21.0
7f3f0b19c000-7f3f0b19d000 rw-p 00082000 08:06 10354971                   /lib/x86_64-linux-gnu/libsystemd.so.0.21.0
7f3f0b19d000-7f3f0b19e000 rw-p 00000000 00:00 0 
7f3f0b19e000-7f3f0b20e000 r-xp 00000000 08:06 10359588                   /lib/x86_64-linux-gnu/libpcre.so.3.13.3
7f3f0b20e000-7f3f0b40e000 ---p 00070000 08:06 10359588                   /lib/x86_64-linux-gnu/libpcre.so.3.13.3
7f3f0b40e000-7f3f0b40f000 r--p 00070000 08:06 10359588                   /lib/x86_64-linux-gnu/libpcre.so.3.13.3
7f3f0b40f000-7f3f0b410000 rw-p 00071000 08:06 10359588                   /lib/x86_64-linux-gnu/libpcre.so.3.13.3
7f3f0b410000-7f3f0b417000 r-xp 00000000 08:06 10623077                   /usr/lib/x86_64-linux-gnu/libffi.so.6.0.4
7f3f0b417000-7f3f0b616000 ---p 00007000 08:06 10623077                   /usr/lib/x86_64-linux-gnu/libffi.so.6.0.4
7f3f0b616000-7f3f0b617000 r--p 00006000 08:06 10623077                   /usr/lib/x86_64-linux-gnu/libffi.so.6.0.4
7f3f0b617000-7f3f0b618000 rw-p 00007000 08:06 10623077                   /usr/lib/x86_64-linux-gnu/libffi.so.6.0.4
7f3f0b618000-7f3f0b644000 r-xp 00000000 08:06 10622825                   /usr/lib/x86_64-linux-gnu/libatspi.so.0.0.1
7f3f0b644000-7f3f0b844000 ---p 0002c000 08:06 10622825                   /usr/lib/x86_64-linux-gnu/libatspi.so.0.0.1
7f3f0b844000-7f3f0b847000 r--p 0002c000 08:06 10622825                   /usr/lib/x86_64-linux-gnu/libatspi.so.0.0.1
7f3f0b847000-7f3f0b848000 rw-p 0002f000 08:06 10622825                   /usr/lib/x86_64-linux-gnu/libatspi.so.0.0.1
7f3f0b848000-7f3f0b893000 r-xp 00000000 08:06 10359332                   /lib/x86_64-linux-gnu/libdbus-1.so.3.19.4
7f3f0b893000-7f3f0ba93000 ---p 0004b000 08:06 10359332                   /lib/x86_64-linux-gnu/libdbus-1.so.3.19.4
7f3f0ba93000-7f3f0ba94000 r--p 0004b000 08:06 10359332                   /lib/x86_64-linux-gnu/libdbus-1.so.3.19.4
7f3f0ba94000-7f3f0ba95000 rw-p 0004c000 08:06 10359332                   /lib/x86_64-linux-gnu/libdbus-1.so.3.19.4
7f3f0ba95000-7f3f0bba9000 r-xp 00000000 08:06 10617874                   /usr/lib/x86_64-linux-gnu/libglib-2.0.so.0.5600.4
7f3f0bba9000-7f3f0bda9000 ---p 00114000 08:06 10617874                   /usr/lib/x86_64-linux-gnu/libglib-2.0.so.0.5600.4
7f3f0bda9000-7f3f0bdaa000 r--p 00114000 08:06 10617874                   /usr/lib/x86_64-linux-gnu/libglib-2.0.so.0.5600.4
7f3f0bdaa000-7f3f0bdab000 rw-p 00115000 08:06 10617874                   /usr/lib/x86_64-linux-gnu/libglib-2.0.so.0.5600.4
7f3f0bdab000-7f3f0bdac000 rw-p 00000000 00:00 0 
7f3f0bdac000-7f3f0bdfe000 r-xp 00000000 08:06 10617876                   /usr/lib/x86_64-linux-gnu/libgobject-2.0.so.0.5600.4
7f3f0bdfe000-7f3f0bffe000 ---p 00052000 08:06 10617876                   /usr/lib/x86_64-linux-gnu/libgobject-2.0.so.0.5600.4
7f3f0bffe000-7f3f0bfff000 r--p 00052000 08:06 10617876                   /usr/lib/x86_64-linux-gnu/libgobject-2.0.so.0.5600.4
7f3f0bfff000-7f3f0c000000 rw-p 00053000 08:06 10617876                   /usr/lib/x86_64-linux-gnu/libgobject-2.0.so.0.5600.4
7f3f0c000000-7f3f0c021000 rw-p 00000000 00:00 0 
7f3f0c021000-7f3f10000000 ---p 00000000 00:00 0 
7f3f10000000-7f3f10021000 rw-p 00000000 00:00 0 
7f3f10021000-7f3f14000000 ---p 00000000 00:00 0 
7f3f14000000-7f3f14021000 rw-p 00000000 00:00 0 
7f3f14021000-7f3f18000000 ---p 00000000 00:00 0 
7f3f18000000-7f3f18021000 rw-p 00000000 00:00 0 
7f3f18021000-7f3f1c000000 ---p 00000000 00:00 0 
7f3f1c041000-7f3f1c048000 r--s 00000000 08:06 11011393                   /usr/lib/x86_64-linux-gnu/gconv/gconv-modules.cache
7f3f1c048000-7f3f1c049000 r--s 00003000 08:06 6557457                    /home/sneha/contiki-2.7/tools/cooja/apps/powertracker/lib/powertracker.jar
7f3f1c049000-7f3f1c04a000 r--s 00002000 08:06 6557306                    /home/sneha/contiki-2.7/tools/cooja/apps/collect-view/cooja-collect-view.jar
7f3f1c04a000-7f3f1c04b000 r--s 00003000 08:06 6557294                    /home/sneha/contiki-2.7/tools/cooja/apps/serial_socket/lib/serial_socket.jar
7f3f1c04b000-7f3f1c085000 r--s 001e1000 08:06 6553695                    /home/sneha/contiki-2.7/tools/cooja/apps/avrora/lib/avrora-small.jar
7f3f1c085000-7f3f1c087000 r--s 00007000 08:06 6557281                    /home/sneha/contiki-2.7/tools/cooja/apps/avrora/lib/cooja_avrora.jar
7f3f1c087000-7f3f1c089000 r--s 00010000 08:06 6557017                    /home/sneha/contiki-2.7/tools/cooja/apps/mspsim/lib/jipv6.jar
7f3f1c089000-7f3f1c08a000 r--s 00004000 08:06 6557037                    /home/sneha/contiki-2.7/tools/cooja/apps/mspsim/lib/coffee.jar
7f3f1c08a000-7f3f1c095000 r--s 000e4000 08:06 6557016                    /home/sneha/contiki-2.7/tools/cooja/apps/mspsim/lib/mspsim.jar
7f3f1c095000-7f3f1c09b000 r--s 00064000 08:06 6557254                    /home/sneha/contiki-2.7/tools/cooja/apps/mspsim/lib/cooja_mspsim.jar
7f3f1c09b000-7f3f1c09d000 r--s 0001e000 08:06 6557013                    /home/sneha/contiki-2.7/tools/cooja/apps/mrm/lib/mrm.jar
7f3f1c09d000-7f3f1c0a8000 r--s 00000000 08:06 5243232                    /var/cache/fontconfig/945677eb7aeaf62f1d50efc3fb3ec7d8-le64.cache-7
7f3f1c0a8000-7f3f1c0ad000 r--s 00000000 08:06 5243203                    /var/cache/fontconfig/2300eef321c393bfd76478a5c0e95b23-le64.cache-7
7f3f1c0ad000-7f3f1c0ae000 r--s 00000000 08:06 5243196                    /var/cache/fontconfig/0d8c3b2ac0904cb8a57a757ad11a4a08-le64.cache-7
7f3f1c0ae000-7f3f1c0c3000 r--s 00000000 08:06 5243192                    /var/cache/fontconfig/04aabc0a78ac019cf9454389977116d2-le64.cache-7
7f3f1c0c3000-7f3f1c0c4000 r--s 00000000 08:06 5243200                    /var/cache/fontconfig/1ac9eb803944fde146138c791f5cc56a-le64.cache-7
7f3f1c0c4000-7f3f1c0c5000 r--s 00000000 08:06 5243251                    /var/cache/fontconfig/dc05db6664285cc2f12bf69c139ae4c3-le64.cache-7
7f3f1c0c5000-7f3f1c0c7000 r--s 00000000 08:06 5243197                    /var/cache/fontconfig/14a5e22175779b556eaa434240950366-le64.cache-7
7f3f1c0c7000-7f3f1c0c8000 r--s 00000000 08:06 5243224                    /var/cache/fontconfig/660208299946a285a940457d1287da33-le64.cache-7
7f3f1c0c8000-7f3f1c0ca000 r--s 00000000 08:06 5243215                    /var/cache/fontconfig/4f3e3037c9980c83b53a9351efadef62-le64.cache-7
7f3f1c0ca000-7f3f1c0cc000 r--s 00000000 08:06 5243229                    /var/cache/fontconfig/767a8244fc0220cfb567a839d0392e0b-le64.cache-7
7f3f1c0cc000-7f3f1c0cd000 r--s 00000000 08:06 5252197                    /var/cache/fontconfig/4794a0821666d79190d59a36cb4f44b5-le64.cache-7
7f3f1c0cd000-7f3f1c0cf000 r--s 00000000 08:06 5243986                    /var/cache/fontconfig/0bd3dc0958fa2205aaaa8ebb13e2872b-le64.cache-7
7f3f1c0cf000-7f3f1c0d4000 r--s 00000000 08:06 5243252                    /var/cache/fontconfig/def309198bfa603429122923fa2bb2d4-le64.cache-7
7f3f1c0d4000-7f3f1c0d5000 r--s 00000000 08:06 5243240                    /var/cache/fontconfig/b872e6e592da6075ffa4ab0a1fcc0c75-le64.cache-7
7f3f1c0d5000-7f3f1c0d6000 r--s 00000000 08:06 5243257                    /var/cache/fontconfig/f6d4eedfaab2589bde49f7a3ff831d22-le64.cache-7
7f3f1c0d6000-7f3f1c0d7000 r--s 00000000 08:06 5243222                    /var/cache/fontconfig/589f83ef4c36d296ce6e1c846f468f08-le64.cache-7
7f3f1c0d7000-7f3f1c0d8000 r--s 00000000 08:06 5243242                    /var/cache/fontconfig/bab58bb527bb656aaa9f116d68a48d89-le64.cache-7
7f3f1c0d8000-7f3f1c0d9000 r--s 00000000 08:06 5243201                    /var/cache/fontconfig/2171a34dccabdb6bcbbc728186263178-le64.cache-7
7f3f1c0d9000-7f3f1c0da000 r--s 00000000 08:06 5243243                    /var/cache/fontconfig/c5c45a61289222e0d30b1a26ef4effbe-le64.cache-7
7f3f1c0da000-7f3f1c0db000 r--s 00000000 08:06 5243238                    /var/cache/fontconfig/aec30016f93e1b46d1a973dce0d74068-le64.cache-7
7f3f1c0db000-7f3f1c0dc000 r--s 00000000 08:06 5243208                    /var/cache/fontconfig/3f589640d34b7dc9042c8d453f7c8b9c-le64.cache-7
7f3f1c0dc000-7f3f1c0dd000 r--s 00000000 08:06 5243198                    /var/cache/fontconfig/16c2fda60d1b4b719f4b3d06fd951d25-le64.cache-7
7f3f1c0dd000-7f3f1c0de000 r--s 00000000 08:06 5243237                    /var/cache/fontconfig/a48eab177a16e4f3713381162db2f3e9-le64.cache-7
7f3f1c0de000-7f3f1c0df000 r--s 00000000 08:06 5243218                    /var/cache/fontconfig/564b2e68ac9bc4e36a6f7f6d6125ec1c-le64.cache-7
7f3f1c0df000-7f3f1c0e4000 r--s 00000000 08:06 5243984                    /var/cache/fontconfig/9d2451b1fd30e5bffe8383fd27c35478-le64.cache-7
7f3f1c0e4000-7f3f1c0ea000 r--s 00000000 08:06 5243985                    /var/cache/fontconfig/3047814df9a2f067bd2d96a2b9c36e5a-le64.cache-7
7f3f1c0ea000-7f3f1c0eb000 r--s 00000000 08:06 5243219                    /var/cache/fontconfig/56cf4f4769d0f4abc89a4895d7bd3ae1-le64.cache-7
7f3f1c0eb000-7f3f1c0ec000 r--s 00000000 08:06 5243241                    /var/cache/fontconfig/b9d506c9ac06c20b433354fa67a72993-le64.cache-7
7f3f1c0ec000-7f3f1c0f2000 r--s 00000000 08:06 5243239                    /var/cache/fontconfig/b47c4e1ecd0709278f4910c18777a504-le64.cache-7
7f3f1c0f2000-7f3f1c105000 r--s 00000000 08:06 5243248                    /var/cache/fontconfig/d52a8644073d54c13679302ca1180695-le64.cache-7
7f3f1c105000-7f3f1c106000 r--s 00000000 08:06 5243206                    /var/cache/fontconfig/370e5b74bf5dafc30834de68e24a87a4-le64.cache-7
7f3f1c106000-7f3f1c107000 r--s 00000000 08:06 5243227                    /var/cache/fontconfig/6b2c5944714ca7831b25bed9e85cb5c8-le64.cache-7
7f3f1c107000-7f3f1c108000 r--s 00000000 08:06 5243247                    /var/cache/fontconfig/d5178ab6d91b49bf20a416737dcea9e8-le64.cache-7
7f3f1c108000-7f3f1c109000 r--s 00000000 08:06 5243217                    /var/cache/fontconfig/551ecf3b0e8b0bca0f25c0944f561853-le64.cache-7
7f3f1c109000-7f3f1c10c000 r--s 00000000 08:06 5243256                    /var/cache/fontconfig/f259c2cffa685e28062317905db73c4a-le64.cache-7
7f3f1c10c000-7f3f1c10e000 r--s 00000000 08:06 5243216                    /var/cache/fontconfig/550f3886151c940c12a5ed35f6a00586-le64.cache-7
7f3f1c10e000-7f3f1c111000 r--s 00000000 08:06 5243225                    /var/cache/fontconfig/674d1711f2d1d2a09646eb0bdcadee49-le64.cache-7
7f3f1c111000-7f3f1c112000 r--s 00000000 08:06 5243209                    /var/cache/fontconfig/3f7329c5293ffd510edef78f73874cfd-le64.cache-7
7f3f1c112000-7f3f1c11e000 r--s 00000000 08:06 5246516                    /var/cache/fontconfig/d589a48862398ed80a3d6066f4f56f4c-le64.cache-7
7f3f1c11e000-7f3f1c11f000 r--s 00000000 08:06 5243195                    /var/cache/fontconfig/0c9eb80ebd1c36541ebe2852d3bb0c49-le64.cache-7
7f3f1c11f000-7f3f1c120000 r--s 00000000 08:06 5243202                    /var/cache/fontconfig/22368d551a680bfe5a62c02760edf4ea-le64.cache-7
7f3f1c120000-7f3f1c121000 r--s 00000000 08:06 5243214                    /var/cache/fontconfig/4d9c95eba1cb85bbcf2878543262124a-le64.cache-7
7f3f1c121000-7f3f1c14f000 r-xp 00000000 08:06 10622823                   /usr/lib/x86_64-linux-gnu/libatk-bridge-2.0.so.0.0.0
7f3f1c14f000-7f3f1c34f000 ---p 0002e000 08:06 10622823                   /usr/lib/x86_64-linux-gnu/libatk-bridge-2.0.so.0.0.0
7f3f1c34f000-7f3f1c350000 r--p 0002e000 08:06 10622823                   /usr/lib/x86_64-linux-gnu/libatk-bridge-2.0.so.0.0.0
7f3f1c350000-7f3f1c351000 rw-p 0002f000 08:06 10622823                   /usr/lib/x86_64-linux-gnu/libatk-bridge-2.0.so.0.0.0
7f3f1c351000-7f3f1c352000 rw-p 00000000 00:00 0 
7f3f1c352000-7f3f1c374000 r-xp 00000000 08:06 10622821                   /usr/lib/x86_64-linux-gnu/libatk-1.0.so.0.22810.1
7f3f1c374000-7f3f1c574000 ---p 00022000 08:06 10622821                   /usr/lib/x86_64-linux-gnu/libatk-1.0.so.0.22810.1
7f3f1c574000-7f3f1c577000 r--p 00022000 08:06 10622821                   /usr/lib/x86_64-linux-gnu/libatk-1.0.so.0.22810.1
7f3f1c577000-7f3f1c578000 rw-p 00025000 08:06 10622821                   /usr/lib/x86_64-linux-gnu/libatk-1.0.so.0.22810.1
7f3f1c578000-7f3f1c579000 r--s 00000000 08:06 5243231                    /var/cache/fontconfig/85e0a52ce643a7ba2ae53e5d6949cead-le64.cache-7
7f3f1c579000-7f3f1c57a000 r--s 00000000 08:06 5243211                    /var/cache/fontconfig/49f0de54bdd920fe4f0dfd4cbac43e6b-le64.cache-7
7f3f1c57a000-7f3f1c589000 r--s 00000000 08:06 5243876                    /var/cache/fontconfig/9b89f8e3dae116d678bbf48e5f21f69b-le64.cache-7
7f3f1c589000-7f3f1c592000 r--s 00000000 08:06 5256901                    /var/cache/fontconfig/d0972c3d32f097851eb916381fc38920-le64.cache-7
7f3f1c592000-7f3f1c5a9000 r-xp 00000000 08:06 10884870                   /usr/lib/x86_64-linux-gnu/jni/libatk-wrapper.so.6.0.0
7f3f1c5a9000-7f3f1c7a9000 ---p 00017000 08:06 10884870                   /usr/lib/x86_64-linux-gnu/jni/libatk-wrapper.so.6.0.0
7f3f1c7a9000-7f3f1c7aa000 r--p 00017000 08:06 10884870                   /usr/lib/x86_64-linux-gnu/jni/libatk-wrapper.so.6.0.0
7f3f1c7aa000-7f3f1c7ab000 rw-p 00018000 08:06 10884870                   /usr/lib/x86_64-linux-gnu/jni/libatk-wrapper.so.6.0.0
7f3f1c7ab000-7f3f1c7dc000 rw-p 00000000 00:00 0 
7f3f1c7dc000-7f3f1c7f2000 r-xp 00000000 08:06 10627052                   /usr/lib/jvm/java-8-openjdk-amd64/jre/lib/amd64/libnet.so
7f3f1c7f2000-7f3f1c9f1000 ---p 00016000 08:06 10627052                   /usr/lib/jvm/java-8-openjdk-amd64/jre/lib/amd64/libnet.so
7f3f1c9f1000-7f3f1c9f2000 r--p 00015000 08:06 10627052                   /usr/lib/jvm/java-8-openjdk-amd64/jre/lib/amd64/libnet.so
7f3f1c9f2000-7f3f1c9f3000 rw-p 00016000 08:06 10627052                   /usr/lib/jvm/java-8-openjdk-amd64/jre/lib/amd64/libnet.so
7f3f1c9f3000-7f3f1ca04000 r-xp 00000000 08:06 10627054                   /usr/lib/jvm/java-8-openjdk-amd64/jre/lib/amd64/libnio.so
7f3f1ca04000-7f3f1cc03000 ---p 00011000 08:06 10627054                   /usr/lib/jvm/java-8-openjdk-amd64/jre/lib/amd64/libnio.so
7f3f1cc03000-7f3f1cc04000 r--p 00010000 08:06 10627054                   /usr/lib/jvm/java-8-openjdk-amd64/jre/lib/amd64/libnio.so
7f3f1cc04000-7f3f1cc05000 rw-p 00011000 08:06 10627054                   /usr/lib/jvm/java-8-openjdk-amd64/jre/lib/amd64/libnio.so
7f3f1cc05000-7f3f1cc08000 ---p 00000000 00:00 0 
7f3f1cc08000-7f3f1cd06000 rw-p 00000000 00:00 0 
7f3f1cd06000-7f3f1cd0b000 r-xp 00000000 08:06 10622750                   /usr/lib/x86_64-linux-gnu/libXfixes.so.3.1.0
7f3f1cd0b000-7f3f1cf0a000 ---p 00005000 08:06 10622750                   /usr/lib/x86_64-linux-gnu/libXfixes.so.3.1.0
7f3f1cf0a000-7f3f1cf0b000 r--p 00004000 08:06 10622750                   /usr/lib/x86_64-linux-gnu/libXfixes.so.3.1.0
7f3f1cf0b000-7f3f1cf0c000 rw-p 00005000 08:06 10622750                   /usr/lib/x86_64-linux-gnu/libXfixes.so.3.1.0
7f3f1cf0c000-7f3f1cf15000 r-xp 00000000 08:06 10622742                   /usr/lib/x86_64-linux-gnu/libXcursor.so.1.0.2
7f3f1cf15000-7f3f1d114000 ---p 00009000 08:06 10622742                   /usr/lib/x86_64-linux-gnu/libXcursor.so.1.0.2
7f3f1d114000-7f3f1d115000 r--p 00008000 08:06 10622742                   /usr/lib/x86_64-linux-gnu/libXcursor.so.1.0.2
7f3f1d115000-7f3f1d116000 rw-p 00009000 08:06 10622742                   /usr/lib/x86_64-linux-gnu/libXcursor.so.1.0.2
7f3f1d116000-7f3f1d119000 ---p 00000000 00:00 0 
7f3f1d119000-7f3f1d417000 rw-p 00000000 00:00 0 
7f3f1d417000-7f3f1d448000 r-xp 00000000 08:06 10619721                   /usr/lib/x86_64-linux-gnu/libpng16.so.16.34.0
7f3f1d448000-7f3f1d647000 ---p 00031000 08:06 10619721                   /usr/lib/x86_64-linux-gnu/libpng16.so.16.34.0
7f3f1d647000-7f3f1d648000 r--p 00030000 08:06 10619721                   /usr/lib/x86_64-linux-gnu/libpng16.so.16.34.0
7f3f1d648000-7f3f1d649000 rw-p 00031000 08:06 10619721                   /usr/lib/x86_64-linux-gnu/libpng16.so.16.34.0
7f3f1d649000-7f3f1d6f6000 r-xp 00000000 08:06 10623109                   /usr/lib/x86_64-linux-gnu/libfreetype.so.6.15.0
7f3f1d6f6000-7f3f1d8f5000 ---p 000ad000 08:06 10623109                   /usr/lib/x86_64-linux-gnu/libfreetype.so.6.15.0
7f3f1d8f5000-7f3f1d8fc000 r--p 000ac000 08:06 10623109                   /usr/lib/x86_64-linux-gnu/libfreetype.so.6.15.0
7f3f1d8fc000-7f3f1d8fd000 rw-p 000b3000 08:06 10623109                   /usr/lib/x86_64-linux-gnu/libfreetype.so.6.15.0
7f3f1d8fd000-7f3f1d94c000 r-xp 00000000 08:06 10626592                   /usr/lib/jvm/java-8-openjdk-amd64/jre/lib/amd64/libfontmanager.so
7f3f1d94c000-7f3f1db4c000 ---p 0004f000 08:06 10626592                   /usr/lib/jvm/java-8-openjdk-amd64/jre/lib/amd64/libfontmanager.so
7f3f1db4c000-7f3f1db4e000 r--p 0004f000 08:06 10626592                   /usr/lib/jvm/java-8-openjdk-amd64/jre/lib/amd64/libfontmanager.so
7f3f1db4e000-7f3f1db4f000 rw-p 00051000 08:06 10626592                   /usr/lib/jvm/java-8-openjdk-amd64/jre/lib/amd64/libfontmanager.so
7f3f1db4f000-7f3f1db62000 r-xp 00000000 08:06 10359462                   /lib/x86_64-linux-gnu/libbsd.so.0.8.7
7f3f1db62000-7f3f1dd61000 ---p 00013000 08:06 10359462                   /lib/x86_64-linux-gnu/libbsd.so.0.8.7
7f3f1dd61000-7f3f1dd62000 r--p 00012000 08:06 10359462                   /lib/x86_64-linux-gnu/libbsd.so.0.8.7
7f3f1dd62000-7f3f1dd63000 rw-p 00013000 08:06 10359462                   /lib/x86_64-linux-gnu/libbsd.so.0.8.7
7f3f1dd63000-7f3f1dd64000 rw-p 00000000 00:00 0 
7f3f1dd64000-7f3f1dd69000 r-xp 00000000 08:06 10622746                   /usr/lib/x86_64-linux-gnu/libXdmcp.so.6.0.0
7f3f1dd69000-7f3f1df68000 ---p 00005000 08:06 10622746                   /usr/lib/x86_64-linux-gnu/libXdmcp.so.6.0.0
7f3f1df68000-7f3f1df69000 r--p 00004000 08:06 10622746                   /usr/lib/x86_64-linux-gnu/libXdmcp.so.6.0.0
7f3f1df69000-7f3f1df6a000 rw-p 00005000 08:06 10622746                   /usr/lib/x86_64-linux-gnu/libXdmcp.so.6.0.0
7f3f1df6a000-7f3f1df6c000 r-xp 00000000 08:06 10622735                   /usr/lib/x86_64-linux-gnu/libXau.so.6.0.0
7f3f1df6c000-7f3f1e16c000 ---p 00002000 08:06 10622735                   /usr/lib/x86_64-linux-gnu/libXau.so.6.0.0
7f3f1e16c000-7f3f1e16d000 r--p 00002000 08:06 10622735                   /usr/lib/x86_64-linux-gnu/libXau.so.6.0.0
7f3f1e16d000-7f3f1e16e000 rw-p 00003000 08:06 10622735                   /usr/lib/x86_64-linux-gnu/libXau.so.6.0.0
7f3f1e16e000-7f3f1e194000 r-xp 00000000 08:06 10618516                   /usr/lib/x86_64-linux-gnu/libxcb.so.1.1.0
7f3f1e194000-7f3f1e394000 ---p 00026000 08:06 10618516                   /usr/lib/x86_64-linux-gnu/libxcb.so.1.1.0
7f3f1e394000-7f3f1e395000 r--p 00026000 08:06 10618516                   /usr/lib/x86_64-linux-gnu/libxcb.so.1.1.0
7f3f1e395000-7f3f1e396000 rw-p 00027000 08:06 10618516                   /usr/lib/x86_64-linux-gnu/libxcb.so.1.1.0
7f3f1e396000-7f3f1e3a5000 r-xp 00000000 08:06 10622756                   /usr/lib/x86_64-linux-gnu/libXi.so.6.1.0
7f3f1e3a5000-7f3f1e5a4000 ---p 0000f000 08:06 10622756                   /usr/lib/x86_64-linux-gnu/libXi.so.6.1.0
7f3f1e5a4000-7f3f1e5a5000 r--p 0000e000 08:06 10622756                   /usr/lib/x86_64-linux-gnu/libXi.so.6.1.0
7f3f1e5a5000-7f3f1e5a6000 rw-p 0000f000 08:06 10622756                   /usr/lib/x86_64-linux-gnu/libXi.so.6.1.0
7f3f1e5a6000-7f3f1e5ab000 r-xp 00000000 08:06 10622774                   /usr/lib/x86_64-linux-gnu/libXtst.so.6.1.0
7f3f1e5ab000-7f3f1e7aa000 ---p 00005000 08:06 10622774                   /usr/lib/x86_64-linux-gnu/libXtst.so.6.1.0
7f3f1e7aa000-7f3f1e7ab000 r--p 00004000 08:06 10622774                   /usr/lib/x86_64-linux-gnu/libXtst.so.6.1.0
7f3f1e7ab000-7f3f1e7ac000 rw-p 00005000 08:06 10622774                   /usr/lib/x86_64-linux-gnu/libXtst.so.6.1.0
7f3f1e7ac000-7f3f1e7b5000 r-xp 00000000 08:06 10622768                   /usr/lib/x86_64-linux-gnu/libXrender.so.1.3.0
7f3f1e7b5000-7f3f1e9b4000 ---p 00009000 08:06 10622768                   /usr/lib/x86_64-linux-gnu/libXrender.so.1.3.0
7f3f1e9b4000-7f3f1e9b5000 r--p 00008000 08:06 10622768                   /usr/lib/x86_64-linux-gnu/libXrender.so.1.3.0
7f3f1e9b5000-7f3f1e9b6000 rw-p 00009000 08:06 10622768                   /usr/lib/x86_64-linux-gnu/libXrender.so.1.3.0
7f3f1e9b6000-7f3f1eae9000 r-xp 00000000 08:06 10618526                   /usr/lib/x86_64-linux-gnu/libX11.so.6.3.0
7f3f1eae9000-7f3f1ece9000 ---p 00133000 08:06 10618526                   /usr/lib/x86_64-linux-gnu/libX11.so.6.3.0
7f3f1ece9000-7f3f1ecea000 r--p 00133000 08:06 10618526                   /usr/lib/x86_64-linux-gnu/libX11.so.6.3.0
7f3f1ecea000-7f3f1ecee000 rw-p 00134000 08:06 10618526                   /usr/lib/x86_64-linux-gnu/libX11.so.6.3.0
7f3f1ecee000-7f3f1ecff000 r-xp 00000000 08:06 10622748                   /usr/lib/x86_64-linux-gnu/libXext.so.6.4.0
7f3f1ecff000-7f3f1eefe000 ---p 00011000 08:06 10622748                   /usr/lib/x86_64-linux-gnu/libXext.so.6.4.0
7f3f1eefe000-7f3f1eeff000 r--p 00010000 08:06 10622748                   /usr/lib/x86_64-linux-gnu/libXext.so.6.4.0
7f3f1eeff000-7f3f1ef00000 rw-p 00011000 08:06 10622748                   /usr/lib/x86_64-linux-gnu/libXext.so.6.4.0
7f3f1ef00000-7f3f1ef5b000 r-xp 00000000 08:06 10626588                   /usr/lib/jvm/java-8-openjdk-amd64/jre/lib/amd64/libawt_xawt.so
7f3f1ef5b000-7f3f1f15a000 ---p 0005b000 08:06 10626588                   /usr/lib/jvm/java-8-openjdk-amd64/jre/lib/amd64/libawt_xawt.so
7f3f1f15a000-7f3f1f15b000 r--p 0005a000 08:06 10626588                   /usr/lib/jvm/java-8-openjdk-amd64/jre/lib/amd64/libawt_xawt.so
7f3f1f15b000-7f3f1f15e000 rw-p 0005b000 08:06 10626588                   /usr/lib/jvm/java-8-openjdk-amd64/jre/lib/amd64/libawt_xawt.so
7f3f1f15e000-7f3f1f160000 rw-p 00000000 00:00 0 
7f3f1f160000-7f3f1f1ff000 r-xp 00000000 08:06 10626583                   /usr/lib/jvm/java-8-openjdk-amd64/jre/lib/amd64/libawt.so
7f3f1f1ff000-7f3f1f3fe000 ---p 0009f000 08:06 10626583                   /usr/lib/jvm/java-8-openjdk-amd64/jre/lib/amd64/libawt.so
7f3f1f3fe000-7f3f1f3ff000 r--p 0009e000 08:06 10626583                   /usr/lib/jvm/java-8-openjdk-amd64/jre/lib/amd64/libawt.so
7f3f1f3ff000-7f3f1f40a000 rw-p 0009f000 08:06 10626583                   /usr/lib/jvm/java-8-openjdk-amd64/jre/lib/amd64/libawt.so
7f3f1f40a000-7f3f1f42f000 rw-p 00000000 00:00 0 
7f3f1f42f000-7f3f1f430000 ---p 00000000 00:00 0 
7f3f1f430000-7f3f1f530000 rw-p 00000000 00:00 0 
7f3f1f530000-7f3f1f533000 ---p 00000000 00:00 0 
7f3f1f533000-7f3f1f631000 rw-p 00000000 00:00 0 
7f3f1f631000-7f3f20000000 r--p 00000000 08:06 10621656                   /usr/lib/locale/locale-archive
7f3f20000000-7f3f20021000 rw-p 00000000 00:00 0 
7f3f20021000-7f3f24000000 ---p 00000000 00:00 0 
7f3f24000000-7f3f24003000 r--s 00000000 08:06 5243253                    /var/cache/fontconfig/e13b20fdb08344e0e664864cc2ede53d-le64.cache-7
7f3f24003000-7f3f24006000 ---p 00000000 00:00 0 
7f3f24006000-7f3f2403c000 rw-p 00000000 00:00 0 
7f3f2403c000-7f3f2404f000 r--s 00346000 08:06 10630406                   /usr/lib/jvm/java-8-openjdk-amd64/jre/lib/resources.jar
7f3f2404f000-7f3f24054000 r--s 002f9000 08:06 10627689                   /usr/lib/jvm/java-8-openjdk-amd64/jre/lib/charsets.jar
7f3f24054000-7f3f2405b000 r--s 0005b000 08:06 6554083                    /home/sneha/contiki-2.7/tools/cooja/lib/jsyntaxpane.jar
7f3f2405b000-7f3f24076000 r--s 001d6000 08:06 10627714                   /usr/lib/jvm/java-8-openjdk-amd64/jre/lib/ext/nashorn.jar
7f3f24076000-7f3f24091000 r--s 00394000 08:06 10627709                   /usr/lib/jvm/java-8-openjdk-amd64/jre/lib/ext/cldrdata.jar
7f3f24091000-7f3f24094000 ---p 00000000 00:00 0 
7f3f24094000-7f3f24192000 rw-p 00000000 00:00 0 
7f3f24192000-7f3f24195000 ---p 00000000 00:00 0 
7f3f24195000-7f3f24293000 rw-p 00000000 00:00 0 
7f3f24293000-7f3f24296000 ---p 00000000 00:00 0 
7f3f24296000-7f3f24394000 rw-p 00000000 00:00 0 
7f3f24394000-7f3f24395000 ---p 00000000 00:00 0 
7f3f24395000-7f3f26127000 rw-p 00000000 00:00 0 
7f3f26127000-7f3f262f7000 r--s 03c5c000 08:06 10630408                   /usr/lib/jvm/java-8-openjdk-amd64/jre/lib/rt.jar
7f3f262f7000-7f3f27bf7000 rw-p 00000000 00:00 0 
7f3f27bf7000-7f3f27bf8000 ---p 00000000 00:00 0 
7f3f27bf8000-7f3f27cf8000 rw-p 00000000 00:00 0 
7f3f27cf8000-7f3f27cf9000 ---p 00000000 00:00 0 
7f3f27cf9000-7f3f27df9000 rw-p 00000000 00:00 0 
7f3f27df9000-7f3f27dfa000 ---p 00000000 00:00 0 
7f3f27dfa000-7f3f27efa000 rw-p 00000000 00:00 0 
7f3f27efa000-7f3f27efb000 ---p 00000000 00:00 0 
7f3f27efb000-7f3f27ffb000 rw-p 00000000 00:00 0 
7f3f27ffb000-7f3f27ffc000 ---p 00000000 00:00 0 
7f3f27ffc000-7f3f280fc000 rw-p 00000000 00:00 0 
7f3f280fc000-7f3f280fd000 ---p 00000000 00:00 0 
7f3f280fd000-7f3f281fd000 rw-p 00000000 00:00 0 
7f3f281fd000-7f3f281fe000 ---p 00000000 00:00 0 
7f3f281fe000-7f3f282fe000 rw-p 00000000 00:00 0 
7f3f282fe000-7f3f282ff000 ---p 00000000 00:00 0 
7f3f282ff000-7f3f28409000 rw-p 00000000 00:00 0 
7f3f28409000-7f3f287bf000 ---p 00000000 00:00 0 
7f3f287bf000-7f3f28a2f000 rwxp 00000000 00:00 0 
7f3f28a2f000-7f3f377bf000 ---p 00000000 00:00 0 
7f3f377bf000-7f3f377c7000 r-xp 00000000 08:06 10627678                   /usr/lib/jvm/java-8-openjdk-amd64/jre/lib/amd64/libzip.so
7f3f377c7000-7f3f379c6000 ---p 00008000 08:06 10627678                   /usr/lib/jvm/java-8-openjdk-amd64/jre/lib/amd64/libzip.so
7f3f379c6000-7f3f379c7000 r--p 00007000 08:06 10627678                   /usr/lib/jvm/java-8-openjdk-amd64/jre/lib/amd64/libzip.so
7f3f379c7000-7f3f379c8000 rw-p 00008000 08:06 10627678                   /usr/lib/jvm/java-8-openjdk-amd64/jre/lib/amd64/libzip.so
7f3f379c8000-7f3f379d3000 r-xp 00000000 08:06 10359556                   /lib/x86_64-linux-gnu/libnss_files-2.27.so
7f3f379d3000-7f3f37bd2000 ---p 0000b000 08:06 10359556                   /lib/x86_64-linux-gnu/libnss_files-2.27.so
7f3f37bd2000-7f3f37bd3000 r--p 0000a000 08:06 10359556                   /lib/x86_64-linux-gnu/libnss_files-2.27.so
7f3f37bd3000-7f3f37bd4000 rw-p 0000b000 08:06 10359556                   /lib/x86_64-linux-gnu/libnss_files-2.27.so
7f3f37bd4000-7f3f37bda000 rw-p 00000000 00:00 0 
7f3f37bda000-7f3f37bf1000 r-xp 00000000 08:06 10359550                   /lib/x86_64-linux-gnu/libnsl-2.27.so
7f3f37bf1000-7f3f37df0000 ---p 00017000 08:06 10359550                   /lib/x86_64-linux-gnu/libnsl-2.27.so
7f3f37df0000-7f3f37df1000 r--p 00016000 08:06 10359550                   /lib/x86_64-linux-gnu/libnsl-2.27.so
7f3f37df1000-7f3f37df2000 rw-p 00017000 08:06 10359550                   /lib/x86_64-linux-gnu/libnsl-2.27.so
7f3f37df2000-7f3f37df4000 rw-p 00000000 00:00 0 
7f3f37df4000-7f3f37dff000 r-xp 00000000 08:06 10359567                   /lib/x86_64-linux-gnu/libnss_nis-2.27.so
7f3f37dff000-7f3f37ffe000 ---p 0000b000 08:06 10359567                   /lib/x86_64-linux-gnu/libnss_nis-2.27.so
7f3f37ffe000-7f3f37fff000 r--p 0000a000 08:06 10359567                   /lib/x86_64-linux-gnu/libnss_nis-2.27.so
7f3f37fff000-7f3f38000000 rw-p 0000b000 08:06 10359567                   /lib/x86_64-linux-gnu/libnss_nis-2.27.so
7f3f38000000-7f3f3850b000 rw-p 00000000 00:00 0 
7f3f3850b000-7f3f3c000000 ---p 00000000 00:00 0 
7f3f3c000000-7f3f3c002000 r--s 00000000 08:06 5243226                    /var/cache/fontconfig/6afa1bb216ce958c1589e297e8008489-le64.cache-7
7f3f3c002000-7f3f3c009000 r--s 0004f000 08:06 6554084                    /home/sneha/contiki-2.7/tools/cooja/lib/log4j.jar
7f3f3c009000-7f3f3c00c000 r--s 00022000 08:06 6554082                    /home/sneha/contiki-2.7/tools/cooja/lib/jdom.jar
7f3f3c00c000-7f3f3c016000 r--s 00116000 08:06 10627713                   /usr/lib/jvm/java-8-openjdk-amd64/jre/lib/ext/localedata.jar
7f3f3c016000-7f3f3c111000 rw-p 00000000 00:00 0 
7f3f3c111000-7f3f3c191000 ---p 00000000 00:00 0 
7f3f3c191000-7f3f3c1a3000 rw-p 00000000 00:00 0 
7f3f3c1a3000-7f3f3c1e7000 ---p 00000000 00:00 0 
7f3f3c1e7000-7f3f3c1e8000 rw-p 00000000 00:00 0 
7f3f3c1e8000-7f3f3c1f0000 r-xp 00000000 08:06 10359552                   /lib/x86_64-linux-gnu/libnss_compat-2.27.so
7f3f3c1f0000-7f3f3c3f0000 ---p 00008000 08:06 10359552                   /lib/x86_64-linux-gnu/libnss_compat-2.27.so
7f3f3c3f0000-7f3f3c3f1000 r--p 00008000 08:06 10359552                   /lib/x86_64-linux-gnu/libnss_compat-2.27.so
7f3f3c3f1000-7f3f3c3f2000 rw-p 00009000 08:06 10359552                   /lib/x86_64-linux-gnu/libnss_compat-2.27.so
7f3f3c3f2000-7f3f3c41c000 r-xp 00000000 08:06 10626641                   /usr/lib/jvm/java-8-openjdk-amd64/jre/lib/amd64/libjava.so
7f3f3c41c000-7f3f3c61b000 ---p 0002a000 08:06 10626641                   /usr/lib/jvm/java-8-openjdk-amd64/jre/lib/amd64/libjava.so
7f3f3c61b000-7f3f3c61c000 r--p 00029000 08:06 10626641                   /usr/lib/jvm/java-8-openjdk-amd64/jre/lib/amd64/libjava.so
7f3f3c61c000-7f3f3c61e000 rw-p 0002a000 08:06 10626641                   /usr/lib/jvm/java-8-openjdk-amd64/jre/lib/amd64/libjava.so
7f3f3c61e000-7f3f3c62e000 r-xp 00000000 08:06 10627129                   /usr/lib/jvm/java-8-openjdk-amd64/jre/lib/amd64/libverify.so
7f3f3c62e000-7f3f3c82d000 ---p 00010000 08:06 10627129                   /usr/lib/jvm/java-8-openjdk-amd64/jre/lib/amd64/libverify.so
7f3f3c82d000-7f3f3c82f000 r--p 0000f000 08:06 10627129                   /usr/lib/jvm/java-8-openjdk-amd64/jre/lib/amd64/libverify.so
7f3f3c82f000-7f3f3c830000 rw-p 00011000 08:06 10627129                   /usr/lib/jvm/java-8-openjdk-amd64/jre/lib/amd64/libverify.so
7f3f3c830000-7f3f3c837000 r-xp 00000000 08:06 10359607                   /lib/x86_64-linux-gnu/librt-2.27.so
7f3f3c837000-7f3f3ca36000 ---p 00007000 08:06 10359607                   /lib/x86_64-linux-gnu/librt-2.27.so
7f3f3ca36000-7f3f3ca37000 r--p 00006000 08:06 10359607                   /lib/x86_64-linux-gnu/librt-2.27.so
7f3f3ca37000-7f3f3ca38000 rw-p 00007000 08:06 10359607                   /lib/x86_64-linux-gnu/librt-2.27.so
7f3f3ca38000-7f3f3ca4f000 r-xp 00000000 08:06 10359358                   /lib/x86_64-linux-gnu/libgcc_s.so.1
7f3f3ca4f000-7f3f3cc4e000 ---p 00017000 08:06 10359358                   /lib/x86_64-linux-gnu/libgcc_s.so.1
7f3f3cc4e000-7f3f3cc4f000 r--p 00016000 08:06 10359358                   /lib/x86_64-linux-gnu/libgcc_s.so.1
7f3f3cc4f000-7f3f3cc50000 rw-p 00017000 08:06 10359358                   /lib/x86_64-linux-gnu/libgcc_s.so.1
7f3f3cc50000-7f3f3cded000 r-xp 00000000 08:06 10359529                   /lib/x86_64-linux-gnu/libm-2.27.so
7f3f3cded000-7f3f3cfec000 ---p 0019d000 08:06 10359529                   /lib/x86_64-linux-gnu/libm-2.27.so
7f3f3cfec000-7f3f3cfed000 r--p 0019c000 08:06 10359529                   /lib/x86_64-linux-gnu/libm-2.27.so
7f3f3cfed000-7f3f3cfee000 rw-p 0019d000 08:06 10359529                   /lib/x86_64-linux-gnu/libm-2.27.so
7f3f3cfee000-7f3f3d167000 r-xp 00000000 08:06 10623012                   /usr/lib/x86_64-linux-gnu/libstdc++.so.6.0.25
7f3f3d167000-7f3f3d367000 ---p 00179000 08:06 10623012                   /usr/lib/x86_64-linux-gnu/libstdc++.so.6.0.25
7f3f3d367000-7f3f3d371000 r--p 00179000 08:06 10623012                   /usr/lib/x86_64-linux-gnu/libstdc++.so.6.0.25
7f3f3d371000-7f3f3d373000 rw-p 00183000 08:06 10623012                   /usr/lib/x86_64-linux-gnu/libstdc++.so.6.0.25
7f3f3d373000-7f3f3d377000 rw-p 00000000 00:00 0 
7f3f3d377000-7f3f3e016000 r-xp 00000000 08:06 10627685                   /usr/lib/jvm/java-8-openjdk-amd64/jre/lib/amd64/server/libjvm.so
7f3f3e016000-7f3f3e216000 ---p 00c9f000 08:06 10627685                   /usr/lib/jvm/java-8-openjdk-amd64/jre/lib/amd64/server/libjvm.so
7f3f3e216000-7f3f3e2aa000 r--p 00c9f000 08:06 10627685                   /usr/lib/jvm/java-8-openjdk-amd64/jre/lib/amd64/server/libjvm.so
7f3f3e2aa000-7f3f3e2d3000 rw-p 00d33000 08:06 10627685                   /usr/lib/jvm/java-8-openjdk-amd64/jre/lib/amd64/server/libjvm.so
7f3f3e2d3000-7f3f3e303000 rw-p 00000000 00:00 0 
7f3f3e303000-7f3f3e31d000 r-xp 00000000 08:06 10359599                   /lib/x86_64-linux-gnu/libpthread-2.27.so
7f3f3e31d000-7f3f3e51c000 ---p 0001a000 08:06 10359599                   /lib/x86_64-linux-gnu/libpthread-2.27.so
7f3f3e51c000-7f3f3e51d000 r--p 00019000 08:06 10359599                   /lib/x86_64-linux-gnu/libpthread-2.27.so
7f3f3e51d000-7f3f3e51e000 rw-p 0001a000 08:06 10359599                   /lib/x86_64-linux-gnu/libpthread-2.27.so
7f3f3e51e000-7f3f3e522000 rw-p 00000000 00:00 0 
7f3f3e522000-7f3f3e525000 r-xp 00000000 08:06 10359489                   /lib/x86_64-linux-gnu/libdl-2.27.so
7f3f3e525000-7f3f3e724000 ---p 00003000 08:06 10359489                   /lib/x86_64-linux-gnu/libdl-2.27.so
7f3f3e724000-7f3f3e725000 r--p 00002000 08:06 10359489                   /lib/x86_64-linux-gnu/libdl-2.27.so
7f3f3e725000-7f3f3e726000 rw-p 00003000 08:06 10359489                   /lib/x86_64-linux-gnu/libdl-2.27.so
7f3f3e726000-7f3f3e742000 r-xp 00000000 08:06 10359638                   /lib/x86_64-linux-gnu/libz.so.1.2.11
7f3f3e742000-7f3f3e941000 ---p 0001c000 08:06 10359638                   /lib/x86_64-linux-gnu/libz.so.1.2.11
7f3f3e941000-7f3f3e942000 r--p 0001b000 08:06 10359638                   /lib/x86_64-linux-gnu/libz.so.1.2.11
7f3f3e942000-7f3f3e943000 rw-p 0001c000 08:06 10359638                   /lib/x86_64-linux-gnu/libz.so.1.2.11
7f3f3e943000-7f3f3eb2a000 r-xp 00000000 08:06 10359466                   /lib/x86_64-linux-gnu/libc-2.27.so
7f3f3eb2a000-7f3f3ed2a000 ---p 001e7000 08:06 10359466                   /lib/x86_64-linux-gnu/libc-2.27.so
7f3f3ed2a000-7f3f3ed2e000 r--p 001e7000 08:06 10359466                   /lib/x86_64-linux-gnu/libc-2.27.so
7f3f3ed2e000-7f3f3ed30000 rw-p 001eb000 08:06 10359466                   /lib/x86_64-linux-gnu/libc-2.27.so
7f3f3ed30000-7f3f3ed34000 rw-p 00000000 00:00 0 
7f3f3ed34000-7f3f3ed42000 r-xp 00000000 08:06 10619879                   /usr/lib/jvm/java-8-openjdk-amd64/jre/lib/amd64/jli/libjli.so
7f3f3ed42000-7f3f3ef41000 ---p 0000e000 08:06 10619879                   /usr/lib/jvm/java-8-openjdk-amd64/jre/lib/amd64/jli/libjli.so
7f3f3ef41000-7f3f3ef42000 r--p 0000d000 08:06 10619879                   /usr/lib/jvm/java-8-openjdk-amd64/jre/lib/amd64/jli/libjli.so
7f3f3ef42000-7f3f3ef43000 rw-p 0000e000 08:06 10619879                   /usr/lib/jvm/java-8-openjdk-amd64/jre/lib/amd64/jli/libjli.so
7f3f3ef43000-7f3f3ef6a000 r-xp 00000000 08:06 10359438                   /lib/x86_64-linux-gnu/ld-2.27.so
7f3f3ef6a000-7f3f3ef6b000 r--s 00000000 08:06 5243258                    /var/cache/fontconfig/f6e6e0a5c3d2f6ae0c0c2e0ecd42a997-le64.cache-7
7f3f3ef6b000-7f3f3ef6e000 r--s 00039000 08:06 10627717                   /usr/lib/jvm/java-8-openjdk-amd64/jre/lib/ext/sunpkcs11.jar
7f3f3ef6e000-7f3f3ef71000 r--s 0000f000 08:06 10627711                   /usr/lib/jvm/java-8-openjdk-amd64/jre/lib/ext/icedtea-sound.jar
7f3f3ef71000-7f3f3ef76000 r--s 0003c000 08:06 10627716                   /usr/lib/jvm/java-8-openjdk-amd64/jre/lib/ext/sunjce_provider.jar
7f3f3ef76000-7f3f3ef78000 r--s 00007000 08:06 11147219                   /usr/share/java/java-atk-wrapper.jar
7f3f3ef78000-7f3f3efca000 rw-p 00000000 00:00 0 
7f3f3efca000-7f3f3f04b000 ---p 00000000 00:00 0 
7f3f3f04b000-7f3f3f04c000 ---p 00000000 00:00 0 
7f3f3f04c000-7f3f3f04f000 ---p 00000000 00:00 0 
7f3f3f04f000-7f3f3f14e000 rw-p 00000000 00:00 0 
7f3f3f14e000-7f3f3f14f000 r--s 00000000 08:06 5243212                    /var/cache/fontconfig/4b2eda6bb976bda485cb2176619421d5-le64.cache-7
7f3f3f14f000-7f3f3f150000 r--s 0000a000 08:06 10627712                   /usr/lib/jvm/java-8-openjdk-amd64/jre/lib/ext/jaccess.jar
7f3f3f150000-7f3f3f151000 r--s 0000d000 08:06 10627715                   /usr/lib/jvm/java-8-openjdk-amd64/jre/lib/ext/sunec.jar
7f3f3f151000-7f3f3f152000 r--s 00010000 08:06 10627718                   /usr/lib/jvm/java-8-openjdk-amd64/jre/lib/ext/zipfs.jar
7f3f3f152000-7f3f3f154000 r--s 00001000 08:06 10627710                   /usr/lib/jvm/java-8-openjdk-amd64/jre/lib/ext/dnsns.jar
7f3f3f154000-7f3f3f15e000 rw-p 00000000 00:00 0 
7f3f3f15e000-7f3f3f166000 rw-s 00000000 08:06 1442252                    /tmp/hsperfdata_root/31512
7f3f3f166000-7f3f3f167000 rw-p 00000000 00:00 0 
7f3f3f167000-7f3f3f168000 r--p 00000000 00:00 0 
7f3f3f168000-7f3f3f16a000 rw-p 00000000 00:00 0 
7f3f3f16a000-7f3f3f16b000 r--p 00027000 08:06 10359438                   /lib/x86_64-linux-gnu/ld-2.27.so
7f3f3f16b000-7f3f3f16c000 rw-p 00028000 08:06 10359438                   /lib/x86_64-linux-gnu/ld-2.27.so
7f3f3f16c000-7f3f3f16d000 rw-p 00000000 00:00 0 
7ffdec9de000-7ffdec9ff000 rw-p 00000000 00:00 0                          [stack]
7ffdecb78000-7ffdecb7b000 r--p 00000000 00:00 0                          [vvar]
7ffdecb7b000-7ffdecb7d000 r-xp 00000000 00:00 0                          [vdso]
ffffffffff600000-ffffffffff601000 r-xp 00000000 00:00 0                  [vsyscall]

VM Arguments:
jvm_args: -Djava.compiler=NONE -Xmx512m -Duser.language=en 
java_command: se.sics.cooja.GUI
java_class_path (initial): /home/sneha/contiki-2.7/tools/cooja/build:/home/sneha/contiki-2.7/tools/cooja/lib/jdom.jar:/home/sneha/contiki-2.7/tools/cooja/lib/log4j.jar:/home/sneha/contiki-2.7/tools/cooja/lib/jsyntaxpane.jar
Launcher Type: SUN_STANDARD

Environment Variables:
JAVA_HOME=/usr/lib/jvm/java-8-openjdk-amd64
PATH=/usr/local/sbin:/usr/local/bin:/usr/sbin:/usr/bin:/sbin:/bin:/snap/bin
USERNAME=root
LD_LIBRARY_PATH=.
SHELL=/bin/bash
DISPLAY=:0

Signal Handlers:
SIGSEGV: [libjvm.so+0xab92f0], sa_mask[0]=11111111011111111101111111111110, sa_flags=SA_RESTART|SA_SIGINFO
SIGBUS: [libjvm.so+0xab92f0], sa_mask[0]=11111111011111111101111111111110, sa_flags=SA_RESTART|SA_SIGINFO
SIGFPE: [libjvm.so+0x8ee560], sa_mask[0]=11111111011111111101111111111110, sa_flags=SA_RESTART|SA_SIGINFO
SIGPIPE: [libjvm.so+0x8ee560], sa_mask[0]=11111111011111111101111111111110, sa_flags=SA_RESTART|SA_SIGINFO
SIGXFSZ: [libjvm.so+0x8ee560], sa_mask[0]=11111111011111111101111111111110, sa_flags=SA_RESTART|SA_SIGINFO
SIGILL: [libjvm.so+0x8ee560], sa_mask[0]=11111111011111111101111111111110, sa_flags=SA_RESTART|SA_SIGINFO
SIGUSR1: SIG_DFL, sa_mask[0]=00000000000000000000000000000000, sa_flags=none
SIGUSR2: [libjvm.so+0x8ee410], sa_mask[0]=00100000000000000000000000000000, sa_flags=SA_RESTART|SA_SIGINFO
SIGHUP: [libjvm.so+0x8eea80], sa_mask[0]=11111111011111111101111111111110, sa_flags=SA_RESTART|SA_SIGINFO
SIGINT: [libjvm.so+0x8eea80], sa_mask[0]=11111111011111111101111111111110, sa_flags=SA_RESTART|SA_SIGINFO
SIGTERM: [libjvm.so+0x8eea80], sa_mask[0]=11111111011111111101111111111110, sa_flags=SA_RESTART|SA_SIGINFO
SIGQUIT: [libjvm.so+0x8eea80], sa_mask[0]=11111111011111111101111111111110, sa_flags=SA_RESTART|SA_SIGINFO


---------------  S Y S T E M  ---------------

OS:DISTRIB_ID=Ubuntu
DISTRIB_RELEASE=18.04
DISTRIB_CODENAME=bionic
DISTRIB_DESCRIPTION="Ubuntu 18.04.3 LTS"

uname:Linux 4.15.0-58-generic #64-Ubuntu SMP Tue Aug 6 11:12:41 UTC 2019 x86_64
libc:glibc 2.27 NPTL 2.27 
rlimit: STACK 8192k, CORE infinity, NPROC 30810, NOFILE 4096, AS infinity
load average:1.32 0.71 0.75

/proc/meminfo:
MemTotal:        8053424 kB
MemFree:         1253656 kB
MemAvailable:    2909232 kB
Buffers:          214808 kB
Cached:          1719916 kB
SwapCached:          180 kB
Active:          4849280 kB
Inactive:         994156 kB
Active(anon):    4014364 kB
Inactive(anon):   535508 kB
Active(file):     834916 kB
Inactive(file):   458648 kB
Unevictable:          48 kB
Mlocked:              48 kB
SwapTotal:       2097148 kB
SwapFree:        2047728 kB
Dirty:              1784 kB
Writeback:             0 kB
AnonPages:       3908716 kB
Mapped:           590800 kB
Shmem:            641160 kB
Slab:             756984 kB
SReclaimable:     664924 kB
SUnreclaim:        92060 kB
KernelStack:       20288 kB
PageTables:        90688 kB
NFS_Unstable:          0 kB
Bounce:                0 kB
WritebackTmp:          0 kB
CommitLimit:     6123860 kB
Committed_AS:   13846188 kB
VmallocTotal:   34359738367 kB
VmallocUsed:           0 kB
VmallocChunk:          0 kB
HardwareCorrupted:     0 kB
AnonHugePages:         0 kB
ShmemHugePages:        0 kB
ShmemPmdMapped:        0 kB
CmaTotal:              0 kB
CmaFree:               0 kB
HugePages_Total:       0
HugePages_Free:        0
HugePages_Rsvd:        0
HugePages_Surp:        0
Hugepagesize:       2048 kB
DirectMap4k:      471676 kB
DirectMap2M:     7802880 kB
DirectMap1G:     1048576 kB

container (cgroup) information:
container_type: cgroupv1
cpu_cpuset_cpus: 0-7
cpu_memory_nodes: 0
active_processor_count: 8
cpu_quota: -1
cpu_period: 100000
cpu_shares: -1
memory_limit_in_bytes: -1
memory_and_swap_limit_in_bytes: -2
memory_soft_limit_in_bytes: -1
memory_usage_in_bytes: 5983817728
memory_max_usage_in_bytes: 6037504


CPU:total 8 (initial active 8) (4 cores per cpu, 2 threads per core) family 6 model 158 stepping 9, cmov, cx8, fxsr, mmx, sse, sse2, sse3, ssse3, sse4.1, sse4.2, popcnt, avx, avx2, aes, clmul, erms, rtm, 3dnowpref, lzcnt, ht, tsc, tscinvbit, bmi1, bmi2, adx

/proc/cpuinfo:
processor	: 0
vendor_id	: GenuineIntel
cpu family	: 6
model		: 158
model name	: Intel(R) Core(TM) i7-7700 CPU @ 3.60GHz
stepping	: 9
microcode	: 0xb4
cpu MHz		: 3966.493
cache size	: 8192 KB
physical id	: 0
siblings	: 8
core id		: 0
cpu cores	: 4
apicid		: 0
initial apicid	: 0
fpu		: yes
fpu_exception	: yes
cpuid level	: 22
wp		: yes
flags		: fpu vme de pse tsc msr pae mce cx8 apic sep mtrr pge mca cmov pat pse36 clflush dts acpi mmx fxsr sse sse2 ss ht tm pbe syscall nx pdpe1gb rdtscp lm constant_tsc art arch_perfmon pebs bts rep_good nopl xtopology nonstop_tsc cpuid aperfmperf tsc_known_freq pni pclmulqdq dtes64 monitor ds_cpl vmx smx est tm2 ssse3 sdbg fma cx16 xtpr pdcm pcid sse4_1 sse4_2 x2apic movbe popcnt tsc_deadline_timer aes xsave avx f16c rdrand lahf_lm abm 3dnowprefetch cpuid_fault epb invpcid_single pti ssbd ibrs ibpb stibp tpr_shadow vnmi flexpriority ept vpid fsgsbase tsc_adjust bmi1 hle avx2 smep bmi2 erms invpcid rtm mpx rdseed adx smap clflushopt intel_pt xsaveopt xsavec xgetbv1 xsaves dtherm ida arat pln pts hwp hwp_notify hwp_act_window hwp_epp md_clear flush_l1d
bugs		: cpu_meltdown spectre_v1 spectre_v2 spec_store_bypass l1tf mds swapgs
bogomips	: 7200.00
clflush size	: 64
cache_alignment	: 64
address sizes	: 39 bits physical, 48 bits virtual
power management:

processor	: 1
vendor_id	: GenuineIntel
cpu family	: 6
model		: 158
model name	: Intel(R) Core(TM) i7-7700 CPU @ 3.60GHz
stepping	: 9
microcode	: 0xb4
cpu MHz		: 4068.314
cache size	: 8192 KB
physical id	: 0
siblings	: 8
core id		: 1
cpu cores	: 4
apicid		: 2
initial apicid	: 2
fpu		: yes
fpu_exception	: yes
cpuid level	: 22
wp		: yes
flags		: fpu vme de pse tsc msr pae mce cx8 apic sep mtrr pge mca cmov pat pse36 clflush dts acpi mmx fxsr sse sse2 ss ht tm pbe syscall nx pdpe1gb rdtscp lm constant_tsc art arch_perfmon pebs bts rep_good nopl xtopology nonstop_tsc cpuid aperfmperf tsc_known_freq pni pclmulqdq dtes64 monitor ds_cpl vmx smx est tm2 ssse3 sdbg fma cx16 xtpr pdcm pcid sse4_1 sse4_2 x2apic movbe popcnt tsc_deadline_timer aes xsave avx f16c rdrand lahf_lm abm 3dnowprefetch cpuid_fault epb invpcid_single pti ssbd ibrs ibpb stibp tpr_shadow vnmi flexpriority ept vpid fsgsbase tsc_adjust bmi1 hle avx2 smep bmi2 erms invpcid rtm mpx rdseed adx smap clflushopt intel_pt xsaveopt xsavec xgetbv1 xsaves dtherm ida arat pln pts hwp hwp_notify hwp_act_window hwp_epp md_clear flush_l1d
bugs		: cpu_meltdown spectre_v1 spectre_v2 spec_store_bypass l1tf mds swapgs
bogomips	: 7200.00
clflush size	: 64
cache_alignment	: 64
address sizes	: 39 bits physical, 48 bits virtual
power management:

processor	: 2
vendor_id	: GenuineIntel
cpu family	: 6
model		: 158
model name	: Intel(R) Core(TM) i7-7700 CPU @ 3.60GHz
stepping	: 9
microcode	: 0xb4
cpu MHz		: 4056.611
cache size	: 8192 KB
physical id	: 0
siblings	: 8
core id		: 2
cpu cores	: 4
apicid		: 4
initial apicid	: 4
fpu		: yes
fpu_exception	: yes
cpuid level	: 22
wp		: yes
flags		: fpu vme de pse tsc msr pae mce cx8 apic sep mtrr pge mca cmov pat pse36 clflush dts acpi mmx fxsr sse sse2 ss ht tm pbe syscall nx pdpe1gb rdtscp lm constant_tsc art arch_perfmon pebs bts rep_good nopl xtopology nonstop_tsc cpuid aperfmperf tsc_known_freq pni pclmulqdq dtes64 monitor ds_cpl vmx smx est tm2 ssse3 sdbg fma cx16 xtpr pdcm pcid sse4_1 sse4_2 x2apic movbe popcnt tsc_deadline_timer aes xsave avx f16c rdrand lahf_lm abm 3dnowprefetch cpuid_fault epb invpcid_single pti ssbd ibrs ibpb stibp tpr_shadow vnmi flexpriority ept vpid fsgsbase tsc_adjust bmi1 hle avx2 smep bmi2 erms invpcid rtm mpx rdseed adx smap clflushopt intel_pt xsaveopt xsavec xgetbv1 xsaves dtherm ida arat pln pts hwp hwp_notify hwp_act_window hwp_epp md_clear flush_l1d
bugs		: cpu_meltdown spectre_v1 spectre_v2 spec_store_bypass l1tf mds swapgs
bogomips	: 7200.00
clflush size	: 64
cache_alignment	: 64
address sizes	: 39 bits physical, 48 bits virtual
power management:

processor	: 3
vendor_id	: GenuineIntel
cpu family	: 6
model		: 158
model name	: Intel(R) Core(TM) i7-7700 CPU @ 3.60GHz
stepping	: 9
microcode	: 0xb4
cpu MHz		: 3971.493
cache size	: 8192 KB
physical id	: 0
siblings	: 8
core id		: 3
cpu cores	: 4
apicid		: 6
initial apicid	: 6
fpu		: yes
fpu_exception	: yes
cpuid level	: 22
wp		: yes
flags		: fpu vme de pse tsc msr pae mce cx8 apic sep mtrr pge mca cmov pat pse36 clflush dts acpi mmx fxsr sse sse2 ss ht tm pbe syscall nx pdpe1gb rdtscp lm constant_tsc art arch_perfmon pebs bts rep_good nopl xtopology nonstop_tsc cpuid aperfmperf tsc_known_freq pni pclmulqdq dtes64 monitor ds_cpl vmx smx est tm2 ssse3 sdbg fma cx16 xtpr pdcm pcid sse4_1 sse4_2 x2apic movbe popcnt tsc_deadline_timer aes xsave avx f16c rdrand lahf_lm abm 3dnowprefetch cpuid_fault epb invpcid_single pti ssbd ibrs ibpb stibp tpr_shadow vnmi flexpriority ept vpid fsgsbase tsc_adjust bmi1 hle avx2 smep bmi2 erms invpcid rtm mpx rdseed adx smap clflushopt intel_pt xsaveopt xsavec xgetbv1 xsaves dtherm ida arat pln pts hwp hwp_notify hwp_act_window hwp_epp md_clear flush_l1d
bugs		: cpu_meltdown spectre_v1 spectre_v2 spec_store_bypass l1tf mds swapgs
bogomips	: 7200.00
clflush size	: 64
cache_alignment	: 64
address sizes	: 39 bits physical, 48 bits virtual
power management:

processor	: 4
vendor_id	: GenuineIntel
cpu family	: 6
model		: 158
model name	: Intel(R) Core(TM) i7-7700 CPU @ 3.60GHz
stepping	: 9
microcode	: 0xb4
cpu MHz		: 4059.230
cache size	: 8192 KB
physical id	: 0
siblings	: 8
core id		: 0
cpu cores	: 4
apicid		: 1
initial apicid	: 1
fpu		: yes
fpu_exception	: yes
cpuid level	: 22
wp		: yes
flags		: fpu vme de pse tsc msr pae mce cx8 apic sep mtrr pge mca cmov pat pse36 clflush dts acpi mmx fxsr sse sse2 ss ht tm pbe syscall nx pdpe1gb rdtscp lm constant_tsc art arch_perfmon pebs bts rep_good nopl xtopology nonstop_tsc cpuid aperfmperf tsc_known_freq pni pclmulqdq dtes64 monitor ds_cpl vmx smx est tm2 ssse3 sdbg fma cx16 xtpr pdcm pcid sse4_1 sse4_2 x2apic movbe popcnt tsc_deadline_timer aes xsave avx f16c rdrand lahf_lm abm 3dnowprefetch cpuid_fault epb invpcid_single pti ssbd ibrs ibpb stibp tpr_shadow vnmi flexpriority ept vpid fsgsbase tsc_adjust bmi1 hle avx2 smep bmi2 erms invpcid rtm mpx rdseed adx smap clflushopt intel_pt xsaveopt xsavec xgetbv1 xsaves dtherm ida arat pln pts hwp hwp_notify hwp_act_window hwp_epp md_clear flush_l1d
bugs		: cpu_meltdown spectre_v1 spectre_v2 spec_store_bypass l1tf mds swapgs
bogomips	: 7200.00
clflush size	: 64
cache_alignment	: 64
address sizes	: 39 bits physical, 48 bits virtual
power management:

processor	: 5
vendor_id	: GenuineIntel
cpu family	: 6
model		: 158
model name	: Intel(R) Core(TM) i7-7700 CPU @ 3.60GHz
stepping	: 9
microcode	: 0xb4
cpu MHz		: 4096.556
cache size	: 8192 KB
physical id	: 0
siblings	: 8
core id		: 1
cpu cores	: 4
apicid		: 3
initial apicid	: 3
fpu		: yes
fpu_exception	: yes
cpuid level	: 22
wp		: yes
flags		: fpu vme de pse tsc msr pae mce cx8 apic sep mtrr pge mca cmov pat pse36 clflush dts acpi mmx fxsr sse sse2 ss ht tm pbe syscall nx pdpe1gb rdtscp lm constant_tsc art arch_perfmon pebs bts rep_good nopl xtopology nonstop_tsc cpuid aperfmperf tsc_known_freq pni pclmulqdq dtes64 monitor ds_cpl vmx smx est tm2 ssse3 sdbg fma cx16 xtpr pdcm pcid sse4_1 sse4_2 x2apic movbe popcnt tsc_deadline_timer aes xsave avx f16c rdrand lahf_lm abm 3dnowprefetch cpuid_fault epb invpcid_single pti ssbd ibrs ibpb stibp tpr_shadow vnmi flexpriority ept vpid fsgsbase tsc_adjust bmi1 hle avx2 smep bmi2 erms invpcid rtm mpx rdseed adx smap clflushopt intel_pt xsaveopt xsavec xgetbv1 xsaves dtherm ida arat pln pts hwp hwp_notify hwp_act_window hwp_epp md_clear flush_l1d
bugs		: cpu_meltdown spectre_v1 spectre_v2 spec_store_bypass l1tf mds swapgs
bogomips	: 7200.00
clflush size	: 64
cache_alignment	: 64
address sizes	: 39 bits physical, 48 bits virtual
power management:

processor	: 6
vendor_id	: GenuineIntel
cpu family	: 6
model		: 158
model name	: Intel(R) Core(TM) i7-7700 CPU @ 3.60GHz
stepping	: 9
microcode	: 0xb4
cpu MHz		: 4093.598
cache size	: 8192 KB
physical id	: 0
siblings	: 8
core id		: 2
cpu cores	: 4
apicid		: 5
initial apicid	: 5
fpu		: yes
fpu_exception	: yes
cpuid level	: 22
wp		: yes
flags		: fpu vme de pse tsc msr pae mce cx8 apic sep mtrr pge mca cmov pat pse36 clflush dts acpi mmx fxsr sse sse2 ss ht tm pbe syscall nx pdpe1gb rdtscp lm constant_tsc art arch_perfmon pebs bts rep_good nopl xtopology nonstop_tsc cpuid aperfmperf tsc_known_freq pni pclmulqdq dtes64 monitor ds_cpl vmx smx est tm2 ssse3 sdbg fma cx16 xtpr pdcm pcid sse4_1 sse4_2 x2apic movbe popcnt tsc_deadline_timer aes xsave avx f16c rdrand lahf_lm abm 3dnowprefetch cpuid_fault epb invpcid_single pti ssbd ibrs ibpb stibp tpr_shadow vnmi flexpriority ept vpid fsgsbase tsc_adjust bmi1 hle avx2 smep bmi2 erms invpcid rtm mpx rdseed adx smap clflushopt intel_pt xsaveopt xsavec xgetbv1 xsaves dtherm ida arat pln pts hwp hwp_notify hwp_act_window hwp_epp md_clear flush_l1d
bugs		: cpu_meltdown spectre_v1 spectre_v2 spec_store_bypass l1tf mds swapgs
bogomips	: 7200.00
clflush size	: 64
cache_alignment	: 64
address sizes	: 39 bits physical, 48 bits virtual
power management:

processor	: 7
vendor_id	: GenuineIntel
cpu family	: 6
model		: 158
model name	: Intel(R) Core(TM) i7-7700 CPU @ 3.60GHz
stepping	: 9
microcode	: 0xb4
cpu MHz		: 3984.085
cache size	: 8192 KB
physical id	: 0
siblings	: 8
core id		: 3
cpu cores	: 4
apicid		: 7
initial apicid	: 7
fpu		: yes
fpu_exception	: yes
cpuid level	: 22
wp		: yes
flags		: fpu vme de pse tsc msr pae mce cx8 apic sep mtrr pge mca cmov pat pse36 clflush dts acpi mmx fxsr sse sse2 ss ht tm pbe syscall nx pdpe1gb rdtscp lm constant_tsc art arch_perfmon pebs bts rep_good nopl xtopology nonstop_tsc cpuid aperfmperf tsc_known_freq pni pclmulqdq dtes64 monitor ds_cpl vmx smx est tm2 ssse3 sdbg fma cx16 xtpr pdcm pcid sse4_1 sse4_2 x2apic movbe popcnt tsc_deadline_timer aes xsave avx f16c rdrand lahf_lm abm 3dnowprefetch cpuid_fault epb invpcid_single pti ssbd ibrs ibpb stibp tpr_shadow vnmi flexpriority ept vpid fsgsbase tsc_adjust bmi1 hle avx2 smep bmi2 erms invpcid rtm mpx rdseed adx smap clflushopt intel_pt xsaveopt xsavec xgetbv1 xsaves dtherm ida arat pln pts hwp hwp_notify hwp_act_window hwp_epp md_clear flush_l1d
bugs		: cpu_meltdown spectre_v1 spectre_v2 spec_store_bypass l1tf mds swapgs
bogomips	: 7200.00
clflush size	: 64
cache_alignment	: 64
address sizes	: 39 bits physical, 48 bits virtual
power management:



Memory: 4k page, physical 8053424k(1253752k free), swap 2097148k(2047728k free)

vm_info: OpenJDK 64-Bit Server VM (25.222-b10) for linux-amd64 JRE (1.8.0_222-8u222-b10-1ubuntu1~18.04.1-b10), built on Jul 18 2019 18:52:48 by "buildd" with gcc 7.4.0

time: Wed Sep 11 20:20:18 2019
timezone: IST
elapsed time: 25 seconds (0d 0h 0m 25s)

